-----------------------------------------------------------
-----------------------------------------------------------
-----------------------------------------------------------
-----------------------------------------------------------
-----------------------------------------------------------
-----------------------------------------------------------
-----------------------------------------------------------
-----------------------------------------------------------
-----------------------------------------------------------
-----------------------------------------------------------
-----------------------------------------------------------
Server listening on 5002 (test #1)
-----------------------------------------------------------
Accepted connection from 10.42.1.5, port 32874
[  5] local 10.42.0.11 port 5002 connected to 10.42.1.5 port 32878
[ ID] Interval           Transfer     Bitrate
[  5]   0.00-1.00   sec   204 Bytes  1.63 Kbits/sec                  
[  5]   1.00-2.00   sec  0.00 Bytes  0.00 bits/sec                  
[  5]   2.00-3.00   sec  0.00 Bytes  0.00 bits/sec                  
[  5]   3.00-4.00   sec  0.00 Bytes  0.00 bits/sec                  
[  5]   4.00-5.00   sec  0.00 Bytes  0.00 bits/sec                  
[  5]   5.00-6.00   sec  0.00 Bytes  0.00 bits/sec                  
[  5]   6.00-7.00   sec  0.00 Bytes  0.00 bits/sec                  
[  5]   7.00-8.00   sec  0.00 Bytes  0.00 bits/sec                  
[  5]   8.00-9.00   sec  0.00 Bytes  0.00 bits/sec                  
[  5]   9.00-10.00  sec  0.00 Bytes  0.00 bits/sec                  
[  5]  10.00-11.00  sec  0.00 Bytes  0.00 bits/sec                  
[  5]  11.00-12.00  sec  0.00 Bytes  0.00 bits/sec                  
[  5]  12.00-13.00  sec  0.00 Bytes  0.00 bits/sec                  
[  5]  13.00-14.00  sec  0.00 Bytes  0.00 bits/sec                  
[  5]  14.00-15.00  sec  0.00 Bytes  0.00 bits/sec                  
[  5]  15.00-16.00  sec  0.00 Bytes  0.00 bits/sec                  
[  5]  16.00-17.00  sec  0.00 Bytes  0.00 bits/sec                  
[  5]  17.00-18.00  sec  0.00 Bytes  0.00 bits/sec                  
[  5]  18.00-19.00  sec  0.00 Bytes  0.00 bits/sec                  
[  5]  19.00-20.00  sec  0.00 Bytes  0.00 bits/sec                  
[  5]  20.00-21.00  sec  0.00 Bytes  0.00 bits/sec                  
[  5]  21.00-22.00  sec  0.00 Bytes  0.00 bits/sec                  
[  5]  22.00-23.00  sec  0.00 Bytes  0.00 bits/sec                  
[  5]  23.00-24.00  sec  0.00 Bytes  0.00 bits/sec                  
[  5]  24.00-25.00  sec  0.00 Bytes  0.00 bits/sec                  
[  5]  25.00-26.00  sec  0.00 Bytes  0.00 bits/sec                  
[  5]  26.00-27.00  sec  0.00 Bytes  0.00 bits/sec                  
Server listening on 5003 (test #1)
-----------------------------------------------------------
Accepted connection from 10.42.7.4, port 35538
[  5] local 10.42.0.11 port 5003 connected to 10.42.7.4 port 56522
[ ID] Interval           Transfer     Bitrate
[  5]   0.00-1.00   sec  1.39 KBytes  11.4 Kbits/sec                  
[  5]   1.00-2.00   sec  5.58 KBytes  45.7 Kbits/sec                  
[  5]   2.00-3.00   sec  4.98 KBytes  40.8 Kbits/sec                  
[  5]   3.00-4.00   sec  5.58 KBytes  45.7 Kbits/sec                  
[  5]   4.00-5.00   sec  5.38 KBytes  44.1 Kbits/sec                  
[  5]   5.00-6.00   sec  5.38 KBytes  44.1 Kbits/sec                  
[  5]   6.00-7.00   sec  5.58 KBytes  45.7 Kbits/sec                  
[  5]   7.00-8.00   sec  5.38 KBytes  44.1 Kbits/sec                  
[  5]   8.00-9.00   sec  5.58 KBytes  45.7 Kbits/sec                  
[  5]   9.00-10.00  sec  8.17 KBytes  66.9 Kbits/sec                  
[  5]  10.00-11.00  sec  2.79 KBytes  22.8 Kbits/sec                  
Server listening on 5004 (test #1)
-----------------------------------------------------------
Accepted connection from 10.42.8.4, port 58574
[  5] local 10.42.0.11 port 5004 connected to 10.42.8.4 port 58580
[ ID] Interval           Transfer     Bitrate
[  5]   0.00-1.00   sec  0.00 Bytes  0.00 bits/sec                  
[  5]   1.00-2.00   sec  0.00 Bytes  0.00 bits/sec                  
[  5]   2.00-3.00   sec  0.00 Bytes  0.00 bits/sec                  
[  5]   3.00-4.00   sec   204 Bytes  1.63 Kbits/sec                  
[  5]   4.00-5.00   sec  3.98 KBytes  32.6 Kbits/sec                  
[  5]   5.00-6.00   sec  5.38 KBytes  44.1 Kbits/sec                  
[  5]   6.00-7.00   sec  2.79 KBytes  22.9 Kbits/sec                  
[  5]   7.00-8.00   sec  0.00 Bytes  0.00 bits/sec                  
[  5]   8.00-9.00   sec  0.00 Bytes  0.00 bits/sec                  
[  5]   9.00-10.00  sec  4.18 KBytes  34.3 Kbits/sec                  
[  5]  10.00-11.00  sec  3.98 KBytes  32.6 Kbits/sec                  
[  5]  27.00-28.00  sec  0.00 Bytes  0.00 bits/sec                  
[  5]  28.00-29.00  sec  0.00 Bytes  0.00 bits/sec                  
[  5]  29.00-30.00  sec  0.00 Bytes  0.00 bits/sec                  
[  5]  30.00-31.00  sec  0.00 Bytes  0.00 bits/sec                  
[  5]  31.00-32.00  sec  0.00 Bytes  0.00 bits/sec                  
[  5]  32.00-33.00  sec  0.00 Bytes  0.00 bits/sec                  
[  5]  33.00-34.00  sec  0.00 Bytes  0.00 bits/sec                  
[  5]  34.00-35.00  sec  0.00 Bytes  0.00 bits/sec                  
[  5]  35.00-36.00  sec  0.00 Bytes  0.00 bits/sec                  
[  5]  36.00-37.00  sec  0.00 Bytes  0.00 bits/sec                  
[  5]  37.00-38.00  sec  0.00 Bytes  0.00 bits/sec                  
[  5]  38.00-39.00  sec  0.00 Bytes  0.00 bits/sec                  
[  5]  39.00-40.00  sec  0.00 Bytes  0.00 bits/sec                  
[  5]  40.00-41.00  sec  0.00 Bytes  0.00 bits/sec                  
[  5]  41.00-42.00  sec  0.00 Bytes  0.00 bits/sec                  
[  5]  42.00-43.00  sec  0.00 Bytes  0.00 bits/sec                  
[  5]  43.00-44.00  sec  0.00 Bytes  0.00 bits/sec                  
[  5]  44.00-45.00  sec  0.00 Bytes  0.00 bits/sec                  
[  5]  45.00-46.00  sec  0.00 Bytes  0.00 bits/sec                  
[  5]  11.00-12.00  sec  3.98 KBytes  32.6 Kbits/sec                  
[  5]  12.00-13.00  sec  4.18 KBytes  34.3 Kbits/sec                  
[  5]  13.00-14.00  sec  6.77 KBytes  55.5 Kbits/sec                  
[  5]  14.00-14.08  sec  1.39 KBytes   143 Kbits/sec                  
- - - - - - - - - - - - - - - - - - - - - - - - -
[ ID] Interval           Transfer     Bitrate
[  5]   0.00-14.08  sec  72.1 KBytes  42.0 Kbits/sec                  receiver
[  5]  11.00-12.00  sec  1.39 KBytes  11.4 Kbits/sec                  
[  5]  12.00-13.00  sec  4.18 KBytes  34.3 Kbits/sec                  
[  5]  13.00-14.00  sec  3.98 KBytes  32.6 Kbits/sec                  
[  5]  14.00-15.00  sec  4.18 KBytes  34.3 Kbits/sec                  
[  5]  15.00-16.00  sec  3.98 KBytes  32.6 Kbits/sec                  
[  5]  16.00-16.12  sec  1.39 KBytes  96.6 Kbits/sec                  
- - - - - - - - - - - - - - - - - - - - - - - - -
[ ID] Interval           Transfer     Bitrate
[  5]   0.00-16.12  sec  39.6 KBytes  20.1 Kbits/sec                  receiver
Server listening on 5005 (test #1)
-----------------------------------------------------------
Accepted connection from 10.42.1.5, port 57808
[  5] local 10.42.0.11 port 5005 connected to 10.42.1.5 port 57812
[ ID] Interval           Transfer     Bitrate
[  5]   0.00-1.00   sec  24.3 KBytes   199 Kbits/sec                  
[  5]   1.00-2.00   sec  24.5 KBytes   201 Kbits/sec                  
[  5]   2.00-3.00   sec  24.5 KBytes   201 Kbits/sec                  
[  5]   3.00-4.00   sec  24.3 KBytes   199 Kbits/sec                  
[  5]   4.00-5.00   sec  24.5 KBytes   201 Kbits/sec                  
[  5]   5.00-6.00   sec  24.3 KBytes   199 Kbits/sec                  
[  5]   6.00-7.00   sec  24.5 KBytes   201 Kbits/sec                  
- - - - - - - - - - - - - - - - - - - - - - - - -
[ ID] Interval           Transfer     Bitrate
[  5]   0.00-7.01   sec   171 KBytes   200 Kbits/sec                  receiver
-----------------------------------------------------------
Server listening on 5004 (test #2)
-----------------------------------------------------------
Accepted connection from 10.42.7.4, port 52992
[  5] local 10.42.0.11 port 5004 connected to 10.42.7.4 port 52996
[ ID] Interval           Transfer     Bitrate
[  5]   0.00-1.00   sec  3.98 KBytes  32.6 Kbits/sec                  
[  5]   1.00-2.00   sec  5.38 KBytes  44.0 Kbits/sec                  
[  5]   2.00-3.00   sec  3.59 KBytes  29.4 Kbits/sec                  
[  5]   3.00-4.00   sec  5.58 KBytes  45.7 Kbits/sec                  
[  5]   4.00-5.00   sec  5.38 KBytes  44.1 Kbits/sec                  
[  5]   5.00-6.00   sec  2.79 KBytes  22.8 Kbits/sec                  
[  5]   6.00-7.00   sec  5.38 KBytes  44.1 Kbits/sec                  
[  5]   7.00-8.00   sec  4.18 KBytes  34.3 Kbits/sec                  
[  5]   8.00-9.00   sec  3.98 KBytes  32.6 Kbits/sec                  
[  5]   9.00-10.00  sec  5.58 KBytes  45.7 Kbits/sec                  
Server listening on 5006 (test #1)
-----------------------------------------------------------
Accepted connection from 10.42.8.4, port 43232
[  5] local 10.42.0.11 port 5006 connected to 10.42.8.4 port 43246
[ ID] Interval           Transfer     Bitrate
[  5]   0.00-1.00   sec  0.00 Bytes  0.00 bits/sec                  
[  5]   1.00-2.00   sec  0.00 Bytes  0.00 bits/sec                  
[  5]   2.00-3.00   sec  0.00 Bytes  0.00 bits/sec                  
[  5]   3.00-4.00   sec  0.00 Bytes  0.00 bits/sec                  
[  5]   4.00-5.00   sec  0.00 Bytes  0.00 bits/sec                  
[  5]   5.00-6.00   sec  0.00 Bytes  0.00 bits/sec                  
[  5]   6.00-7.00   sec   204 Bytes  1.63 Kbits/sec                  
[  5]   7.00-8.00   sec  5.38 KBytes  44.1 Kbits/sec                  
[  5]   8.00-9.00   sec  6.77 KBytes  55.5 Kbits/sec                  
[  5]   9.00-10.00  sec  2.79 KBytes  22.8 Kbits/sec                  
[  5]  10.00-10.19  sec  2.79 KBytes   120 Kbits/sec                  
- - - - - - - - - - - - - - - - - - - - - - - - -
[  5]  10.00-11.00  sec  5.38 KBytes  44.1 Kbits/sec                  
[  5]  11.00-12.00  sec  2.79 KBytes  22.8 Kbits/sec                  
[  5]  12.00-13.00  sec  5.38 KBytes  44.1 Kbits/sec                  
[  5]  13.00-14.00  sec  6.77 KBytes  55.4 Kbits/sec                  
[  5]  14.00-14.34  sec  1.39 KBytes  34.0 Kbits/sec                  
- - - - - - - - - - - - - - - - - - - - - - - - -
[ ID] Interval           Transfer     Bitrate
[  5]   0.00-14.34  sec  67.5 KBytes  38.6 Kbits/sec                  receiver
-----------------------------------------------------------
Server listening on 5002 (test #2)
-----------------------------------------------------------
Accepted connection from 10.42.1.5, port 37298
[  5] local 10.42.0.11 port 5002 connected to 10.42.1.5 port 37302
[ ID] Interval           Transfer     Bitrate
[  5]   0.00-1.00   sec  24.3 KBytes   199 Kbits/sec                  
[  5]   1.00-2.00   sec  24.5 KBytes   201 Kbits/sec                  
[  5]   2.00-3.00   sec  24.5 KBytes   201 Kbits/sec                  
[  5]   3.00-4.00   sec  24.3 KBytes   199 Kbits/sec                  
[  5]   4.00-5.00   sec  24.5 KBytes   201 Kbits/sec                  
[  5]   5.00-6.00   sec  24.3 KBytes   199 Kbits/sec                  
[  5]   6.00-7.00   sec  24.5 KBytes   201 Kbits/sec                  
- - - - - - - - - - - - - - - - - - - - - - - - -
[ ID] Interval           Transfer     Bitrate
[  5]   0.00-7.01   sec   171 KBytes   200 Kbits/sec                  receiver
[ ID] Interval           Transfer     Bitrate
[  5]   0.00-10.19  sec  17.9 KBytes  14.4 Kbits/sec                  receiver
-----------------------------------------------------------
Server listening on 5002 (test #3)
-----------------------------------------------------------
Accepted connection from 10.42.1.5, port 48170
[  5] local 10.42.0.11 port 5002 connected to 10.42.1.5 port 48182
[ ID] Interval           Transfer     Bitrate
[  5]   0.00-1.00   sec  24.3 KBytes   199 Kbits/sec                  
[  5]   1.00-2.00   sec  24.5 KBytes   201 Kbits/sec                  
[  5]   2.00-3.00   sec  24.5 KBytes   201 Kbits/sec                  
[  5]   3.00-4.00   sec  24.3 KBytes   199 Kbits/sec                  
[  5]   4.00-5.00   sec  24.5 KBytes   201 Kbits/sec                  
[  5]   5.00-6.00   sec  24.3 KBytes   199 Kbits/sec                  
[  5]   6.00-7.00   sec  24.5 KBytes   201 Kbits/sec                  
- - - - - - - - - - - - - - - - - - - - - - - - -
[ ID] Interval           Transfer     Bitrate
[  5]   0.00-7.00   sec   171 KBytes   200 Kbits/sec                  receiver
-----------------------------------------------------------
Server listening on 5003 (test #2)
-----------------------------------------------------------
Accepted connection from 10.42.7.4, port 37060
[  5] local 10.42.0.11 port 5003 connected to 10.42.7.4 port 37062
[ ID] Interval           Transfer     Bitrate
[  5]   0.00-1.00   sec  4.78 KBytes  39.1 Kbits/sec                  
[  5]   1.00-2.00   sec  6.77 KBytes  55.5 Kbits/sec                  
[  5]   2.00-3.00   sec  4.18 KBytes  34.3 Kbits/sec                  
[  5]   3.00-4.00   sec  6.77 KBytes  55.5 Kbits/sec                  
[  5]   4.00-5.00   sec  5.38 KBytes  44.1 Kbits/sec                  
[  5]   5.00-6.00   sec  6.97 KBytes  57.1 Kbits/sec                  
[  5]   6.00-7.00   sec  3.98 KBytes  32.7 Kbits/sec                  
[  5]   7.00-8.00   sec  5.58 KBytes  45.7 Kbits/sec                  
[  5]   8.00-9.00   sec  3.98 KBytes  32.6 Kbits/sec                  
[  5]   9.00-10.00  sec  5.58 KBytes  45.7 Kbits/sec                  
[  5]  10.00-11.00  sec  3.98 KBytes  32.7 Kbits/sec                  
[  5]  11.00-12.00  sec  5.58 KBytes  45.7 Kbits/sec                  
[  5]  12.00-13.00  sec  3.98 KBytes  32.6 Kbits/sec                  
[  5]  13.00-14.00  sec  5.58 KBytes  45.7 Kbits/sec                  
[  5]  14.00-15.00  sec  5.38 KBytes  44.1 Kbits/sec                  
[  5]  15.00-15.35  sec  1.39 KBytes  33.0 Kbits/sec                  
- - - - - - - - - - - - - - - - - - - - - - - - -
[ ID] Interval           Transfer     Bitrate
[  5]   0.00-15.35  sec  79.9 KBytes  42.6 Kbits/sec                  receiver
-----------------------------------------------------------
Server listening on 5002 (test #4)
-----------------------------------------------------------
Accepted connection from 10.42.1.5, port 41680
[  5] local 10.42.0.11 port 5002 connected to 10.42.1.5 port 41684
[ ID] Interval           Transfer     Bitrate
[  5]   0.00-1.00   sec  24.3 KBytes   199 Kbits/sec                  
[  5]   1.00-2.00   sec  24.3 KBytes   199 Kbits/sec                  
[  5]   2.00-3.00   sec  24.5 KBytes   201 Kbits/sec                  
[  5]   3.00-4.00   sec  24.3 KBytes   199 Kbits/sec                  
[  5]   4.00-5.00   sec  24.5 KBytes   201 Kbits/sec                  
[  5]   5.00-6.00   sec  24.3 KBytes   199 Kbits/sec                  
[  5]   6.00-7.00   sec  24.5 KBytes   201 Kbits/sec                  
- - - - - - - - - - - - - - - - - - - - - - - - -
[ ID] Interval           Transfer     Bitrate
[  5]   0.00-7.01   sec   171 KBytes   200 Kbits/sec                  receiver
-----------------------------------------------------------
Server listening on 5004 (test #3)
-----------------------------------------------------------
Accepted connection from 10.42.8.4, port 41282
[  5] local 10.42.0.11 port 5004 connected to 10.42.8.4 port 34680
[ ID] Interval           Transfer     Bitrate
[  5]   0.00-1.00   sec  5.18 KBytes  42.4 Kbits/sec                  
[  5]   1.00-2.00   sec  5.58 KBytes  45.7 Kbits/sec                  
[  5]   2.00-3.00   sec  5.38 KBytes  44.1 Kbits/sec                  
[  5]   3.00-4.00   sec  5.98 KBytes  49.0 Kbits/sec                  
[  5]   4.00-5.00   sec  4.18 KBytes  34.3 Kbits/sec                  
[  5]   5.00-6.00   sec  5.38 KBytes  44.1 Kbits/sec                  
[  5]   6.00-7.00   sec  5.38 KBytes  44.1 Kbits/sec                  
[  5]   7.00-8.00   sec  6.97 KBytes  57.1 Kbits/sec                  
[  5]   8.00-9.00   sec  5.38 KBytes  44.1 Kbits/sec                  
[  5]   9.00-10.00  sec  6.77 KBytes  55.5 Kbits/sec                  
[  5]  10.00-11.00  sec  4.18 KBytes  34.3 Kbits/sec                  
[  5]  11.00-12.00  sec  5.38 KBytes  44.1 Kbits/sec                  
[  5]  12.00-13.00  sec  6.97 KBytes  57.1 Kbits/sec                  
[  5]  13.00-13.20  sec  2.59 KBytes   109 Kbits/sec                  
- - - - - - - - - - - - - - - - - - - - - - - - -
[ ID] Interval           Transfer     Bitrate
[  5]   0.00-13.20  sec  75.3 KBytes  46.7 Kbits/sec                  receiver
-----------------------------------------------------------
Server listening on 5003 (test #3)
-----------------------------------------------------------
Accepted connection from 10.42.1.5, port 34316
[  5] local 10.42.0.11 port 5003 connected to 10.42.1.5 port 34326
[ ID] Interval           Transfer     Bitrate
[  5]   0.00-1.00   sec  24.5 KBytes   201 Kbits/sec                  
[  5]   1.00-2.00   sec  24.3 KBytes   199 Kbits/sec                  
[  5]   2.00-3.00   sec  24.5 KBytes   201 Kbits/sec                  
[  5]   3.00-4.00   sec  24.3 KBytes   199 Kbits/sec                  
[  5]   4.00-5.00   sec  24.5 KBytes   201 Kbits/sec                  
[  5]   5.00-6.00   sec  24.3 KBytes   199 Kbits/sec                  
[  5]   6.00-7.00   sec  24.5 KBytes   201 Kbits/sec                  
- - - - - - - - - - - - - - - - - - - - - - - - -
[ ID] Interval           Transfer     Bitrate
[  5]   0.00-7.01   sec   171 KBytes   200 Kbits/sec                  receiver
-----------------------------------------------------------
Server listening on 5002 (test #5)
-----------------------------------------------------------
Accepted connection from 10.42.7.4, port 46890
[  5] local 10.42.0.11 port 5002 connected to 10.42.7.4 port 46900
[ ID] Interval           Transfer     Bitrate
[  5]   0.00-1.00   sec  3.59 KBytes  29.4 Kbits/sec                  
[  5]   1.00-2.00   sec  6.38 KBytes  52.2 Kbits/sec                  
[  5]   2.00-3.00   sec  4.18 KBytes  34.3 Kbits/sec                  
[  5]   3.00-4.00   sec  2.79 KBytes  22.8 Kbits/sec                  
[  5]   4.00-5.00   sec  5.38 KBytes  44.1 Kbits/sec                  
[  5]   5.00-6.00   sec  5.38 KBytes  44.1 Kbits/sec                  
[  5]   6.00-7.00   sec  4.18 KBytes  34.2 Kbits/sec                  
[  5]   7.00-8.00   sec  5.38 KBytes  44.1 Kbits/sec                  
[  5]   8.00-9.00   sec  4.18 KBytes  34.3 Kbits/sec                  
[  5]   9.00-10.00  sec  5.38 KBytes  44.1 Kbits/sec                  
[  5]  10.00-11.00  sec  4.18 KBytes  34.3 Kbits/sec                  
[  5]  11.00-12.00  sec  5.38 KBytes  44.1 Kbits/sec                  
[  5]  12.00-13.00  sec  4.18 KBytes  34.3 Kbits/sec                  
[  5]  13.00-14.00  sec  5.38 KBytes  44.1 Kbits/sec                  
[  5]  14.00-14.67  sec  5.58 KBytes  68.0 Kbits/sec                  
- - - - - - - - - - - - - - - - - - - - - - - - -
[ ID] Interval           Transfer     Bitrate
[  5]   0.00-14.67  sec  71.5 KBytes  39.9 Kbits/sec                  receiver
-----------------------------------------------------------
Server listening on 5002 (test #6)
-----------------------------------------------------------
Accepted connection from 10.42.8.4, port 41954
[  5] local 10.42.0.11 port 5002 connected to 10.42.8.4 port 41956
[ ID] Interval           Transfer     Bitrate
[  5]   0.00-1.00   sec  3.98 KBytes  32.6 Kbits/sec                  
[  5]   1.00-2.00   sec  6.77 KBytes  55.5 Kbits/sec                  
[  5]   2.00-3.00   sec  3.98 KBytes  32.6 Kbits/sec                  
[  5]   3.00-4.00   sec  6.97 KBytes  57.2 Kbits/sec                  
[  5]   4.00-5.00   sec  5.58 KBytes  45.7 Kbits/sec                  
[  5]   5.00-6.00   sec  5.38 KBytes  44.0 Kbits/sec                  
[  5]   6.00-7.00   sec  5.38 KBytes  44.1 Kbits/sec                  
[  5]   7.00-8.00   sec  5.58 KBytes  45.7 Kbits/sec                  
[  5]   8.00-9.00   sec  6.77 KBytes  55.4 Kbits/sec                  
[  5]   9.00-10.00  sec  4.18 KBytes  34.3 Kbits/sec                  
-----------------------------------------------------------
Server listening on 5003 (test #4)
-----------------------------------------------------------
Accepted connection from 10.42.1.5, port 44048
[  5] local 10.42.0.11 port 5003 connected to 10.42.1.5 port 44056
[ ID] Interval           Transfer     Bitrate
[  5]   0.00-1.00   sec  24.3 KBytes   199 Kbits/sec                  
[  5]   1.00-2.00   sec  24.5 KBytes   201 Kbits/sec                  
[  5]   2.00-3.00   sec  24.5 KBytes   201 Kbits/sec                  
[  5]   3.00-4.00   sec  24.3 KBytes   199 Kbits/sec                  
[  5]   4.00-5.00   sec  24.5 KBytes   201 Kbits/sec                  
[  5]   5.00-6.00   sec  24.3 KBytes   199 Kbits/sec                  
[  5]   6.00-7.00   sec  24.5 KBytes   201 Kbits/sec                  
- - - - - - - - - - - - - - - - - - - - - - - - -
[ ID] Interval           Transfer     Bitrate
[  5]   0.00-7.00   sec   171 KBytes   200 Kbits/sec                  receiver
[  5]  10.00-11.00  sec  5.38 KBytes  44.0 Kbits/sec                  
[  5]  11.00-12.00  sec  6.77 KBytes  55.5 Kbits/sec                  
[  5]  12.00-12.93  sec  8.17 KBytes  72.0 Kbits/sec                  
- - - - - - - - - - - - - - - - - - - - - - - - -
[ ID] Interval           Transfer     Bitrate
[  5]   0.00-12.93  sec  74.9 KBytes  47.5 Kbits/sec                  receiver
-----------------------------------------------------------
Server listening on 5002 (test #7)
-----------------------------------------------------------
Accepted connection from 10.42.1.5, port 49818
[  5] local 10.42.0.11 port 5002 connected to 10.42.1.5 port 49824
[ ID] Interval           Transfer     Bitrate
[  5]   0.00-1.00   sec  24.3 KBytes   199 Kbits/sec                  
[  5]   1.00-2.00   sec  24.5 KBytes   201 Kbits/sec                  
[  5]   2.00-3.00   sec  24.3 KBytes   199 Kbits/sec                  
[  5]   3.00-4.00   sec  24.5 KBytes   201 Kbits/sec                  
[  5]   4.00-5.00   sec  24.5 KBytes   201 Kbits/sec                  
[  5]   5.00-6.00   sec  24.3 KBytes   199 Kbits/sec                  
[  5]   6.00-7.00   sec  24.3 KBytes   199 Kbits/sec                  
- - - - - - - - - - - - - - - - - - - - - - - - -
[ ID] Interval           Transfer     Bitrate
[  5]   0.00-7.01   sec   171 KBytes   200 Kbits/sec                  receiver
-----------------------------------------------------------
Server listening on 5003 (test #5)
-----------------------------------------------------------
Accepted connection from 10.42.7.4, port 56088
[  5] local 10.42.0.11 port 5003 connected to 10.42.7.4 port 56096
[ ID] Interval           Transfer     Bitrate
[  5]   0.00-1.00   sec  4.98 KBytes  40.8 Kbits/sec                  
[  5]   1.00-2.00   sec  5.18 KBytes  42.4 Kbits/sec                  
[  5]   2.00-3.00   sec  6.97 KBytes  57.1 Kbits/sec                  
[  5]   3.00-4.00   sec  5.38 KBytes  44.1 Kbits/sec                  
[  5]   4.00-5.00   sec  6.77 KBytes  55.5 Kbits/sec                  
[  5]   5.00-6.00   sec  5.58 KBytes  45.7 Kbits/sec                  
[  5]   6.00-7.00   sec  5.38 KBytes  44.1 Kbits/sec                  
[  5]   7.00-8.00   sec  5.58 KBytes  45.7 Kbits/sec                  
[  5]   8.00-9.00   sec  3.98 KBytes  32.6 Kbits/sec                  
[  5]   9.00-10.00  sec  4.18 KBytes  34.3 Kbits/sec                  
[  5]  10.00-11.00  sec  5.38 KBytes  44.1 Kbits/sec                  
[  5]  11.00-12.00  sec  4.18 KBytes  34.3 Kbits/sec                  
[  5]  12.00-13.00  sec  5.38 KBytes  44.1 Kbits/sec                  
[  5]  13.00-14.00  sec  5.38 KBytes  44.1 Kbits/sec                  
[  5]  14.00-14.62  sec  4.18 KBytes  55.0 Kbits/sec                  
- - - - - - - - - - - - - - - - - - - - - - - - -
[ ID] Interval           Transfer     Bitrate
[  5]   0.00-14.62  sec  78.5 KBytes  44.0 Kbits/sec                  receiver
-----------------------------------------------------------
Server listening on 5002 (test #8)
-----------------------------------------------------------
Accepted connection from 10.42.1.5, port 37544
[  5] local 10.42.0.11 port 5002 connected to 10.42.1.5 port 37556
[ ID] Interval           Transfer     Bitrate
[  5]   0.00-1.00   sec  24.3 KBytes   199 Kbits/sec                  
[  5]   1.00-2.00   sec  24.5 KBytes   201 Kbits/sec                  
[  5]   2.00-3.00   sec  24.5 KBytes   201 Kbits/sec                  
[  5]   3.00-4.00   sec  24.3 KBytes   199 Kbits/sec                  
[  5]   4.00-5.00   sec  24.5 KBytes   201 Kbits/sec                  
[  5]   5.00-6.00   sec  24.3 KBytes   199 Kbits/sec                  
[  5]   6.00-7.00   sec  24.5 KBytes   201 Kbits/sec                  
- - - - - - - - - - - - - - - - - - - - - - - - -
[ ID] Interval           Transfer     Bitrate
[  5]   0.00-7.00   sec   171 KBytes   200 Kbits/sec                  receiver
-----------------------------------------------------------
Server listening on 5004 (test #4)
-----------------------------------------------------------
Accepted connection from 10.42.8.4, port 41454
[  5] local 10.42.0.11 port 5004 connected to 10.42.8.4 port 41466
[ ID] Interval           Transfer     Bitrate
[  5]   0.00-1.00   sec  4.38 KBytes  35.9 Kbits/sec                  
[  5]   1.00-2.00   sec  4.98 KBytes  40.8 Kbits/sec                  
[  5]   2.00-3.00   sec  5.38 KBytes  44.1 Kbits/sec                  
[  5]   3.00-4.00   sec  6.77 KBytes  55.5 Kbits/sec                  
[  5]   4.00-5.00   sec  5.58 KBytes  45.7 Kbits/sec                  
[  5]   5.00-6.00   sec  3.98 KBytes  32.6 Kbits/sec                  
[  5]   6.00-7.00   sec  5.58 KBytes  45.7 Kbits/sec                  
[  5]   7.00-8.00   sec  6.77 KBytes  55.5 Kbits/sec                  
[  5]   8.00-9.00   sec  5.38 KBytes  44.1 Kbits/sec                  
[  5]   9.00-10.00  sec  5.58 KBytes  45.7 Kbits/sec                  
[  5]  10.00-11.00  sec  6.77 KBytes  55.5 Kbits/sec                  
[  5]  11.00-12.00  sec  8.17 KBytes  66.9 Kbits/sec                  
[  5]  12.00-13.00  sec  8.17 KBytes  66.9 Kbits/sec                  
[  5]  13.00-13.18  sec  1.39 KBytes  64.6 Kbits/sec                  
- - - - - - - - - - - - - - - - - - - - - - - - -
[ ID] Interval           Transfer     Bitrate
[  5]   0.00-13.18  sec  78.9 KBytes  49.0 Kbits/sec                  receiver
-----------------------------------------------------------
Server listening on 5002 (test #9)
-----------------------------------------------------------
Accepted connection from 10.42.1.5, port 49306
[  5] local 10.42.0.11 port 5002 connected to 10.42.1.5 port 49310
[ ID] Interval           Transfer     Bitrate
[  5]   0.00-1.00   sec  24.3 KBytes   199 Kbits/sec                  
[  5]   1.00-2.00   sec  24.5 KBytes   201 Kbits/sec                  
[  5]   2.00-3.00   sec  24.3 KBytes   199 Kbits/sec                  
[  5]   3.00-4.00   sec  24.5 KBytes   201 Kbits/sec                  
[  5]   4.00-5.00   sec  24.5 KBytes   201 Kbits/sec                  
[  5]   5.00-6.00   sec  24.3 KBytes   199 Kbits/sec                  
[  5]   6.00-7.00   sec  24.5 KBytes   201 Kbits/sec                  
- - - - - - - - - - - - - - - - - - - - - - - - -
[ ID] Interval           Transfer     Bitrate
[  5]   0.00-7.00   sec   171 KBytes   200 Kbits/sec                  receiver
-----------------------------------------------------------
Server listening on 5003 (test #6)
-----------------------------------------------------------
Accepted connection from 10.42.7.4, port 45582
[  5] local 10.42.0.11 port 5003 connected to 10.42.7.4 port 45590
[ ID] Interval           Transfer     Bitrate
[  5]   0.00-1.00   sec  3.39 KBytes  27.7 Kbits/sec                  
[  5]   1.00-2.00   sec  5.38 KBytes  44.1 Kbits/sec                  
[  5]   2.00-3.00   sec  3.98 KBytes  32.6 Kbits/sec                  
[  5]   3.00-4.00   sec  2.79 KBytes  22.8 Kbits/sec                  
[  5]   4.00-5.00   sec  3.98 KBytes  32.6 Kbits/sec                  
[  5]   5.00-6.00   sec  6.97 KBytes  57.1 Kbits/sec                  
[  5]   6.00-7.00   sec  3.98 KBytes  32.6 Kbits/sec                  
[  5]   7.00-8.00   sec  4.18 KBytes  34.3 Kbits/sec                  
[  5]   8.00-9.00   sec  5.38 KBytes  44.1 Kbits/sec                  
[  5]   9.00-10.00  sec  4.18 KBytes  34.3 Kbits/sec                  
[  5]  10.00-11.00  sec  5.38 KBytes  44.1 Kbits/sec                  
[  5]  11.00-12.00  sec  4.18 KBytes  34.3 Kbits/sec                  
[  5]  12.00-13.00  sec  5.38 KBytes  44.1 Kbits/sec                  
[  5]  13.00-14.00  sec  8.17 KBytes  66.9 Kbits/sec                  
[  5]  14.00-14.47  sec  4.18 KBytes  73.8 Kbits/sec                  
- - - - - - - - - - - - - - - - - - - - - - - - -
[ ID] Interval           Transfer     Bitrate
[  5]   0.00-14.47  sec  71.5 KBytes  40.5 Kbits/sec                  receiver
-----------------------------------------------------------
Server listening on 5003 (test #7)
-----------------------------------------------------------
Accepted connection from 10.42.1.5, port 33314
[  5] local 10.42.0.11 port 5003 connected to 10.42.1.5 port 33324
[ ID] Interval           Transfer     Bitrate
[  5]   0.00-1.00   sec  24.3 KBytes   199 Kbits/sec                  
[  5]   1.00-2.00   sec  24.5 KBytes   201 Kbits/sec                  
[  5]   2.00-3.00   sec  24.5 KBytes   201 Kbits/sec                  
[  5]   3.00-4.00   sec  24.3 KBytes   199 Kbits/sec                  
[  5]   4.00-5.00   sec  24.5 KBytes   201 Kbits/sec                  
[  5]   5.00-6.00   sec  24.3 KBytes   199 Kbits/sec                  
[  5]   6.00-7.00   sec  24.5 KBytes   201 Kbits/sec                  
- - - - - - - - - - - - - - - - - - - - - - - - -
[ ID] Interval           Transfer     Bitrate
[  5]   0.00-7.01   sec   171 KBytes   200 Kbits/sec                  receiver
-----------------------------------------------------------
Server listening on 5002 (test #10)
-----------------------------------------------------------
Accepted connection from 10.42.8.4, port 33708
[  5] local 10.42.0.11 port 5002 connected to 10.42.8.4 port 33722
[ ID] Interval           Transfer     Bitrate
[  5]   0.00-1.00   sec  4.58 KBytes  37.5 Kbits/sec                  
[  5]   1.00-2.00   sec  5.78 KBytes  47.4 Kbits/sec                  
[  5]   2.00-3.00   sec  6.97 KBytes  57.1 Kbits/sec                  
[  5]   3.00-4.00   sec  5.38 KBytes  44.1 Kbits/sec                  
[  5]   4.00-5.00   sec  6.77 KBytes  55.5 Kbits/sec                  
[  5]   5.00-6.00   sec  4.18 KBytes  34.3 Kbits/sec                  
[  5]   6.00-7.00   sec  5.38 KBytes  44.1 Kbits/sec                  
[  5]   7.00-8.00   sec  6.97 KBytes  57.1 Kbits/sec                  
[  5]   8.00-9.00   sec  5.38 KBytes  44.1 Kbits/sec                  
[  5]   9.00-10.00  sec  2.79 KBytes  22.8 Kbits/sec                  
[  5]  10.00-11.00  sec  6.77 KBytes  55.5 Kbits/sec                  
[  5]  11.00-12.00  sec  8.17 KBytes  66.9 Kbits/sec                  
[  5]  12.00-12.95  sec  8.17 KBytes  70.5 Kbits/sec                  
- - - - - - - - - - - - - - - - - - - - - - - - -
[ ID] Interval           Transfer     Bitrate
[  5]   0.00-12.95  sec  77.3 KBytes  48.9 Kbits/sec                  receiver
-----------------------------------------------------------
Server listening on 5002 (test #11)
-----------------------------------------------------------
Accepted connection from 10.42.7.4, port 40452
[  5] local 10.42.0.11 port 5002 connected to 10.42.7.4 port 40456
[ ID] Interval           Transfer     Bitrate
[  5]   0.00-1.00   sec  4.58 KBytes  37.5 Kbits/sec                  
[  5]   1.00-2.00   sec  5.58 KBytes  45.7 Kbits/sec                  
[  5]   2.00-3.00   sec  5.78 KBytes  47.3 Kbits/sec                  
[  5]   3.00-4.00   sec  5.38 KBytes  44.1 Kbits/sec                  
[  5]   4.00-5.00   sec  6.77 KBytes  55.5 Kbits/sec                  
[  5]   5.00-6.00   sec  5.58 KBytes  45.7 Kbits/sec                  
[  5]   6.00-7.00   sec  5.38 KBytes  44.1 Kbits/sec                  
[  5]   7.00-8.00   sec  6.77 KBytes  55.4 Kbits/sec                  
[  5]   8.00-9.00   sec  5.58 KBytes  45.7 Kbits/sec                  
[  5]   9.00-10.00  sec  6.77 KBytes  55.5 Kbits/sec                  
-----------------------------------------------------------
Server listening on 5003 (test #8)
-----------------------------------------------------------
Accepted connection from 10.42.1.5, port 48594
[  5] local 10.42.0.11 port 5003 connected to 10.42.1.5 port 48610
[ ID] Interval           Transfer     Bitrate
[  5]   0.00-1.00   sec  24.5 KBytes   201 Kbits/sec                  
[  5]   1.00-2.00   sec  24.3 KBytes   199 Kbits/sec                  
[  5]   2.00-3.00   sec  24.5 KBytes   201 Kbits/sec                  
[  5]   3.00-4.00   sec  24.3 KBytes   199 Kbits/sec                  
[  5]   4.00-5.00   sec  24.5 KBytes   201 Kbits/sec                  
[  5]   5.00-6.00   sec  24.3 KBytes   199 Kbits/sec                  
[  5]   6.00-7.00   sec  24.5 KBytes   201 Kbits/sec                  
- - - - - - - - - - - - - - - - - - - - - - - - -
[ ID] Interval           Transfer     Bitrate
[  5]   0.00-7.00   sec   171 KBytes   200 Kbits/sec                  receiver
[  5]  10.00-11.00  sec  5.38 KBytes  44.1 Kbits/sec                  
[  5]  11.00-12.00  sec  5.58 KBytes  45.7 Kbits/sec                  
[  5]  12.00-13.00  sec  6.77 KBytes  55.5 Kbits/sec                  
[  5]  13.00-13.16  sec  1.39 KBytes  73.2 Kbits/sec                  
- - - - - - - - - - - - - - - - - - - - - - - - -
[ ID] Interval           Transfer     Bitrate
[  5]   0.00-13.16  sec  77.3 KBytes  48.1 Kbits/sec                  receiver
-----------------------------------------------------------
Server listening on 5002 (test #12)
-----------------------------------------------------------
Accepted connection from 10.42.1.5, port 34332
[  5] local 10.42.0.11 port 5002 connected to 10.42.1.5 port 34340
[ ID] Interval           Transfer     Bitrate
[  5]   0.00-1.00   sec  24.5 KBytes   201 Kbits/sec                  
[  5]   1.00-2.00   sec  24.3 KBytes   199 Kbits/sec                  
[  5]   2.00-3.00   sec  24.5 KBytes   201 Kbits/sec                  
[  5]   3.00-4.00   sec  24.3 KBytes   199 Kbits/sec                  
[  5]   4.00-5.00   sec  24.5 KBytes   201 Kbits/sec                  
[  5]   5.00-6.00   sec  24.3 KBytes   199 Kbits/sec                  
[  5]   6.00-7.00   sec  24.5 KBytes   201 Kbits/sec                  
- - - - - - - - - - - - - - - - - - - - - - - - -
[ ID] Interval           Transfer     Bitrate
[  5]   0.00-7.00   sec   171 KBytes   200 Kbits/sec                  receiver
-----------------------------------------------------------
Server listening on 5004 (test #5)
-----------------------------------------------------------
Accepted connection from 10.42.8.4, port 36180
[  5] local 10.42.0.11 port 5004 connected to 10.42.8.4 port 36186
[ ID] Interval           Transfer     Bitrate
[  5]   0.00-1.00   sec  4.38 KBytes  35.9 Kbits/sec                  
[  5]   1.00-2.00   sec  6.18 KBytes  50.6 Kbits/sec                  
[  5]   2.00-3.00   sec  5.58 KBytes  45.7 Kbits/sec                  
[  5]   3.00-4.00   sec  6.77 KBytes  55.5 Kbits/sec                  
[  5]   4.00-5.00   sec  5.38 KBytes  44.0 Kbits/sec                  
[  5]   5.00-6.00   sec  6.97 KBytes  57.2 Kbits/sec                  
[  5]   6.00-7.00   sec  5.38 KBytes  44.0 Kbits/sec                  
[  5]   7.00-8.00   sec  5.58 KBytes  45.7 Kbits/sec                  
[  5]   8.00-9.00   sec  5.38 KBytes  44.1 Kbits/sec                  
[  5]   9.00-10.00  sec  5.38 KBytes  44.1 Kbits/sec                  
[  5]  10.00-11.00  sec  6.97 KBytes  57.1 Kbits/sec                  
[  5]  11.00-12.00  sec  6.77 KBytes  55.5 Kbits/sec                  
[  5]  12.00-12.79  sec  6.77 KBytes  70.0 Kbits/sec                  
- - - - - - - - - - - - - - - - - - - - - - - - -
[ ID] Interval           Transfer     Bitrate
[  5]   0.00-12.79  sec  77.5 KBytes  49.6 Kbits/sec                  receiver
-----------------------------------------------------------
Server listening on 5002 (test #13)
-----------------------------------------------------------
Accepted connection from 10.42.7.4, port 34876
[  5] local 10.42.0.11 port 5002 connected to 10.42.7.4 port 34878
[ ID] Interval           Transfer     Bitrate
[  5]   0.00-1.00   sec  4.58 KBytes  37.5 Kbits/sec                  
[  5]   1.00-2.00   sec  4.18 KBytes  34.3 Kbits/sec                  
[  5]   2.00-3.00   sec  5.38 KBytes  44.1 Kbits/sec                  
[  5]   3.00-4.00   sec  3.59 KBytes  29.4 Kbits/sec                  
[  5]   4.00-5.00   sec  2.79 KBytes  22.8 Kbits/sec                  
[  5]   5.00-6.00   sec  2.79 KBytes  22.8 Kbits/sec                  
[  5]   6.00-7.00   sec  0.00 Bytes  0.00 bits/sec                  
[  5]   7.00-7.31   sec  1.20 KBytes  31.7 Kbits/sec                  
- - - - - - - - - - - - - - - - - - - - - - - - -
[ ID] Interval           Transfer     Bitrate
[  5]   0.00-7.31   sec  24.5 KBytes  27.5 Kbits/sec                  receiver
-----------------------------------------------------------
Server listening on 5003 (test #9)
-----------------------------------------------------------
Accepted connection from 10.42.1.5, port 55878
[  5] local 10.42.0.11 port 5003 connected to 10.42.1.5 port 55884
[ ID] Interval           Transfer     Bitrate
[  5]   0.00-1.00   sec  24.3 KBytes   199 Kbits/sec                  
[  5]   1.00-2.00   sec  24.3 KBytes   199 Kbits/sec                  
[  5]   2.00-3.00   sec  21.5 KBytes   176 Kbits/sec                  
[  5]   3.00-4.00   sec  4.58 KBytes  37.5 Kbits/sec                  
[  5]   4.00-5.00   sec  0.00 Bytes  0.00 bits/sec                  
[  5]   5.00-6.00   sec  0.00 Bytes  0.00 bits/sec                  
[  5]   6.00-7.00   sec  0.00 Bytes  0.00 bits/sec                  
[  5]   7.00-7.49   sec  0.00 Bytes  0.00 bits/sec                  
- - - - - - - - - - - - - - - - - - - - - - - - -
[ ID] Interval           Transfer     Bitrate
[  5]   0.00-7.49   sec  74.9 KBytes  81.9 Kbits/sec                  receiver
-----------------------------------------------------------
Server listening on 5002 (test #14)
-----------------------------------------------------------
Accepted connection from 10.42.7.4, port 55876
[  5] local 10.42.0.11 port 5002 connected to 10.42.7.4 port 55878
[ ID] Interval           Transfer     Bitrate
[  5]   0.00-1.00   sec  9.56 KBytes  78.3 Kbits/sec                  
[  5]   1.00-2.00   sec  23.5 KBytes   193 Kbits/sec                  
[  5]   2.00-3.00   sec  25.7 KBytes   211 Kbits/sec                  
[  5]   3.00-4.00   sec  24.1 KBytes   197 Kbits/sec                  
[  5]   4.00-5.00   sec  23.7 KBytes   194 Kbits/sec                  
[  5]   5.00-6.00   sec  24.7 KBytes   202 Kbits/sec                  
[  5]   6.00-7.00   sec  24.9 KBytes   204 Kbits/sec                  
[  5]   7.00-7.59   sec  14.1 KBytes   196 Kbits/sec                  
- - - - - - - - - - - - - - - - - - - - - - - - -
[ ID] Interval           Transfer     Bitrate
[  5]   0.00-7.59   sec   170 KBytes   184 Kbits/sec                  receiver
-----------------------------------------------------------
Server listening on 5003 (test #10)
-----------------------------------------------------------
Accepted connection from 10.42.8.4, port 37466
[  5] local 10.42.0.11 port 5003 connected to 10.42.8.4 port 36536
[ ID] Interval           Transfer     Bitrate
[  5]   0.00-1.00   sec  0.00 Bytes  0.00 bits/sec                  
[  5]   1.00-2.00   sec   204 Bytes  1.63 Kbits/sec                  
[  5]   2.00-3.00   sec  6.77 KBytes  55.5 Kbits/sec                  
[  5]   3.00-4.00   sec  8.17 KBytes  66.9 Kbits/sec                  
[  5]   4.00-5.00   sec  6.77 KBytes  55.5 Kbits/sec                  
[  5]   5.00-6.00   sec  8.17 KBytes  66.9 Kbits/sec                  
[  5]   6.00-7.00   sec  5.58 KBytes  45.7 Kbits/sec                  
[  5]   7.00-8.00   sec  6.77 KBytes  55.5 Kbits/sec                  
[  5]   8.00-9.00   sec  8.17 KBytes  66.9 Kbits/sec                  
[  5]   9.00-10.00  sec  6.77 KBytes  55.5 Kbits/sec                  
[  5]  10.00-11.00  sec  8.17 KBytes  66.9 Kbits/sec                  
[  5]  11.00-12.00  sec  6.97 KBytes  57.1 Kbits/sec                  
[  5]  12.00-13.00  sec  8.17 KBytes  66.9 Kbits/sec                  
[  5]  13.00-13.37  sec  3.98 KBytes  89.4 Kbits/sec                  
- - - - - - - - - - - - - - - - - - - - - - - - -
[ ID] Interval           Transfer     Bitrate
[  5]   0.00-13.37  sec  84.7 KBytes  51.9 Kbits/sec                  receiver
-----------------------------------------------------------
Server listening on 5002 (test #15)
-----------------------------------------------------------
Accepted connection from 10.42.1.5, port 46354
[  5] local 10.42.0.11 port 5002 connected to 10.42.1.5 port 45472
[ ID] Interval           Transfer     Bitrate
[  5]   0.00-1.00   sec  0.00 Bytes  0.00 bits/sec                  
[  5]   1.00-2.00   sec  0.00 Bytes  0.00 bits/sec                  
[  5]   2.00-3.00   sec  5.58 KBytes  45.7 Kbits/sec                  
[  5]   3.00-4.00   sec  6.77 KBytes  55.5 Kbits/sec                  
[  5]   4.00-5.00   sec  6.77 KBytes  55.5 Kbits/sec                  
[  5]   5.00-6.00   sec  8.37 KBytes  68.6 Kbits/sec                  
[  5]   6.00-7.00   sec  8.17 KBytes  66.9 Kbits/sec                  
[  5]   7.00-8.00   sec  6.77 KBytes  55.4 Kbits/sec                  
[  5]   8.00-9.00   sec  8.17 KBytes  67.0 Kbits/sec                  
[  5]   9.00-10.00  sec  8.17 KBytes  66.9 Kbits/sec                  
[  5]  10.00-11.00  sec  9.56 KBytes  78.3 Kbits/sec                  
-----------------------------------------------------------
Server listening on 5003 (test #11)
-----------------------------------------------------------
Accepted connection from 10.42.7.4, port 45174
[  5] local 10.42.0.11 port 5003 connected to 10.42.7.4 port 45186
[ ID] Interval           Transfer     Bitrate
[  5]   0.00-1.00   sec  9.56 KBytes  78.3 Kbits/sec                  
[  5]   1.00-2.00   sec  24.5 KBytes   201 Kbits/sec                  
[  5]   2.00-3.00   sec  24.1 KBytes   198 Kbits/sec                  
[  5]   3.00-4.00   sec  25.1 KBytes   205 Kbits/sec                  
[  5]   4.00-5.00   sec  23.3 KBytes   191 Kbits/sec                  
[  5]   5.00-6.00   sec  24.7 KBytes   202 Kbits/sec                  
[  5]   6.00-7.00   sec  24.3 KBytes   199 Kbits/sec                  
[  5]   7.00-7.56   sec  14.3 KBytes   210 Kbits/sec                  
- - - - - - - - - - - - - - - - - - - - - - - - -
[ ID] Interval           Transfer     Bitrate
[  5]   0.00-7.56   sec   170 KBytes   184 Kbits/sec                  receiver
[  5]  11.00-12.00  sec  8.17 KBytes  66.9 Kbits/sec                  
[  5]  12.00-13.00  sec  8.17 KBytes  67.0 Kbits/sec                  
[  5]  13.00-13.12  sec  1.39 KBytes  92.6 Kbits/sec                  
- - - - - - - - - - - - - - - - - - - - - - - - -
[ ID] Interval           Transfer     Bitrate
[  5]   0.00-13.12  sec  86.1 KBytes  53.7 Kbits/sec                  receiver
-----------------------------------------------------------
Server listening on 5002 (test #16)
-----------------------------------------------------------
Accepted connection from 10.42.8.4, port 49960
[  5] local 10.42.0.11 port 5002 connected to 10.42.8.4 port 49970
[ ID] Interval           Transfer     Bitrate
[  5]   0.00-1.00   sec   204 Bytes  1.63 Kbits/sec                  
[  5]   1.00-2.00   sec  8.17 KBytes  66.9 Kbits/sec                  
[  5]   2.00-3.00   sec  8.17 KBytes  66.9 Kbits/sec                  
[  5]   3.00-4.00   sec  5.38 KBytes  44.1 Kbits/sec                  
[  5]   4.00-5.00   sec  8.17 KBytes  66.9 Kbits/sec                  
[  5]   5.00-6.00   sec  8.17 KBytes  66.9 Kbits/sec                  
[  5]   6.00-7.00   sec  6.97 KBytes  57.1 Kbits/sec                  
[  5]   7.00-8.00   sec  8.17 KBytes  66.9 Kbits/sec                  
[  5]   8.00-9.00   sec  6.77 KBytes  55.5 Kbits/sec                  
[  5]   9.00-10.00  sec  6.77 KBytes  55.5 Kbits/sec                  
-----------------------------------------------------------
Server listening on 5003 (test #12)
-----------------------------------------------------------
Accepted connection from 10.42.7.4, port 33506
[  5] local 10.42.0.11 port 5003 connected to 10.42.7.4 port 33508
[ ID] Interval           Transfer     Bitrate
[  5]   0.00-1.00   sec  9.56 KBytes  78.3 Kbits/sec                  
[  5]   1.00-2.00   sec  24.5 KBytes   201 Kbits/sec                  
[  5]   2.00-3.00   sec  24.3 KBytes   199 Kbits/sec                  
[  5]   3.00-4.00   sec  23.7 KBytes   194 Kbits/sec                  
[  5]   4.00-5.00   sec  24.3 KBytes   199 Kbits/sec                  
[  5]   5.00-6.00   sec  25.5 KBytes   209 Kbits/sec                  
[  5]   6.00-7.00   sec  24.5 KBytes   201 Kbits/sec                  
[  5]   7.00-7.56   sec  14.1 KBytes   207 Kbits/sec                  
- - - - - - - - - - - - - - - - - - - - - - - - -
[ ID] Interval           Transfer     Bitrate
[  5]   0.00-7.56   sec   171 KBytes   185 Kbits/sec                  receiver
[  5]  10.00-11.00  sec  8.17 KBytes  66.9 Kbits/sec                  
[  5]  11.00-12.00  sec  8.37 KBytes  68.5 Kbits/sec                  
[  5]  12.00-12.28  sec  2.59 KBytes  76.1 Kbits/sec                  
- - - - - - - - - - - - - - - - - - - - - - - - -
[ ID] Interval           Transfer     Bitrate
[  5]   0.00-12.28  sec  86.1 KBytes  57.4 Kbits/sec                  receiver
-----------------------------------------------------------
Server listening on 5003 (test #13)
-----------------------------------------------------------
Accepted connection from 10.42.1.5, port 47012
[  5] local 10.42.0.11 port 5003 connected to 10.42.1.5 port 47028
[ ID] Interval           Transfer     Bitrate
[  5]   0.00-1.00   sec   204 Bytes  1.63 Kbits/sec                  
[  5]   1.00-2.00   sec  8.17 KBytes  66.9 Kbits/sec                  
[  5]   2.00-3.00   sec  8.17 KBytes  66.9 Kbits/sec                  
[  5]   3.00-4.00   sec  8.17 KBytes  66.9 Kbits/sec                  
[  5]   4.00-5.00   sec  8.17 KBytes  66.9 Kbits/sec                  
[  5]   5.00-6.00   sec  8.17 KBytes  66.9 Kbits/sec                  
[  5]   6.00-7.00   sec  8.17 KBytes  66.9 Kbits/sec                  
[  5]   7.00-8.00   sec  6.77 KBytes  55.5 Kbits/sec                  
[  5]   8.00-9.00   sec  8.37 KBytes  68.6 Kbits/sec                  
[  5]   9.00-10.00  sec  6.77 KBytes  55.4 Kbits/sec                  
-----------------------------------------------------------
Server listening on 5002 (test #17)
-----------------------------------------------------------
Accepted connection from 10.42.7.4, port 49596
[  5] local 10.42.0.11 port 5002 connected to 10.42.7.4 port 49604
[ ID] Interval           Transfer     Bitrate
[  5]   0.00-1.00   sec  9.56 KBytes  78.3 Kbits/sec                  
[  5]   1.00-2.00   sec  23.7 KBytes   194 Kbits/sec                  
[  5]   2.00-3.00   sec  24.5 KBytes   201 Kbits/sec                  
[  5]   3.00-4.00   sec  24.9 KBytes   204 Kbits/sec                  
[  5]   4.00-5.00   sec  24.3 KBytes   199 Kbits/sec                  
[  5]   5.00-6.00   sec  24.1 KBytes   198 Kbits/sec                  
[  5]   6.00-7.00   sec  25.7 KBytes   210 Kbits/sec                  
[  5]   7.00-7.58   sec  14.1 KBytes   201 Kbits/sec                  
- - - - - - - - - - - - - - - - - - - - - - - - -
[ ID] Interval           Transfer     Bitrate
[  5]   0.00-7.58   sec   171 KBytes   185 Kbits/sec                  receiver
[  5]  10.00-11.00  sec  8.17 KBytes  67.0 Kbits/sec                  
[  5]  11.00-12.00  sec  8.17 KBytes  66.9 Kbits/sec                  
[  5]  12.00-12.43  sec  4.18 KBytes  80.6 Kbits/sec                  
- - - - - - - - - - - - - - - - - - - - - - - - -
[ ID] Interval           Transfer     Bitrate
[  5]   0.00-12.43  sec  91.6 KBytes  60.4 Kbits/sec                  receiver
-----------------------------------------------------------
Server listening on 5004 (test #6)
-----------------------------------------------------------
Accepted connection from 10.42.8.4, port 40944
[  5] local 10.42.0.11 port 5004 connected to 10.42.8.4 port 37086
[ ID] Interval           Transfer     Bitrate
[  5]   0.00-1.00   sec   204 Bytes  1.63 Kbits/sec                  
[  5]   1.00-2.00   sec  8.17 KBytes  66.9 Kbits/sec                  
[  5]   2.00-3.00   sec  6.77 KBytes  55.5 Kbits/sec                  
[  5]   3.00-4.00   sec  8.17 KBytes  66.9 Kbits/sec                  
[  5]   4.00-5.00   sec  8.17 KBytes  66.9 Kbits/sec                  
[  5]   5.00-6.00   sec  8.17 KBytes  66.9 Kbits/sec                  
[  5]   6.00-7.00   sec  6.97 KBytes  57.1 Kbits/sec                  
[  5]   7.00-8.00   sec  6.77 KBytes  55.5 Kbits/sec                  
[  5]   8.00-9.00   sec  8.17 KBytes  66.9 Kbits/sec                  
[  5]   9.00-10.00  sec  6.77 KBytes  55.5 Kbits/sec                  
[  5]  10.00-11.00  sec  6.77 KBytes  55.5 Kbits/sec                  
-----------------------------------------------------------
Server listening on 5002 (test #18)
-----------------------------------------------------------
Accepted connection from 10.42.7.4, port 34872
[  5] local 10.42.0.11 port 5002 connected to 10.42.7.4 port 39680
[ ID] Interval           Transfer     Bitrate
[  5]   0.00-1.00   sec  9.56 KBytes  78.3 Kbits/sec                  
[  5]   1.00-2.00   sec  24.3 KBytes   199 Kbits/sec                  
[  5]   2.00-3.00   sec  24.1 KBytes   197 Kbits/sec                  
[  5]   3.00-4.00   sec  25.1 KBytes   206 Kbits/sec                  
[  5]   4.00-5.00   sec  22.9 KBytes   188 Kbits/sec                  
[  5]   5.00-6.00   sec  25.5 KBytes   209 Kbits/sec                  
[  5]   6.00-7.00   sec  24.9 KBytes   204 Kbits/sec                  
[  5]   7.00-7.59   sec  14.1 KBytes   198 Kbits/sec                  
- - - - - - - - - - - - - - - - - - - - - - - - -
[ ID] Interval           Transfer     Bitrate
[  5]   0.00-7.59   sec   171 KBytes   184 Kbits/sec                  receiver
[  5]  11.00-12.00  sec  8.37 KBytes  68.5 Kbits/sec                  
[  5]  12.00-12.46  sec  3.98 KBytes  70.9 Kbits/sec                  
- - - - - - - - - - - - - - - - - - - - - - - - -
[ ID] Interval           Transfer     Bitrate
[  5]   0.00-12.46  sec  87.5 KBytes  57.5 Kbits/sec                  receiver
-----------------------------------------------------------
Server listening on 5003 (test #14)
-----------------------------------------------------------
Accepted connection from 10.42.1.5, port 51530
[  5] local 10.42.0.11 port 5003 connected to 10.42.1.5 port 51536
[ ID] Interval           Transfer     Bitrate
[  5]   0.00-1.00   sec   204 Bytes  1.63 Kbits/sec                  
[  5]   1.00-2.00   sec  9.36 KBytes  76.7 Kbits/sec                  
[  5]   2.00-3.00   sec  6.97 KBytes  57.2 Kbits/sec                  
[  5]   3.00-4.00   sec  6.77 KBytes  55.5 Kbits/sec                  
[  5]   4.00-5.00   sec  8.17 KBytes  66.9 Kbits/sec                  
[  5]   5.00-6.00   sec  8.17 KBytes  66.9 Kbits/sec                  
[  5]   6.00-7.00   sec  6.97 KBytes  57.1 Kbits/sec                  
[  5]   7.00-8.00   sec  8.17 KBytes  66.9 Kbits/sec                  
[  5]   8.00-9.00   sec  8.17 KBytes  66.9 Kbits/sec                  
[  5]   9.00-10.00  sec  8.17 KBytes  66.9 Kbits/sec                  
[  5]  10.00-11.00  sec  6.77 KBytes  55.5 Kbits/sec                  
[  5]  11.00-11.91  sec  8.17 KBytes  73.9 Kbits/sec                  
- - - - - - - - - - - - - - - - - - - - - - - - -
[ ID] Interval           Transfer     Bitrate
[  5]   0.00-11.91  sec  86.1 KBytes  59.2 Kbits/sec                  receiver
-----------------------------------------------------------
Server listening on 5002 (test #19)
-----------------------------------------------------------
Accepted connection from 10.42.7.4, port 49092
[  5] local 10.42.0.11 port 5002 connected to 10.42.7.4 port 49094
[ ID] Interval           Transfer     Bitrate
[  5]   0.00-1.00   sec  9.56 KBytes  78.3 Kbits/sec                  
[  5]   1.00-2.00   sec  23.5 KBytes   193 Kbits/sec                  
[  5]   2.00-3.00   sec  25.3 KBytes   207 Kbits/sec                  
[  5]   3.00-4.00   sec  23.7 KBytes   194 Kbits/sec                  
[  5]   4.00-5.00   sec  25.5 KBytes   209 Kbits/sec                  
[  5]   5.00-6.00   sec  24.1 KBytes   197 Kbits/sec                  
[  5]   6.00-7.00   sec  24.3 KBytes   199 Kbits/sec                  
[  5]   7.00-7.56   sec  14.1 KBytes   209 Kbits/sec                  
- - - - - - - - - - - - - - - - - - - - - - - - -
[ ID] Interval           Transfer     Bitrate
[  5]   0.00-7.56   sec   170 KBytes   184 Kbits/sec                  receiver
-----------------------------------------------------------
Server listening on 5004 (test #7)
-----------------------------------------------------------
Accepted connection from 10.42.8.4, port 56736
[  5] local 10.42.0.11 port 5004 connected to 10.42.8.4 port 56748
[ ID] Interval           Transfer     Bitrate
[  5]   0.00-1.00   sec   204 Bytes  1.63 Kbits/sec                  
[  5]   1.00-2.00   sec  8.17 KBytes  66.9 Kbits/sec                  
[  5]   2.00-3.00   sec  8.17 KBytes  67.0 Kbits/sec                  
[  5]   3.00-4.00   sec  8.17 KBytes  66.9 Kbits/sec                  
[  5]   4.00-5.00   sec  8.17 KBytes  66.9 Kbits/sec                  
[  5]   5.00-6.00   sec  8.17 KBytes  66.9 Kbits/sec                  
[  5]   6.00-7.00   sec  9.56 KBytes  78.3 Kbits/sec                  
[  5]   7.00-8.00   sec  8.17 KBytes  66.9 Kbits/sec                  
[  5]   8.00-9.00   sec  6.77 KBytes  55.5 Kbits/sec                  
[  5]   9.00-10.00  sec  6.97 KBytes  57.1 Kbits/sec                  
[  5]  10.00-11.00  sec  8.17 KBytes  66.9 Kbits/sec                  
[  5]  11.00-12.00  sec  8.17 KBytes  66.9 Kbits/sec                  
[  5]  12.00-12.50  sec  5.38 KBytes  88.1 Kbits/sec                  
- - - - - - - - - - - - - - - - - - - - - - - - -
[ ID] Interval           Transfer     Bitrate
[  5]   0.00-12.50  sec  94.2 KBytes  61.7 Kbits/sec                  receiver
-----------------------------------------------------------
Server listening on 5003 (test #15)
-----------------------------------------------------------
Accepted connection from 10.42.7.4, port 34060
[  5] local 10.42.0.11 port 5003 connected to 10.42.7.4 port 34066
[ ID] Interval           Transfer     Bitrate
[  5]   0.00-1.00   sec  9.56 KBytes  78.3 Kbits/sec                  
[  5]   1.00-2.00   sec  24.5 KBytes   201 Kbits/sec                  
[  5]   2.00-3.00   sec  24.1 KBytes   197 Kbits/sec                  
[  5]   3.00-4.00   sec  23.7 KBytes   194 Kbits/sec                  
[  5]   4.00-5.00   sec  25.5 KBytes   209 Kbits/sec                  
[  5]   5.00-6.00   sec  23.7 KBytes   194 Kbits/sec                  
[  5]   6.00-7.00   sec  25.3 KBytes   207 Kbits/sec                  
[  5]   7.00-7.59   sec  13.9 KBytes   193 Kbits/sec                  
- - - - - - - - - - - - - - - - - - - - - - - - -
[ ID] Interval           Transfer     Bitrate
[  5]   0.00-7.59   sec   170 KBytes   184 Kbits/sec                  receiver
-----------------------------------------------------------
Server listening on 5002 (test #20)
-----------------------------------------------------------
Accepted connection from 10.42.1.5, port 51724
[  5] local 10.42.0.11 port 5002 connected to 10.42.1.5 port 48088
[ ID] Interval           Transfer     Bitrate
[  5]   0.00-1.00   sec  0.00 Bytes  0.00 bits/sec                  
[  5]   1.00-2.00   sec  4.18 KBytes  34.3 Kbits/sec                  
[  5]   2.00-3.00   sec  6.77 KBytes  55.5 Kbits/sec                  
[  5]   3.00-4.00   sec  8.17 KBytes  66.9 Kbits/sec                  
[  5]   4.00-5.00   sec  8.37 KBytes  68.5 Kbits/sec                  
[  5]   5.00-6.00   sec  6.77 KBytes  55.5 Kbits/sec                  
[  5]   6.00-7.00   sec  8.17 KBytes  66.9 Kbits/sec                  
[  5]   7.00-8.00   sec  8.17 KBytes  66.9 Kbits/sec                  
[  5]   8.00-9.00   sec  8.17 KBytes  66.9 Kbits/sec                  
[  5]   9.00-10.00  sec  8.17 KBytes  66.9 Kbits/sec                  
[  5]  10.00-11.00  sec  9.56 KBytes  78.3 Kbits/sec                  
[  5]  11.00-12.00  sec  6.97 KBytes  57.1 Kbits/sec                  
[  5]  12.00-12.18  sec  2.59 KBytes   115 Kbits/sec                  
- - - - - - - - - - - - - - - - - - - - - - - - -
[ ID] Interval           Transfer     Bitrate
[  5]   0.00-12.18  sec  86.1 KBytes  57.9 Kbits/sec                  receiver
-----------------------------------------------------------
Server listening on 5003 (test #16)
-----------------------------------------------------------
Accepted connection from 10.42.7.4, port 40482
[  5] local 10.42.0.11 port 5003 connected to 10.42.7.4 port 40498
[ ID] Interval           Transfer     Bitrate
[  5]   0.00-1.00   sec  9.56 KBytes  78.3 Kbits/sec                  
[  5]   1.00-2.00   sec  23.9 KBytes   196 Kbits/sec                  
[  5]   2.00-3.00   sec  25.3 KBytes   207 Kbits/sec                  
[  5]   3.00-4.00   sec  23.7 KBytes   194 Kbits/sec                  
[  5]   4.00-5.00   sec  24.3 KBytes   199 Kbits/sec                  
[  5]   5.00-6.00   sec  24.3 KBytes   199 Kbits/sec                  
[  5]   6.00-7.00   sec  25.5 KBytes   209 Kbits/sec                  
[  5]   7.00-7.57   sec  14.1 KBytes   203 Kbits/sec                  
- - - - - - - - - - - - - - - - - - - - - - - - -
[ ID] Interval           Transfer     Bitrate
[  5]   0.00-7.57   sec   171 KBytes   185 Kbits/sec                  receiver
-----------------------------------------------------------
Server listening on 5004 (test #8)
-----------------------------------------------------------
Accepted connection from 10.42.8.4, port 43598
[  5] local 10.42.0.11 port 5004 connected to 10.42.8.4 port 43610
[ ID] Interval           Transfer     Bitrate
[  5]   0.00-1.00   sec   204 Bytes  1.63 Kbits/sec                  
[  5]   1.00-2.00   sec  8.17 KBytes  66.9 Kbits/sec                  
[  5]   2.00-3.00   sec  8.17 KBytes  66.9 Kbits/sec                  
[  5]   3.00-4.00   sec  6.77 KBytes  55.5 Kbits/sec                  
[  5]   4.00-5.00   sec  6.77 KBytes  55.5 Kbits/sec                  
[  5]   5.00-6.00   sec  8.17 KBytes  66.9 Kbits/sec                  
[  5]   6.00-7.00   sec  6.97 KBytes  57.2 Kbits/sec                  
[  5]   7.00-8.00   sec  8.17 KBytes  66.9 Kbits/sec                  
[  5]   8.00-9.00   sec  8.17 KBytes  66.9 Kbits/sec                  
[  5]   9.00-10.00  sec  9.56 KBytes  78.3 Kbits/sec                  
[  5]  10.00-11.00  sec  8.17 KBytes  66.9 Kbits/sec                  
[  5]  11.00-11.79  sec  6.77 KBytes  70.6 Kbits/sec                  
- - - - - - - - - - - - - - - - - - - - - - - - -
[ ID] Interval           Transfer     Bitrate
[  5]   0.00-11.79  sec  86.1 KBytes  59.8 Kbits/sec                  receiver
-----------------------------------------------------------
Server listening on 5002 (test #21)
-----------------------------------------------------------
Accepted connection from 10.42.1.5, port 60276
[  5] local 10.42.0.11 port 5002 connected to 10.42.1.5 port 60082
[ ID] Interval           Transfer     Bitrate
[  5]   0.00-1.00   sec   204 Bytes  1.63 Kbits/sec                  
[  5]   1.00-2.00   sec  9.36 KBytes  76.7 Kbits/sec                  
[  5]   2.00-3.00   sec  6.97 KBytes  57.1 Kbits/sec                  
[  5]   3.00-4.00   sec  8.17 KBytes  66.9 Kbits/sec                  
[  5]   4.00-5.00   sec  8.17 KBytes  66.9 Kbits/sec                  
[  5]   5.00-6.00   sec  8.17 KBytes  66.9 Kbits/sec                  
[  5]   6.00-7.00   sec  8.17 KBytes  66.9 Kbits/sec                  
[  5]   7.00-8.00   sec  8.17 KBytes  66.9 Kbits/sec                  
[  5]   8.00-9.00   sec  8.17 KBytes  66.9 Kbits/sec                  
[  5]   9.00-10.00  sec  9.56 KBytes  78.3 Kbits/sec                  
-----------------------------------------------------------
Server listening on 5003 (test #17)
-----------------------------------------------------------
Accepted connection from 10.42.7.4, port 57578
[  5] local 10.42.0.11 port 5003 connected to 10.42.7.4 port 57588
[ ID] Interval           Transfer     Bitrate
[  5]   0.00-1.00   sec  9.56 KBytes  78.3 Kbits/sec                  
[  5]   1.00-2.00   sec  24.3 KBytes   199 Kbits/sec                  
[  5]   2.00-3.00   sec  24.7 KBytes   202 Kbits/sec                  
[  5]   3.00-4.00   sec  23.7 KBytes   194 Kbits/sec                  
[  5]   4.00-5.00   sec  24.9 KBytes   204 Kbits/sec                  
[  5]   5.00-6.00   sec  24.1 KBytes   197 Kbits/sec                  
[  5]   6.00-7.00   sec  24.3 KBytes   199 Kbits/sec                  
[  5]   7.00-7.59   sec  14.7 KBytes   204 Kbits/sec                  
- - - - - - - - - - - - - - - - - - - - - - - - -
[ ID] Interval           Transfer     Bitrate
[  5]   0.00-7.59   sec   170 KBytes   184 Kbits/sec                  receiver
[  5]  10.00-11.00  sec  6.97 KBytes  57.1 Kbits/sec                  
[  5]  11.00-11.91  sec  8.17 KBytes  73.4 Kbits/sec                  
- - - - - - - - - - - - - - - - - - - - - - - - -
[ ID] Interval           Transfer     Bitrate
[  5]   0.00-11.91  sec  90.2 KBytes  62.1 Kbits/sec                  receiver
-----------------------------------------------------------
Server listening on 5003 (test #18)
-----------------------------------------------------------
Accepted connection from 10.42.8.4, port 43512
[  5] local 10.42.0.11 port 5003 connected to 10.42.8.4 port 43522
[ ID] Interval           Transfer     Bitrate
[  5]   0.00-1.00   sec   204 Bytes  1.63 Kbits/sec                  
[  5]   1.00-2.00   sec  5.38 KBytes  44.1 Kbits/sec                  
[  5]   2.00-3.00   sec  6.77 KBytes  55.5 Kbits/sec                  
[  5]   3.00-4.00   sec  8.17 KBytes  66.9 Kbits/sec                  
[  5]   4.00-5.00   sec  8.17 KBytes  66.9 Kbits/sec                  
[  5]   5.00-6.00   sec  8.37 KBytes  68.5 Kbits/sec                  
[  5]   6.00-7.00   sec  8.17 KBytes  66.9 Kbits/sec                  
[  5]   7.00-8.00   sec  5.38 KBytes  44.1 Kbits/sec                  
[  5]   8.00-9.00   sec  8.17 KBytes  66.9 Kbits/sec                  
[  5]   9.00-10.00  sec  6.77 KBytes  55.5 Kbits/sec                  
-----------------------------------------------------------
Server listening on 5002 (test #22)
-----------------------------------------------------------
Accepted connection from 10.42.7.4, port 52138
[  5] local 10.42.0.11 port 5002 connected to 10.42.7.4 port 52150
[ ID] Interval           Transfer     Bitrate
[  5]   0.00-1.00   sec  9.56 KBytes  78.3 Kbits/sec                  
[  5]   1.00-2.00   sec  24.3 KBytes   199 Kbits/sec                  
[  5]   2.00-3.00   sec  24.1 KBytes   197 Kbits/sec                  
[  5]   3.00-4.00   sec  25.1 KBytes   206 Kbits/sec                  
[  5]   4.00-5.00   sec  24.5 KBytes   201 Kbits/sec                  
[  5]   5.00-6.00   sec  23.5 KBytes   193 Kbits/sec                  
[  5]   6.00-7.00   sec  24.1 KBytes   197 Kbits/sec                  
[  5]   7.00-7.58   sec  15.3 KBytes   218 Kbits/sec                  
- - - - - - - - - - - - - - - - - - - - - - - - -
[ ID] Interval           Transfer     Bitrate
[  5]   0.00-7.58   sec   171 KBytes   184 Kbits/sec                  receiver
[  5]  10.00-11.00  sec  8.37 KBytes  68.5 Kbits/sec                  
[  5]  11.00-12.00  sec  8.17 KBytes  66.9 Kbits/sec                  
[  5]  12.00-12.37  sec  3.98 KBytes  89.0 Kbits/sec                  
- - - - - - - - - - - - - - - - - - - - - - - - -
[ ID] Interval           Transfer     Bitrate
[  5]   0.00-12.37  sec  86.1 KBytes  57.0 Kbits/sec                  receiver
