-----------------------------------------------------------
-----------------------------------------------------------
-----------------------------------------------------------
-----------------------------------------------------------
-----------------------------------------------------------
-----------------------------------------------------------
-----------------------------------------------------------
-----------------------------------------------------------
-----------------------------------------------------------
-----------------------------------------------------------
-----------------------------------------------------------
Server listening on 5002 (test #1)
-----------------------------------------------------------
Accepted connection from 10.42.0.11, port 33294
[  5] local 10.42.0.10 port 5002 connected to 10.42.0.11 port 33308
[ ID] Interval           Transfer     Bitrate
[  5]   0.00-1.00   sec   204 Bytes  1.63 Kbits/sec                  
[  5]   1.00-2.00   sec  0.00 Bytes  0.00 bits/sec                  
[  5]   2.00-3.00   sec  0.00 Bytes  0.00 bits/sec                  
[  5]   3.00-4.00   sec  0.00 Bytes  0.00 bits/sec                  
[  5]   4.00-5.00   sec  0.00 Bytes  0.00 bits/sec                  
[  5]   5.00-6.00   sec  0.00 Bytes  0.00 bits/sec                  
[  5]   6.00-7.00   sec  0.00 Bytes  0.00 bits/sec                  
[  5]   7.00-8.00   sec  0.00 Bytes  0.00 bits/sec                  
[  5]   8.00-9.00   sec  0.00 Bytes  0.00 bits/sec                  
[  5]   9.00-10.00  sec  0.00 Bytes  0.00 bits/sec                  
[  5]  10.00-11.00  sec  0.00 Bytes  0.00 bits/sec                  
[  5]  11.00-12.00  sec  0.00 Bytes  0.00 bits/sec                  
Server listening on 5003 (test #1)
-----------------------------------------------------------
Accepted connection from 10.42.3.3, port 35522
[  5] local 10.42.0.10 port 5003 connected to 10.42.3.3 port 35528
[ ID] Interval           Transfer     Bitrate
[  5]   0.00-1.00   sec  2.79 KBytes  22.8 Kbits/sec                  
[  5]   1.00-2.00   sec  3.98 KBytes  32.6 Kbits/sec                  
[  5]   2.00-3.00   sec  4.18 KBytes  34.3 Kbits/sec                  
[  5]   3.00-4.00   sec  3.39 KBytes  27.7 Kbits/sec                  
[  5]   4.00-5.00   sec  2.59 KBytes  21.2 Kbits/sec                  
[  5]   5.00-6.00   sec  4.98 KBytes  40.8 Kbits/sec                  
[  5]   6.00-7.00   sec  3.79 KBytes  31.0 Kbits/sec                  
- - - - - - - - - - - - - - - - - - - - - - - - -
[ ID] Interval           Transfer     Bitrate
[  5]   0.00-7.02   sec  25.7 KBytes  30.0 Kbits/sec                  receiver
Server listening on 5004 (test #1)
-----------------------------------------------------------
Accepted connection from 10.42.5.3, port 36058
[  5] local 10.42.0.10 port 5004 connected to 10.42.5.3 port 36064
[ ID] Interval           Transfer     Bitrate
[  5]   0.00-1.00   sec  1.39 KBytes  11.4 Kbits/sec                  
[  5]   1.00-2.00   sec  2.59 KBytes  21.2 Kbits/sec                  
[  5]   2.00-3.00   sec  4.18 KBytes  34.3 Kbits/sec                  
[  5]   3.00-4.00   sec  3.39 KBytes  27.7 Kbits/sec                  
[  5]   4.00-5.00   sec  3.98 KBytes  32.6 Kbits/sec                  
[  5]   5.00-6.00   sec  4.18 KBytes  34.3 Kbits/sec                  
[  5]   6.00-7.00   sec  3.19 KBytes  26.1 Kbits/sec                  
[  5]   7.00-7.52   sec  1.99 KBytes  31.2 Kbits/sec                  
- - - - - - - - - - - - - - - - - - - - - - - - -
[ ID] Interval           Transfer     Bitrate
[  5]   0.00-7.52   sec  24.9 KBytes  27.1 Kbits/sec                  receiver
[  5]  12.00-13.00  sec  0.00 Bytes  0.00 bits/sec                  
[  5]  13.00-14.00  sec  0.00 Bytes  0.00 bits/sec                  
[  5]  14.00-15.00  sec  0.00 Bytes  0.00 bits/sec                  
[  5]  15.00-16.00  sec  0.00 Bytes  0.00 bits/sec                  
[  5]  16.00-17.00  sec  0.00 Bytes  0.00 bits/sec                  
[  5]  17.00-18.00  sec  0.00 Bytes  0.00 bits/sec                  
[  5]  18.00-19.00  sec  0.00 Bytes  0.00 bits/sec                  
[  5]  19.00-20.00  sec  0.00 Bytes  0.00 bits/sec                  
[  5]  20.00-21.00  sec  0.00 Bytes  0.00 bits/sec                  
[  5]  21.00-22.00  sec  0.00 Bytes  0.00 bits/sec                  
[  5]  22.00-23.00  sec  0.00 Bytes  0.00 bits/sec                  
[  5]  23.00-24.00  sec  0.00 Bytes  0.00 bits/sec                  
[  5]  24.00-25.00  sec  0.00 Bytes  0.00 bits/sec                  
[  5]  25.00-26.00  sec  0.00 Bytes  0.00 bits/sec                  
[  5]  26.00-27.00  sec  0.00 Bytes  0.00 bits/sec                  
-----------------------------------------------------------
Server listening on 5003 (test #2)
-----------------------------------------------------------
Accepted connection from 10.42.8.3, port 52658
[  5] local 10.42.0.10 port 5003 connected to 10.42.8.3 port 38102
[ ID] Interval           Transfer     Bitrate
[  5]   0.00-1.00   sec   204 Bytes  1.63 Kbits/sec                  
[  5]   1.00-2.00   sec  2.59 KBytes  21.2 Kbits/sec                  
[  5]   2.00-3.00   sec  4.58 KBytes  37.5 Kbits/sec                  
[  5]   3.00-4.00   sec  2.99 KBytes  24.5 Kbits/sec                  
[  5]   4.00-5.00   sec  3.19 KBytes  26.1 Kbits/sec                  
[  5]   5.00-6.00   sec  4.18 KBytes  34.3 Kbits/sec                  
[  5]   6.00-7.00   sec  2.19 KBytes  18.0 Kbits/sec                  
[  5]   7.00-8.00   sec  3.98 KBytes  32.6 Kbits/sec                  
[  5]   8.00-8.25   sec  1.39 KBytes  45.6 Kbits/sec                  
- - - - - - - - - - - - - - - - - - - - - - - - -
[ ID] Interval           Transfer     Bitrate
-----------------------------------------------------------
Server listening on 5004 (test #2)
-----------------------------------------------------------
Accepted connection from 10.42.3.3, port 38508
[  5] local 10.42.0.10 port 5004 connected to 10.42.3.3 port 38512
[ ID] Interval           Transfer     Bitrate
[  5]   0.00-1.00   sec  3.59 KBytes  29.4 Kbits/sec                  
[  5]   1.00-2.00   sec  3.79 KBytes  31.0 Kbits/sec                  
[  5]   2.00-3.00   sec  3.59 KBytes  29.4 Kbits/sec                  
[  5]   3.00-4.00   sec  3.59 KBytes  29.4 Kbits/sec                  
[  5]   4.00-5.00   sec  3.79 KBytes  31.0 Kbits/sec                  
[  5]   5.00-6.00   sec  3.59 KBytes  29.4 Kbits/sec                  
[  5]   6.00-7.00   sec  3.79 KBytes  31.0 Kbits/sec                  
- - - - - - - - - - - - - - - - - - - - - - - - -
[ ID] Interval           Transfer     Bitrate
[  5]   0.00-7.07   sec  25.7 KBytes  29.8 Kbits/sec                  receiver
[  5]   0.00-8.25   sec  25.3 KBytes  25.1 Kbits/sec                  receiver
Server listening on 5005 (test #1)
-----------------------------------------------------------
Accepted connection from 10.42.7.3, port 56086
[  5] local 10.42.0.10 port 5005 connected to 10.42.7.3 port 56092
[ ID] Interval           Transfer     Bitrate
[  5]   0.00-1.00   sec   204 Bytes  1.63 Kbits/sec                  
[  5]   1.00-2.00   sec  2.39 KBytes  19.6 Kbits/sec                  
[  5]   2.00-3.00   sec  3.98 KBytes  32.6 Kbits/sec                  
[  5]   3.00-4.00   sec  3.59 KBytes  29.4 Kbits/sec                  
[  5]   4.00-5.00   sec  3.39 KBytes  27.7 Kbits/sec                  
[  5]   5.00-6.00   sec  4.38 KBytes  35.9 Kbits/sec                  
[  5]   6.00-7.00   sec  3.98 KBytes  32.6 Kbits/sec                  
[  5]   7.00-7.65   sec  2.59 KBytes  32.6 Kbits/sec                  
- - - - - - - - - - - - - - - - - - - - - - - - -
[ ID] Interval           Transfer     Bitrate
[  5]   0.00-7.65   sec  24.5 KBytes  26.2 Kbits/sec                  receiver
[  5]  27.00-28.00  sec  0.00 Bytes  0.00 bits/sec                  
[  5]  28.00-29.00  sec  0.00 Bytes  0.00 bits/sec                  
[  5]  29.00-30.00  sec  0.00 Bytes  0.00 bits/sec                  
[  5]  30.00-31.00  sec  0.00 Bytes  0.00 bits/sec                  
[  5]  31.00-32.00  sec  0.00 Bytes  0.00 bits/sec                  
[  5]  32.00-33.00  sec  0.00 Bytes  0.00 bits/sec                  
[  5]  33.00-34.00  sec  0.00 Bytes  0.00 bits/sec                  
[  5]  34.00-35.00  sec  0.00 Bytes  0.00 bits/sec                  
[  5]  35.00-36.00  sec  0.00 Bytes  0.00 bits/sec                  
[  5]  36.00-37.00  sec  0.00 Bytes  0.00 bits/sec                  
[  5]  37.00-38.00  sec  0.00 Bytes  0.00 bits/sec                  
[  5]  38.00-39.00  sec  0.00 Bytes  0.00 bits/sec                  
[  5]  39.00-40.00  sec  0.00 Bytes  0.00 bits/sec                  
[  5]  40.00-41.00  sec  0.00 Bytes  0.00 bits/sec                  
[  5]  41.00-42.00  sec  0.00 Bytes  0.00 bits/sec                  
[  5]  42.00-43.00  sec  0.00 Bytes  0.00 bits/sec                  
[  5]  43.00-44.00  sec  0.00 Bytes  0.00 bits/sec                  
[  5]  44.00-45.00  sec  0.00 Bytes  0.00 bits/sec                  
[  5]  45.00-46.00  sec  0.00 Bytes  0.00 bits/sec                  
-----------------------------------------------------------
Server listening on 5003 (test #3)
-----------------------------------------------------------
Accepted connection from 10.42.3.3, port 59450
[  5] local 10.42.0.10 port 5003 connected to 10.42.3.3 port 59454
[ ID] Interval           Transfer     Bitrate
[  5]   0.00-1.00   sec  3.59 KBytes  29.4 Kbits/sec                  
[  5]   1.00-2.00   sec  2.59 KBytes  21.2 Kbits/sec                  
[  5]   2.00-3.00   sec  4.78 KBytes  39.2 Kbits/sec                  
[  5]   3.00-4.00   sec  3.79 KBytes  31.0 Kbits/sec                  
[  5]   4.00-5.00   sec  3.59 KBytes  29.4 Kbits/sec                  
[  5]   5.00-6.00   sec  3.59 KBytes  29.4 Kbits/sec                  
[  5]   6.00-7.00   sec  3.79 KBytes  31.0 Kbits/sec                  
- - - - - - - - - - - - - - - - - - - - - - - - -
[ ID] Interval           Transfer     Bitrate
[  5]   0.00-7.02   sec  25.7 KBytes  30.0 Kbits/sec                  receiver
-----------------------------------------------------------
Server listening on 5004 (test #3)
-----------------------------------------------------------
Accepted connection from 10.42.0.11, port 46668
[  5] local 10.42.0.10 port 5004 connected to 10.42.0.11 port 46680
[ ID] Interval           Transfer     Bitrate
[  5]   0.00-1.00   sec  3.79 KBytes  31.0 Kbits/sec                  
[  5]   1.00-2.00   sec  3.59 KBytes  29.4 Kbits/sec                  
[  5]   2.00-3.00   sec  3.79 KBytes  31.0 Kbits/sec                  
[  5]   3.00-4.00   sec  3.59 KBytes  29.4 Kbits/sec                  
[  5]   4.00-5.00   sec  3.59 KBytes  29.4 Kbits/sec                  
[  5]   5.00-6.00   sec  3.79 KBytes  31.0 Kbits/sec                  
[  5]   6.00-7.00   sec  3.59 KBytes  29.4 Kbits/sec                  
- - - - - - - - - - - - - - - - - - - - - - - - -
[ ID] Interval           Transfer     Bitrate
[  5]   0.00-7.00   sec  25.7 KBytes  30.1 Kbits/sec                  receiver
-----------------------------------------------------------
Server listening on 5005 (test #2)
-----------------------------------------------------------
Accepted connection from 10.42.5.3, port 37514
[  5] local 10.42.0.10 port 5005 connected to 10.42.5.3 port 37522
[ ID] Interval           Transfer     Bitrate
[  5]   0.00-1.00   sec  1.39 KBytes  11.4 Kbits/sec                  
[  5]   1.00-2.00   sec  2.59 KBytes  21.2 Kbits/sec                  
[  5]   2.00-3.00   sec  4.18 KBytes  34.3 Kbits/sec                  
[  5]   3.00-4.00   sec  4.38 KBytes  35.9 Kbits/sec                  
[  5]   4.00-5.00   sec  3.19 KBytes  26.1 Kbits/sec                  
[  5]   5.00-6.00   sec  2.99 KBytes  24.5 Kbits/sec                  
[  5]   6.00-7.00   sec  3.98 KBytes  32.7 Kbits/sec                  
[  5]   7.00-7.52   sec  1.99 KBytes  31.2 Kbits/sec                  
- - - - - - - - - - - - - - - - - - - - - - - - -
[ ID] Interval           Transfer     Bitrate
[  5]   0.00-7.52   sec  24.7 KBytes  26.9 Kbits/sec                  receiver
Server listening on 5006 (test #1)
-----------------------------------------------------------
Accepted connection from 10.42.6.3, port 42152
[  5] local 10.42.0.10 port 5006 connected to 10.42.6.3 port 34636
[ ID] Interval           Transfer     Bitrate
[  5]   0.00-1.00   sec  0.00 Bytes  0.00 bits/sec                  
[  5]   1.00-2.00   sec  0.00 Bytes  0.00 bits/sec                  
[  5]   2.00-3.00   sec  0.00 Bytes  0.00 bits/sec                  
[  5]   3.00-4.00   sec  0.00 Bytes  0.00 bits/sec                  
[  5]   4.00-5.00   sec   204 Bytes  1.63 Kbits/sec                  
[  5]   5.00-6.00   sec  3.98 KBytes  32.6 Kbits/sec                  
[  5]   6.00-7.00   sec  2.79 KBytes  22.8 Kbits/sec                  
[  5]   7.00-8.00   sec  3.98 KBytes  32.6 Kbits/sec                  
[  5]   8.00-9.00   sec  1.39 KBytes  11.4 Kbits/sec                  
[  5]   9.00-10.00  sec  0.00 Bytes  0.00 bits/sec                  
[  5]  10.00-11.00  sec  0.00 Bytes  0.00 bits/sec                  
[  5]  11.00-11.64  sec  0.00 Bytes  0.00 bits/sec                  
-----------------------------------------------------------
Server listening on 5002 (test #2)
-----------------------------------------------------------
Accepted connection from 10.42.8.3, port 57284
[  5] local 10.42.0.10 port 5002 connected to 10.42.8.3 port 55868
[ ID] Interval           Transfer     Bitrate
[  5]   0.00-1.00   sec   204 Bytes  1.63 Kbits/sec                  
[  5]   1.00-2.00   sec  2.59 KBytes  21.2 Kbits/sec                  
[  5]   2.00-3.00   sec  4.58 KBytes  37.5 Kbits/sec                  
[  5]   3.00-4.00   sec  2.99 KBytes  24.5 Kbits/sec                  
[  5]   4.00-5.00   sec  3.19 KBytes  26.1 Kbits/sec                  
[  5]   5.00-6.00   sec  2.99 KBytes  24.5 Kbits/sec                  
[  5]   6.00-7.00   sec  2.99 KBytes  24.5 Kbits/sec                  
[  5]   7.00-8.00   sec  2.59 KBytes  21.2 Kbits/sec                  
[  5]   8.00-8.78   sec  2.99 KBytes  31.5 Kbits/sec                  
- - - - - - - - - - - - - - - - - - - - - - - - -
[ ID] Interval           Transfer     Bitrate
-----------------------------------------------------------
Server listening on 5003 (test #4)
-----------------------------------------------------------
Accepted connection from 10.42.7.3, port 49412
[  5] local 10.42.0.10 port 5003 connected to 10.42.7.3 port 46992
[ ID] Interval           Transfer     Bitrate
[  5]   0.00-1.00   sec   204 Bytes  1.63 Kbits/sec                  
[  5]   1.00-2.00   sec  2.59 KBytes  21.2 Kbits/sec                  
[  5]   2.00-3.00   sec  3.59 KBytes  29.4 Kbits/sec                  
[  5]   3.00-4.00   sec  2.59 KBytes  21.2 Kbits/sec                  
[  5]   4.00-5.00   sec  1.59 KBytes  13.1 Kbits/sec                  
[  5]   5.00-6.00   sec  3.98 KBytes  32.6 Kbits/sec                  
[  5]   6.00-7.00   sec  4.78 KBytes  39.2 Kbits/sec                  
[  5]   7.00-8.00   sec  4.58 KBytes  37.5 Kbits/sec                  
[  5]   8.00-8.09   sec  1.20 KBytes   105 Kbits/sec                  
- - - - - - - - - - - - - - - - - - - - - - - - -
[ ID] Interval           Transfer     Bitrate
[  5]   0.00-8.78   sec  25.1 KBytes  23.4 Kbits/sec                  receiver
[  5]   0.00-8.09   sec  25.1 KBytes  25.4 Kbits/sec                  receiver
- - - - - - - - - - - - - - - - - - - - - - - - -
[ ID] Interval           Transfer     Bitrate
[  5]   0.00-11.64  sec  12.4 KBytes  8.69 Kbits/sec                  receiver
-----------------------------------------------------------
Server listening on 5004 (test #4)
-----------------------------------------------------------
Accepted connection from 10.42.0.11, port 40812
[  5] local 10.42.0.10 port 5004 connected to 10.42.0.11 port 40828
[ ID] Interval           Transfer     Bitrate
[  5]   0.00-1.00   sec  3.79 KBytes  31.0 Kbits/sec                  
[  5]   1.00-2.00   sec  3.59 KBytes  29.4 Kbits/sec                  
[  5]   2.00-3.00   sec  3.79 KBytes  31.0 Kbits/sec                  
[  5]   3.00-4.00   sec  3.59 KBytes  29.4 Kbits/sec                  
[  5]   4.00-5.00   sec  3.59 KBytes  29.4 Kbits/sec                  
[  5]   5.00-6.00   sec  3.79 KBytes  31.0 Kbits/sec                  
[  5]   6.00-7.00   sec  3.59 KBytes  29.4 Kbits/sec                  
- - - - - - - - - - - - - - - - - - - - - - - - -
[ ID] Interval           Transfer     Bitrate
[  5]   0.00-7.00   sec  25.7 KBytes  30.1 Kbits/sec                  receiver
-----------------------------------------------------------
Server listening on 5005 (test #3)
-----------------------------------------------------------
Accepted connection from 10.42.3.3, port 54446
[  5] local 10.42.0.10 port 5005 connected to 10.42.3.3 port 54456
[ ID] Interval           Transfer     Bitrate
[  5]   0.00-1.00   sec  3.59 KBytes  29.4 Kbits/sec                  
[  5]   1.00-2.00   sec  3.79 KBytes  31.0 Kbits/sec                  
[  5]   2.00-3.00   sec  3.59 KBytes  29.4 Kbits/sec                  
[  5]   3.00-4.00   sec  3.59 KBytes  29.4 Kbits/sec                  
[  5]   4.00-5.00   sec  3.79 KBytes  31.0 Kbits/sec                  
[  5]   5.00-6.00   sec  3.59 KBytes  29.4 Kbits/sec                  
[  5]   6.00-7.00   sec  3.79 KBytes  31.0 Kbits/sec                  
- - - - - - - - - - - - - - - - - - - - - - - - -
[ ID] Interval           Transfer     Bitrate
[  5]   0.00-7.02   sec  25.7 KBytes  30.0 Kbits/sec                  receiver
-----------------------------------------------------------
Server listening on 5002 (test #3)
-----------------------------------------------------------
Accepted connection from 10.42.5.3, port 55112
[  5] local 10.42.0.10 port 5002 connected to 10.42.5.3 port 55122
[ ID] Interval           Transfer     Bitrate
[  5]   0.00-1.00   sec  1.39 KBytes  11.4 Kbits/sec                  
[  5]   1.00-2.00   sec  2.59 KBytes  21.2 Kbits/sec                  
[  5]   2.00-3.00   sec  4.18 KBytes  34.3 Kbits/sec                  
[  5]   3.00-4.00   sec  3.98 KBytes  32.6 Kbits/sec                  
[  5]   4.00-5.00   sec  3.98 KBytes  32.6 Kbits/sec                  
[  5]   5.00-6.00   sec  3.39 KBytes  27.7 Kbits/sec                  
[  5]   6.00-7.00   sec  2.79 KBytes  22.9 Kbits/sec                  
[  5]   7.00-7.56   sec  3.19 KBytes  47.1 Kbits/sec                  
- - - - - - - - - - - - - - - - - - - - - - - - -
[ ID] Interval           Transfer     Bitrate
[  5]   0.00-7.56   sec  25.5 KBytes  27.6 Kbits/sec                  receiver
-----------------------------------------------------------
Server listening on 5003 (test #5)
-----------------------------------------------------------
Accepted connection from 10.42.0.11, port 40636
[  5] local 10.42.0.10 port 5003 connected to 10.42.0.11 port 40648
[ ID] Interval           Transfer     Bitrate
[  5]   0.00-1.00   sec  3.79 KBytes  31.0 Kbits/sec                  
[  5]   1.00-2.00   sec  3.59 KBytes  29.4 Kbits/sec                  
[  5]   2.00-3.00   sec  3.79 KBytes  31.0 Kbits/sec                  
[  5]   3.00-4.00   sec  3.59 KBytes  29.4 Kbits/sec                  
[  5]   4.00-5.00   sec  3.59 KBytes  29.4 Kbits/sec                  
[  5]   5.00-6.00   sec  3.79 KBytes  31.0 Kbits/sec                  
[  5]   6.00-7.00   sec  3.59 KBytes  29.4 Kbits/sec                  
- - - - - - - - - - - - - - - - - - - - - - - - -
[ ID] Interval           Transfer     Bitrate
[  5]   0.00-7.00   sec  25.7 KBytes  30.1 Kbits/sec                  receiver
-----------------------------------------------------------
Server listening on 5004 (test #5)
-----------------------------------------------------------
Accepted connection from 10.42.3.3, port 52200
[  5] local 10.42.0.10 port 5004 connected to 10.42.3.3 port 52206
[ ID] Interval           Transfer     Bitrate
[  5]   0.00-1.00   sec  3.59 KBytes  29.3 Kbits/sec                  
[  5]   1.00-2.00   sec  3.79 KBytes  31.0 Kbits/sec                  
[  5]   2.00-3.00   sec  3.59 KBytes  29.4 Kbits/sec                  
[  5]   3.00-4.00   sec  3.79 KBytes  31.0 Kbits/sec                  
[  5]   4.00-5.00   sec  3.59 KBytes  29.4 Kbits/sec                  
[  5]   5.00-6.00   sec  3.59 KBytes  29.4 Kbits/sec                  
[  5]   6.00-7.00   sec  3.79 KBytes  31.0 Kbits/sec                  
- - - - - - - - - - - - - - - - - - - - - - - - -
[ ID] Interval           Transfer     Bitrate
[  5]   0.00-7.02   sec  25.7 KBytes  30.0 Kbits/sec                  receiver
-----------------------------------------------------------
Server listening on 5002 (test #4)
-----------------------------------------------------------
Accepted connection from 10.42.8.3, port 44656
[  5] local 10.42.0.10 port 5002 connected to 10.42.8.3 port 44668
[ ID] Interval           Transfer     Bitrate
[  5]   0.00-1.00   sec   204 Bytes  1.63 Kbits/sec                  
[  5]   1.00-2.00   sec  3.59 KBytes  29.4 Kbits/sec                  
[  5]   2.00-3.00   sec  2.59 KBytes  21.2 Kbits/sec                  
[  5]   3.00-4.00   sec  4.58 KBytes  37.6 Kbits/sec                  
[  5]   4.00-5.00   sec  3.19 KBytes  26.1 Kbits/sec                  
[  5]   5.00-6.00   sec  2.99 KBytes  24.5 Kbits/sec                  
[  5]   6.00-7.00   sec  4.98 KBytes  40.8 Kbits/sec                  
[  5]   7.00-7.74   sec  3.19 KBytes  35.3 Kbits/sec                  
- - - - - - - - - - - - - - - - - - - - - - - - -
[ ID] Interval           Transfer     Bitrate
[  5]   0.00-7.74   sec  25.3 KBytes  26.8 Kbits/sec                  receiver
-----------------------------------------------------------
Server listening on 5003 (test #6)
-----------------------------------------------------------
Accepted connection from 10.42.6.3, port 39360
-----------------------------------------------------------
Server listening on 5005 (test #4)
-----------------------------------------------------------
Accepted connection from 10.42.7.3, port 52686
[  5] local 10.42.0.10 port 5005 connected to 10.42.7.3 port 47070
[ ID] Interval           Transfer     Bitrate
[  5]   0.00-1.00   sec   204 Bytes  1.63 Kbits/sec                  
[  5]   1.00-2.00   sec  2.59 KBytes  21.2 Kbits/sec                  
[  5]   2.00-3.00   sec  3.19 KBytes  26.1 Kbits/sec                  
[  5]   3.00-4.00   sec  4.78 KBytes  39.2 Kbits/sec                  
[  5]   4.00-5.00   sec  3.19 KBytes  26.1 Kbits/sec                  
[  5]   5.00-6.00   sec  4.98 KBytes  40.8 Kbits/sec                  
[  5]   6.00-7.00   sec  2.99 KBytes  24.5 Kbits/sec                  
[  5]   7.00-7.70   sec  3.19 KBytes  37.6 Kbits/sec                  
- - - - - - - - - - - - - - - - - - - - - - - - -
[ ID] Interval           Transfer     Bitrate
[  5]   0.00-7.70   sec  25.1 KBytes  26.7 Kbits/sec                  receiver
-----------------------------------------------------------
Server listening on 5002 (test #5)
-----------------------------------------------------------
Accepted connection from 10.42.5.3, port 56122
[  5] local 10.42.0.10 port 5002 connected to 10.42.5.3 port 56138
[ ID] Interval           Transfer     Bitrate
[  5]   0.00-1.00   sec  1.39 KBytes  11.4 Kbits/sec                  
[  5]   1.00-2.00   sec  2.59 KBytes  21.2 Kbits/sec                  
[  5]   2.00-3.00   sec  4.18 KBytes  34.3 Kbits/sec                  
[  5]   3.00-4.00   sec  3.98 KBytes  32.6 Kbits/sec                  
[  5]   4.00-5.00   sec  4.18 KBytes  34.3 Kbits/sec                  
[  5]   5.00-6.00   sec  3.19 KBytes  26.1 Kbits/sec                  
[  5]   6.00-7.00   sec  2.79 KBytes  22.9 Kbits/sec                  
[  5]   7.00-7.57   sec  3.19 KBytes  45.7 Kbits/sec                  
- - - - - - - - - - - - - - - - - - - - - - - - -
[ ID] Interval           Transfer     Bitrate
[  5]   0.00-7.57   sec  25.5 KBytes  27.6 Kbits/sec                  receiver
-----------------------------------------------------------
Server listening on 5003 (test #7)
-----------------------------------------------------------
Accepted connection from 10.42.3.3, port 51806
[  5] local 10.42.0.10 port 5003 connected to 10.42.3.3 port 51820
[ ID] Interval           Transfer     Bitrate
[  5]   0.00-1.00   sec  3.59 KBytes  29.3 Kbits/sec                  
[  5]   1.00-2.00   sec  3.79 KBytes  31.0 Kbits/sec                  
[  5]   2.00-3.00   sec  3.59 KBytes  29.4 Kbits/sec                  
[  5]   3.00-4.00   sec  3.59 KBytes  29.4 Kbits/sec                  
[  5]   4.00-5.00   sec  3.79 KBytes  31.0 Kbits/sec                  
[  5]   5.00-6.00   sec  3.59 KBytes  29.4 Kbits/sec                  
[  5]   6.00-7.00   sec  3.79 KBytes  31.0 Kbits/sec                  
- - - - - - - - - - - - - - - - - - - - - - - - -
[ ID] Interval           Transfer     Bitrate
[  5]   0.00-7.02   sec  25.7 KBytes  30.0 Kbits/sec                  receiver
-----------------------------------------------------------
Server listening on 5004 (test #6)
-----------------------------------------------------------
Accepted connection from 10.42.0.11, port 37538
[  5] local 10.42.0.10 port 5004 connected to 10.42.0.11 port 37542
[ ID] Interval           Transfer     Bitrate
[  5]   0.00-1.00   sec  3.79 KBytes  31.0 Kbits/sec                  
[  5]   1.00-2.00   sec  3.59 KBytes  29.4 Kbits/sec                  
[  5]   2.00-3.00   sec  3.79 KBytes  31.0 Kbits/sec                  
[  5]   3.00-4.00   sec  3.59 KBytes  29.4 Kbits/sec                  
[  5]   4.00-5.00   sec  3.59 KBytes  29.4 Kbits/sec                  
[  5]   5.00-6.00   sec  3.79 KBytes  31.0 Kbits/sec                  
[  5]   6.00-7.00   sec  3.59 KBytes  29.4 Kbits/sec                  
- - - - - - - - - - - - - - - - - - - - - - - - -
[ ID] Interval           Transfer     Bitrate
[  5]   0.00-7.00   sec  25.7 KBytes  30.1 Kbits/sec                  receiver
-----------------------------------------------------------
Server listening on 5002 (test #6)
-----------------------------------------------------------
Accepted connection from 10.42.8.3, port 36000
[  5] local 10.42.0.10 port 5002 connected to 10.42.8.3 port 36016
[ ID] Interval           Transfer     Bitrate
[  5]   0.00-1.00   sec   204 Bytes  1.63 Kbits/sec                  
[  5]   1.00-2.00   sec  2.39 KBytes  19.6 Kbits/sec                  
[  5]   2.00-3.00   sec  4.38 KBytes  35.9 Kbits/sec                  
[  5]   3.00-4.00   sec  2.99 KBytes  24.5 Kbits/sec                  
[  5]   4.00-5.00   sec  5.18 KBytes  42.4 Kbits/sec                  
[  5]   5.00-6.00   sec  2.99 KBytes  24.5 Kbits/sec                  
[  5]   6.00-7.00   sec  3.19 KBytes  26.1 Kbits/sec                  
[  5]   7.00-7.93   sec  4.18 KBytes  36.8 Kbits/sec                  
- - - - - - - - - - - - - - - - - - - - - - - - -
[ ID] Interval           Transfer     Bitrate
[  5]   0.00-7.93   sec  25.5 KBytes  26.3 Kbits/sec                  receiver
-----------------------------------------------------------
Server listening on 5002 (test #7)
-----------------------------------------------------------
Accepted connection from 10.42.3.3, port 34446
[  5] local 10.42.0.10 port 5002 connected to 10.42.3.3 port 34452
[ ID] Interval           Transfer     Bitrate
[  5]   0.00-1.00   sec  3.59 KBytes  29.4 Kbits/sec                  
[  5]   1.00-2.00   sec  3.79 KBytes  31.0 Kbits/sec                  
[  5]   2.00-3.00   sec  3.59 KBytes  29.4 Kbits/sec                  
[  5]   3.00-4.00   sec  3.79 KBytes  31.0 Kbits/sec                  
[  5]   4.00-5.00   sec  3.39 KBytes  27.7 Kbits/sec                  
[  5]   5.00-6.00   sec  3.79 KBytes  31.0 Kbits/sec                  
[  5]   6.00-7.00   sec  3.79 KBytes  31.0 Kbits/sec                  
- - - - - - - - - - - - - - - - - - - - - - - - -
[ ID] Interval           Transfer     Bitrate
[  5]   0.00-7.02   sec  25.7 KBytes  30.0 Kbits/sec                  receiver
-----------------------------------------------------------
Server listening on 5003 (test #8)
-----------------------------------------------------------
Accepted connection from 10.42.5.3, port 58504
[  5] local 10.42.0.10 port 5003 connected to 10.42.5.3 port 58506
[ ID] Interval           Transfer     Bitrate
[  5]   0.00-1.00   sec  1.39 KBytes  11.4 Kbits/sec                  
[  5]   1.00-2.00   sec  2.59 KBytes  21.2 Kbits/sec                  
[  5]   2.00-3.00   sec  4.18 KBytes  34.3 Kbits/sec                  
[  5]   3.00-4.00   sec  3.98 KBytes  32.6 Kbits/sec                  
[  5]   4.00-5.00   sec  3.98 KBytes  32.6 Kbits/sec                  
[  5]   5.00-6.00   sec  3.39 KBytes  27.7 Kbits/sec                  
[  5]   6.00-7.00   sec  2.79 KBytes  22.8 Kbits/sec                  
[  5]   7.00-7.56   sec  3.19 KBytes  47.0 Kbits/sec                  
- - - - - - - - - - - - - - - - - - - - - - - - -
[ ID] Interval           Transfer     Bitrate
[  5]   0.00-7.56   sec  25.5 KBytes  27.6 Kbits/sec                  receiver
-----------------------------------------------------------
Server listening on 5004 (test #7)
-----------------------------------------------------------
Accepted connection from 10.42.0.11, port 44150
[  5] local 10.42.0.10 port 5004 connected to 10.42.0.11 port 44154
[ ID] Interval           Transfer     Bitrate
[  5]   0.00-1.00   sec  3.79 KBytes  31.0 Kbits/sec                  
[  5]   1.00-2.00   sec  3.59 KBytes  29.4 Kbits/sec                  
[  5]   2.00-3.00   sec  3.79 KBytes  31.0 Kbits/sec                  
[  5]   3.00-4.00   sec  3.59 KBytes  29.4 Kbits/sec                  
[  5]   4.00-5.00   sec  3.59 KBytes  29.4 Kbits/sec                  
[  5]   5.00-6.00   sec  3.79 KBytes  31.0 Kbits/sec                  
[  5]   6.00-7.00   sec  3.59 KBytes  29.4 Kbits/sec                  
- - - - - - - - - - - - - - - - - - - - - - - - -
[ ID] Interval           Transfer     Bitrate
[  5]   0.00-7.00   sec  25.7 KBytes  30.1 Kbits/sec                  receiver
-----------------------------------------------------------
Server listening on 5006 (test #2)
-----------------------------------------------------------
Accepted connection from 10.42.6.3, port 58372
[  5] local 10.42.0.10 port 5006 connected to 10.42.6.3 port 54992
[ ID] Interval           Transfer     Bitrate
[  5]   0.00-1.00   sec  0.00 Bytes  0.00 bits/sec                  
[  5]   1.00-2.00   sec  0.00 Bytes  0.00 bits/sec                  
[  5]   2.00-3.00   sec  0.00 Bytes  0.00 bits/sec                  
[  5]   3.00-4.00   sec  0.00 Bytes  0.00 bits/sec                  
[  5]   4.00-5.00   sec  0.00 Bytes  0.00 bits/sec                  
[  5]   5.00-6.00   sec  0.00 Bytes  0.00 bits/sec                  
[  5]   6.00-7.00   sec  0.00 Bytes  0.00 bits/sec                  
[  5]   7.00-8.00   sec  1.39 KBytes  11.4 Kbits/sec                  
[  5]   8.00-9.00   sec  4.18 KBytes  34.3 Kbits/sec                  
[  5]   9.00-10.00  sec  3.19 KBytes  26.1 Kbits/sec                  
[  5]  10.00-11.00  sec  3.39 KBytes  27.7 Kbits/sec                  
-----------------------------------------------------------
Server listening on 5005 (test #5)
-----------------------------------------------------------
Accepted connection from 10.42.7.3, port 56006
[  5] local 10.42.0.10 port 5005 connected to 10.42.7.3 port 38870
[ ID] Interval           Transfer     Bitrate
[  5]   0.00-1.00   sec   204 Bytes  1.63 Kbits/sec                  
[  5]   1.00-2.00   sec  2.79 KBytes  22.8 Kbits/sec                  
[  5]   2.00-3.00   sec  3.98 KBytes  32.7 Kbits/sec                  
[  5]   3.00-4.00   sec  3.39 KBytes  27.7 Kbits/sec                  
[  5]   4.00-5.00   sec  4.38 KBytes  35.9 Kbits/sec                  
[  5]   5.00-6.00   sec  2.39 KBytes  19.6 Kbits/sec                  
[  5]   6.00-7.00   sec  4.78 KBytes  39.2 Kbits/sec                  
[  5]   7.00-7.86   sec  3.39 KBytes  32.4 Kbits/sec                  
- - - - - - - - - - - - - - - - - - - - - - - - -
[ ID] Interval           Transfer     Bitrate
[  5]   0.00-7.86   sec  25.3 KBytes  26.4 Kbits/sec                  receiver
[  5]  11.00-12.00  sec  3.19 KBytes  26.1 Kbits/sec                  
[  5]  12.00-13.00  sec  4.58 KBytes  37.5 Kbits/sec                  
[  5]  13.00-14.00  sec  2.59 KBytes  21.2 Kbits/sec                  
[  5]  14.00-14.38  sec  2.79 KBytes  61.1 Kbits/sec                  
- - - - - - - - - - - - - - - - - - - - - - - - -
[ ID] Interval           Transfer     Bitrate
[  5]   0.00-14.38  sec  25.3 KBytes  14.4 Kbits/sec                  receiver
-----------------------------------------------------------
Server listening on 5003 (test #9)
-----------------------------------------------------------
Accepted connection from 10.42.3.3, port 45588
[  5] local 10.42.0.10 port 5003 connected to 10.42.3.3 port 45590
[ ID] Interval           Transfer     Bitrate
[  5]   0.00-1.00   sec  3.59 KBytes  29.3 Kbits/sec                  
[  5]   1.00-2.00   sec  3.59 KBytes  29.4 Kbits/sec                  
[  5]   2.00-3.00   sec  3.79 KBytes  31.0 Kbits/sec                  
[  5]   3.00-4.00   sec  3.59 KBytes  29.4 Kbits/sec                  
[  5]   4.00-5.00   sec  3.79 KBytes  31.0 Kbits/sec                  
[  5]   5.00-6.00   sec  3.59 KBytes  29.4 Kbits/sec                  
[  5]   6.00-7.00   sec  3.59 KBytes  29.4 Kbits/sec                  
[  5]   7.00-7.04   sec   204 Bytes  38.8 Kbits/sec                  
- - - - - - - - - - - - - - - - - - - - - - - - -
[ ID] Interval           Transfer     Bitrate
[  5]   0.00-7.04   sec  25.7 KBytes  29.9 Kbits/sec                  receiver
-----------------------------------------------------------
Server listening on 5002 (test #8)
-----------------------------------------------------------
Accepted connection from 10.42.8.3, port 34612
[  5] local 10.42.0.10 port 5002 connected to 10.42.8.3 port 34624
[ ID] Interval           Transfer     Bitrate
[  5]   0.00-1.00   sec   204 Bytes  1.63 Kbits/sec                  
[  5]   1.00-2.00   sec  3.59 KBytes  29.4 Kbits/sec                  
[  5]   2.00-3.00   sec  3.19 KBytes  26.1 Kbits/sec                  
[  5]   3.00-4.00   sec  3.19 KBytes  26.1 Kbits/sec                  
[  5]   4.00-5.00   sec  4.58 KBytes  37.5 Kbits/sec                  
[  5]   5.00-6.00   sec  3.59 KBytes  29.4 Kbits/sec                  
[  5]   6.00-7.00   sec  3.39 KBytes  27.7 Kbits/sec                  
[  5]   7.00-7.62   sec  2.99 KBytes  39.4 Kbits/sec                  
- - - - - - - - - - - - - - - - - - - - - - - - -
[ ID] Interval           Transfer     Bitrate
[  5]   0.00-7.62   sec  24.7 KBytes  26.6 Kbits/sec                  receiver
-----------------------------------------------------------
Server listening on 5003 (test #10)
-----------------------------------------------------------
Accepted connection from 10.42.0.11, port 39564
[  5] local 10.42.0.10 port 5003 connected to 10.42.0.11 port 39578
[ ID] Interval           Transfer     Bitrate
[  5]   0.00-1.00   sec  3.79 KBytes  31.0 Kbits/sec                  
[  5]   1.00-2.00   sec  3.59 KBytes  29.4 Kbits/sec                  
[  5]   2.00-3.00   sec  3.79 KBytes  31.0 Kbits/sec                  
[  5]   3.00-4.00   sec  3.59 KBytes  29.4 Kbits/sec                  
[  5]   4.00-5.00   sec  3.59 KBytes  29.4 Kbits/sec                  
[  5]   5.00-6.00   sec  3.79 KBytes  31.0 Kbits/sec                  
[  5]   6.00-7.00   sec  3.59 KBytes  29.4 Kbits/sec                  
- - - - - - - - - - - - - - - - - - - - - - - - -
[ ID] Interval           Transfer     Bitrate
[  5]   0.00-7.00   sec  25.7 KBytes  30.1 Kbits/sec                  receiver
-----------------------------------------------------------
Server listening on 5002 (test #9)
-----------------------------------------------------------
Accepted connection from 10.42.5.3, port 45612
[  5] local 10.42.0.10 port 5002 connected to 10.42.5.3 port 45628
[ ID] Interval           Transfer     Bitrate
[  5]   0.00-1.00   sec  1.39 KBytes  11.4 Kbits/sec                  
[  5]   1.00-2.00   sec  2.59 KBytes  21.2 Kbits/sec                  
[  5]   2.00-3.00   sec  4.18 KBytes  34.3 Kbits/sec                  
[  5]   3.00-4.00   sec  3.98 KBytes  32.6 Kbits/sec                  
[  5]   4.00-5.00   sec  3.98 KBytes  32.6 Kbits/sec                  
[  5]   5.00-6.00   sec  3.39 KBytes  27.7 Kbits/sec                  
[  5]   6.00-7.00   sec  2.79 KBytes  22.9 Kbits/sec                  
[  5]   7.00-7.56   sec  3.19 KBytes  47.1 Kbits/sec                  
- - - - - - - - - - - - - - - - - - - - - - - - -
[ ID] Interval           Transfer     Bitrate
[  5]   0.00-7.56   sec  25.5 KBytes  27.6 Kbits/sec                  receiver
-----------------------------------------------------------
Server listening on 5003 (test #11)
-----------------------------------------------------------
Accepted connection from 10.42.3.3, port 45684
[  5] local 10.42.0.10 port 5003 connected to 10.42.3.3 port 45692
[ ID] Interval           Transfer     Bitrate
[  5]   0.00-1.00   sec  3.59 KBytes  29.4 Kbits/sec                  
[  5]   1.00-2.00   sec  3.79 KBytes  31.0 Kbits/sec                  
[  5]   2.00-3.00   sec  3.59 KBytes  29.4 Kbits/sec                  
[  5]   3.00-4.00   sec  3.79 KBytes  31.0 Kbits/sec                  
[  5]   4.00-5.00   sec  3.59 KBytes  29.4 Kbits/sec                  
[  5]   5.00-6.00   sec  3.59 KBytes  29.4 Kbits/sec                  
[  5]   6.00-7.00   sec  3.79 KBytes  31.0 Kbits/sec                  
- - - - - - - - - - - - - - - - - - - - - - - - -
[ ID] Interval           Transfer     Bitrate
[  5]   0.00-7.02   sec  25.7 KBytes  30.0 Kbits/sec                  receiver
-----------------------------------------------------------
Server listening on 5004 (test #8)
-----------------------------------------------------------
Accepted connection from 10.42.7.3, port 56660
[  5] local 10.42.0.10 port 5004 connected to 10.42.7.3 port 56664
[ ID] Interval           Transfer     Bitrate
[  5]   0.00-1.00   sec   204 Bytes  1.63 Kbits/sec                  
[  5]   1.00-2.00   sec  3.59 KBytes  29.4 Kbits/sec                  
[  5]   2.00-3.00   sec  2.99 KBytes  24.5 Kbits/sec                  
[  5]   3.00-4.00   sec  3.19 KBytes  26.1 Kbits/sec                  
[  5]   4.00-5.00   sec  4.58 KBytes  37.6 Kbits/sec                  
[  5]   5.00-6.00   sec  1.99 KBytes  16.3 Kbits/sec                  
[  5]   6.00-7.00   sec  3.59 KBytes  29.4 Kbits/sec                  
[  5]   7.00-7.94   sec  4.18 KBytes  36.6 Kbits/sec                  
- - - - - - - - - - - - - - - - - - - - - - - - -
[ ID] Interval           Transfer     Bitrate
[  5]   0.00-7.94   sec  24.3 KBytes  25.1 Kbits/sec                  receiver
-----------------------------------------------------------
Server listening on 5002 (test #10)
-----------------------------------------------------------
Accepted connection from 10.42.8.3, port 38172
[  5] local 10.42.0.10 port 5002 connected to 10.42.8.3 port 47738
[ ID] Interval           Transfer     Bitrate
[  5]   0.00-1.00   sec   204 Bytes  1.63 Kbits/sec                  
[  5]   1.00-2.00   sec  2.79 KBytes  22.9 Kbits/sec                  
[  5]   2.00-3.00   sec  3.98 KBytes  32.6 Kbits/sec                  
[  5]   3.00-4.00   sec  2.59 KBytes  21.2 Kbits/sec                  
[  5]   4.00-5.00   sec  3.98 KBytes  32.6 Kbits/sec                  
[  5]   5.00-6.00   sec  2.79 KBytes  22.8 Kbits/sec                  
[  5]   6.00-7.00   sec  5.18 KBytes  42.4 Kbits/sec                  
[  5]   7.00-7.66   sec  2.99 KBytes  37.0 Kbits/sec                  
- - - - - - - - - - - - - - - - - - - - - - - - -
[ ID] Interval           Transfer     Bitrate
[  5]   0.00-7.66   sec  24.5 KBytes  26.2 Kbits/sec                  receiver
-----------------------------------------------------------
Server listening on 5003 (test #12)
-----------------------------------------------------------
Accepted connection from 10.42.0.11, port 55322
[  5] local 10.42.0.10 port 5003 connected to 10.42.0.11 port 55332
[ ID] Interval           Transfer     Bitrate
[  5]   0.00-1.00   sec  3.79 KBytes  31.0 Kbits/sec                  
[  5]   1.00-2.00   sec  3.59 KBytes  29.4 Kbits/sec                  
[  5]   2.00-3.00   sec  3.79 KBytes  31.0 Kbits/sec                  
[  5]   3.00-4.00   sec  3.59 KBytes  29.4 Kbits/sec                  
[  5]   4.00-5.00   sec  3.59 KBytes  29.3 Kbits/sec                  
[  5]   5.00-6.00   sec  3.79 KBytes  31.0 Kbits/sec                  
[  5]   6.00-7.00   sec  3.59 KBytes  29.4 Kbits/sec                  
- - - - - - - - - - - - - - - - - - - - - - - - -
[ ID] Interval           Transfer     Bitrate
[  5]   0.00-7.00   sec  25.7 KBytes  30.1 Kbits/sec                  receiver
-----------------------------------------------------------
Server listening on 5002 (test #11)
-----------------------------------------------------------
Accepted connection from 10.42.3.3, port 41976
[  5] local 10.42.0.10 port 5002 connected to 10.42.3.3 port 41988
[ ID] Interval           Transfer     Bitrate
[  5]   0.00-1.00   sec  3.59 KBytes  29.4 Kbits/sec                  
[  5]   1.00-2.00   sec  3.79 KBytes  31.0 Kbits/sec                  
[  5]   2.00-3.00   sec  3.59 KBytes  29.4 Kbits/sec                  
[  5]   3.00-4.00   sec  3.79 KBytes  31.0 Kbits/sec                  
[  5]   4.00-5.00   sec  3.59 KBytes  29.4 Kbits/sec                  
[  5]   5.00-6.00   sec  3.59 KBytes  29.3 Kbits/sec                  
[  5]   6.00-7.00   sec  3.79 KBytes  31.0 Kbits/sec                  
- - - - - - - - - - - - - - - - - - - - - - - - -
[ ID] Interval           Transfer     Bitrate
[  5]   0.00-7.02   sec  25.7 KBytes  30.0 Kbits/sec                  receiver
-----------------------------------------------------------
Server listening on 5003 (test #13)
-----------------------------------------------------------
Accepted connection from 10.42.5.3, port 46174
[  5] local 10.42.0.10 port 5003 connected to 10.42.5.3 port 46184
[ ID] Interval           Transfer     Bitrate
[  5]   0.00-1.00   sec  1.39 KBytes  11.4 Kbits/sec                  
[  5]   1.00-2.00   sec  2.59 KBytes  21.2 Kbits/sec                  
[  5]   2.00-3.00   sec  4.18 KBytes  34.3 Kbits/sec                  
[  5]   3.00-4.00   sec  4.18 KBytes  34.3 Kbits/sec                  
[  5]   4.00-5.00   sec  3.19 KBytes  26.1 Kbits/sec                  
[  5]   5.00-6.00   sec  4.18 KBytes  34.3 Kbits/sec                  
[  5]   6.00-7.00   sec  3.19 KBytes  26.1 Kbits/sec                  
[  5]   7.00-7.56   sec  2.59 KBytes  38.0 Kbits/sec                  
- - - - - - - - - - - - - - - - - - - - - - - - -
[ ID] Interval           Transfer     Bitrate
[  5]   0.00-7.56   sec  25.5 KBytes  27.6 Kbits/sec                  receiver
-----------------------------------------------------------
Server listening on 5005 (test #6)
-----------------------------------------------------------
Accepted connection from 10.42.6.3, port 45976
[  5] local 10.42.0.10 port 5005 connected to 10.42.6.3 port 46138
[ ID] Interval           Transfer     Bitrate
[  5]   0.00-1.00   sec  0.00 Bytes  0.00 bits/sec                  
[  5]   1.00-2.00   sec   204 Bytes  1.63 Kbits/sec                  
[  5]   2.00-3.00   sec  2.59 KBytes  21.2 Kbits/sec                  
[  5]   3.00-4.00   sec  2.79 KBytes  22.8 Kbits/sec                  
[  5]   4.00-5.00   sec  3.98 KBytes  32.6 Kbits/sec                  
[  5]   5.00-6.00   sec  3.39 KBytes  27.7 Kbits/sec                  
[  5]   6.00-7.00   sec  3.98 KBytes  32.7 Kbits/sec                  
[  5]   7.00-8.00   sec  4.18 KBytes  34.3 Kbits/sec                  
[  5]   8.00-9.00   sec  2.59 KBytes  21.2 Kbits/sec                  
[  5]   9.00-9.08   sec  1.39 KBytes   146 Kbits/sec                  
- - - - - - - - - - - - - - - - - - - - - - - - -
-----------------------------------------------------------
Server listening on 5004 (test #9)
-----------------------------------------------------------
Accepted connection from 10.42.0.11, port 39598
[  5] local 10.42.0.10 port 5004 connected to 10.42.0.11 port 39604
[ ID] Interval           Transfer     Bitrate
[  5]   0.00-1.00   sec  3.79 KBytes  31.0 Kbits/sec                  
[  5]   1.00-2.00   sec  3.59 KBytes  29.4 Kbits/sec                  
[  5]   2.00-3.00   sec  3.79 KBytes  31.0 Kbits/sec                  
[  5]   3.00-4.00   sec  3.59 KBytes  29.4 Kbits/sec                  
[  5]   4.00-5.00   sec  3.59 KBytes  29.4 Kbits/sec                  
[  5]   5.00-6.00   sec  3.79 KBytes  31.0 Kbits/sec                  
[  5]   6.00-7.00   sec  3.59 KBytes  29.4 Kbits/sec                  
- - - - - - - - - - - - - - - - - - - - - - - - -
[ ID] Interval           Transfer     Bitrate
[  5]   0.00-7.00   sec  25.7 KBytes  30.1 Kbits/sec                  receiver
-----------------------------------------------------------
Server listening on 5002 (test #12)
-----------------------------------------------------------
Accepted connection from 10.42.8.3, port 34358
[  5] local 10.42.0.10 port 5002 connected to 10.42.8.3 port 34362
[ ID] Interval           Transfer     Bitrate
[  5]   0.00-1.00   sec   204 Bytes  1.63 Kbits/sec                  
[  5]   1.00-2.00   sec  2.99 KBytes  24.5 Kbits/sec                  
[  5]   2.00-3.00   sec  3.19 KBytes  26.1 Kbits/sec                  
[  5]   3.00-4.00   sec  4.18 KBytes  34.3 Kbits/sec                  
[  5]   4.00-5.00   sec  3.39 KBytes  27.7 Kbits/sec                  
[  5]   5.00-6.00   sec  4.38 KBytes  35.9 Kbits/sec                  
[  5]   6.00-7.00   sec  3.39 KBytes  27.7 Kbits/sec                  
[  5]   7.00-7.73   sec  2.99 KBytes  33.6 Kbits/sec                  
- - - - - - - - - - - - - - - - - - - - - - - - -
[ ID] Interval           Transfer     Bitrate
[  5]   0.00-7.73   sec  24.7 KBytes  26.2 Kbits/sec                  receiver
-----------------------------------------------------------
Server listening on 5003 (test #14)
-----------------------------------------------------------
Accepted connection from 10.42.7.3, port 46906
[  5] local 10.42.0.10 port 5003 connected to 10.42.7.3 port 57852
[ ID] Interval           Transfer     Bitrate
[  5]   0.00-1.00   sec   204 Bytes  1.63 Kbits/sec                  
[  5]   1.00-2.00   sec  2.39 KBytes  19.6 Kbits/sec                  
[  5]   2.00-3.00   sec  4.78 KBytes  39.2 Kbits/sec                  
[  5]   3.00-4.00   sec  3.39 KBytes  27.8 Kbits/sec                  
[  5]   4.00-5.00   sec  2.99 KBytes  24.5 Kbits/sec                  
[  5]   5.00-6.00   sec  4.98 KBytes  40.8 Kbits/sec                  
[  5]   6.00-7.00   sec  3.19 KBytes  26.1 Kbits/sec                  
[  5]   7.00-7.79   sec  2.99 KBytes  31.0 Kbits/sec                  
- - - - - - - - - - - - - - - - - - - - - - - - -
[ ID] Interval           Transfer     Bitrate
[  5]   0.00-7.79   sec  24.9 KBytes  26.2 Kbits/sec                  receiver
-----------------------------------------------------------
Server listening on 5004 (test #10)
-----------------------------------------------------------
Accepted connection from 10.42.3.3, port 35456
[  5] local 10.42.0.10 port 5004 connected to 10.42.3.3 port 35462
[ ID] Interval           Transfer     Bitrate
[  5]   0.00-1.00   sec  3.59 KBytes  29.3 Kbits/sec                  
[  5]   1.00-2.00   sec  3.79 KBytes  31.0 Kbits/sec                  
[  5]   2.00-3.00   sec  3.59 KBytes  29.4 Kbits/sec                  
[  5]   3.00-4.00   sec  3.79 KBytes  31.0 Kbits/sec                  
[  5]   4.00-5.00   sec  3.59 KBytes  29.4 Kbits/sec                  
[  5]   5.00-6.00   sec  3.59 KBytes  29.4 Kbits/sec                  
[  5]   6.00-7.00   sec  3.79 KBytes  31.0 Kbits/sec                  
- - - - - - - - - - - - - - - - - - - - - - - - -
[ ID] Interval           Transfer     Bitrate
[  5]   0.00-7.02   sec  25.7 KBytes  30.0 Kbits/sec                  receiver
[ ID] Interval           Transfer     Bitrate
[  5]   0.00-9.08   sec  25.1 KBytes  22.7 Kbits/sec                  receiver
