-----------------------------------------------------------
-----------------------------------------------------------
-----------------------------------------------------------
-----------------------------------------------------------
-----------------------------------------------------------
-----------------------------------------------------------
-----------------------------------------------------------
-----------------------------------------------------------
-----------------------------------------------------------
-----------------------------------------------------------
-----------------------------------------------------------
Server listening on 5003 (test #1)
-----------------------------------------------------------
Accepted connection from 10.42.3.3, port 40578
[  5] local 10.42.0.12 port 5003 connected to 10.42.3.3 port 40588
[ ID] Interval           Transfer     Bitrate
[  5]   0.00-1.00   sec  3.59 KBytes  29.4 Kbits/sec                  
[  5]   1.00-2.00   sec  3.79 KBytes  31.0 Kbits/sec                  
[  5]   2.00-3.00   sec  3.59 KBytes  29.4 Kbits/sec                  
[  5]   3.00-4.00   sec  3.79 KBytes  31.0 Kbits/sec                  
[  5]   4.00-5.00   sec  3.59 KBytes  29.4 Kbits/sec                  
[  5]   5.00-6.00   sec  3.59 KBytes  29.4 Kbits/sec                  
[  5]   6.00-7.00   sec  3.79 KBytes  31.0 Kbits/sec                  
- - - - - - - - - - - - - - - - - - - - - - - - -
[ ID] Interval           Transfer     Bitrate
[  5]   0.00-7.02   sec  25.7 KBytes  30.0 Kbits/sec                  receiver
Server listening on 5006 (test #1)
-----------------------------------------------------------
Accepted connection from 10.42.5.3, port 54358
[  5] local 10.42.0.12 port 5006 connected to 10.42.5.3 port 54130
[ ID] Interval           Transfer     Bitrate
[  5]   0.00-1.00   sec  1.39 KBytes  11.4 Kbits/sec                  
[  5]   1.00-2.00   sec  3.19 KBytes  26.1 Kbits/sec                  
[  5]   2.00-3.00   sec  3.98 KBytes  32.6 Kbits/sec                  
[  5]   3.00-4.00   sec  4.18 KBytes  34.3 Kbits/sec                  
[  5]   4.00-5.00   sec  3.19 KBytes  26.1 Kbits/sec                  
[  5]   5.00-6.00   sec  2.79 KBytes  22.8 Kbits/sec                  
[  5]   6.00-7.00   sec  4.18 KBytes  34.3 Kbits/sec                  
[  5]   7.00-7.54   sec  1.99 KBytes  30.2 Kbits/sec                  
- - - - - - - - - - - - - - - - - - - - - - - - -
[ ID] Interval           Transfer     Bitrate
[  5]   0.00-7.54   sec  24.9 KBytes  27.0 Kbits/sec                  receiver
Server listening on 5005 (test #1)
-----------------------------------------------------------
Accepted connection from 10.42.8.3, port 55136
[  5] local 10.42.0.12 port 5005 connected to 10.42.8.3 port 49140
[ ID] Interval           Transfer     Bitrate
[  5]   0.00-1.00   sec   204 Bytes  1.63 Kbits/sec                  
[  5]   1.00-2.00   sec  2.39 KBytes  19.6 Kbits/sec                  
[  5]   2.00-3.00   sec  4.38 KBytes  35.9 Kbits/sec                  
[  5]   3.00-4.00   sec  3.19 KBytes  26.1 Kbits/sec                  
[  5]   4.00-5.00   sec  4.98 KBytes  40.8 Kbits/sec                  
[  5]   5.00-6.00   sec  2.59 KBytes  21.2 Kbits/sec                  
[  5]   6.00-7.00   sec  2.99 KBytes  24.5 Kbits/sec                  
[  5]   7.00-8.00   sec  2.99 KBytes  24.5 Kbits/sec                  
[  5]   8.00-8.12   sec  1.39 KBytes  92.5 Kbits/sec                  
- - - - - - - - - - - - - - - - - - - - - - - - -
[ ID] Interval           Transfer     Bitrate
[  5]   0.00-8.12   sec  25.1 KBytes  25.3 Kbits/sec                  receiver
Server listening on 5002 (test #1)
-----------------------------------------------------------
Accepted connection from 10.42.0.11, port 38352
[  5] local 10.42.0.12 port 5002 connected to 10.42.0.11 port 38364
[ ID] Interval           Transfer     Bitrate
[  5]   0.00-1.00   sec  3.79 KBytes  31.0 Kbits/sec                  
[  5]   1.00-2.00   sec  3.59 KBytes  29.4 Kbits/sec                  
[  5]   2.00-3.00   sec  3.79 KBytes  31.0 Kbits/sec                  
[  5]   3.00-4.00   sec  3.59 KBytes  29.4 Kbits/sec                  
[  5]   4.00-5.00   sec  3.59 KBytes  29.4 Kbits/sec                  
[  5]   5.00-6.00   sec  3.79 KBytes  31.0 Kbits/sec                  
[  5]   6.00-7.00   sec  3.59 KBytes  29.4 Kbits/sec                  
- - - - - - - - - - - - - - - - - - - - - - - - -
[ ID] Interval           Transfer     Bitrate
[  5]   0.00-7.00   sec  25.7 KBytes  30.1 Kbits/sec                  receiver
Server listening on 5004 (test #1)
-----------------------------------------------------------
Accepted connection from 10.42.7.3, port 47434
[  5] local 10.42.0.12 port 5004 connected to 10.42.7.3 port 47440
[ ID] Interval           Transfer     Bitrate
[  5]   0.00-1.00   sec   204 Bytes  1.63 Kbits/sec                  
[  5]   1.00-2.00   sec  2.79 KBytes  22.8 Kbits/sec                  
[  5]   2.00-3.00   sec  3.79 KBytes  31.0 Kbits/sec                  
[  5]   3.00-4.00   sec  2.59 KBytes  21.2 Kbits/sec                  
[  5]   4.00-5.00   sec  3.79 KBytes  31.0 Kbits/sec                  
[  5]   5.00-6.00   sec  5.78 KBytes  47.3 Kbits/sec                  
[  5]   6.00-7.00   sec  2.99 KBytes  24.5 Kbits/sec                  
[  5]   7.00-7.67   sec  3.19 KBytes  39.3 Kbits/sec                  
- - - - - - - - - - - - - - - - - - - - - - - - -
[ ID] Interval           Transfer     Bitrate
[  5]   0.00-7.67   sec  25.1 KBytes  26.8 Kbits/sec                  receiver
-----------------------------------------------------------
Server listening on 5003 (test #2)
-----------------------------------------------------------
Accepted connection from 10.42.3.3, port 33410
[  5] local 10.42.0.12 port 5003 connected to 10.42.3.3 port 33416
[ ID] Interval           Transfer     Bitrate
[  5]   0.00-1.00   sec  3.59 KBytes  29.3 Kbits/sec                  
[  5]   1.00-2.00   sec  3.79 KBytes  31.0 Kbits/sec                  
[  5]   2.00-3.00   sec  3.59 KBytes  29.4 Kbits/sec                  
[  5]   3.00-4.00   sec  3.79 KBytes  31.0 Kbits/sec                  
[  5]   4.00-5.00   sec  3.59 KBytes  29.4 Kbits/sec                  
[  5]   5.00-6.00   sec  3.59 KBytes  29.4 Kbits/sec                  
[  5]   6.00-7.00   sec  3.79 KBytes  31.0 Kbits/sec                  
- - - - - - - - - - - - - - - - - - - - - - - - -
[ ID] Interval           Transfer     Bitrate
[  5]   0.00-7.02   sec  25.7 KBytes  30.0 Kbits/sec                  receiver
-----------------------------------------------------------
Server listening on 5002 (test #2)
-----------------------------------------------------------
Accepted connection from 10.42.5.3, port 48948
[  5] local 10.42.0.12 port 5002 connected to 10.42.5.3 port 48952
[ ID] Interval           Transfer     Bitrate
[  5]   0.00-1.00   sec  1.39 KBytes  11.4 Kbits/sec                  
[  5]   1.00-2.00   sec  2.59 KBytes  21.2 Kbits/sec                  
[  5]   2.00-3.00   sec  4.18 KBytes  34.3 Kbits/sec                  
[  5]   3.00-4.00   sec  3.98 KBytes  32.6 Kbits/sec                  
[  5]   4.00-5.00   sec  3.39 KBytes  27.8 Kbits/sec                  
[  5]   5.00-6.00   sec  4.18 KBytes  34.3 Kbits/sec                  
[  5]   6.00-7.00   sec  2.79 KBytes  22.9 Kbits/sec                  
[  5]   7.00-7.52   sec  1.99 KBytes  31.1 Kbits/sec                  
- - - - - - - - - - - - - - - - - - - - - - - - -
[ ID] Interval           Transfer     Bitrate
[  5]   0.00-7.52   sec  24.5 KBytes  26.7 Kbits/sec                  receiver
-----------------------------------------------------------
Server listening on 5004 (test #2)
-----------------------------------------------------------
Accepted connection from 10.42.0.11, port 53866
[  5] local 10.42.0.12 port 5004 connected to 10.42.0.11 port 53880
[ ID] Interval           Transfer     Bitrate
[  5]   0.00-1.00   sec  3.79 KBytes  31.0 Kbits/sec                  
[  5]   1.00-2.00   sec  3.59 KBytes  29.4 Kbits/sec                  
[  5]   2.00-3.00   sec  3.79 KBytes  31.0 Kbits/sec                  
[  5]   3.00-4.00   sec  3.59 KBytes  29.4 Kbits/sec                  
[  5]   4.00-5.00   sec  3.59 KBytes  29.4 Kbits/sec                  
[  5]   5.00-6.00   sec  3.79 KBytes  31.0 Kbits/sec                  
[  5]   6.00-7.00   sec  3.59 KBytes  29.4 Kbits/sec                  
- - - - - - - - - - - - - - - - - - - - - - - - -
[ ID] Interval           Transfer     Bitrate
[  5]   0.00-7.00   sec  25.7 KBytes  30.1 Kbits/sec                  receiver
-----------------------------------------------------------
Server listening on 5005 (test #2)
-----------------------------------------------------------
Accepted connection from 10.42.8.3, port 47048
[  5] local 10.42.0.12 port 5005 connected to 10.42.8.3 port 47056
[ ID] Interval           Transfer     Bitrate
[  5]   0.00-1.00   sec   204 Bytes  1.63 Kbits/sec                  
[  5]   1.00-2.00   sec  2.39 KBytes  19.6 Kbits/sec                  
[  5]   2.00-3.00   sec  4.38 KBytes  35.9 Kbits/sec                  
[  5]   3.00-4.00   sec  3.39 KBytes  27.7 Kbits/sec                  
[  5]   4.00-5.00   sec  3.19 KBytes  26.1 Kbits/sec                  
[  5]   5.00-6.00   sec  3.19 KBytes  26.1 Kbits/sec                  
[  5]   6.00-7.00   sec  2.59 KBytes  21.2 Kbits/sec                  
[  5]   7.00-8.00   sec  2.59 KBytes  21.2 Kbits/sec                  
[  5]   8.00-8.78   sec  2.79 KBytes  29.3 Kbits/sec                  
- - - - - - - - - - - - - - - - - - - - - - - - -
[ ID] Interval           Transfer     Bitrate
-----------------------------------------------------------
Server listening on 5002 (test #3)
-----------------------------------------------------------
Accepted connection from 10.42.7.3, port 32944
[  5] local 10.42.0.12 port 5002 connected to 10.42.7.3 port 32960
[ ID] Interval           Transfer     Bitrate
[  5]   0.00-1.00   sec   204 Bytes  1.63 Kbits/sec                  
[  5]   1.00-2.00   sec  2.79 KBytes  22.8 Kbits/sec                  
[  5]   2.00-3.00   sec  3.79 KBytes  31.0 Kbits/sec                  
[  5]   3.00-4.00   sec  2.59 KBytes  21.2 Kbits/sec                  
[  5]   4.00-5.00   sec  2.79 KBytes  22.8 Kbits/sec                  
[  5]   5.00-6.00   sec  2.79 KBytes  22.9 Kbits/sec                  
[  5]   6.00-7.00   sec  3.98 KBytes  32.7 Kbits/sec                  
[  5]   7.00-8.00   sec  2.79 KBytes  22.8 Kbits/sec                  
[  5]   8.00-8.97   sec  3.79 KBytes  32.0 Kbits/sec                  
- - - - - - - - - - - - - - - - - - - - - - - - -
[ ID] Interval           Transfer     Bitrate
[  5]   0.00-8.78   sec  24.7 KBytes  23.0 Kbits/sec                  receiver
-----------------------------------------------------------
Server listening on 5006 (test #2)
-----------------------------------------------------------
Accepted connection from 10.42.6.5, port 39464
[  5] local 10.42.0.12 port 5006 connected to 10.42.6.5 port 39656
[ ID] Interval           Transfer     Bitrate
[  5]   0.00-1.00   sec  0.00 Bytes  0.00 bits/sec                  
[  5]   1.00-2.00   sec   204 Bytes  1.63 Kbits/sec                  
[  5]   2.00-3.00   sec  2.59 KBytes  21.2 Kbits/sec                  
[  5]   3.00-4.00   sec  2.79 KBytes  22.8 Kbits/sec                  
[  5]   4.00-5.00   sec  2.79 KBytes  22.8 Kbits/sec                  
[  5]   5.00-6.00   sec  2.79 KBytes  22.8 Kbits/sec                  
[  5]   6.00-7.00   sec  4.18 KBytes  34.3 Kbits/sec                  
[  5]   7.00-8.00   sec  2.79 KBytes  22.8 Kbits/sec                  
[  5]   8.00-9.00   sec  3.98 KBytes  32.6 Kbits/sec                  
[  5]   9.00-9.47   sec  2.39 KBytes  42.2 Kbits/sec                  
- - - - - - - - - - - - - - - - - - - - - - - - -
[  5]   0.00-8.97   sec  25.5 KBytes  23.3 Kbits/sec                  receiver
-----------------------------------------------------------
Server listening on 5003 (test #3)
-----------------------------------------------------------
Accepted connection from 10.42.3.3, port 46234
[  5] local 10.42.0.12 port 5003 connected to 10.42.3.3 port 46246
[ ID] Interval           Transfer     Bitrate
[  5]   0.00-1.00   sec  3.59 KBytes  29.3 Kbits/sec                  
[  5]   1.00-2.00   sec  3.79 KBytes  31.0 Kbits/sec                  
[  5]   2.00-3.00   sec  3.59 KBytes  29.4 Kbits/sec                  
[  5]   3.00-4.00   sec  3.79 KBytes  31.0 Kbits/sec                  
[  5]   4.00-5.00   sec  3.59 KBytes  29.4 Kbits/sec                  
[  5]   5.00-6.00   sec  3.59 KBytes  29.4 Kbits/sec                  
[  5]   6.00-7.00   sec  3.79 KBytes  31.0 Kbits/sec                  
- - - - - - - - - - - - - - - - - - - - - - - - -
[ ID] Interval           Transfer     Bitrate
[  5]   0.00-7.02   sec  25.7 KBytes  30.0 Kbits/sec                  receiver
[ ID] Interval           Transfer     Bitrate
[  5]   0.00-9.47   sec  24.5 KBytes  21.2 Kbits/sec                  receiver
-----------------------------------------------------------
Server listening on 5002 (test #4)
-----------------------------------------------------------
Accepted connection from 10.42.0.11, port 59808
[  5] local 10.42.0.12 port 5002 connected to 10.42.0.11 port 59810
[ ID] Interval           Transfer     Bitrate
[  5]   0.00-1.00   sec  3.79 KBytes  31.0 Kbits/sec                  
[  5]   1.00-2.00   sec  3.59 KBytes  29.4 Kbits/sec                  
[  5]   2.00-3.00   sec  3.79 KBytes  31.0 Kbits/sec                  
[  5]   3.00-4.00   sec  3.59 KBytes  29.4 Kbits/sec                  
[  5]   4.00-5.00   sec  3.59 KBytes  29.4 Kbits/sec                  
[  5]   5.00-6.00   sec  3.79 KBytes  31.0 Kbits/sec                  
[  5]   6.00-7.00   sec  3.59 KBytes  29.4 Kbits/sec                  
- - - - - - - - - - - - - - - - - - - - - - - - -
[ ID] Interval           Transfer     Bitrate
[  5]   0.00-7.00   sec  25.7 KBytes  30.1 Kbits/sec                  receiver
-----------------------------------------------------------
Server listening on 5003 (test #4)
-----------------------------------------------------------
Accepted connection from 10.42.5.3, port 38796
[  5] local 10.42.0.12 port 5003 connected to 10.42.5.3 port 38800
[ ID] Interval           Transfer     Bitrate
[  5]   0.00-1.00   sec  1.39 KBytes  11.4 Kbits/sec                  
[  5]   1.00-2.00   sec  2.59 KBytes  21.2 Kbits/sec                  
[  5]   2.00-3.00   sec  4.18 KBytes  34.3 Kbits/sec                  
[  5]   3.00-4.00   sec  3.98 KBytes  32.6 Kbits/sec                  
[  5]   4.00-5.00   sec  3.98 KBytes  32.6 Kbits/sec                  
[  5]   5.00-6.00   sec  3.39 KBytes  27.7 Kbits/sec                  
[  5]   6.00-7.00   sec  2.79 KBytes  22.9 Kbits/sec                  
[  5]   7.00-7.56   sec  3.19 KBytes  47.1 Kbits/sec                  
- - - - - - - - - - - - - - - - - - - - - - - - -
[ ID] Interval           Transfer     Bitrate
[  5]   0.00-7.56   sec  25.5 KBytes  27.6 Kbits/sec                  receiver
-----------------------------------------------------------
Server listening on 5002 (test #5)
-----------------------------------------------------------
Accepted connection from 10.42.7.3, port 55306
[  5] local 10.42.0.12 port 5002 connected to 10.42.7.3 port 53750
[ ID] Interval           Transfer     Bitrate
[  5]   0.00-1.00   sec   204 Bytes  1.63 Kbits/sec                  
[  5]   1.00-2.00   sec  3.59 KBytes  29.4 Kbits/sec                  
[  5]   2.00-3.00   sec  3.19 KBytes  26.1 Kbits/sec                  
[  5]   3.00-4.00   sec  2.99 KBytes  24.5 Kbits/sec                  
[  5]   4.00-5.00   sec  4.98 KBytes  40.8 Kbits/sec                  
[  5]   5.00-6.00   sec  3.19 KBytes  26.1 Kbits/sec                  
[  5]   6.00-7.00   sec  2.99 KBytes  24.5 Kbits/sec                  
[  5]   7.00-7.92   sec  4.38 KBytes  38.9 Kbits/sec                  
- - - - - - - - - - - - - - - - - - - - - - - - -
[ ID] Interval           Transfer     Bitrate
[  5]   0.00-7.92   sec  25.5 KBytes  26.4 Kbits/sec                  receiver
-----------------------------------------------------------
Server listening on 5004 (test #3)
-----------------------------------------------------------
Accepted connection from 10.42.3.3, port 48116
[  5] local 10.42.0.12 port 5004 connected to 10.42.3.3 port 48126
[ ID] Interval           Transfer     Bitrate
[  5]   0.00-1.00   sec  3.59 KBytes  29.3 Kbits/sec                  
[  5]   1.00-2.00   sec  3.79 KBytes  31.0 Kbits/sec                  
[  5]   2.00-3.00   sec  3.39 KBytes  27.7 Kbits/sec                  
[  5]   3.00-4.00   sec  3.98 KBytes  32.7 Kbits/sec                  
[  5]   4.00-5.00   sec  3.59 KBytes  29.4 Kbits/sec                  
[  5]   5.00-6.00   sec  3.59 KBytes  29.4 Kbits/sec                  
[  5]   6.00-7.00   sec  3.59 KBytes  29.4 Kbits/sec                  
[  5]   7.00-7.02   sec   204 Bytes  81.7 Kbits/sec                  
- - - - - - - - - - - - - - - - - - - - - - - - -
[ ID] Interval           Transfer     Bitrate
[  5]   0.00-7.02   sec  25.7 KBytes  30.0 Kbits/sec                  receiver
-----------------------------------------------------------
Server listening on 5003 (test #5)
-----------------------------------------------------------
Accepted connection from 10.42.8.3, port 37192
[  5] local 10.42.0.12 port 5003 connected to 10.42.8.3 port 37208
[ ID] Interval           Transfer     Bitrate
[  5]   0.00-1.00   sec   204 Bytes  1.63 Kbits/sec                  
[  5]   1.00-2.00   sec  2.59 KBytes  21.2 Kbits/sec                  
[  5]   2.00-3.00   sec  4.58 KBytes  37.5 Kbits/sec                  
[  5]   3.00-4.00   sec  2.99 KBytes  24.5 Kbits/sec                  
[  5]   4.00-5.00   sec  3.19 KBytes  26.1 Kbits/sec                  
[  5]   5.00-6.00   sec  5.18 KBytes  42.4 Kbits/sec                  
[  5]   6.00-7.00   sec  2.59 KBytes  21.2 Kbits/sec                  
[  5]   7.00-7.66   sec  3.19 KBytes  39.6 Kbits/sec                  
- - - - - - - - - - - - - - - - - - - - - - - - -
[ ID] Interval           Transfer     Bitrate
[  5]   0.00-7.66   sec  24.5 KBytes  26.2 Kbits/sec                  receiver
-----------------------------------------------------------
Server listening on 5005 (test #3)
-----------------------------------------------------------
Accepted connection from 10.42.0.11, port 58712
[  5] local 10.42.0.12 port 5005 connected to 10.42.0.11 port 58714
[ ID] Interval           Transfer     Bitrate
[  5]   0.00-1.00   sec  3.79 KBytes  31.0 Kbits/sec                  
[  5]   1.00-2.00   sec  3.59 KBytes  29.4 Kbits/sec                  
[  5]   2.00-3.00   sec  3.79 KBytes  31.0 Kbits/sec                  
[  5]   3.00-4.00   sec  3.59 KBytes  29.4 Kbits/sec                  
[  5]   4.00-5.00   sec  3.59 KBytes  29.4 Kbits/sec                  
[  5]   5.00-6.00   sec  3.79 KBytes  31.0 Kbits/sec                  
[  5]   6.00-7.00   sec  3.59 KBytes  29.4 Kbits/sec                  
- - - - - - - - - - - - - - - - - - - - - - - - -
[ ID] Interval           Transfer     Bitrate
[  5]   0.00-7.00   sec  25.7 KBytes  30.1 Kbits/sec                  receiver
-----------------------------------------------------------
Server listening on 5002 (test #6)
-----------------------------------------------------------
Accepted connection from 10.42.5.3, port 43564
[  5] local 10.42.0.12 port 5002 connected to 10.42.5.3 port 43572
[ ID] Interval           Transfer     Bitrate
[  5]   0.00-1.00   sec  1.39 KBytes  11.4 Kbits/sec                  
[  5]   1.00-2.00   sec  2.59 KBytes  21.2 Kbits/sec                  
[  5]   2.00-3.00   sec  4.18 KBytes  34.3 Kbits/sec                  
[  5]   3.00-4.00   sec  3.39 KBytes  27.7 Kbits/sec                  
[  5]   4.00-5.00   sec  4.18 KBytes  34.3 Kbits/sec                  
[  5]   5.00-6.00   sec  3.98 KBytes  32.6 Kbits/sec                  
[  5]   6.00-7.00   sec  3.19 KBytes  26.1 Kbits/sec                  
[  5]   7.00-7.52   sec  2.19 KBytes  34.3 Kbits/sec                  
- - - - - - - - - - - - - - - - - - - - - - - - -
[ ID] Interval           Transfer     Bitrate
[  5]   0.00-7.52   sec  25.1 KBytes  27.3 Kbits/sec                  receiver
-----------------------------------------------------------
Server listening on 5005 (test #4)
-----------------------------------------------------------
Accepted connection from 10.42.0.11, port 51748
[  5] local 10.42.0.12 port 5005 connected to 10.42.0.11 port 51760
[ ID] Interval           Transfer     Bitrate
[  5]   0.00-1.00   sec  3.79 KBytes  31.0 Kbits/sec                  
[  5]   1.00-2.00   sec  3.59 KBytes  29.4 Kbits/sec                  
[  5]   2.00-3.00   sec  3.79 KBytes  31.0 Kbits/sec                  
[  5]   3.00-4.00   sec  3.59 KBytes  29.4 Kbits/sec                  
[  5]   4.00-5.00   sec  3.59 KBytes  29.4 Kbits/sec                  
[  5]   5.00-6.00   sec  3.79 KBytes  31.0 Kbits/sec                  
[  5]   6.00-7.00   sec  3.59 KBytes  29.4 Kbits/sec                  
- - - - - - - - - - - - - - - - - - - - - - - - -
[ ID] Interval           Transfer     Bitrate
[  5]   0.00-7.00   sec  25.7 KBytes  30.1 Kbits/sec                  receiver
-----------------------------------------------------------
Server listening on 5004 (test #4)
-----------------------------------------------------------
Accepted connection from 10.42.3.3, port 58930
[  5] local 10.42.0.12 port 5004 connected to 10.42.3.3 port 58934
[ ID] Interval           Transfer     Bitrate
[  5]   0.00-1.00   sec  3.59 KBytes  29.4 Kbits/sec                  
[  5]   1.00-2.00   sec  3.79 KBytes  31.0 Kbits/sec                  
[  5]   2.00-3.00   sec  3.59 KBytes  29.4 Kbits/sec                  
[  5]   3.00-4.00   sec  3.79 KBytes  31.0 Kbits/sec                  
[  5]   4.00-5.00   sec  3.39 KBytes  27.7 Kbits/sec                  
[  5]   5.00-6.00   sec  3.79 KBytes  31.0 Kbits/sec                  
[  5]   6.00-7.00   sec  1.99 KBytes  16.3 Kbits/sec                  
- - - - - - - - - - - - - - - - - - - - - - - - -
[ ID] Interval           Transfer     Bitrate
[  5]   0.00-7.02   sec  23.9 KBytes  27.9 Kbits/sec                  receiver
-----------------------------------------------------------
Server listening on 5003 (test #6)
-----------------------------------------------------------
Accepted connection from 10.42.6.5, port 59842
[  5] local 10.42.0.12 port 5003 connected to 10.42.6.5 port 38146
[ ID] Interval           Transfer     Bitrate
[  5]   0.00-1.00   sec  0.00 Bytes  0.00 bits/sec                  
[  5]   1.00-2.00   sec  0.00 Bytes  0.00 bits/sec                  
[  5]   2.00-3.00   sec  0.00 Bytes  0.00 bits/sec                  
[  5]   3.00-4.00   sec  0.00 Bytes  0.00 bits/sec                  
[  5]   4.00-5.00   sec   204 Bytes  1.63 Kbits/sec                  
[  5]   5.00-6.00   sec  3.98 KBytes  32.6 Kbits/sec                  
[  5]   6.00-7.00   sec  4.18 KBytes  34.3 Kbits/sec                  
[  5]   7.00-8.00   sec  2.59 KBytes  21.2 Kbits/sec                  
[  5]   8.00-9.00   sec  1.39 KBytes  11.4 Kbits/sec                  
[  5]   9.00-10.00  sec  2.79 KBytes  22.8 Kbits/sec                  
[  5]  10.00-11.00  sec  5.38 KBytes  44.1 Kbits/sec                  
-----------------------------------------------------------
Server listening on 5002 (test #7)
-----------------------------------------------------------
Accepted connection from 10.42.7.3, port 34926
[  5] local 10.42.0.12 port 5002 connected to 10.42.7.3 port 34938
[ ID] Interval           Transfer     Bitrate
[  5]   0.00-1.00   sec   204 Bytes  1.63 Kbits/sec                  
[  5]   1.00-2.00   sec  2.79 KBytes  22.9 Kbits/sec                  
[  5]   2.00-3.00   sec  3.59 KBytes  29.4 Kbits/sec                  
[  5]   3.00-4.00   sec  3.98 KBytes  32.6 Kbits/sec                  
[  5]   4.00-5.00   sec  3.19 KBytes  26.1 Kbits/sec                  
[  5]   5.00-6.00   sec  3.19 KBytes  26.1 Kbits/sec                  
[  5]   6.00-7.00   sec  3.59 KBytes  29.4 Kbits/sec                  
[  5]   7.00-8.00   sec  4.38 KBytes  35.9 Kbits/sec                  
- - - - - - - - - - - - - - - - - - - - - - - - -
[ ID] Interval           Transfer     Bitrate
[  5]   0.00-8.00   sec  24.9 KBytes  25.5 Kbits/sec                  receiver
[  5]  11.00-11.66  sec  2.79 KBytes  34.8 Kbits/sec                  
- - - - - - - - - - - - - - - - - - - - - - - - -
[ ID] Interval           Transfer     Bitrate
[  5]   0.00-11.66  sec  23.3 KBytes  16.4 Kbits/sec                  receiver
-----------------------------------------------------------
Server listening on 5004 (test #5)
-----------------------------------------------------------
Accepted connection from 10.42.8.3, port 35312
[  5] local 10.42.0.12 port 5004 connected to 10.42.8.3 port 35322
[ ID] Interval           Transfer     Bitrate
[  5]   0.00-1.00   sec   204 Bytes  1.63 Kbits/sec                  
[  5]   1.00-2.00   sec  3.59 KBytes  29.4 Kbits/sec                  
[  5]   2.00-3.00   sec  3.19 KBytes  26.1 Kbits/sec                  
[  5]   3.00-4.00   sec  3.19 KBytes  26.1 Kbits/sec                  
[  5]   4.00-5.00   sec  5.18 KBytes  42.4 Kbits/sec                  
[  5]   5.00-6.00   sec  2.99 KBytes  24.5 Kbits/sec                  
[  5]   6.00-7.00   sec  3.19 KBytes  26.1 Kbits/sec                  
[  5]   7.00-7.72   sec  3.19 KBytes  36.2 Kbits/sec                  
- - - - - - - - - - - - - - - - - - - - - - - - -
[ ID] Interval           Transfer     Bitrate
[  5]   0.00-7.72   sec  24.7 KBytes  26.2 Kbits/sec                  receiver
-----------------------------------------------------------
Server listening on 5002 (test #8)
-----------------------------------------------------------
Accepted connection from 10.42.5.3, port 32832
[  5] local 10.42.0.12 port 5002 connected to 10.42.5.3 port 45172
[ ID] Interval           Transfer     Bitrate
[  5]   0.00-1.00   sec  1.39 KBytes  11.4 Kbits/sec                  
[  5]   1.00-2.00   sec  2.59 KBytes  21.2 Kbits/sec                  
[  5]   2.00-3.00   sec  4.18 KBytes  34.3 Kbits/sec                  
[  5]   3.00-4.00   sec  3.39 KBytes  27.7 Kbits/sec                  
[  5]   4.00-5.00   sec  4.38 KBytes  35.9 Kbits/sec                  
[  5]   5.00-6.00   sec  2.79 KBytes  22.8 Kbits/sec                  
[  5]   6.00-7.00   sec  3.98 KBytes  32.6 Kbits/sec                  
[  5]   7.00-7.52   sec  1.99 KBytes  31.2 Kbits/sec                  
- - - - - - - - - - - - - - - - - - - - - - - - -
[ ID] Interval           Transfer     Bitrate
[  5]   0.00-7.52   sec  24.7 KBytes  26.9 Kbits/sec                  receiver
-----------------------------------------------------------
Server listening on 5003 (test #7)
-----------------------------------------------------------
Accepted connection from 10.42.3.3, port 41622
[  5] local 10.42.0.12 port 5003 connected to 10.42.3.3 port 41638
[ ID] Interval           Transfer     Bitrate
[  5]   0.00-1.00   sec  3.59 KBytes  29.4 Kbits/sec                  
[  5]   1.00-2.00   sec  2.39 KBytes  19.6 Kbits/sec                  
[  5]   2.00-3.00   sec  4.98 KBytes  40.8 Kbits/sec                  
[  5]   3.00-4.00   sec  3.79 KBytes  31.0 Kbits/sec                  
[  5]   4.00-5.00   sec  3.59 KBytes  29.4 Kbits/sec                  
[  5]   5.00-6.00   sec  3.59 KBytes  29.3 Kbits/sec                  
[  5]   6.00-7.00   sec  3.79 KBytes  31.0 Kbits/sec                  
- - - - - - - - - - - - - - - - - - - - - - - - -
[ ID] Interval           Transfer     Bitrate
[  5]   0.00-7.02   sec  25.7 KBytes  30.0 Kbits/sec                  receiver
-----------------------------------------------------------
Server listening on 5005 (test #5)
-----------------------------------------------------------
Accepted connection from 10.42.0.11, port 46508
[  5] local 10.42.0.12 port 5005 connected to 10.42.0.11 port 46512
[ ID] Interval           Transfer     Bitrate
[  5]   0.00-1.00   sec  3.79 KBytes  31.0 Kbits/sec                  
[  5]   1.00-2.00   sec  3.59 KBytes  29.4 Kbits/sec                  
[  5]   2.00-3.00   sec  3.79 KBytes  31.0 Kbits/sec                  
[  5]   3.00-4.00   sec  3.59 KBytes  29.4 Kbits/sec                  
[  5]   4.00-5.00   sec  3.59 KBytes  29.4 Kbits/sec                  
[  5]   5.00-6.00   sec  3.79 KBytes  31.0 Kbits/sec                  
[  5]   6.00-7.00   sec  3.59 KBytes  29.4 Kbits/sec                  
- - - - - - - - - - - - - - - - - - - - - - - - -
[ ID] Interval           Transfer     Bitrate
[  5]   0.00-7.00   sec  25.7 KBytes  30.1 Kbits/sec                  receiver
-----------------------------------------------------------
Server listening on 5002 (test #9)
-----------------------------------------------------------
Accepted connection from 10.42.7.3, port 35520
[  5] local 10.42.0.12 port 5002 connected to 10.42.7.3 port 51896
[ ID] Interval           Transfer     Bitrate
[  5]   0.00-1.00   sec   204 Bytes  1.63 Kbits/sec                  
[  5]   1.00-2.00   sec  3.59 KBytes  29.4 Kbits/sec                  
[  5]   2.00-3.00   sec  3.19 KBytes  26.1 Kbits/sec                  
[  5]   3.00-4.00   sec  3.19 KBytes  26.1 Kbits/sec                  
[  5]   4.00-5.00   sec  4.98 KBytes  40.8 Kbits/sec                  
[  5]   5.00-6.00   sec  2.99 KBytes  24.5 Kbits/sec                  
[  5]   6.00-7.00   sec  3.39 KBytes  27.8 Kbits/sec                  
[  5]   7.00-7.60   sec  2.99 KBytes  40.7 Kbits/sec                  
- - - - - - - - - - - - - - - - - - - - - - - - -
[ ID] Interval           Transfer     Bitrate
[  5]   0.00-7.60   sec  24.5 KBytes  26.4 Kbits/sec                  receiver
-----------------------------------------------------------
Server listening on 5003 (test #8)
-----------------------------------------------------------
Accepted connection from 10.42.3.3, port 49110
[  5] local 10.42.0.12 port 5003 connected to 10.42.3.3 port 49120
[ ID] Interval           Transfer     Bitrate
[  5]   0.00-1.00   sec  3.59 KBytes  29.4 Kbits/sec                  
[  5]   1.00-2.00   sec  3.59 KBytes  29.4 Kbits/sec                  
[  5]   2.00-3.00   sec  3.79 KBytes  31.0 Kbits/sec                  
[  5]   3.00-4.00   sec  3.59 KBytes  29.4 Kbits/sec                  
[  5]   4.00-5.00   sec  3.59 KBytes  29.4 Kbits/sec                  
[  5]   5.00-6.00   sec  3.79 KBytes  31.0 Kbits/sec                  
[  5]   6.00-7.00   sec  3.59 KBytes  29.4 Kbits/sec                  
[  5]   7.00-7.05   sec   204 Bytes  32.1 Kbits/sec                  
- - - - - - - - - - - - - - - - - - - - - - - - -
[ ID] Interval           Transfer     Bitrate
[  5]   0.00-7.05   sec  25.7 KBytes  29.9 Kbits/sec                  receiver
-----------------------------------------------------------
Server listening on 5004 (test #6)
-----------------------------------------------------------
Accepted connection from 10.42.8.3, port 50588
[  5] local 10.42.0.12 port 5004 connected to 10.42.8.3 port 50602
[ ID] Interval           Transfer     Bitrate
[  5]   0.00-1.00   sec   204 Bytes  1.63 Kbits/sec                  
[  5]   1.00-2.00   sec  3.59 KBytes  29.4 Kbits/sec                  
[  5]   2.00-3.00   sec  3.19 KBytes  26.1 Kbits/sec                  
[  5]   3.00-4.00   sec  3.39 KBytes  27.7 Kbits/sec                  
[  5]   4.00-5.00   sec  3.39 KBytes  27.7 Kbits/sec                  
[  5]   5.00-6.00   sec  4.38 KBytes  35.9 Kbits/sec                  
[  5]   6.00-7.00   sec  3.19 KBytes  26.1 Kbits/sec                  
[  5]   7.00-7.83   sec  3.79 KBytes  37.4 Kbits/sec                  
- - - - - - - - - - - - - - - - - - - - - - - - -
[ ID] Interval           Transfer     Bitrate
[  5]   0.00-7.83   sec  25.1 KBytes  26.3 Kbits/sec                  receiver
-----------------------------------------------------------
Server listening on 5002 (test #10)
-----------------------------------------------------------
Accepted connection from 10.42.0.11, port 38738
[  5] local 10.42.0.12 port 5002 connected to 10.42.0.11 port 38744
[ ID] Interval           Transfer     Bitrate
[  5]   0.00-1.00   sec  3.79 KBytes  31.0 Kbits/sec                  
[  5]   1.00-2.00   sec  3.59 KBytes  29.3 Kbits/sec                  
[  5]   2.00-3.00   sec  3.79 KBytes  31.0 Kbits/sec                  
[  5]   3.00-4.00   sec  3.59 KBytes  29.4 Kbits/sec                  
[  5]   4.00-5.00   sec  3.59 KBytes  29.4 Kbits/sec                  
[  5]   5.00-6.00   sec  3.79 KBytes  31.0 Kbits/sec                  
[  5]   6.00-7.00   sec  3.59 KBytes  29.4 Kbits/sec                  
- - - - - - - - - - - - - - - - - - - - - - - - -
[ ID] Interval           Transfer     Bitrate
[  5]   0.00-7.00   sec  25.7 KBytes  30.1 Kbits/sec                  receiver
-----------------------------------------------------------
Server listening on 5003 (test #9)
-----------------------------------------------------------
Accepted connection from 10.42.5.3, port 44378
[  5] local 10.42.0.12 port 5003 connected to 10.42.5.3 port 44384
[ ID] Interval           Transfer     Bitrate
[  5]   0.00-1.00   sec   204 Bytes  1.63 Kbits/sec                  
[  5]   1.00-2.00   sec  3.98 KBytes  32.6 Kbits/sec                  
[  5]   2.00-3.00   sec  3.39 KBytes  27.8 Kbits/sec                  
[  5]   3.00-4.00   sec  4.18 KBytes  34.3 Kbits/sec                  
[  5]   4.00-5.00   sec  3.19 KBytes  26.1 Kbits/sec                  
[  5]   5.00-6.00   sec  4.18 KBytes  34.3 Kbits/sec                  
[  5]   6.00-7.00   sec  3.19 KBytes  26.1 Kbits/sec                  
[  5]   7.00-7.58   sec  2.79 KBytes  39.4 Kbits/sec                  
- - - - - - - - - - - - - - - - - - - - - - - - -
[ ID] Interval           Transfer     Bitrate
[  5]   0.00-7.58   sec  25.1 KBytes  27.1 Kbits/sec                  receiver
-----------------------------------------------------------
Server listening on 5002 (test #11)
-----------------------------------------------------------
Accepted connection from 10.42.3.3, port 54434
[  5] local 10.42.0.12 port 5002 connected to 10.42.3.3 port 54440
[ ID] Interval           Transfer     Bitrate
[  5]   0.00-1.00   sec  3.59 KBytes  29.3 Kbits/sec                  
[  5]   1.00-2.00   sec  3.79 KBytes  31.0 Kbits/sec                  
[  5]   2.00-3.00   sec  3.59 KBytes  29.4 Kbits/sec                  
[  5]   3.00-4.00   sec  3.59 KBytes  29.4 Kbits/sec                  
[  5]   4.00-5.00   sec  2.99 KBytes  24.5 Kbits/sec                  
[  5]   5.00-6.00   sec  4.38 KBytes  35.9 Kbits/sec                  
[  5]   6.00-7.00   sec  3.79 KBytes  31.0 Kbits/sec                  
- - - - - - - - - - - - - - - - - - - - - - - - -
[ ID] Interval           Transfer     Bitrate
[  5]   0.00-7.02   sec  25.7 KBytes  30.0 Kbits/sec                  receiver
-----------------------------------------------------------
Server listening on 5002 (test #12)
-----------------------------------------------------------
Accepted connection from 10.42.0.11, port 48348
[  5] local 10.42.0.12 port 5002 connected to 10.42.0.11 port 48362
[ ID] Interval           Transfer     Bitrate
[  5]   0.00-1.00   sec  3.79 KBytes  31.0 Kbits/sec                  
[  5]   1.00-2.00   sec  3.59 KBytes  29.4 Kbits/sec                  
[  5]   2.00-3.00   sec  3.79 KBytes  31.0 Kbits/sec                  
[  5]   3.00-4.00   sec  3.59 KBytes  29.4 Kbits/sec                  
[  5]   4.00-5.00   sec  3.59 KBytes  29.4 Kbits/sec                  
[  5]   5.00-6.00   sec  3.79 KBytes  31.0 Kbits/sec                  
[  5]   6.00-7.00   sec  3.59 KBytes  29.4 Kbits/sec                  
- - - - - - - - - - - - - - - - - - - - - - - - -
[ ID] Interval           Transfer     Bitrate
[  5]   0.00-7.00   sec  25.7 KBytes  30.1 Kbits/sec                  receiver
-----------------------------------------------------------
Server listening on 5003 (test #10)
-----------------------------------------------------------
Accepted connection from 10.42.7.3, port 55468
[  5] local 10.42.0.12 port 5003 connected to 10.42.7.3 port 55474
[ ID] Interval           Transfer     Bitrate
[  5]   0.00-1.00   sec   204 Bytes  1.63 Kbits/sec                  
[  5]   1.00-2.00   sec  3.59 KBytes  29.4 Kbits/sec                  
[  5]   2.00-3.00   sec  2.99 KBytes  24.5 Kbits/sec                  
[  5]   3.00-4.00   sec  3.19 KBytes  26.1 Kbits/sec                  
[  5]   4.00-5.00   sec  4.98 KBytes  40.8 Kbits/sec                  
[  5]   5.00-6.00   sec  2.99 KBytes  24.5 Kbits/sec                  
[  5]   6.00-7.00   sec  3.19 KBytes  26.1 Kbits/sec                  
[  5]   7.00-7.86   sec  4.18 KBytes  40.0 Kbits/sec                  
- - - - - - - - - - - - - - - - - - - - - - - - -
[ ID] Interval           Transfer     Bitrate
[  5]   0.00-7.86   sec  25.3 KBytes  26.4 Kbits/sec                  receiver
-----------------------------------------------------------
Server listening on 5003 (test #11)
-----------------------------------------------------------
Accepted connection from 10.42.3.3, port 54260
[  5] local 10.42.0.12 port 5003 connected to 10.42.3.3 port 54274
[ ID] Interval           Transfer     Bitrate
[  5]   0.00-1.00   sec  3.59 KBytes  29.4 Kbits/sec                  
[  5]   1.00-2.00   sec  3.79 KBytes  31.0 Kbits/sec                  
[  5]   2.00-3.00   sec  3.59 KBytes  29.4 Kbits/sec                  
[  5]   3.00-4.00   sec  3.79 KBytes  31.0 Kbits/sec                  
[  5]   4.00-5.00   sec  3.59 KBytes  29.4 Kbits/sec                  
[  5]   5.00-6.00   sec  3.59 KBytes  29.4 Kbits/sec                  
[  5]   6.00-7.00   sec  3.79 KBytes  31.0 Kbits/sec                  
- - - - - - - - - - - - - - - - - - - - - - - - -
[ ID] Interval           Transfer     Bitrate
[  5]   0.00-7.02   sec  25.7 KBytes  30.0 Kbits/sec                  receiver
-----------------------------------------------------------
Server listening on 5002 (test #13)
-----------------------------------------------------------
Accepted connection from 10.42.5.3, port 46966
[  5] local 10.42.0.12 port 5002 connected to 10.42.5.3 port 46982
[ ID] Interval           Transfer     Bitrate
[  5]   0.00-1.00   sec  1.39 KBytes  11.4 Kbits/sec                  
[  5]   1.00-2.00   sec  2.59 KBytes  21.2 Kbits/sec                  
[  5]   2.00-3.00   sec  4.38 KBytes  35.9 Kbits/sec                  
[  5]   3.00-4.00   sec  3.39 KBytes  27.7 Kbits/sec                  
[  5]   4.00-5.00   sec  3.98 KBytes  32.6 Kbits/sec                  
[  5]   5.00-6.00   sec  4.18 KBytes  34.3 Kbits/sec                  
[  5]   6.00-7.00   sec  3.19 KBytes  26.1 Kbits/sec                  
[  5]   7.00-7.52   sec  1.99 KBytes  31.2 Kbits/sec                  
- - - - - - - - - - - - - - - - - - - - - - - - -
[ ID] Interval           Transfer     Bitrate
[  5]   0.00-7.52   sec  25.1 KBytes  27.3 Kbits/sec                  receiver
-----------------------------------------------------------
Server listening on 5004 (test #7)
-----------------------------------------------------------
Accepted connection from 10.42.8.3, port 38812
[  5] local 10.42.0.12 port 5004 connected to 10.42.8.3 port 38824
[ ID] Interval           Transfer     Bitrate
[  5]   0.00-1.00   sec   204 Bytes  1.63 Kbits/sec                  
[  5]   1.00-2.00   sec  3.59 KBytes  29.4 Kbits/sec                  
[  5]   2.00-3.00   sec  3.19 KBytes  26.1 Kbits/sec                  
[  5]   3.00-4.00   sec  3.59 KBytes  29.4 Kbits/sec                  
[  5]   4.00-5.00   sec  3.19 KBytes  26.1 Kbits/sec                  
[  5]   5.00-6.00   sec  3.39 KBytes  27.8 Kbits/sec                  
[  5]   6.00-7.00   sec  4.58 KBytes  37.5 Kbits/sec                  
[  5]   7.00-7.72   sec  2.59 KBytes  29.4 Kbits/sec                  
- - - - - - - - - - - - - - - - - - - - - - - - -
[ ID] Interval           Transfer     Bitrate
[  5]   0.00-7.72   sec  24.3 KBytes  25.8 Kbits/sec                  receiver
-----------------------------------------------------------
Server listening on 5003 (test #12)
-----------------------------------------------------------
Accepted connection from 10.42.0.11, port 46434
[  5] local 10.42.0.12 port 5003 connected to 10.42.0.11 port 46448
[ ID] Interval           Transfer     Bitrate
[  5]   0.00-1.00   sec  3.79 KBytes  31.0 Kbits/sec                  
[  5]   1.00-2.00   sec  3.59 KBytes  29.4 Kbits/sec                  
[  5]   2.00-3.00   sec  3.79 KBytes  31.0 Kbits/sec                  
[  5]   3.00-4.00   sec  3.59 KBytes  29.4 Kbits/sec                  
[  5]   4.00-5.00   sec  3.59 KBytes  29.4 Kbits/sec                  
[  5]   5.00-6.00   sec  3.79 KBytes  31.0 Kbits/sec                  
[  5]   6.00-7.00   sec  3.59 KBytes  29.4 Kbits/sec                  
- - - - - - - - - - - - - - - - - - - - - - - - -
[ ID] Interval           Transfer     Bitrate
[  5]   0.00-7.00   sec  25.7 KBytes  30.1 Kbits/sec                  receiver
Server listening on 5007 (test #1)
-----------------------------------------------------------
Accepted connection from 10.42.6.5, port 54608
[  5] local 10.42.0.12 port 5007 connected to 10.42.6.5 port 47740
[ ID] Interval           Transfer     Bitrate
[  5]   0.00-1.00   sec   204 Bytes  1.63 Kbits/sec                  
[  5]   1.00-2.00   sec  2.59 KBytes  21.2 Kbits/sec                  
[  5]   2.00-3.00   sec  3.98 KBytes  32.6 Kbits/sec                  
[  5]   3.00-4.00   sec  2.59 KBytes  21.2 Kbits/sec                  
[  5]   4.00-5.00   sec  4.18 KBytes  34.3 Kbits/sec                  
[  5]   5.00-6.00   sec  4.38 KBytes  35.9 Kbits/sec                  
[  5]   6.00-7.00   sec  3.98 KBytes  32.6 Kbits/sec                  
[  5]   7.00-7.70   sec  2.79 KBytes  32.5 Kbits/sec                  
- - - - - - - - - - - - - - - - - - - - - - - - -
[ ID] Interval           Transfer     Bitrate
[  5]   0.00-7.70   sec  24.7 KBytes  26.3 Kbits/sec                  receiver
-----------------------------------------------------------
Server listening on 5002 (test #14)
-----------------------------------------------------------
Accepted connection from 10.42.7.3, port 33218
[  5] local 10.42.0.12 port 5002 connected to 10.42.7.3 port 33228
[ ID] Interval           Transfer     Bitrate
[  5]   0.00-1.00   sec   204 Bytes  1.63 Kbits/sec                  
[  5]   1.00-2.00   sec  2.79 KBytes  22.8 Kbits/sec                  
[  5]   2.00-3.00   sec  3.39 KBytes  27.7 Kbits/sec                  
[  5]   3.00-4.00   sec  3.98 KBytes  32.6 Kbits/sec                  
[  5]   4.00-5.00   sec  3.39 KBytes  27.7 Kbits/sec                  
[  5]   5.00-6.00   sec  4.38 KBytes  35.9 Kbits/sec                  
[  5]   6.00-7.00   sec  3.19 KBytes  26.1 Kbits/sec                  
[  5]   7.00-7.91   sec  4.18 KBytes  37.5 Kbits/sec                  
- - - - - - - - - - - - - - - - - - - - - - - - -
[ ID] Interval           Transfer     Bitrate
[  5]   0.00-7.91   sec  25.5 KBytes  26.4 Kbits/sec                  receiver
-----------------------------------------------------------
Server listening on 5003 (test #13)
-----------------------------------------------------------
Accepted connection from 10.42.3.3, port 54126
[  5] local 10.42.0.12 port 5003 connected to 10.42.3.3 port 54132
[ ID] Interval           Transfer     Bitrate
[  5]   0.00-1.00   sec  3.59 KBytes  29.3 Kbits/sec                  
[  5]   1.00-2.00   sec  3.79 KBytes  31.0 Kbits/sec                  
[  5]   2.00-3.00   sec  3.59 KBytes  29.4 Kbits/sec                  
[  5]   3.00-4.00   sec  3.79 KBytes  31.0 Kbits/sec                  
[  5]   4.00-5.00   sec  3.59 KBytes  29.4 Kbits/sec                  
[  5]   5.00-6.00   sec  3.59 KBytes  29.3 Kbits/sec                  
[  5]   6.00-7.00   sec  3.79 KBytes  31.0 Kbits/sec                  
- - - - - - - - - - - - - - - - - - - - - - - - -
[ ID] Interval           Transfer     Bitrate
[  5]   0.00-7.02   sec  25.7 KBytes  30.0 Kbits/sec                  receiver
-----------------------------------------------------------
Server listening on 5004 (test #8)
-----------------------------------------------------------
Accepted connection from 10.42.5.3, port 50634
[  5] local 10.42.0.12 port 5004 connected to 10.42.5.3 port 50640
[ ID] Interval           Transfer     Bitrate
[  5]   0.00-1.00   sec  1.39 KBytes  11.4 Kbits/sec                  
[  5]   1.00-2.00   sec  2.59 KBytes  21.2 Kbits/sec                  
[  5]   2.00-3.00   sec  4.18 KBytes  34.3 Kbits/sec                  
[  5]   3.00-4.00   sec  3.98 KBytes  32.6 Kbits/sec                  
[  5]   4.00-5.00   sec  4.18 KBytes  34.3 Kbits/sec                  
[  5]   5.00-6.00   sec  3.19 KBytes  26.1 Kbits/sec                  
[  5]   6.00-7.00   sec  2.79 KBytes  22.8 Kbits/sec                  
[  5]   7.00-7.55   sec  3.19 KBytes  47.1 Kbits/sec                  
- - - - - - - - - - - - - - - - - - - - - - - - -
[ ID] Interval           Transfer     Bitrate
[  5]   0.00-7.55   sec  25.5 KBytes  27.7 Kbits/sec                  receiver
-----------------------------------------------------------
Server listening on 5002 (test #15)
-----------------------------------------------------------
Accepted connection from 10.42.8.3, port 57120
[  5] local 10.42.0.12 port 5002 connected to 10.42.8.3 port 60776
[ ID] Interval           Transfer     Bitrate
[  5]   0.00-1.00   sec   204 Bytes  1.63 Kbits/sec                  
[  5]   1.00-2.00   sec  3.59 KBytes  29.4 Kbits/sec                  
[  5]   2.00-3.00   sec  3.19 KBytes  26.1 Kbits/sec                  
[  5]   3.00-4.00   sec  3.19 KBytes  26.1 Kbits/sec                  
[  5]   4.00-5.00   sec  4.98 KBytes  40.8 Kbits/sec                  
[  5]   5.00-6.00   sec  3.19 KBytes  26.1 Kbits/sec                  
[  5]   6.00-7.00   sec  2.99 KBytes  24.5 Kbits/sec                  
[  5]   7.00-7.62   sec  3.19 KBytes  42.0 Kbits/sec                  
- - - - - - - - - - - - - - - - - - - - - - - - -
[ ID] Interval           Transfer     Bitrate
[  5]   0.00-7.62   sec  24.5 KBytes  26.3 Kbits/sec                  receiver
-----------------------------------------------------------
Server listening on 5003 (test #14)
-----------------------------------------------------------
Accepted connection from 10.42.0.11, port 60836
[  5] local 10.42.0.12 port 5003 connected to 10.42.0.11 port 60852
[ ID] Interval           Transfer     Bitrate
[  5]   0.00-1.00   sec  3.79 KBytes  31.0 Kbits/sec                  
[  5]   1.00-2.00   sec  3.59 KBytes  29.4 Kbits/sec                  
[  5]   2.00-3.00   sec  3.79 KBytes  31.0 Kbits/sec                  
[  5]   3.00-4.00   sec  3.59 KBytes  29.4 Kbits/sec                  
[  5]   4.00-5.00   sec  3.59 KBytes  29.4 Kbits/sec                  
[  5]   5.00-6.00   sec  3.79 KBytes  31.0 Kbits/sec                  
[  5]   6.00-7.00   sec  3.59 KBytes  29.4 Kbits/sec                  
- - - - - - - - - - - - - - - - - - - - - - - - -
[ ID] Interval           Transfer     Bitrate
[  5]   0.00-7.00   sec  25.7 KBytes  30.1 Kbits/sec                  receiver
-----------------------------------------------------------
Server listening on 5003 (test #15)
-----------------------------------------------------------
Accepted connection from 10.42.7.3, port 38242
[  5] local 10.42.0.12 port 5003 connected to 10.42.7.3 port 38246
[ ID] Interval           Transfer     Bitrate
[  5]   0.00-1.00   sec   204 Bytes  1.63 Kbits/sec                  
[  5]   1.00-2.00   sec  3.59 KBytes  29.4 Kbits/sec                  
[  5]   2.00-3.00   sec  3.19 KBytes  26.1 Kbits/sec                  
[  5]   3.00-4.00   sec  2.99 KBytes  24.5 Kbits/sec                  
[  5]   4.00-5.00   sec  4.98 KBytes  40.8 Kbits/sec                  
[  5]   5.00-6.00   sec  3.19 KBytes  26.1 Kbits/sec                  
[  5]   6.00-7.00   sec  2.99 KBytes  24.5 Kbits/sec                  
[  5]   7.00-7.98   sec  4.38 KBytes  36.8 Kbits/sec                  
- - - - - - - - - - - - - - - - - - - - - - - - -
[ ID] Interval           Transfer     Bitrate
[  5]   0.00-7.98   sec  25.5 KBytes  26.2 Kbits/sec                  receiver
-----------------------------------------------------------
Server listening on 5002 (test #16)
-----------------------------------------------------------
Accepted connection from 10.42.3.3, port 55794
[  5] local 10.42.0.12 port 5002 connected to 10.42.3.3 port 55796
[ ID] Interval           Transfer     Bitrate
[  5]   0.00-1.00   sec  3.59 KBytes  29.4 Kbits/sec                  
[  5]   1.00-2.00   sec  3.59 KBytes  29.4 Kbits/sec                  
[  5]   2.00-3.00   sec  3.79 KBytes  31.0 Kbits/sec                  
[  5]   3.00-4.00   sec  3.79 KBytes  31.0 Kbits/sec                  
[  5]   4.00-5.00   sec  3.59 KBytes  29.4 Kbits/sec                  
[  5]   5.00-6.00   sec  3.59 KBytes  29.4 Kbits/sec                  
[  5]   6.00-7.00   sec  3.79 KBytes  31.0 Kbits/sec                  
- - - - - - - - - - - - - - - - - - - - - - - - -
[ ID] Interval           Transfer     Bitrate
[  5]   0.00-7.04   sec  25.7 KBytes  29.9 Kbits/sec                  receiver
-----------------------------------------------------------
Server listening on 5004 (test #9)
-----------------------------------------------------------
Accepted connection from 10.42.0.11, port 38852
[  5] local 10.42.0.12 port 5004 connected to 10.42.0.11 port 38856
[ ID] Interval           Transfer     Bitrate
[  5]   0.00-1.00   sec  3.79 KBytes  31.0 Kbits/sec                  
[  5]   1.00-2.00   sec  3.59 KBytes  29.4 Kbits/sec                  
[  5]   2.00-3.00   sec  3.79 KBytes  31.0 Kbits/sec                  
[  5]   3.00-4.00   sec  3.59 KBytes  29.4 Kbits/sec                  
[  5]   4.00-5.00   sec  3.59 KBytes  29.4 Kbits/sec                  
[  5]   5.00-6.00   sec  3.79 KBytes  31.0 Kbits/sec                  
[  5]   6.00-7.00   sec  3.59 KBytes  29.4 Kbits/sec                  
- - - - - - - - - - - - - - - - - - - - - - - - -
[ ID] Interval           Transfer     Bitrate
[  5]   0.00-7.00   sec  25.7 KBytes  30.1 Kbits/sec                  receiver
-----------------------------------------------------------
Server listening on 5005 (test #6)
-----------------------------------------------------------
Accepted connection from 10.42.6.5, port 52156
[  5] local 10.42.0.12 port 5005 connected to 10.42.6.5 port 47500
[ ID] Interval           Transfer     Bitrate
[  5]   0.00-1.00   sec   204 Bytes  1.63 Kbits/sec                  
[  5]   1.00-2.00   sec  3.59 KBytes  29.4 Kbits/sec                  
[  5]   2.00-3.00   sec  2.99 KBytes  24.5 Kbits/sec                  
[  5]   3.00-4.00   sec  3.19 KBytes  26.1 Kbits/sec                  
[  5]   4.00-5.00   sec  4.98 KBytes  40.8 Kbits/sec                  
[  5]   5.00-6.00   sec  2.99 KBytes  24.5 Kbits/sec                  
[  5]   6.00-7.00   sec  3.19 KBytes  26.1 Kbits/sec                  
[  5]   7.00-7.86   sec  4.18 KBytes  40.1 Kbits/sec                  
- - - - - - - - - - - - - - - - - - - - - - - - -
[ ID] Interval           Transfer     Bitrate
[  5]   0.00-7.86   sec  25.3 KBytes  26.4 Kbits/sec                  receiver
-----------------------------------------------------------
Server listening on 5006 (test #3)
-----------------------------------------------------------
Accepted connection from 10.42.5.3, port 34764
[  5] local 10.42.0.12 port 5006 connected to 10.42.5.3 port 34772
[ ID] Interval           Transfer     Bitrate
[  5]   0.00-1.00   sec  1.39 KBytes  11.4 Kbits/sec                  
[  5]   1.00-2.00   sec  2.59 KBytes  21.2 Kbits/sec                  
[  5]   2.00-3.00   sec  4.18 KBytes  34.3 Kbits/sec                  
[  5]   3.00-4.00   sec  4.18 KBytes  34.3 Kbits/sec                  
[  5]   4.00-5.00   sec  3.19 KBytes  26.1 Kbits/sec                  
[  5]   5.00-6.00   sec  4.18 KBytes  34.3 Kbits/sec                  
[  5]   6.00-7.00   sec  2.79 KBytes  22.8 Kbits/sec                  
[  5]   7.00-7.52   sec  1.99 KBytes  31.2 Kbits/sec                  
- - - - - - - - - - - - - - - - - - - - - - - - -
[ ID] Interval           Transfer     Bitrate
[  5]   0.00-7.52   sec  24.5 KBytes  26.7 Kbits/sec                  receiver
-----------------------------------------------------------
Server listening on 5002 (test #17)
-----------------------------------------------------------
Accepted connection from 10.42.8.3, port 50116
[  5] local 10.42.0.12 port 5002 connected to 10.42.8.3 port 50120
[ ID] Interval           Transfer     Bitrate
[  5]   0.00-1.00   sec   204 Bytes  1.63 Kbits/sec                  
[  5]   1.00-2.00   sec  3.59 KBytes  29.4 Kbits/sec                  
[  5]   2.00-3.00   sec  3.39 KBytes  27.7 Kbits/sec                  
[  5]   3.00-4.00   sec  3.19 KBytes  26.1 Kbits/sec                  
[  5]   4.00-5.00   sec  4.38 KBytes  35.9 Kbits/sec                  
[  5]   5.00-6.00   sec  3.59 KBytes  29.4 Kbits/sec                  
[  5]   6.00-7.00   sec  3.19 KBytes  26.1 Kbits/sec                  
[  5]   7.00-7.63   sec  2.99 KBytes  39.0 Kbits/sec                  
- - - - - - - - - - - - - - - - - - - - - - - - -
[ ID] Interval           Transfer     Bitrate
[  5]   0.00-7.63   sec  24.5 KBytes  26.3 Kbits/sec                  receiver
-----------------------------------------------------------
Server listening on 5003 (test #16)
-----------------------------------------------------------
Accepted connection from 10.42.3.3, port 52506
[  5] local 10.42.0.12 port 5003 connected to 10.42.3.3 port 52510
[ ID] Interval           Transfer     Bitrate
[  5]   0.00-1.00   sec  3.59 KBytes  29.3 Kbits/sec                  
[  5]   1.00-2.00   sec  3.79 KBytes  31.0 Kbits/sec                  
[  5]   2.00-3.00   sec  3.59 KBytes  29.4 Kbits/sec                  
[  5]   3.00-4.00   sec  3.79 KBytes  31.0 Kbits/sec                  
[  5]   4.00-5.00   sec  3.39 KBytes  27.8 Kbits/sec                  
[  5]   5.00-6.00   sec  3.79 KBytes  31.0 Kbits/sec                  
[  5]   6.00-7.00   sec  3.79 KBytes  31.0 Kbits/sec                  
- - - - - - - - - - - - - - - - - - - - - - - - -
[ ID] Interval           Transfer     Bitrate
[  5]   0.00-7.02   sec  25.7 KBytes  30.0 Kbits/sec                  receiver
-----------------------------------------------------------
Server listening on 5002 (test #18)
-----------------------------------------------------------
Accepted connection from 10.42.0.11, port 50228
[  5] local 10.42.0.12 port 5002 connected to 10.42.0.11 port 50234
[ ID] Interval           Transfer     Bitrate
[  5]   0.00-1.00   sec  3.79 KBytes  31.0 Kbits/sec                  
[  5]   1.00-2.00   sec  3.59 KBytes  29.4 Kbits/sec                  
[  5]   2.00-3.00   sec  3.79 KBytes  31.0 Kbits/sec                  
[  5]   3.00-4.00   sec  3.59 KBytes  29.4 Kbits/sec                  
[  5]   4.00-5.00   sec  3.59 KBytes  29.4 Kbits/sec                  
[  5]   5.00-6.00   sec  3.79 KBytes  31.0 Kbits/sec                  
[  5]   6.00-7.00   sec  3.59 KBytes  29.4 Kbits/sec                  
- - - - - - - - - - - - - - - - - - - - - - - - -
[ ID] Interval           Transfer     Bitrate
[  5]   0.00-7.00   sec  25.7 KBytes  30.1 Kbits/sec                  receiver
-----------------------------------------------------------
Server listening on 5003 (test #17)
-----------------------------------------------------------
Accepted connection from 10.42.7.3, port 37230
[  5] local 10.42.0.12 port 5003 connected to 10.42.7.3 port 37244
[ ID] Interval           Transfer     Bitrate
[  5]   0.00-1.00   sec   204 Bytes  1.63 Kbits/sec                  
[  5]   1.00-2.00   sec  3.59 KBytes  29.4 Kbits/sec                  
[  5]   2.00-3.00   sec  2.99 KBytes  24.5 Kbits/sec                  
[  5]   3.00-4.00   sec  3.19 KBytes  26.1 Kbits/sec                  
[  5]   4.00-5.00   sec  4.98 KBytes  40.8 Kbits/sec                  
[  5]   5.00-6.00   sec  2.99 KBytes  24.5 Kbits/sec                  
[  5]   6.00-7.00   sec  3.19 KBytes  26.1 Kbits/sec                  
[  5]   7.00-7.91   sec  4.38 KBytes  39.4 Kbits/sec                  
- - - - - - - - - - - - - - - - - - - - - - - - -
[ ID] Interval           Transfer     Bitrate
[  5]   0.00-7.91   sec  25.5 KBytes  26.4 Kbits/sec                  receiver
-----------------------------------------------------------
Server listening on 5004 (test #10)
-----------------------------------------------------------
Accepted connection from 10.42.5.3, port 36864
[  5] local 10.42.0.12 port 5004 connected to 10.42.5.3 port 49616
[ ID] Interval           Transfer     Bitrate
[  5]   0.00-1.00   sec  1.39 KBytes  11.4 Kbits/sec                  
[  5]   1.00-2.00   sec  2.59 KBytes  21.2 Kbits/sec                  
[  5]   2.00-3.00   sec  4.18 KBytes  34.3 Kbits/sec                  
[  5]   3.00-4.00   sec  3.98 KBytes  32.6 Kbits/sec                  
[  5]   4.00-5.00   sec  3.98 KBytes  32.6 Kbits/sec                  
[  5]   5.00-6.00   sec  3.39 KBytes  27.7 Kbits/sec                  
[  5]   6.00-7.00   sec  2.79 KBytes  22.8 Kbits/sec                  
[  5]   7.00-7.55   sec  3.19 KBytes  47.1 Kbits/sec                  
- - - - - - - - - - - - - - - - - - - - - - - - -
[ ID] Interval           Transfer     Bitrate
[  5]   0.00-7.55   sec  25.5 KBytes  27.7 Kbits/sec                  receiver
-----------------------------------------------------------
Server listening on 5002 (test #19)
-----------------------------------------------------------
Accepted connection from 10.42.3.3, port 35418
[  5] local 10.42.0.12 port 5002 connected to 10.42.3.3 port 35426
[ ID] Interval           Transfer     Bitrate
[  5]   0.00-1.00   sec  3.59 KBytes  29.3 Kbits/sec                  
[  5]   1.00-2.00   sec  3.79 KBytes  31.0 Kbits/sec                  
[  5]   2.00-3.00   sec  3.59 KBytes  29.4 Kbits/sec                  
[  5]   3.00-4.00   sec  3.59 KBytes  29.4 Kbits/sec                  
[  5]   4.00-5.00   sec  3.79 KBytes  31.0 Kbits/sec                  
[  5]   5.00-6.00   sec  3.59 KBytes  29.4 Kbits/sec                  
[  5]   6.00-7.00   sec  3.79 KBytes  31.0 Kbits/sec                  
- - - - - - - - - - - - - - - - - - - - - - - - -
[ ID] Interval           Transfer     Bitrate
[  5]   0.00-7.02   sec  25.7 KBytes  30.0 Kbits/sec                  receiver
-----------------------------------------------------------
Server listening on 5003 (test #18)
-----------------------------------------------------------
Accepted connection from 10.42.0.11, port 56354
[  5] local 10.42.0.12 port 5003 connected to 10.42.0.11 port 56358
[ ID] Interval           Transfer     Bitrate
[  5]   0.00-1.00   sec  3.79 KBytes  31.0 Kbits/sec                  
[  5]   1.00-2.00   sec  3.59 KBytes  29.4 Kbits/sec                  
[  5]   2.00-3.00   sec  3.79 KBytes  31.0 Kbits/sec                  
[  5]   3.00-4.00   sec  3.59 KBytes  29.4 Kbits/sec                  
[  5]   4.00-5.00   sec  3.59 KBytes  29.4 Kbits/sec                  
[  5]   5.00-6.00   sec  3.79 KBytes  31.0 Kbits/sec                  
[  5]   6.00-7.00   sec  3.59 KBytes  29.4 Kbits/sec                  
- - - - - - - - - - - - - - - - - - - - - - - - -
[ ID] Interval           Transfer     Bitrate
[  5]   0.00-7.00   sec  25.7 KBytes  30.1 Kbits/sec                  receiver
-----------------------------------------------------------
Server listening on 5004 (test #11)
-----------------------------------------------------------
Accepted connection from 10.42.8.3, port 38470
[  5] local 10.42.0.12 port 5004 connected to 10.42.8.3 port 33578
[ ID] Interval           Transfer     Bitrate
[  5]   0.00-1.00   sec   204 Bytes  1.63 Kbits/sec                  
[  5]   1.00-2.00   sec  3.59 KBytes  29.4 Kbits/sec                  
[  5]   2.00-3.00   sec  3.39 KBytes  27.7 Kbits/sec                  
[  5]   3.00-4.00   sec  3.19 KBytes  26.1 Kbits/sec                  
[  5]   4.00-5.00   sec  3.19 KBytes  26.1 Kbits/sec                  
[  5]   5.00-6.00   sec  5.18 KBytes  42.4 Kbits/sec                  
[  5]   6.00-7.00   sec  3.19 KBytes  26.1 Kbits/sec                  
[  5]   7.00-7.68   sec  3.19 KBytes  38.3 Kbits/sec                  
- - - - - - - - - - - - - - - - - - - - - - - - -
[ ID] Interval           Transfer     Bitrate
[  5]   0.00-7.68   sec  25.1 KBytes  26.8 Kbits/sec                  receiver
-----------------------------------------------------------
Server listening on 5003 (test #19)
-----------------------------------------------------------
Accepted connection from 10.42.3.3, port 41062
[  5] local 10.42.0.12 port 5003 connected to 10.42.3.3 port 41074
[ ID] Interval           Transfer     Bitrate
[  5]   0.00-1.00   sec  3.59 KBytes  29.3 Kbits/sec                  
[  5]   1.00-2.00   sec  3.59 KBytes  29.4 Kbits/sec                  
[  5]   2.00-3.00   sec  3.79 KBytes  31.0 Kbits/sec                  
[  5]   3.00-4.00   sec  3.79 KBytes  31.0 Kbits/sec                  
[  5]   4.00-5.00   sec  3.39 KBytes  27.7 Kbits/sec                  
[  5]   5.00-6.00   sec  3.79 KBytes  31.0 Kbits/sec                  
[  5]   6.00-7.00   sec  3.79 KBytes  31.0 Kbits/sec                  
- - - - - - - - - - - - - - - - - - - - - - - - -
[ ID] Interval           Transfer     Bitrate
[  5]   0.00-7.05   sec  25.7 KBytes  29.9 Kbits/sec                  receiver
-----------------------------------------------------------
Server listening on 5002 (test #20)
-----------------------------------------------------------
Accepted connection from 10.42.7.3, port 44440
[  5] local 10.42.0.12 port 5002 connected to 10.42.7.3 port 44446
[ ID] Interval           Transfer     Bitrate
[  5]   0.00-1.00   sec   204 Bytes  1.63 Kbits/sec                  
[  5]   1.00-2.00   sec  3.59 KBytes  29.4 Kbits/sec                  
[  5]   2.00-3.00   sec  3.19 KBytes  26.1 Kbits/sec                  
[  5]   3.00-4.00   sec  2.99 KBytes  24.5 Kbits/sec                  
[  5]   4.00-5.00   sec  5.18 KBytes  42.4 Kbits/sec                  
[  5]   5.00-6.00   sec  3.19 KBytes  26.1 Kbits/sec                  
[  5]   6.00-7.00   sec  2.59 KBytes  21.2 Kbits/sec                  
[  5]   7.00-8.00   sec  4.38 KBytes  35.9 Kbits/sec                  
- - - - - - - - - - - - - - - - - - - - - - - - -
[ ID] Interval           Transfer     Bitrate
[  5]   0.00-8.03   sec  25.3 KBytes  25.8 Kbits/sec                  receiver
-----------------------------------------------------------
Server listening on 5004 (test #12)
-----------------------------------------------------------
Accepted connection from 10.42.5.3, port 58260
[  5] local 10.42.0.12 port 5004 connected to 10.42.5.3 port 58276
[ ID] Interval           Transfer     Bitrate
[  5]   0.00-1.00   sec  1.39 KBytes  11.4 Kbits/sec                  
[  5]   1.00-2.00   sec  2.59 KBytes  21.2 Kbits/sec                  
[  5]   2.00-3.00   sec  4.18 KBytes  34.3 Kbits/sec                  
[  5]   3.00-4.00   sec  3.98 KBytes  32.6 Kbits/sec                  
[  5]   4.00-5.00   sec  3.98 KBytes  32.6 Kbits/sec                  
[  5]   5.00-6.00   sec  3.39 KBytes  27.7 Kbits/sec                  
[  5]   6.00-7.00   sec  2.79 KBytes  22.8 Kbits/sec                  
[  5]   7.00-7.56   sec  3.19 KBytes  47.1 Kbits/sec                  
- - - - - - - - - - - - - - - - - - - - - - - - -
[ ID] Interval           Transfer     Bitrate
[  5]   0.00-7.56   sec  25.5 KBytes  27.6 Kbits/sec                  receiver
-----------------------------------------------------------
Server listening on 5002 (test #21)
-----------------------------------------------------------
Accepted connection from 10.42.0.11, port 41436
[  5] local 10.42.0.12 port 5002 connected to 10.42.0.11 port 41442
[ ID] Interval           Transfer     Bitrate
[  5]   0.00-1.00   sec  3.79 KBytes  31.0 Kbits/sec                  
[  5]   1.00-2.00   sec  3.59 KBytes  29.4 Kbits/sec                  
[  5]   2.00-3.00   sec  3.79 KBytes  31.0 Kbits/sec                  
[  5]   3.00-4.00   sec  3.59 KBytes  29.4 Kbits/sec                  
[  5]   4.00-5.00   sec  3.59 KBytes  29.4 Kbits/sec                  
[  5]   5.00-6.00   sec  3.79 KBytes  31.0 Kbits/sec                  
[  5]   6.00-7.00   sec  3.59 KBytes  29.4 Kbits/sec                  
- - - - - - - - - - - - - - - - - - - - - - - - -
[ ID] Interval           Transfer     Bitrate
[  5]   0.00-7.00   sec  25.7 KBytes  30.1 Kbits/sec                  receiver
-----------------------------------------------------------
Server listening on 5005 (test #7)
-----------------------------------------------------------
Accepted connection from 10.42.6.5, port 34144
[  5] local 10.42.0.12 port 5005 connected to 10.42.6.5 port 34738
[ ID] Interval           Transfer     Bitrate
[  5]   0.00-1.00   sec  0.00 Bytes  0.00 bits/sec                  
[  5]   1.00-2.00   sec  0.00 Bytes  0.00 bits/sec                  
[  5]   2.00-3.00   sec  0.00 Bytes  0.00 bits/sec                  
[  5]   3.00-4.00   sec   204 Bytes  1.63 Kbits/sec                  
[  5]   4.00-5.00   sec  2.79 KBytes  22.8 Kbits/sec                  
[  5]   5.00-6.00   sec  4.58 KBytes  37.5 Kbits/sec                  
[  5]   6.00-7.00   sec  2.79 KBytes  22.8 Kbits/sec                  
[  5]   7.00-8.00   sec  4.38 KBytes  35.9 Kbits/sec                  
[  5]   8.00-9.00   sec  2.59 KBytes  21.2 Kbits/sec                  
[  5]   9.00-10.00  sec  4.18 KBytes  34.3 Kbits/sec                  
[  5]  10.00-10.89  sec  3.98 KBytes  36.7 Kbits/sec                  
-----------------------------------------------------------
Server listening on 5002 (test #22)
-----------------------------------------------------------
Accepted connection from 10.42.3.3, port 44570
[  5] local 10.42.0.12 port 5002 connected to 10.42.3.3 port 44580
[ ID] Interval           Transfer     Bitrate
[  5]   0.00-1.00   sec  3.59 KBytes  29.4 Kbits/sec                  
[  5]   1.00-2.00   sec  3.79 KBytes  31.0 Kbits/sec                  
[  5]   2.00-3.00   sec  3.59 KBytes  29.4 Kbits/sec                  
[  5]   3.00-4.00   sec  3.79 KBytes  31.0 Kbits/sec                  
[  5]   4.00-5.00   sec  3.39 KBytes  27.7 Kbits/sec                  
[  5]   5.00-6.00   sec  3.79 KBytes  31.0 Kbits/sec                  
[  5]   6.00-7.00   sec  3.79 KBytes  31.0 Kbits/sec                  
- - - - - - - - - - - - - - - - - - - - - - - - -
[ ID] Interval           Transfer     Bitrate
[  5]   0.00-7.02   sec  25.7 KBytes  30.0 Kbits/sec                  receiver
-----------------------------------------------------------
Server listening on 5003 (test #20)
-----------------------------------------------------------
Accepted connection from 10.42.8.3, port 45414
[  5] local 10.42.0.12 port 5003 connected to 10.42.8.3 port 45418
[ ID] Interval           Transfer     Bitrate
[  5]   0.00-1.00   sec   204 Bytes  1.63 Kbits/sec                  
[  5]   1.00-2.00   sec  3.59 KBytes  29.4 Kbits/sec                  
[  5]   2.00-3.00   sec  3.19 KBytes  26.1 Kbits/sec                  
[  5]   3.00-4.00   sec  2.99 KBytes  24.5 Kbits/sec                  
[  5]   4.00-5.00   sec  4.98 KBytes  40.8 Kbits/sec                  
[  5]   5.00-6.00   sec  3.19 KBytes  26.1 Kbits/sec                  
[  5]   6.00-7.00   sec  3.39 KBytes  27.7 Kbits/sec                  
[  5]   7.00-7.62   sec  2.99 KBytes  39.5 Kbits/sec                  
- - - - - - - - - - - - - - - - - - - - - - - - -
[ ID] Interval           Transfer     Bitrate
[  5]   0.00-7.62   sec  24.5 KBytes  26.3 Kbits/sec                  receiver
- - - - - - - - - - - - - - - - - - - - - - - - -
[ ID] Interval           Transfer     Bitrate
[  5]   0.00-10.89  sec  25.5 KBytes  19.2 Kbits/sec                  receiver
-----------------------------------------------------------
Server listening on 5004 (test #13)
-----------------------------------------------------------
Accepted connection from 10.42.7.3, port 36144
[  5] local 10.42.0.12 port 5004 connected to 10.42.7.3 port 36154
[ ID] Interval           Transfer     Bitrate
[  5]   0.00-1.00   sec   204 Bytes  1.63 Kbits/sec                  
[  5]   1.00-2.00   sec  3.59 KBytes  29.4 Kbits/sec                  
[  5]   2.00-3.00   sec  2.99 KBytes  24.5 Kbits/sec                  
[  5]   3.00-4.00   sec  3.19 KBytes  26.1 Kbits/sec                  
[  5]   4.00-5.00   sec  4.98 KBytes  40.8 Kbits/sec                  
[  5]   5.00-6.00   sec  2.99 KBytes  24.5 Kbits/sec                  
[  5]   6.00-7.00   sec  3.59 KBytes  29.4 Kbits/sec                  
[  5]   7.00-7.73   sec  2.99 KBytes  33.6 Kbits/sec                  
- - - - - - - - - - - - - - - - - - - - - - - - -
[ ID] Interval           Transfer     Bitrate
[  5]   0.00-7.73   sec  24.5 KBytes  26.0 Kbits/sec                  receiver
-----------------------------------------------------------
Server listening on 5002 (test #23)
-----------------------------------------------------------
Accepted connection from 10.42.5.3, port 57334
[  5] local 10.42.0.12 port 5002 connected to 10.42.5.3 port 57346
[ ID] Interval           Transfer     Bitrate
[  5]   0.00-1.00   sec  1.39 KBytes  11.4 Kbits/sec                  
[  5]   1.00-2.00   sec  2.59 KBytes  21.2 Kbits/sec                  
[  5]   2.00-3.00   sec  4.18 KBytes  34.3 Kbits/sec                  
[  5]   3.00-4.00   sec  3.98 KBytes  32.6 Kbits/sec                  
[  5]   4.00-5.00   sec  4.18 KBytes  34.3 Kbits/sec                  
[  5]   5.00-6.00   sec  3.19 KBytes  26.1 Kbits/sec                  
[  5]   6.00-7.00   sec  2.99 KBytes  24.5 Kbits/sec                  
[  5]   7.00-7.52   sec  1.99 KBytes  31.2 Kbits/sec                  
- - - - - - - - - - - - - - - - - - - - - - - - -
[ ID] Interval           Transfer     Bitrate
[  5]   0.00-7.52   sec  24.5 KBytes  26.7 Kbits/sec                  receiver
-----------------------------------------------------------
Server listening on 5003 (test #21)
-----------------------------------------------------------
Accepted connection from 10.42.0.11, port 35206
[  5] local 10.42.0.12 port 5003 connected to 10.42.0.11 port 35208
[ ID] Interval           Transfer     Bitrate
[  5]   0.00-1.00   sec  3.79 KBytes  31.0 Kbits/sec                  
[  5]   1.00-2.00   sec  3.59 KBytes  29.4 Kbits/sec                  
[  5]   2.00-3.00   sec  3.79 KBytes  31.0 Kbits/sec                  
[  5]   3.00-4.00   sec  3.59 KBytes  29.4 Kbits/sec                  
[  5]   4.00-5.00   sec  3.59 KBytes  29.4 Kbits/sec                  
[  5]   5.00-6.00   sec  3.79 KBytes  31.0 Kbits/sec                  
[  5]   6.00-7.00   sec  3.59 KBytes  29.4 Kbits/sec                  
- - - - - - - - - - - - - - - - - - - - - - - - -
[ ID] Interval           Transfer     Bitrate
[  5]   0.00-7.00   sec  25.7 KBytes  30.1 Kbits/sec                  receiver
-----------------------------------------------------------
Server listening on 5002 (test #24)
-----------------------------------------------------------
Accepted connection from 10.42.3.3, port 53768
[  5] local 10.42.0.12 port 5002 connected to 10.42.3.3 port 53774
[ ID] Interval           Transfer     Bitrate
[  5]   0.00-1.00   sec  3.59 KBytes  29.3 Kbits/sec                  
[  5]   1.00-2.00   sec  3.79 KBytes  31.0 Kbits/sec                  
[  5]   2.00-3.00   sec  2.99 KBytes  24.5 Kbits/sec                  
[  5]   3.00-4.00   sec  3.79 KBytes  31.0 Kbits/sec                  
[  5]   4.00-5.00   sec  3.59 KBytes  29.4 Kbits/sec                  
[  5]   5.00-6.00   sec  4.18 KBytes  34.3 Kbits/sec                  
[  5]   6.00-7.00   sec  3.79 KBytes  31.0 Kbits/sec                  
- - - - - - - - - - - - - - - - - - - - - - - - -
[ ID] Interval           Transfer     Bitrate
[  5]   0.00-7.02   sec  25.7 KBytes  30.0 Kbits/sec                  receiver
-----------------------------------------------------------
Server listening on 5003 (test #22)
-----------------------------------------------------------
Accepted connection from 10.42.1.4, port 56830
[  5] local 10.42.0.12 port 5003 connected to 10.42.1.4 port 56846
[ ID] Interval           Transfer     Bitrate
[  5]   0.00-1.00   sec  3.59 KBytes  29.3 Kbits/sec                  
[  5]   1.00-2.00   sec  3.79 KBytes  31.0 Kbits/sec                  
[  5]   2.00-3.00   sec  3.59 KBytes  29.4 Kbits/sec                  
[  5]   3.00-4.00   sec  3.79 KBytes  31.0 Kbits/sec                  
[  5]   4.00-5.00   sec  3.59 KBytes  29.4 Kbits/sec                  
[  5]   5.00-6.00   sec  3.59 KBytes  29.4 Kbits/sec                  
[  5]   6.00-7.00   sec  3.79 KBytes  31.0 Kbits/sec                  
- - - - - - - - - - - - - - - - - - - - - - - - -
[ ID] Interval           Transfer     Bitrate
[  5]   0.00-7.02   sec  25.7 KBytes  30.0 Kbits/sec                  receiver
-----------------------------------------------------------
Server listening on 5002 (test #25)
-----------------------------------------------------------
Accepted connection from 10.42.8.3, port 42944
[  5] local 10.42.0.12 port 5002 connected to 10.42.8.3 port 42956
[ ID] Interval           Transfer     Bitrate
[  5]   0.00-1.00   sec   204 Bytes  1.63 Kbits/sec                  
[  5]   1.00-2.00   sec  3.59 KBytes  29.4 Kbits/sec                  
[  5]   2.00-3.00   sec  3.19 KBytes  26.1 Kbits/sec                  
[  5]   3.00-4.00   sec  2.99 KBytes  24.5 Kbits/sec                  
[  5]   4.00-5.00   sec  5.18 KBytes  42.4 Kbits/sec                  
[  5]   5.00-6.00   sec  2.99 KBytes  24.5 Kbits/sec                  
[  5]   6.00-7.00   sec  3.19 KBytes  26.1 Kbits/sec                  
[  5]   7.00-7.93   sec  4.18 KBytes  36.8 Kbits/sec                  
- - - - - - - - - - - - - - - - - - - - - - - - -
[ ID] Interval           Transfer     Bitrate
[  5]   0.00-7.93   sec  25.5 KBytes  26.3 Kbits/sec                  receiver
-----------------------------------------------------------
Server listening on 5004 (test #14)
-----------------------------------------------------------
Accepted connection from 10.42.0.11, port 43202
[  5] local 10.42.0.12 port 5004 connected to 10.42.0.11 port 43204
[ ID] Interval           Transfer     Bitrate
[  5]   0.00-1.00   sec  3.79 KBytes  31.0 Kbits/sec                  
[  5]   1.00-2.00   sec  3.59 KBytes  29.4 Kbits/sec                  
[  5]   2.00-3.00   sec  3.79 KBytes  31.0 Kbits/sec                  
[  5]   3.00-4.00   sec  3.59 KBytes  29.4 Kbits/sec                  
[  5]   4.00-5.00   sec  3.59 KBytes  29.4 Kbits/sec                  
[  5]   5.00-6.00   sec  3.79 KBytes  31.0 Kbits/sec                  
[  5]   6.00-7.00   sec  3.59 KBytes  29.4 Kbits/sec                  
- - - - - - - - - - - - - - - - - - - - - - - - -
[ ID] Interval           Transfer     Bitrate
[  5]   0.00-7.00   sec  25.7 KBytes  30.1 Kbits/sec                  receiver
-----------------------------------------------------------
Server listening on 5005 (test #8)
-----------------------------------------------------------
Accepted connection from 10.42.7.3, port 49600
[  5] local 10.42.0.12 port 5005 connected to 10.42.7.3 port 41814
[ ID] Interval           Transfer     Bitrate
[  5]   0.00-1.00   sec   204 Bytes  1.63 Kbits/sec                  
[  5]   1.00-2.00   sec  3.59 KBytes  29.4 Kbits/sec                  
[  5]   2.00-3.00   sec  2.99 KBytes  24.5 Kbits/sec                  
[  5]   3.00-4.00   sec  3.19 KBytes  26.1 Kbits/sec                  
[  5]   4.00-5.00   sec  4.98 KBytes  40.8 Kbits/sec                  
[  5]   5.00-6.00   sec  2.99 KBytes  24.5 Kbits/sec                  
[  5]   6.00-7.00   sec  3.19 KBytes  26.1 Kbits/sec                  
[  5]   7.00-8.00   sec  4.18 KBytes  34.3 Kbits/sec                  
- - - - - - - - - - - - - - - - - - - - - - - - -
[ ID] Interval           Transfer     Bitrate
[  5]   0.00-8.02   sec  25.3 KBytes  25.8 Kbits/sec                  receiver
-----------------------------------------------------------
Server listening on 5002 (test #26)
-----------------------------------------------------------
Accepted connection from 10.42.3.3, port 40432
[  5] local 10.42.0.12 port 5002 connected to 10.42.3.3 port 40444
[ ID] Interval           Transfer     Bitrate
[  5]   0.00-1.00   sec  3.59 KBytes  29.3 Kbits/sec                  
[  5]   1.00-2.00   sec  3.79 KBytes  31.0 Kbits/sec                  
[  5]   2.00-3.00   sec  3.59 KBytes  29.4 Kbits/sec                  
[  5]   3.00-4.00   sec  3.79 KBytes  31.0 Kbits/sec                  
[  5]   4.00-5.00   sec  3.59 KBytes  29.4 Kbits/sec                  
[  5]   5.00-6.00   sec  3.59 KBytes  29.4 Kbits/sec                  
[  5]   6.00-7.00   sec  3.79 KBytes  31.0 Kbits/sec                  
- - - - - - - - - - - - - - - - - - - - - - - - -
[ ID] Interval           Transfer     Bitrate
[  5]   0.00-7.07   sec  25.7 KBytes  29.8 Kbits/sec                  receiver
-----------------------------------------------------------
Server listening on 5003 (test #23)
-----------------------------------------------------------
Accepted connection from 10.42.6.5, port 53670
[  5] local 10.42.0.12 port 5003 connected to 10.42.6.5 port 34884
[ ID] Interval           Transfer     Bitrate
[  5]   0.00-1.00   sec  0.00 Bytes  0.00 bits/sec                  
[  5]   1.00-2.00   sec  0.00 Bytes  0.00 bits/sec                  
[  5]   2.00-3.00   sec  0.00 Bytes  0.00 bits/sec                  
[  5]   3.00-4.00   sec  0.00 Bytes  0.00 bits/sec                  
[  5]   4.00-5.00   sec  0.00 Bytes  0.00 bits/sec                  
[  5]   5.00-6.00   sec  0.00 Bytes  0.00 bits/sec                  
[  5]   6.00-7.00   sec  0.00 Bytes  0.00 bits/sec                  
[  5]   7.00-8.00   sec  1.39 KBytes  11.4 Kbits/sec                  
[  5]   8.00-9.00   sec  4.18 KBytes  34.3 Kbits/sec                  
[  5]   9.00-10.00  sec  3.98 KBytes  32.6 Kbits/sec                  
[  5]  10.00-11.00  sec  2.79 KBytes  22.8 Kbits/sec                  
