-----------------------------------------------------------
-----------------------------------------------------------
-----------------------------------------------------------
-----------------------------------------------------------
-----------------------------------------------------------
-----------------------------------------------------------
-----------------------------------------------------------
-----------------------------------------------------------
-----------------------------------------------------------
-----------------------------------------------------------
-----------------------------------------------------------
Server listening on 5008 (test #1)
-----------------------------------------------------------
Accepted connection from 10.42.5.3, port 50990
[  5] local 10.42.0.13 port 5008 connected to 10.42.5.3 port 39156
[ ID] Interval           Transfer     Bitrate
[  5]   0.00-1.00   sec  1.39 KBytes  11.4 Kbits/sec                  
[  5]   1.00-2.00   sec  2.59 KBytes  21.2 Kbits/sec                  
[  5]   2.00-3.00   sec  4.18 KBytes  34.3 Kbits/sec                  
[  5]   3.00-4.00   sec  3.98 KBytes  32.6 Kbits/sec                  
[  5]   4.00-5.00   sec  3.19 KBytes  26.1 Kbits/sec                  
[  5]   5.00-6.00   sec  4.58 KBytes  37.5 Kbits/sec                  
[  5]   6.00-7.00   sec  3.19 KBytes  26.1 Kbits/sec                  
[  5]   7.00-7.52   sec  1.99 KBytes  31.2 Kbits/sec                  
- - - - - - - - - - - - - - - - - - - - - - - - -
[ ID] Interval           Transfer     Bitrate
[  5]   0.00-7.52   sec  25.1 KBytes  27.3 Kbits/sec                  receiver
Server listening on 5003 (test #1)
-----------------------------------------------------------
Accepted connection from 10.42.8.3, port 48740
[  5] local 10.42.0.13 port 5003 connected to 10.42.8.3 port 43684
[ ID] Interval           Transfer     Bitrate
[  5]   0.00-1.00   sec   204 Bytes  1.63 Kbits/sec                  
[  5]   1.00-2.00   sec  3.59 KBytes  29.4 Kbits/sec                  
[  5]   2.00-3.00   sec  3.19 KBytes  26.1 Kbits/sec                  
[  5]   3.00-4.00   sec  2.99 KBytes  24.5 Kbits/sec                  
[  5]   4.00-5.00   sec  4.38 KBytes  35.9 Kbits/sec                  
[  5]   5.00-6.00   sec  3.39 KBytes  27.7 Kbits/sec                  
[  5]   6.00-7.00   sec  2.99 KBytes  24.5 Kbits/sec                  
[  5]   7.00-7.88   sec  4.58 KBytes  42.9 Kbits/sec                  
- - - - - - - - - - - - - - - - - - - - - - - - -
[ ID] Interval           Transfer     Bitrate
[  5]   0.00-7.88   sec  25.3 KBytes  26.3 Kbits/sec                  receiver
Server listening on 5002 (test #1)
-----------------------------------------------------------
Accepted connection from 10.42.0.11, port 49066
[  5] local 10.42.0.13 port 5002 connected to 10.42.0.11 port 49076
[ ID] Interval           Transfer     Bitrate
[  5]   0.00-1.00   sec  3.79 KBytes  31.0 Kbits/sec                  
[  5]   1.00-2.00   sec  3.59 KBytes  29.4 Kbits/sec                  
[  5]   2.00-3.00   sec  3.79 KBytes  31.0 Kbits/sec                  
[  5]   3.00-4.00   sec  3.59 KBytes  29.4 Kbits/sec                  
[  5]   4.00-5.00   sec  3.59 KBytes  29.4 Kbits/sec                  
[  5]   5.00-6.00   sec  3.79 KBytes  31.0 Kbits/sec                  
[  5]   6.00-7.00   sec  3.59 KBytes  29.4 Kbits/sec                  
- - - - - - - - - - - - - - - - - - - - - - - - -
[ ID] Interval           Transfer     Bitrate
[  5]   0.00-7.00   sec  25.7 KBytes  30.1 Kbits/sec                  receiver
Server listening on 5004 (test #1)
-----------------------------------------------------------
Accepted connection from 10.42.3.3, port 43170
[  5] local 10.42.0.13 port 5004 connected to 10.42.3.3 port 43178
[ ID] Interval           Transfer     Bitrate
[  5]   0.00-1.00   sec  3.59 KBytes  29.4 Kbits/sec                  
[  5]   1.00-2.00   sec  3.79 KBytes  31.0 Kbits/sec                  
[  5]   2.00-3.00   sec  3.59 KBytes  29.4 Kbits/sec                  
[  5]   3.00-4.00   sec  3.79 KBytes  31.0 Kbits/sec                  
[  5]   4.00-5.00   sec  3.59 KBytes  29.4 Kbits/sec                  
[  5]   5.00-6.00   sec  3.59 KBytes  29.4 Kbits/sec                  
[  5]   6.00-7.00   sec  3.79 KBytes  31.0 Kbits/sec                  
- - - - - - - - - - - - - - - - - - - - - - - - -
[ ID] Interval           Transfer     Bitrate
[  5]   0.00-7.02   sec  25.7 KBytes  30.0 Kbits/sec                  receiver
Server listening on 5009 (test #1)
-----------------------------------------------------------
Accepted connection from 10.42.1.4, port 41898
[  5] local 10.42.0.13 port 5009 connected to 10.42.1.4 port 41902
[ ID] Interval           Transfer     Bitrate
[  5]   0.00-1.00   sec  3.59 KBytes  29.3 Kbits/sec                  
[  5]   1.00-2.00   sec  3.79 KBytes  31.0 Kbits/sec                  
[  5]   2.00-3.00   sec  3.59 KBytes  29.4 Kbits/sec                  
[  5]   3.00-4.00   sec  3.79 KBytes  31.0 Kbits/sec                  
[  5]   4.00-5.00   sec  3.59 KBytes  29.4 Kbits/sec                  
[  5]   5.00-6.00   sec  3.59 KBytes  29.4 Kbits/sec                  
[  5]   6.00-7.00   sec  3.59 KBytes  29.4 Kbits/sec                  
[  5]   7.00-7.03   sec   204 Bytes  64.1 Kbits/sec                  
- - - - - - - - - - - - - - - - - - - - - - - - -
[ ID] Interval           Transfer     Bitrate
[  5]   0.00-7.03   sec  25.7 KBytes  30.0 Kbits/sec                  receiver
