-----------------------------------------------------------
-----------------------------------------------------------
-----------------------------------------------------------
-----------------------------------------------------------
-----------------------------------------------------------
-----------------------------------------------------------
-----------------------------------------------------------
-----------------------------------------------------------
-----------------------------------------------------------
-----------------------------------------------------------
-----------------------------------------------------------
Server listening on 5005 (test #1)
-----------------------------------------------------------
Accepted connection from 10.42.8.4, port 51556
[  5] local 10.42.6.6 port 5005 connected to 10.42.8.4 port 51562
[ ID] Interval           Transfer     Bitrate
[  5]   0.00-1.00   sec  3.98 KBytes  32.6 Kbits/sec                  
[  5]   1.00-2.00   sec  3.98 KBytes  32.6 Kbits/sec                  
[  5]   2.00-3.00   sec  5.18 KBytes  42.4 Kbits/sec                  
[  5]   3.00-4.00   sec  2.79 KBytes  22.8 Kbits/sec                  
[  5]   4.00-5.00   sec  3.98 KBytes  32.7 Kbits/sec                  
[  5]   5.00-6.00   sec  5.58 KBytes  45.7 Kbits/sec                  
[  5]   6.00-7.00   sec  3.98 KBytes  32.6 Kbits/sec                  
[  5]   7.00-8.00   sec  4.18 KBytes  34.3 Kbits/sec                  
[  5]   8.00-9.00   sec  3.98 KBytes  32.6 Kbits/sec                  
[  5]   9.00-10.00  sec  5.58 KBytes  45.7 Kbits/sec                  
[  5]  10.00-11.00  sec  3.98 KBytes  32.6 Kbits/sec                  
Server listening on 5006 (test #1)
-----------------------------------------------------------
Accepted connection from 10.42.5.4, port 51496
[  5] local 10.42.6.6 port 5006 connected to 10.42.5.4 port 51512
[ ID] Interval           Transfer     Bitrate
[  5]   0.00-1.00   sec  1.39 KBytes  11.4 Kbits/sec                  
[  5]   1.00-2.00   sec  5.58 KBytes  45.7 Kbits/sec                  
[  5]   2.00-3.00   sec  3.39 KBytes  27.7 Kbits/sec                  
[  5]   3.00-4.00   sec  3.98 KBytes  32.6 Kbits/sec                  
[  5]   4.00-5.00   sec  4.18 KBytes  34.3 Kbits/sec                  
[  5]   5.00-6.00   sec  3.98 KBytes  32.6 Kbits/sec                  
[  5]   6.00-7.00   sec  4.18 KBytes  34.3 Kbits/sec                  
[  5]   7.00-8.00   sec  5.38 KBytes  44.1 Kbits/sec                  
[  5]   8.00-9.00   sec  4.18 KBytes  34.3 Kbits/sec                  
[  5]   9.00-10.00  sec  2.59 KBytes  21.2 Kbits/sec                  
[  5]  10.00-11.00  sec  5.58 KBytes  45.7 Kbits/sec                  
[  5]  11.00-12.00  sec  3.98 KBytes  32.6 Kbits/sec                  
[  5]  12.00-13.00  sec  2.79 KBytes  22.8 Kbits/sec                  
[  5]  13.00-14.00  sec  4.18 KBytes  34.3 Kbits/sec                  
[  5]  14.00-14.84  sec  3.98 KBytes  38.7 Kbits/sec                  
- - - - - - - - - - - - - - - - - - - - - - - - -
[ ID] Interval           Transfer     Bitrate
[  5]   0.00-14.84  sec  59.4 KBytes  32.8 Kbits/sec                  receiver
[  5]  11.00-12.00  sec  4.18 KBytes  34.3 Kbits/sec                  
[  5]  12.00-13.00  sec  5.38 KBytes  44.1 Kbits/sec                  
[  5]  13.00-14.00  sec  5.58 KBytes  45.7 Kbits/sec                  
[  5]  14.00-15.00  sec  5.38 KBytes  44.1 Kbits/sec                  
[  5]  15.00-15.31  sec  1.39 KBytes  37.1 Kbits/sec                  
- - - - - - - - - - - - - - - - - - - - - - - - -
[ ID] Interval           Transfer     Bitrate
[  5]   0.00-15.31  sec  69.1 KBytes  37.0 Kbits/sec                  receiver
Server listening on 5002 (test #1)
-----------------------------------------------------------
Accepted connection from 10.42.5.4, port 59580
[  5] local 10.42.6.6 port 5002 connected to 10.42.5.4 port 59582
[ ID] Interval           Transfer     Bitrate
[  5]   0.00-1.00   sec  5.38 KBytes  44.0 Kbits/sec                  
[  5]   1.00-2.00   sec  8.57 KBytes  70.2 Kbits/sec                  
[  5]   2.00-3.00   sec  8.17 KBytes  66.9 Kbits/sec                  
[  5]   3.00-4.00   sec  8.17 KBytes  66.9 Kbits/sec                  
[  5]   4.00-5.00   sec  4.58 KBytes  37.5 Kbits/sec                  
[  5]   5.00-6.00   sec  4.18 KBytes  34.3 Kbits/sec                  
[  5]   6.00-7.00   sec  3.98 KBytes  32.6 Kbits/sec                  
[  5]   7.00-8.00   sec  4.18 KBytes  34.3 Kbits/sec                  
[  5]   8.00-9.00   sec  3.98 KBytes  32.6 Kbits/sec                  
[  5]   9.00-10.00  sec  4.18 KBytes  34.3 Kbits/sec                  
[  5]  10.00-11.00  sec  5.38 KBytes  44.1 Kbits/sec                  
Server listening on 5003 (test #1)
-----------------------------------------------------------
Accepted connection from 10.42.8.4, port 33956
[  5] local 10.42.6.6 port 5003 connected to 10.42.8.4 port 33968
[ ID] Interval           Transfer     Bitrate
[  5]   0.00-1.00   sec  1.39 KBytes  11.4 Kbits/sec                  
[  5]   1.00-2.00   sec  4.18 KBytes  34.3 Kbits/sec                  
[  5]   2.00-3.00   sec  3.98 KBytes  32.6 Kbits/sec                  
[  5]   3.00-4.00   sec  5.58 KBytes  45.7 Kbits/sec                  
[  5]   4.00-5.00   sec  4.18 KBytes  34.3 Kbits/sec                  
[  5]   5.00-6.00   sec  5.38 KBytes  44.1 Kbits/sec                  
[  5]   6.00-7.00   sec  4.18 KBytes  34.3 Kbits/sec                  
[  5]   7.00-8.00   sec  3.98 KBytes  32.6 Kbits/sec                  
[  5]   8.00-9.00   sec  4.18 KBytes  34.3 Kbits/sec                  
[  5]   9.00-10.00  sec  5.38 KBytes  44.1 Kbits/sec                  
[  5]  10.00-11.00  sec  4.18 KBytes  34.3 Kbits/sec                  
[  5]  11.00-12.00  sec  4.18 KBytes  34.3 Kbits/sec                  
[  5]  12.00-13.00  sec  3.98 KBytes  32.6 Kbits/sec                  
[  5]  13.00-14.00  sec  4.18 KBytes  34.3 Kbits/sec                  
[  5]  14.00-15.00  sec  5.38 KBytes  44.1 Kbits/sec                  
[  5]  15.00-15.31  sec  1.39 KBytes  36.5 Kbits/sec                  
- - - - - - - - - - - - - - - - - - - - - - - - -
[ ID] Interval           Transfer     Bitrate
[  5]   0.00-15.31  sec  79.9 KBytes  42.7 Kbits/sec                  receiver
[  5]  11.00-12.00  sec  3.98 KBytes  32.6 Kbits/sec                  
[  5]  12.00-13.00  sec  4.18 KBytes  34.3 Kbits/sec                  
[  5]  13.00-14.00  sec  4.18 KBytes  34.3 Kbits/sec                  
[  5]  14.00-14.20  sec  1.20 KBytes  50.3 Kbits/sec                  
- - - - - - - - - - - - - - - - - - - - - - - - -
[ ID] Interval           Transfer     Bitrate
[  5]   0.00-14.20  sec  60.2 KBytes  34.7 Kbits/sec                  receiver
Server listening on 5004 (test #1)
-----------------------------------------------------------
Accepted connection from 10.42.4.3, port 41824
[  5] local 10.42.6.6 port 5004 connected to 10.42.4.3 port 44996
[ ID] Interval           Transfer     Bitrate
[  5]   0.00-1.00   sec   204 Bytes  1.63 Kbits/sec                  
[  5]   1.00-2.00   sec  6.77 KBytes  55.5 Kbits/sec                  
[  5]   2.00-3.00   sec  8.17 KBytes  66.9 Kbits/sec                  
[  5]   3.00-4.00   sec  9.56 KBytes  78.3 Kbits/sec                  
[  5]   4.00-5.00   sec  8.17 KBytes  66.9 Kbits/sec                  
[  5]   5.00-6.00   sec  8.17 KBytes  66.9 Kbits/sec                  
[  5]   6.00-7.00   sec  8.17 KBytes  66.9 Kbits/sec                  
[  5]   7.00-8.00   sec  8.17 KBytes  66.9 Kbits/sec                  
[  5]   8.00-9.00   sec  8.17 KBytes  66.9 Kbits/sec                  
[  5]   9.00-10.00  sec  8.37 KBytes  68.5 Kbits/sec                  
[  5]  10.00-11.00  sec  9.56 KBytes  78.3 Kbits/sec                  
[  5]  11.00-11.90  sec  8.17 KBytes  74.1 Kbits/sec                  
- - - - - - - - - - - - - - - - - - - - - - - - -
[ ID] Interval           Transfer     Bitrate
[  5]   0.00-11.90  sec  91.6 KBytes  63.1 Kbits/sec                  receiver
-----------------------------------------------------------
Server listening on 5002 (test #2)
-----------------------------------------------------------
Accepted connection from 10.42.5.4, port 51186
[  5] local 10.42.6.6 port 5002 connected to 10.42.5.4 port 44964
[ ID] Interval           Transfer     Bitrate
[  5]   0.00-1.00   sec  3.79 KBytes  31.0 Kbits/sec                  
[  5]   1.00-2.00   sec  8.17 KBytes  66.9 Kbits/sec                  
[  5]   2.00-3.00   sec  8.17 KBytes  66.9 Kbits/sec                  
[  5]   3.00-4.00   sec  7.97 KBytes  65.3 Kbits/sec                  
[  5]   4.00-5.00   sec  8.17 KBytes  66.9 Kbits/sec                  
[  5]   5.00-6.00   sec  4.18 KBytes  34.3 Kbits/sec                  
[  5]   6.00-7.00   sec  5.38 KBytes  44.1 Kbits/sec                  
[  5]   7.00-8.00   sec  4.18 KBytes  34.3 Kbits/sec                  
[  5]   8.00-9.00   sec  3.98 KBytes  32.6 Kbits/sec                  
[  5]   9.00-10.00  sec  4.18 KBytes  34.3 Kbits/sec                  
[  5]  10.00-11.00  sec  3.98 KBytes  32.6 Kbits/sec                  
-----------------------------------------------------------
Server listening on 5003 (test #2)
-----------------------------------------------------------
Accepted connection from 10.42.8.4, port 53884
[  5] local 10.42.6.6 port 5003 connected to 10.42.8.4 port 53900
[ ID] Interval           Transfer     Bitrate
[  5]   0.00-1.00   sec  1.39 KBytes  11.4 Kbits/sec                  
[  5]   1.00-2.00   sec  4.18 KBytes  34.3 Kbits/sec                  
[  5]   2.00-3.00   sec  5.38 KBytes  44.1 Kbits/sec                  
[  5]   3.00-4.00   sec  3.79 KBytes  31.0 Kbits/sec                  
[  5]   4.00-5.00   sec  4.18 KBytes  34.3 Kbits/sec                  
[  5]   5.00-6.00   sec  5.38 KBytes  44.1 Kbits/sec                  
[  5]   6.00-7.00   sec  4.18 KBytes  34.2 Kbits/sec                  
[  5]   7.00-8.00   sec  5.38 KBytes  44.1 Kbits/sec                  
[  5]   8.00-9.00   sec  4.18 KBytes  34.3 Kbits/sec                  
[  5]   9.00-10.00  sec  3.98 KBytes  32.6 Kbits/sec                  
[  5]  10.00-11.00  sec  5.58 KBytes  45.7 Kbits/sec                  
[  5]  11.00-12.00  sec  4.18 KBytes  34.3 Kbits/sec                  
[  5]  12.00-13.00  sec  3.98 KBytes  32.6 Kbits/sec                  
[  5]  13.00-14.00  sec  4.18 KBytes  34.3 Kbits/sec                  
[  5]  14.00-15.00  sec  3.98 KBytes  32.6 Kbits/sec                  
[  5]  15.00-16.00  sec  4.18 KBytes  34.3 Kbits/sec                  
[  5]  16.00-16.16  sec  1.39 KBytes  73.7 Kbits/sec                  
- - - - - - - - - - - - - - - - - - - - - - - - -
[ ID] Interval           Transfer     Bitrate
[  5]   0.00-16.16  sec  84.1 KBytes  42.6 Kbits/sec                  receiver
[  5]  11.00-12.00  sec  3.98 KBytes  32.7 Kbits/sec                  
[  5]  12.00-13.00  sec  4.18 KBytes  34.2 Kbits/sec                  
[  5]  13.00-13.78  sec  1.39 KBytes  14.6 Kbits/sec                  
- - - - - - - - - - - - - - - - - - - - - - - - -
[ ID] Interval           Transfer     Bitrate
[  5]   0.00-13.78  sec  57.2 KBytes  34.0 Kbits/sec                  receiver
-----------------------------------------------------------
Server listening on 5002 (test #3)
-----------------------------------------------------------
Accepted connection from 10.42.8.4, port 38332
[  5] local 10.42.6.6 port 5002 connected to 10.42.8.4 port 38338
[ ID] Interval           Transfer     Bitrate
[  5]   0.00-1.00   sec  4.98 KBytes  40.8 Kbits/sec                  
[  5]   1.00-2.00   sec  7.97 KBytes  65.3 Kbits/sec                  
[  5]   2.00-3.00   sec  9.56 KBytes  78.3 Kbits/sec                  
[  5]   3.00-4.00   sec  6.77 KBytes  55.5 Kbits/sec                  
[  5]   4.00-5.00   sec  9.56 KBytes  78.3 Kbits/sec                  
[  5]   5.00-6.00   sec  6.97 KBytes  57.1 Kbits/sec                  
[  5]   6.00-7.00   sec  5.38 KBytes  44.1 Kbits/sec                  
[  5]   7.00-8.00   sec  4.18 KBytes  34.3 Kbits/sec                  
[  5]   8.00-9.00   sec  3.98 KBytes  32.6 Kbits/sec                  
[  5]   9.00-10.00  sec  5.38 KBytes  44.1 Kbits/sec                  
[  5]  10.00-11.00  sec  4.18 KBytes  34.3 Kbits/sec                  
-----------------------------------------------------------
Server listening on 5003 (test #3)
-----------------------------------------------------------
Accepted connection from 10.42.5.4, port 56282
[  5] local 10.42.6.6 port 5003 connected to 10.42.5.4 port 56284
[ ID] Interval           Transfer     Bitrate
[  5]   0.00-1.00   sec   204 Bytes  1.63 Kbits/sec                  
[  5]   1.00-2.00   sec  3.98 KBytes  32.7 Kbits/sec                  
[  5]   2.00-3.00   sec  5.38 KBytes  44.0 Kbits/sec                  
[  5]   3.00-4.00   sec  4.18 KBytes  34.3 Kbits/sec                  
[  5]   4.00-5.00   sec  4.18 KBytes  34.2 Kbits/sec                  
[  5]   5.00-6.00   sec  3.98 KBytes  32.6 Kbits/sec                  
[  5]   6.00-7.00   sec  4.18 KBytes  34.3 Kbits/sec                  
[  5]   7.00-8.00   sec  3.98 KBytes  32.6 Kbits/sec                  
[  5]   8.00-9.00   sec  4.18 KBytes  34.3 Kbits/sec                  
[  5]   9.00-10.00  sec  3.98 KBytes  32.6 Kbits/sec                  
[  5]  10.00-11.00  sec  4.18 KBytes  34.3 Kbits/sec                  
[  5]  11.00-12.00  sec  4.18 KBytes  34.3 Kbits/sec                  
[  5]  12.00-13.00  sec  5.38 KBytes  44.1 Kbits/sec                  
[  5]  13.00-14.00  sec  4.18 KBytes  34.3 Kbits/sec                  
[  5]  14.00-15.00  sec  3.98 KBytes  32.6 Kbits/sec                  
[  5]  15.00-15.72  sec  4.38 KBytes  49.8 Kbits/sec                  
- - - - - - - - - - - - - - - - - - - - - - - - -
[ ID] Interval           Transfer     Bitrate
[  5]   0.00-15.72  sec  91.0 KBytes  47.4 Kbits/sec                  receiver
[  5]  11.00-12.00  sec  5.38 KBytes  44.1 Kbits/sec                  
[  5]  12.00-13.00  sec  2.79 KBytes  22.9 Kbits/sec                  
[  5]  13.00-14.00  sec  4.18 KBytes  34.2 Kbits/sec                  
[  5]  14.00-15.00  sec  5.38 KBytes  44.1 Kbits/sec                  
[  5]  15.00-15.11  sec  0.00 Bytes  0.00 bits/sec                  
- - - - - - - - - - - - - - - - - - - - - - - - -
[ ID] Interval           Transfer     Bitrate
[  5]   0.00-15.11  sec  60.2 KBytes  32.6 Kbits/sec                  receiver
-----------------------------------------------------------
Server listening on 5003 (test #4)
-----------------------------------------------------------
Accepted connection from 10.42.8.4, port 38494
[  5] local 10.42.6.6 port 5003 connected to 10.42.8.4 port 38496
[ ID] Interval           Transfer     Bitrate
[  5]   0.00-1.00   sec  4.98 KBytes  40.8 Kbits/sec                  
[  5]   1.00-2.00   sec  5.58 KBytes  45.7 Kbits/sec                  
[  5]   2.00-3.00   sec  5.38 KBytes  44.1 Kbits/sec                  
[  5]   3.00-4.00   sec  4.98 KBytes  40.8 Kbits/sec                  
[  5]   4.00-5.00   sec  5.38 KBytes  44.1 Kbits/sec                  
[  5]   5.00-6.00   sec  8.37 KBytes  68.5 Kbits/sec                  
[  5]   6.00-7.00   sec  8.17 KBytes  66.9 Kbits/sec                  
[  5]   7.00-8.00   sec  6.77 KBytes  55.5 Kbits/sec                  
[  5]   8.00-9.00   sec  4.18 KBytes  34.3 Kbits/sec                  
[  5]   9.00-10.00  sec  5.38 KBytes  44.1 Kbits/sec                  
[  5]  10.00-11.00  sec  4.18 KBytes  34.3 Kbits/sec                  
[  5]  11.00-12.00  sec  3.98 KBytes  32.6 Kbits/sec                  
[  5]  12.00-13.00  sec  9.56 KBytes  78.3 Kbits/sec                  
[  5]  13.00-13.42  sec  4.18 KBytes  82.1 Kbits/sec                  
- - - - - - - - - - - - - - - - - - - - - - - - -
[ ID] Interval           Transfer     Bitrate
[  5]   0.00-13.42  sec  81.1 KBytes  49.5 Kbits/sec                  receiver
