-----------------------------------------------------------
-----------------------------------------------------------
-----------------------------------------------------------
-----------------------------------------------------------
-----------------------------------------------------------
-----------------------------------------------------------
-----------------------------------------------------------
-----------------------------------------------------------
-----------------------------------------------------------
-----------------------------------------------------------
-----------------------------------------------------------
Server listening on 5009 (test #1)
-----------------------------------------------------------
Accepted connection from 10.42.8.3, port 55254
[  5] local 10.42.8.5 port 5009 connected to 10.42.8.3 port 55260
[ ID] Interval           Transfer     Bitrate
[  5]   0.00-1.00   sec   128 KBytes  1.05 Mbits/sec                  
[  5]   1.00-2.00   sec  0.00 Bytes  0.00 bits/sec                  
[  5]   2.00-3.00   sec  0.00 Bytes  0.00 bits/sec                  
[  5]   3.00-4.00   sec   128 KBytes  1.05 Mbits/sec                  
[  5]   4.00-5.00   sec  0.00 Bytes  0.00 bits/sec                  
[  5]   5.00-6.00   sec  0.00 Bytes  0.00 bits/sec                  
[  5]   6.00-7.00   sec   128 KBytes  1.05 Mbits/sec                  
[  5]   7.00-8.00   sec  0.00 Bytes  0.00 bits/sec                  
[  5]   8.00-9.00   sec  0.00 Bytes  0.00 bits/sec                  
[  5]   9.00-10.00  sec  0.00 Bytes  0.00 bits/sec                  
- - - - - - - - - - - - - - - - - - - - - - - - -
[ ID] Interval           Transfer     Bitrate
[  5]   0.00-10.00  sec   384 KBytes   315 Kbits/sec                  receiver
Server listening on 5008 (test #1)
-----------------------------------------------------------
Accepted connection from 10.42.8.4, port 50782
[  5] local 10.42.8.5 port 5008 connected to 10.42.8.4 port 43468
[ ID] Interval           Transfer     Bitrate
[  5]   0.00-1.00   sec   128 KBytes  1.05 Mbits/sec                  
[  5]   1.00-2.00   sec  0.00 Bytes  0.00 bits/sec                  
[  5]   2.00-3.00   sec  0.00 Bytes  0.00 bits/sec                  
[  5]   3.00-4.00   sec  0.00 Bytes  0.00 bits/sec                  
[  5]   4.00-5.00   sec  0.00 Bytes  0.00 bits/sec                  
[  5]   5.00-6.00   sec  0.00 Bytes  0.00 bits/sec                  
[  5]   6.00-7.00   sec  0.00 Bytes  0.00 bits/sec                  
[  5]   7.00-8.00   sec  0.00 Bytes  0.00 bits/sec                  
[  5]   8.00-9.00   sec  0.00 Bytes  0.00 bits/sec                  
[  5]   9.00-10.00  sec  0.00 Bytes  0.00 bits/sec                  
[  5]  10.00-11.00  sec  0.00 Bytes  0.00 bits/sec                  
[  5]  11.00-12.00  sec  0.00 Bytes  0.00 bits/sec                  
[  5]  12.00-13.00  sec  0.00 Bytes  0.00 bits/sec                  
[  5]  13.00-14.00  sec  0.00 Bytes  0.00 bits/sec                  
[  5]  14.00-15.00  sec  0.00 Bytes  0.00 bits/sec                  
[  5]  15.00-16.00  sec  0.00 Bytes  0.00 bits/sec                  
[  5]  16.00-17.00  sec  0.00 Bytes  0.00 bits/sec                  
[  5]  17.00-18.00  sec  0.00 Bytes  0.00 bits/sec                  
[  5]  18.00-19.00  sec  0.00 Bytes  0.00 bits/sec                  
[  5]  19.00-20.00  sec  0.00 Bytes  0.00 bits/sec                  
[  5]  20.00-21.00  sec  0.00 Bytes  0.00 bits/sec                  
[  5]  21.00-22.00  sec  0.00 Bytes  0.00 bits/sec                  
[  5]  22.00-23.00  sec  0.00 Bytes  0.00 bits/sec                  
[  5]  23.00-24.00  sec  0.00 Bytes  0.00 bits/sec                  
[  5]  24.00-25.00  sec  0.00 Bytes  0.00 bits/sec                  
[  5]  25.00-26.00  sec  0.00 Bytes  0.00 bits/sec                  
[  5]  26.00-27.00  sec  0.00 Bytes  0.00 bits/sec                  
Server listening on 5002 (test #1)
-----------------------------------------------------------
Accepted connection from 10.42.8.3, port 33892
[  5] local 10.42.8.5 port 5002 connected to 10.42.8.3 port 33894
[ ID] Interval           Transfer     Bitrate
[  5]   0.00-1.00   sec   128 KBytes  1.05 Mbits/sec                  
[  5]   1.00-2.00   sec  0.00 Bytes  0.00 bits/sec                  
[  5]   2.00-3.00   sec  0.00 Bytes  0.00 bits/sec                  
[  5]   3.00-4.00   sec   128 KBytes  1.05 Mbits/sec                  
[  5]   4.00-5.00   sec  0.00 Bytes  0.00 bits/sec                  
[  5]   5.00-6.00   sec  0.00 Bytes  0.00 bits/sec                  
[  5]   6.00-7.00   sec   128 KBytes  1.05 Mbits/sec                  
[  5]   7.00-8.00   sec  0.00 Bytes  0.00 bits/sec                  
[  5]   8.00-9.00   sec  0.00 Bytes  0.00 bits/sec                  
[  5]   9.00-10.00  sec  0.00 Bytes  0.00 bits/sec                  
- - - - - - - - - - - - - - - - - - - - - - - - -
[ ID] Interval           Transfer     Bitrate
[  5]   0.00-10.00  sec   384 KBytes   315 Kbits/sec                  receiver
[  5]  27.00-28.00  sec  0.00 Bytes  0.00 bits/sec                  
[  5]  28.00-29.00  sec  0.00 Bytes  0.00 bits/sec                  
[  5]  29.00-30.00  sec  0.00 Bytes  0.00 bits/sec                  
[  5]  30.00-31.00  sec  0.00 Bytes  0.00 bits/sec                  
[  5]  31.00-32.00  sec  0.00 Bytes  0.00 bits/sec                  
[  5]  32.00-33.00  sec  0.00 Bytes  0.00 bits/sec                  
[  5]  33.00-34.00  sec  0.00 Bytes  0.00 bits/sec                  
[  5]  34.00-35.00  sec  0.00 Bytes  0.00 bits/sec                  
[  5]  35.00-36.00  sec  0.00 Bytes  0.00 bits/sec                  
[  5]  36.00-37.00  sec  0.00 Bytes  0.00 bits/sec                  
[  5]  37.00-38.00  sec  0.00 Bytes  0.00 bits/sec                  
[  5]  38.00-39.00  sec  0.00 Bytes  0.00 bits/sec                  
[  5]  39.00-40.00  sec  0.00 Bytes  0.00 bits/sec                  
[  5]  40.00-41.00  sec  0.00 Bytes  0.00 bits/sec                  
[  5]  41.00-42.00  sec  0.00 Bytes  0.00 bits/sec                  
[  5]  42.00-43.00  sec  0.00 Bytes  0.00 bits/sec                  
[  5]  43.00-44.00  sec  0.00 Bytes  0.00 bits/sec                  
[  5]  44.00-45.00  sec  0.00 Bytes  0.00 bits/sec                  
[  5]  45.00-46.00  sec  0.00 Bytes  0.00 bits/sec                  
[  5]  46.00-47.00  sec  0.00 Bytes  0.00 bits/sec                  
[  5]  47.00-48.00  sec  0.00 Bytes  0.00 bits/sec                  
[  5]  48.00-49.00  sec  0.00 Bytes  0.00 bits/sec                  
-----------------------------------------------------------
Server listening on 5009 (test #2)
-----------------------------------------------------------
Accepted connection from 10.42.8.4, port 47356
[  5] local 10.42.8.5 port 5009 connected to 10.42.8.4 port 47362
[ ID] Interval           Transfer     Bitrate
[  5]   0.00-1.00   sec   128 KBytes  1.05 Mbits/sec                  
[  5]   1.00-2.00   sec  0.00 Bytes  0.00 bits/sec                  
[  5]   2.00-3.00   sec  0.00 Bytes  0.00 bits/sec                  
[  5]   3.00-4.00   sec   128 KBytes  1.05 Mbits/sec                  
[  5]   4.00-5.00   sec  0.00 Bytes  0.00 bits/sec                  
[  5]   5.00-6.00   sec  0.00 Bytes  0.00 bits/sec                  
[  5]   6.00-7.00   sec   128 KBytes  1.05 Mbits/sec                  
[  5]   7.00-8.00   sec  0.00 Bytes  0.00 bits/sec                  
[  5]   8.00-9.00   sec  0.00 Bytes  0.00 bits/sec                  
[  5]   9.00-10.00  sec  0.00 Bytes  0.00 bits/sec                  
- - - - - - - - - - - - - - - - - - - - - - - - -
[ ID] Interval           Transfer     Bitrate
[  5]   0.00-10.00  sec   384 KBytes   315 Kbits/sec                  receiver
-----------------------------------------------------------
Server listening on 5002 (test #2)
-----------------------------------------------------------
Accepted connection from 10.42.8.3, port 44076
[  5] local 10.42.8.5 port 5002 connected to 10.42.8.3 port 44088
[ ID] Interval           Transfer     Bitrate
[  5]   0.00-1.00   sec   128 KBytes  1.05 Mbits/sec                  
[  5]   1.00-2.00   sec  0.00 Bytes  0.00 bits/sec                  
[  5]   2.00-3.00   sec  0.00 Bytes  0.00 bits/sec                  
[  5]   3.00-4.00   sec   128 KBytes  1.05 Mbits/sec                  
[  5]   4.00-5.00   sec  0.00 Bytes  0.00 bits/sec                  
[  5]   5.00-6.00   sec  0.00 Bytes  0.00 bits/sec                  
[  5]   6.00-7.00   sec   128 KBytes  1.05 Mbits/sec                  
[  5]   7.00-8.00   sec  0.00 Bytes  0.00 bits/sec                  
[  5]   8.00-9.00   sec  0.00 Bytes  0.00 bits/sec                  
[  5]   9.00-10.00  sec  0.00 Bytes  0.00 bits/sec                  
- - - - - - - - - - - - - - - - - - - - - - - - -
[ ID] Interval           Transfer     Bitrate
[  5]   0.00-10.00  sec   384 KBytes   315 Kbits/sec                  receiver
-----------------------------------------------------------
Server listening on 5002 (test #3)
-----------------------------------------------------------
Accepted connection from 10.42.8.4, port 60046
[  5] local 10.42.8.5 port 5002 connected to 10.42.8.4 port 60054
[ ID] Interval           Transfer     Bitrate
[  5]   0.00-1.00   sec   128 KBytes  1.05 Mbits/sec                  
[  5]   1.00-2.00   sec  0.00 Bytes  0.00 bits/sec                  
[  5]   2.00-3.00   sec  0.00 Bytes  0.00 bits/sec                  
[  5]   3.00-4.00   sec   128 KBytes  1.05 Mbits/sec                  
[  5]   4.00-5.00   sec  0.00 Bytes  0.00 bits/sec                  
[  5]   5.00-6.00   sec  0.00 Bytes  0.00 bits/sec                  
[  5]   6.00-7.00   sec   128 KBytes  1.05 Mbits/sec                  
[  5]   7.00-8.00   sec  0.00 Bytes  0.00 bits/sec                  
[  5]   8.00-9.00   sec  0.00 Bytes  0.00 bits/sec                  
[  5]   9.00-10.00  sec  0.00 Bytes  0.00 bits/sec                  
- - - - - - - - - - - - - - - - - - - - - - - - -
[ ID] Interval           Transfer     Bitrate
[  5]   0.00-10.00  sec   384 KBytes   315 Kbits/sec                  receiver
-----------------------------------------------------------
Server listening on 5002 (test #4)
-----------------------------------------------------------
Accepted connection from 10.42.8.3, port 51782
[  5] local 10.42.8.5 port 5002 connected to 10.42.8.3 port 51784
[ ID] Interval           Transfer     Bitrate
[  5]   0.00-1.00   sec   128 KBytes  1.05 Mbits/sec                  
[  5]   1.00-2.00   sec  0.00 Bytes  0.00 bits/sec                  
[  5]   2.00-3.00   sec  0.00 Bytes  0.00 bits/sec                  
[  5]   3.00-4.00   sec   128 KBytes  1.05 Mbits/sec                  
[  5]   4.00-5.00   sec  0.00 Bytes  0.00 bits/sec                  
[  5]   5.00-6.00   sec  0.00 Bytes  0.00 bits/sec                  
[  5]   6.00-7.00   sec   128 KBytes  1.05 Mbits/sec                  
[  5]   7.00-8.00   sec  0.00 Bytes  0.00 bits/sec                  
[  5]   8.00-9.00   sec  0.00 Bytes  0.00 bits/sec                  
[  5]   9.00-10.00  sec  0.00 Bytes  0.00 bits/sec                  
- - - - - - - - - - - - - - - - - - - - - - - - -
[ ID] Interval           Transfer     Bitrate
[  5]   0.00-10.00  sec   384 KBytes   315 Kbits/sec                  receiver
-----------------------------------------------------------
Server listening on 5002 (test #5)
-----------------------------------------------------------
Accepted connection from 10.42.8.4, port 38172
[  5] local 10.42.8.5 port 5002 connected to 10.42.8.4 port 38182
[ ID] Interval           Transfer     Bitrate
[  5]   0.00-1.00   sec   128 KBytes  1.05 Mbits/sec                  
[  5]   1.00-2.00   sec  0.00 Bytes  0.00 bits/sec                  
[  5]   2.00-3.00   sec  0.00 Bytes  0.00 bits/sec                  
[  5]   3.00-4.00   sec   128 KBytes  1.05 Mbits/sec                  
[  5]   4.00-5.00   sec  0.00 Bytes  0.00 bits/sec                  
[  5]   5.00-6.00   sec  0.00 Bytes  0.00 bits/sec                  
[  5]   6.00-7.00   sec   128 KBytes  1.05 Mbits/sec                  
[  5]   7.00-8.00   sec  0.00 Bytes  0.00 bits/sec                  
[  5]   8.00-9.00   sec  0.00 Bytes  0.00 bits/sec                  
[  5]   9.00-10.00  sec  0.00 Bytes  0.00 bits/sec                  
- - - - - - - - - - - - - - - - - - - - - - - - -
[ ID] Interval           Transfer     Bitrate
[  5]   0.00-10.00  sec   384 KBytes   315 Kbits/sec                  receiver
-----------------------------------------------------------
Server listening on 5002 (test #6)
-----------------------------------------------------------
Accepted connection from 10.42.8.3, port 35816
[  5] local 10.42.8.5 port 5002 connected to 10.42.8.3 port 35830
[ ID] Interval           Transfer     Bitrate
[  5]   0.00-1.00   sec   128 KBytes  1.05 Mbits/sec                  
[  5]   1.00-2.00   sec  0.00 Bytes  0.00 bits/sec                  
[  5]   2.00-3.00   sec  0.00 Bytes  0.00 bits/sec                  
[  5]   3.00-4.00   sec   128 KBytes  1.05 Mbits/sec                  
[  5]   4.00-5.00   sec  0.00 Bytes  0.00 bits/sec                  
[  5]   5.00-6.00   sec  0.00 Bytes  0.00 bits/sec                  
[  5]   6.00-7.00   sec   128 KBytes  1.05 Mbits/sec                  
[  5]   7.00-8.00   sec  0.00 Bytes  0.00 bits/sec                  
[  5]   8.00-9.00   sec  0.00 Bytes  0.00 bits/sec                  
[  5]   9.00-10.00  sec  0.00 Bytes  0.00 bits/sec                  
- - - - - - - - - - - - - - - - - - - - - - - - -
[ ID] Interval           Transfer     Bitrate
[  5]   0.00-10.00  sec   384 KBytes   315 Kbits/sec                  receiver
Server listening on 5003 (test #1)
-----------------------------------------------------------
Accepted connection from 10.42.8.4, port 33140
[  5] local 10.42.8.5 port 5003 connected to 10.42.8.4 port 33144
[ ID] Interval           Transfer     Bitrate
[  5]   0.00-1.00   sec   128 KBytes  1.05 Mbits/sec                  
[  5]   1.00-2.00   sec  0.00 Bytes  0.00 bits/sec                  
[  5]   2.00-3.00   sec  0.00 Bytes  0.00 bits/sec                  
[  5]   3.00-4.00   sec   128 KBytes  1.05 Mbits/sec                  
[  5]   4.00-5.00   sec  0.00 Bytes  0.00 bits/sec                  
[  5]   5.00-6.00   sec  0.00 Bytes  0.00 bits/sec                  
[  5]   6.00-7.00   sec   128 KBytes  1.05 Mbits/sec                  
[  5]   7.00-8.00   sec  0.00 Bytes  0.00 bits/sec                  
[  5]   8.00-9.00   sec  0.00 Bytes  0.00 bits/sec                  
[  5]   9.00-10.00  sec  0.00 Bytes  0.00 bits/sec                  
- - - - - - - - - - - - - - - - - - - - - - - - -
[ ID] Interval           Transfer     Bitrate
[  5]   0.00-10.00  sec   384 KBytes   315 Kbits/sec                  receiver
-----------------------------------------------------------
Server listening on 5002 (test #7)
-----------------------------------------------------------
Accepted connection from 10.42.8.3, port 57310
[  5] local 10.42.8.5 port 5002 connected to 10.42.8.3 port 57324
[ ID] Interval           Transfer     Bitrate
[  5]   0.00-1.00   sec   128 KBytes  1.05 Mbits/sec                  
[  5]   1.00-2.00   sec  0.00 Bytes  0.00 bits/sec                  
[  5]   2.00-3.00   sec  0.00 Bytes  0.00 bits/sec                  
[  5]   3.00-4.00   sec   128 KBytes  1.05 Mbits/sec                  
[  5]   4.00-5.00   sec  0.00 Bytes  0.00 bits/sec                  
[  5]   5.00-6.00   sec  0.00 Bytes  0.00 bits/sec                  
[  5]   6.00-7.00   sec   128 KBytes  1.05 Mbits/sec                  
[  5]   7.00-8.00   sec  0.00 Bytes  0.00 bits/sec                  
[  5]   8.00-9.00   sec  0.00 Bytes  0.00 bits/sec                  
[  5]   9.00-10.00  sec  0.00 Bytes  0.00 bits/sec                  
- - - - - - - - - - - - - - - - - - - - - - - - -
[ ID] Interval           Transfer     Bitrate
[  5]   0.00-10.00  sec   384 KBytes   315 Kbits/sec                  receiver
-----------------------------------------------------------
Server listening on 5002 (test #8)
-----------------------------------------------------------
Accepted connection from 10.42.8.4, port 36724
[  5] local 10.42.8.5 port 5002 connected to 10.42.8.4 port 36726
[ ID] Interval           Transfer     Bitrate
[  5]   0.00-1.00   sec   128 KBytes  1.05 Mbits/sec                  
[  5]   1.00-2.00   sec  0.00 Bytes  0.00 bits/sec                  
[  5]   2.00-3.00   sec  0.00 Bytes  0.00 bits/sec                  
[  5]   3.00-4.00   sec   128 KBytes  1.05 Mbits/sec                  
[  5]   4.00-5.00   sec  0.00 Bytes  0.00 bits/sec                  
[  5]   5.00-6.00   sec  0.00 Bytes  0.00 bits/sec                  
[  5]   6.00-7.00   sec   128 KBytes  1.05 Mbits/sec                  
[  5]   7.00-8.00   sec  0.00 Bytes  0.00 bits/sec                  
[  5]   8.00-9.00   sec  0.00 Bytes  0.00 bits/sec                  
[  5]   9.00-10.00  sec  0.00 Bytes  0.00 bits/sec                  
- - - - - - - - - - - - - - - - - - - - - - - - -
[ ID] Interval           Transfer     Bitrate
[  5]   0.00-10.00  sec   384 KBytes   315 Kbits/sec                  receiver
-----------------------------------------------------------
Server listening on 5002 (test #9)
-----------------------------------------------------------
Accepted connection from 10.42.8.3, port 36754
[  5] local 10.42.8.5 port 5002 connected to 10.42.8.3 port 36764
[ ID] Interval           Transfer     Bitrate
[  5]   0.00-1.00   sec   128 KBytes  1.05 Mbits/sec                  
[  5]   1.00-2.00   sec  0.00 Bytes  0.00 bits/sec                  
[  5]   2.00-3.00   sec  0.00 Bytes  0.00 bits/sec                  
[  5]   3.00-4.00   sec   128 KBytes  1.05 Mbits/sec                  
[  5]   4.00-5.00   sec  0.00 Bytes  0.00 bits/sec                  
[  5]   5.00-6.00   sec  0.00 Bytes  0.00 bits/sec                  
[  5]   6.00-7.00   sec   128 KBytes  1.05 Mbits/sec                  
[  5]   7.00-8.00   sec  0.00 Bytes  0.00 bits/sec                  
[  5]   8.00-9.00   sec  0.00 Bytes  0.00 bits/sec                  
[  5]   9.00-10.00  sec  0.00 Bytes  0.00 bits/sec                  
- - - - - - - - - - - - - - - - - - - - - - - - -
[ ID] Interval           Transfer     Bitrate
[  5]   0.00-10.00  sec   384 KBytes   315 Kbits/sec                  receiver
-----------------------------------------------------------
Server listening on 5003 (test #2)
-----------------------------------------------------------
Accepted connection from 10.42.8.4, port 39614
[  5] local 10.42.8.5 port 5003 connected to 10.42.8.4 port 39620
[ ID] Interval           Transfer     Bitrate
[  5]   0.00-1.00   sec   128 KBytes  1.05 Mbits/sec                  
[  5]   1.00-2.00   sec  0.00 Bytes  0.00 bits/sec                  
[  5]   2.00-3.00   sec  0.00 Bytes  0.00 bits/sec                  
[  5]   3.00-4.00   sec   128 KBytes  1.05 Mbits/sec                  
[  5]   4.00-5.00   sec  0.00 Bytes  0.00 bits/sec                  
[  5]   5.00-6.00   sec  0.00 Bytes  0.00 bits/sec                  
[  5]   6.00-7.00   sec   128 KBytes  1.05 Mbits/sec                  
[  5]   7.00-8.00   sec  0.00 Bytes  0.00 bits/sec                  
[  5]   8.00-9.00   sec  0.00 Bytes  0.00 bits/sec                  
[  5]   9.00-10.00  sec  0.00 Bytes  0.00 bits/sec                  
- - - - - - - - - - - - - - - - - - - - - - - - -
[ ID] Interval           Transfer     Bitrate
[  5]   0.00-10.00  sec   384 KBytes   315 Kbits/sec                  receiver
-----------------------------------------------------------
Server listening on 5002 (test #10)
-----------------------------------------------------------
Accepted connection from 10.42.8.3, port 41842
[  5] local 10.42.8.5 port 5002 connected to 10.42.8.3 port 41858
[ ID] Interval           Transfer     Bitrate
[  5]   0.00-1.00   sec   128 KBytes  1.05 Mbits/sec                  
[  5]   1.00-2.00   sec  0.00 Bytes  0.00 bits/sec                  
[  5]   2.00-3.00   sec  0.00 Bytes  0.00 bits/sec                  
[  5]   3.00-4.00   sec   128 KBytes  1.05 Mbits/sec                  
[  5]   4.00-5.00   sec  0.00 Bytes  0.00 bits/sec                  
[  5]   5.00-6.00   sec  0.00 Bytes  0.00 bits/sec                  
[  5]   6.00-7.00   sec   128 KBytes  1.05 Mbits/sec                  
[  5]   7.00-8.00   sec  0.00 Bytes  0.00 bits/sec                  
[  5]   8.00-9.00   sec  0.00 Bytes  0.00 bits/sec                  
[  5]   9.00-10.00  sec  0.00 Bytes  0.00 bits/sec                  
- - - - - - - - - - - - - - - - - - - - - - - - -
[ ID] Interval           Transfer     Bitrate
[  5]   0.00-10.00  sec   384 KBytes   315 Kbits/sec                  receiver
-----------------------------------------------------------
Server listening on 5003 (test #3)
-----------------------------------------------------------
Accepted connection from 10.42.8.4, port 35968
[  5] local 10.42.8.5 port 5003 connected to 10.42.8.4 port 35980
[ ID] Interval           Transfer     Bitrate
[  5]   0.00-1.00   sec   128 KBytes  1.05 Mbits/sec                  
[  5]   1.00-2.00   sec  0.00 Bytes  0.00 bits/sec                  
[  5]   2.00-3.00   sec  0.00 Bytes  0.00 bits/sec                  
[  5]   3.00-4.00   sec   128 KBytes  1.05 Mbits/sec                  
[  5]   4.00-5.00   sec  0.00 Bytes  0.00 bits/sec                  
[  5]   5.00-6.00   sec  0.00 Bytes  0.00 bits/sec                  
[  5]   6.00-7.00   sec   128 KBytes  1.05 Mbits/sec                  
[  5]   7.00-8.00   sec  0.00 Bytes  0.00 bits/sec                  
[  5]   8.00-9.00   sec  0.00 Bytes  0.00 bits/sec                  
[  5]   9.00-10.00  sec  0.00 Bytes  0.00 bits/sec                  
- - - - - - - - - - - - - - - - - - - - - - - - -
[ ID] Interval           Transfer     Bitrate
[  5]   0.00-10.00  sec   384 KBytes   315 Kbits/sec                  receiver
-----------------------------------------------------------
Server listening on 5002 (test #11)
-----------------------------------------------------------
Accepted connection from 10.42.8.3, port 49650
[  5] local 10.42.8.5 port 5002 connected to 10.42.8.3 port 49660
[ ID] Interval           Transfer     Bitrate
[  5]   0.00-1.00   sec   128 KBytes  1.05 Mbits/sec                  
[  5]   1.00-2.00   sec  0.00 Bytes  0.00 bits/sec                  
[  5]   2.00-3.00   sec  0.00 Bytes  0.00 bits/sec                  
[  5]   3.00-4.00   sec   128 KBytes  1.05 Mbits/sec                  
[  5]   4.00-5.00   sec  0.00 Bytes  0.00 bits/sec                  
[  5]   5.00-6.00   sec  0.00 Bytes  0.00 bits/sec                  
[  5]   6.00-7.00   sec   128 KBytes  1.05 Mbits/sec                  
[  5]   7.00-8.00   sec  0.00 Bytes  0.00 bits/sec                  
[  5]   8.00-9.00   sec  0.00 Bytes  0.00 bits/sec                  
[  5]   9.00-10.00  sec  0.00 Bytes  0.00 bits/sec                  
- - - - - - - - - - - - - - - - - - - - - - - - -
[ ID] Interval           Transfer     Bitrate
[  5]   0.00-10.00  sec   384 KBytes   315 Kbits/sec                  receiver
-----------------------------------------------------------
Server listening on 5002 (test #12)
-----------------------------------------------------------
Accepted connection from 10.42.8.4, port 33536
[  5] local 10.42.8.5 port 5002 connected to 10.42.8.4 port 33540
[ ID] Interval           Transfer     Bitrate
[  5]   0.00-1.00   sec   128 KBytes  1.05 Mbits/sec                  
[  5]   1.00-2.00   sec  0.00 Bytes  0.00 bits/sec                  
[  5]   2.00-3.00   sec  0.00 Bytes  0.00 bits/sec                  
[  5]   3.00-4.00   sec   128 KBytes  1.05 Mbits/sec                  
[  5]   4.00-5.00   sec  0.00 Bytes  0.00 bits/sec                  
[  5]   5.00-6.00   sec  0.00 Bytes  0.00 bits/sec                  
[  5]   6.00-7.00   sec   128 KBytes  1.05 Mbits/sec                  
[  5]   7.00-8.00   sec  0.00 Bytes  0.00 bits/sec                  
[  5]   8.00-9.00   sec  0.00 Bytes  0.00 bits/sec                  
[  5]   9.00-10.00  sec  0.00 Bytes  0.00 bits/sec                  
- - - - - - - - - - - - - - - - - - - - - - - - -
[ ID] Interval           Transfer     Bitrate
[  5]   0.00-10.00  sec   384 KBytes   315 Kbits/sec                  receiver
-----------------------------------------------------------
Server listening on 5003 (test #4)
-----------------------------------------------------------
Accepted connection from 10.42.8.3, port 58722
[  5] local 10.42.8.5 port 5003 connected to 10.42.8.3 port 58726
[ ID] Interval           Transfer     Bitrate
[  5]   0.00-1.00   sec   128 KBytes  1.05 Mbits/sec                  
[  5]   1.00-2.00   sec  0.00 Bytes  0.00 bits/sec                  
[  5]   2.00-3.00   sec  0.00 Bytes  0.00 bits/sec                  
[  5]   3.00-4.00   sec   128 KBytes  1.05 Mbits/sec                  
[  5]   4.00-5.00   sec  0.00 Bytes  0.00 bits/sec                  
[  5]   5.00-6.00   sec  0.00 Bytes  0.00 bits/sec                  
[  5]   6.00-7.00   sec   128 KBytes  1.05 Mbits/sec                  
[  5]   7.00-8.00   sec  0.00 Bytes  0.00 bits/sec                  
[  5]   8.00-9.00   sec  0.00 Bytes  0.00 bits/sec                  
[  5]   9.00-10.00  sec  0.00 Bytes  0.00 bits/sec                  
- - - - - - - - - - - - - - - - - - - - - - - - -
[ ID] Interval           Transfer     Bitrate
[  5]   0.00-10.00  sec   384 KBytes   315 Kbits/sec                  receiver
-----------------------------------------------------------
Server listening on 5002 (test #13)
-----------------------------------------------------------
Accepted connection from 10.42.8.4, port 51180
[  5] local 10.42.8.5 port 5002 connected to 10.42.8.4 port 51182
[ ID] Interval           Transfer     Bitrate
[  5]   0.00-1.00   sec   128 KBytes  1.05 Mbits/sec                  
[  5]   1.00-2.00   sec  0.00 Bytes  0.00 bits/sec                  
[  5]   2.00-3.00   sec  0.00 Bytes  0.00 bits/sec                  
[  5]   3.00-4.00   sec   128 KBytes  1.05 Mbits/sec                  
[  5]   4.00-5.00   sec  0.00 Bytes  0.00 bits/sec                  
[  5]   5.00-6.00   sec  0.00 Bytes  0.00 bits/sec                  
[  5]   6.00-7.00   sec   128 KBytes  1.05 Mbits/sec                  
[  5]   7.00-8.00   sec  0.00 Bytes  0.00 bits/sec                  
[  5]   8.00-9.00   sec  0.00 Bytes  0.00 bits/sec                  
[  5]   9.00-10.00  sec  0.00 Bytes  0.00 bits/sec                  
- - - - - - - - - - - - - - - - - - - - - - - - -
[ ID] Interval           Transfer     Bitrate
[  5]   0.00-10.00  sec   384 KBytes   315 Kbits/sec                  receiver
-----------------------------------------------------------
Server listening on 5002 (test #14)
-----------------------------------------------------------
Accepted connection from 10.42.8.3, port 55964
[  5] local 10.42.8.5 port 5002 connected to 10.42.8.3 port 55980
[ ID] Interval           Transfer     Bitrate
[  5]   0.00-1.00   sec   128 KBytes  1.05 Mbits/sec                  
[  5]   1.00-2.00   sec  0.00 Bytes  0.00 bits/sec                  
[  5]   2.00-3.00   sec  0.00 Bytes  0.00 bits/sec                  
[  5]   3.00-4.00   sec   128 KBytes  1.05 Mbits/sec                  
[  5]   4.00-5.00   sec  0.00 Bytes  0.00 bits/sec                  
[  5]   5.00-6.00   sec  0.00 Bytes  0.00 bits/sec                  
[  5]   6.00-7.00   sec   128 KBytes  1.05 Mbits/sec                  
[  5]   7.00-8.00   sec  0.00 Bytes  0.00 bits/sec                  
[  5]   8.00-9.00   sec  0.00 Bytes  0.00 bits/sec                  
[  5]   9.00-10.00  sec  0.00 Bytes  0.00 bits/sec                  
- - - - - - - - - - - - - - - - - - - - - - - - -
[ ID] Interval           Transfer     Bitrate
[  5]   0.00-10.00  sec   384 KBytes   315 Kbits/sec                  receiver
-----------------------------------------------------------
Server listening on 5003 (test #5)
-----------------------------------------------------------
Accepted connection from 10.42.8.4, port 50342
[  5] local 10.42.8.5 port 5003 connected to 10.42.8.4 port 50356
[ ID] Interval           Transfer     Bitrate
[  5]   0.00-1.00   sec   128 KBytes  1.05 Mbits/sec                  
[  5]   1.00-2.00   sec  0.00 Bytes  0.00 bits/sec                  
[  5]   2.00-3.00   sec  0.00 Bytes  0.00 bits/sec                  
[  5]   3.00-4.00   sec   128 KBytes  1.05 Mbits/sec                  
[  5]   4.00-5.00   sec  0.00 Bytes  0.00 bits/sec                  
[  5]   5.00-6.00   sec  0.00 Bytes  0.00 bits/sec                  
[  5]   6.00-7.00   sec   128 KBytes  1.05 Mbits/sec                  
[  5]   7.00-8.00   sec  0.00 Bytes  0.00 bits/sec                  
[  5]   8.00-9.00   sec  0.00 Bytes  0.00 bits/sec                  
[  5]   9.00-10.00  sec  0.00 Bytes  0.00 bits/sec                  
- - - - - - - - - - - - - - - - - - - - - - - - -
[ ID] Interval           Transfer     Bitrate
[  5]   0.00-10.00  sec   384 KBytes   315 Kbits/sec                  receiver
-----------------------------------------------------------
Server listening on 5002 (test #15)
-----------------------------------------------------------
Accepted connection from 10.42.8.3, port 37614
[  5] local 10.42.8.5 port 5002 connected to 10.42.8.3 port 37626
[ ID] Interval           Transfer     Bitrate
[  5]   0.00-1.00   sec   128 KBytes  1.05 Mbits/sec                  
[  5]   1.00-2.00   sec  0.00 Bytes  0.00 bits/sec                  
[  5]   2.00-3.00   sec  0.00 Bytes  0.00 bits/sec                  
[  5]   3.00-4.00   sec   128 KBytes  1.05 Mbits/sec                  
[  5]   4.00-5.00   sec  0.00 Bytes  0.00 bits/sec                  
[  5]   5.00-6.00   sec  0.00 Bytes  0.00 bits/sec                  
[  5]   6.00-7.00   sec   128 KBytes  1.05 Mbits/sec                  
[  5]   7.00-8.00   sec  0.00 Bytes  0.00 bits/sec                  
[  5]   8.00-9.00   sec  0.00 Bytes  0.00 bits/sec                  
[  5]   9.00-10.00  sec  0.00 Bytes  0.00 bits/sec                  
- - - - - - - - - - - - - - - - - - - - - - - - -
[ ID] Interval           Transfer     Bitrate
[  5]   0.00-10.00  sec   384 KBytes   315 Kbits/sec                  receiver
-----------------------------------------------------------
Server listening on 5002 (test #16)
-----------------------------------------------------------
Accepted connection from 10.42.8.4, port 40542
[  5] local 10.42.8.5 port 5002 connected to 10.42.8.4 port 40546
[ ID] Interval           Transfer     Bitrate
[  5]   0.00-1.00   sec   128 KBytes  1.05 Mbits/sec                  
[  5]   1.00-2.00   sec  0.00 Bytes  0.00 bits/sec                  
[  5]   2.00-3.00   sec  0.00 Bytes  0.00 bits/sec                  
[  5]   3.00-4.00   sec   128 KBytes  1.05 Mbits/sec                  
[  5]   4.00-5.00   sec  0.00 Bytes  0.00 bits/sec                  
[  5]   5.00-6.00   sec  0.00 Bytes  0.00 bits/sec                  
[  5]   6.00-7.00   sec   128 KBytes  1.05 Mbits/sec                  
[  5]   7.00-8.00   sec  0.00 Bytes  0.00 bits/sec                  
[  5]   8.00-9.00   sec  0.00 Bytes  0.00 bits/sec                  
[  5]   9.00-10.00  sec  0.00 Bytes  0.00 bits/sec                  
- - - - - - - - - - - - - - - - - - - - - - - - -
[ ID] Interval           Transfer     Bitrate
[  5]   0.00-10.00  sec   384 KBytes   315 Kbits/sec                  receiver
-----------------------------------------------------------
Server listening on 5002 (test #17)
-----------------------------------------------------------
Accepted connection from 10.42.8.3, port 33398
[  5] local 10.42.8.5 port 5002 connected to 10.42.8.3 port 33400
[ ID] Interval           Transfer     Bitrate
[  5]   0.00-1.00   sec   128 KBytes  1.05 Mbits/sec                  
[  5]   1.00-2.00   sec  0.00 Bytes  0.00 bits/sec                  
[  5]   2.00-3.00   sec  0.00 Bytes  0.00 bits/sec                  
[  5]   3.00-4.00   sec   128 KBytes  1.05 Mbits/sec                  
[  5]   4.00-5.00   sec  0.00 Bytes  0.00 bits/sec                  
[  5]   5.00-6.00   sec  0.00 Bytes  0.00 bits/sec                  
[  5]   6.00-7.00   sec   128 KBytes  1.05 Mbits/sec                  
[  5]   7.00-8.00   sec  0.00 Bytes  0.00 bits/sec                  
[  5]   8.00-9.00   sec  0.00 Bytes  0.00 bits/sec                  
[  5]   9.00-10.00  sec  0.00 Bytes  0.00 bits/sec                  
- - - - - - - - - - - - - - - - - - - - - - - - -
[ ID] Interval           Transfer     Bitrate
[  5]   0.00-10.00  sec   384 KBytes   315 Kbits/sec                  receiver
-----------------------------------------------------------
Server listening on 5002 (test #18)
-----------------------------------------------------------
Accepted connection from 10.42.8.4, port 57488
[  5] local 10.42.8.5 port 5002 connected to 10.42.8.4 port 57504
[ ID] Interval           Transfer     Bitrate
[  5]   0.00-1.00   sec   128 KBytes  1.05 Mbits/sec                  
[  5]   1.00-2.00   sec  0.00 Bytes  0.00 bits/sec                  
[  5]   2.00-3.00   sec  0.00 Bytes  0.00 bits/sec                  
[  5]   3.00-4.00   sec   128 KBytes  1.05 Mbits/sec                  
[  5]   4.00-5.00   sec  0.00 Bytes  0.00 bits/sec                  
[  5]   5.00-6.00   sec  0.00 Bytes  0.00 bits/sec                  
[  5]   6.00-7.00   sec   128 KBytes  1.05 Mbits/sec                  
[  5]   7.00-8.00   sec  0.00 Bytes  0.00 bits/sec                  
[  5]   8.00-9.00   sec  0.00 Bytes  0.00 bits/sec                  
[  5]   9.00-10.00  sec  0.00 Bytes  0.00 bits/sec                  
- - - - - - - - - - - - - - - - - - - - - - - - -
[ ID] Interval           Transfer     Bitrate
[  5]   0.00-10.00  sec   384 KBytes   315 Kbits/sec                  receiver
-----------------------------------------------------------
Server listening on 5003 (test #6)
-----------------------------------------------------------
Accepted connection from 10.42.8.3, port 56314
[  5] local 10.42.8.5 port 5003 connected to 10.42.8.3 port 56330
[ ID] Interval           Transfer     Bitrate
[  5]   0.00-1.00   sec   128 KBytes  1.05 Mbits/sec                  
[  5]   1.00-2.00   sec  0.00 Bytes  0.00 bits/sec                  
[  5]   2.00-3.00   sec  0.00 Bytes  0.00 bits/sec                  
[  5]   3.00-4.00   sec   128 KBytes  1.05 Mbits/sec                  
[  5]   4.00-5.00   sec  0.00 Bytes  0.00 bits/sec                  
[  5]   5.00-6.00   sec  0.00 Bytes  0.00 bits/sec                  
[  5]   6.00-7.00   sec   128 KBytes  1.05 Mbits/sec                  
[  5]   7.00-8.00   sec  0.00 Bytes  0.00 bits/sec                  
[  5]   8.00-9.00   sec  0.00 Bytes  0.00 bits/sec                  
[  5]   9.00-10.00  sec  0.00 Bytes  0.00 bits/sec                  
- - - - - - - - - - - - - - - - - - - - - - - - -
[ ID] Interval           Transfer     Bitrate
[  5]   0.00-10.00  sec   384 KBytes   315 Kbits/sec                  receiver
-----------------------------------------------------------
Server listening on 5002 (test #19)
-----------------------------------------------------------
Accepted connection from 10.42.0.13, port 40940
[  5] local 10.42.8.5 port 5002 connected to 10.42.0.13 port 46862
[ ID] Interval           Transfer     Bitrate
[  5]   0.00-1.00   sec  0.00 Bytes  0.00 bits/sec                  
[  5]   1.00-2.00   sec  0.00 Bytes  0.00 bits/sec                  
[  5]   2.00-3.00   sec  0.00 Bytes  0.00 bits/sec                  
[  5]   3.00-4.00   sec  0.00 Bytes  0.00 bits/sec                  
[  5]   4.00-5.00   sec  0.00 Bytes  0.00 bits/sec                  
[  5]   5.00-6.00   sec  0.00 Bytes  0.00 bits/sec                  
[  5]   6.00-7.00   sec   128 KBytes  1.05 Mbits/sec                  
[  5]   7.00-8.00   sec  0.00 Bytes  0.00 bits/sec                  
[  5]   8.00-9.00   sec  0.00 Bytes  0.00 bits/sec                  
[  5]   9.00-10.00  sec  0.00 Bytes  0.00 bits/sec                  
[  5]  10.00-11.00  sec  0.00 Bytes  0.00 bits/sec                  
