-----------------------------------------------------------
-----------------------------------------------------------
-----------------------------------------------------------
-----------------------------------------------------------
-----------------------------------------------------------
-----------------------------------------------------------
-----------------------------------------------------------
-----------------------------------------------------------
-----------------------------------------------------------
-----------------------------------------------------------
-----------------------------------------------------------
Server listening on 5003 (test #1)
-----------------------------------------------------------
Accepted connection from 10.42.5.3, port 60646
[  5] local 10.42.0.11 port 5003 connected to 10.42.5.3 port 60662
[ ID] Interval           Transfer     Bitrate
[  5]   0.00-1.00   sec  22.7 KBytes   186 Kbits/sec                  
[  5]   1.00-2.00   sec  23.7 KBytes   194 Kbits/sec                  
[  5]   2.00-3.00   sec  25.3 KBytes   207 Kbits/sec                  
[  5]   3.00-4.00   sec  23.7 KBytes   194 Kbits/sec                  
[  5]   4.00-5.00   sec  23.9 KBytes   196 Kbits/sec                  
[  5]   5.00-6.00   sec  25.1 KBytes   206 Kbits/sec                  
[  5]   6.00-7.00   sec  23.7 KBytes   194 Kbits/sec                  
[  5]   7.00-7.07   sec  2.59 KBytes   327 Kbits/sec                  
- - - - - - - - - - - - - - - - - - - - - - - - -
[ ID] Interval           Transfer     Bitrate
[  5]   0.00-7.07   sec   171 KBytes   198 Kbits/sec                  receiver
Server listening on 5004 (test #1)
-----------------------------------------------------------
Accepted connection from 10.42.3.3, port 49588
[  5] local 10.42.0.11 port 5004 connected to 10.42.3.3 port 49594
[ ID] Interval           Transfer     Bitrate
[  5]   0.00-1.00   sec  22.9 KBytes   188 Kbits/sec                  
[  5]   1.00-2.00   sec  23.9 KBytes   196 Kbits/sec                  
[  5]   2.00-3.00   sec  23.7 KBytes   194 Kbits/sec                  
[  5]   3.00-4.00   sec  25.3 KBytes   207 Kbits/sec                  
[  5]   4.00-5.00   sec  23.7 KBytes   194 Kbits/sec                  
[  5]   5.00-6.00   sec  25.1 KBytes   206 Kbits/sec                  
[  5]   6.00-7.00   sec  23.7 KBytes   194 Kbits/sec                  
[  5]   7.00-7.02   sec  1.39 KBytes   522 Kbits/sec                  
- - - - - - - - - - - - - - - - - - - - - - - - -
[ ID] Interval           Transfer     Bitrate
[  5]   0.00-7.02   sec   170 KBytes   198 Kbits/sec                  receiver
Server listening on 5002 (test #1)
-----------------------------------------------------------
Accepted connection from 10.42.2.3, port 43232
[  5] local 10.42.0.11 port 5002 connected to 10.42.2.3 port 43242
[ ID] Interval           Transfer     Bitrate
[  5]   0.00-1.00   sec   204 Bytes  1.63 Kbits/sec                  
[  5]   1.00-2.00   sec  0.00 Bytes  0.00 bits/sec                  
[  5]   2.00-3.00   sec  0.00 Bytes  0.00 bits/sec                  
[  5]   3.00-4.00   sec  0.00 Bytes  0.00 bits/sec                  
[  5]   4.00-5.00   sec  0.00 Bytes  0.00 bits/sec                  
[  5]   5.00-6.00   sec  0.00 Bytes  0.00 bits/sec                  
[  5]   6.00-7.00   sec  0.00 Bytes  0.00 bits/sec                  
[  5]   7.00-8.00   sec  0.00 Bytes  0.00 bits/sec                  
[  5]   8.00-9.00   sec  0.00 Bytes  0.00 bits/sec                  
[  5]   9.00-10.00  sec  0.00 Bytes  0.00 bits/sec                  
[  5]  10.00-11.00  sec  0.00 Bytes  0.00 bits/sec                  
[  5]  11.00-12.00  sec  0.00 Bytes  0.00 bits/sec                  
-----------------------------------------------------------
Server listening on 5003 (test #2)
-----------------------------------------------------------
Accepted connection from 10.42.3.3, port 56338
[  5] local 10.42.0.11 port 5003 connected to 10.42.3.3 port 56348
[ ID] Interval           Transfer     Bitrate
[  5]   0.00-1.00   sec  22.3 KBytes   183 Kbits/sec                  
[  5]   1.00-2.00   sec  23.7 KBytes   194 Kbits/sec                  
[  5]   2.00-3.00   sec  25.7 KBytes   211 Kbits/sec                  
[  5]   3.00-4.00   sec  23.3 KBytes   191 Kbits/sec                  
[  5]   4.00-5.00   sec  24.7 KBytes   202 Kbits/sec                  
[  5]   5.00-6.00   sec  24.3 KBytes   199 Kbits/sec                  
[  5]   6.00-7.00   sec  25.1 KBytes   205 Kbits/sec                  
[  5]   7.00-7.05   sec  1.39 KBytes   253 Kbits/sec                  
- - - - - - - - - - - - - - - - - - - - - - - - -
[ ID] Interval           Transfer     Bitrate
[  5]   0.00-7.05   sec   171 KBytes   198 Kbits/sec                  receiver
[  5]  12.00-13.00  sec  0.00 Bytes  0.00 bits/sec                  
[  5]  13.00-14.00  sec  0.00 Bytes  0.00 bits/sec                  
[  5]  14.00-15.00  sec  0.00 Bytes  0.00 bits/sec                  
[  5]  15.00-16.00  sec  0.00 Bytes  0.00 bits/sec                  
[  5]  16.00-17.00  sec  0.00 Bytes  0.00 bits/sec                  
[  5]  17.00-18.00  sec  0.00 Bytes  0.00 bits/sec                  
[  5]  18.00-19.00  sec  0.00 Bytes  0.00 bits/sec                  
[  5]  19.00-20.00  sec  0.00 Bytes  0.00 bits/sec                  
[  5]  20.00-21.00  sec  0.00 Bytes  0.00 bits/sec                  
[  5]  21.00-22.00  sec  0.00 Bytes  0.00 bits/sec                  
[  5]  22.00-23.00  sec  0.00 Bytes  0.00 bits/sec                  
[  5]  23.00-24.00  sec  0.00 Bytes  0.00 bits/sec                  
[  5]  24.00-25.00  sec  0.00 Bytes  0.00 bits/sec                  
[  5]  25.00-26.00  sec  0.00 Bytes  0.00 bits/sec                  
[  5]  26.00-27.00  sec  0.00 Bytes  0.00 bits/sec                  
-----------------------------------------------------------
Server listening on 5004 (test #2)
-----------------------------------------------------------
Accepted connection from 10.42.5.3, port 58938
[  5] local 10.42.0.11 port 5004 connected to 10.42.5.3 port 58948
[ ID] Interval           Transfer     Bitrate
[  5]   0.00-1.00   sec  22.7 KBytes   186 Kbits/sec                  
[  5]   1.00-2.00   sec  23.5 KBytes   193 Kbits/sec                  
[  5]   2.00-3.00   sec  24.9 KBytes   204 Kbits/sec                  
[  5]   3.00-4.00   sec  24.7 KBytes   203 Kbits/sec                  
[  5]   4.00-5.00   sec  24.9 KBytes   204 Kbits/sec                  
[  5]   5.00-6.00   sec  23.3 KBytes   191 Kbits/sec                  
[  5]   6.00-7.00   sec  24.3 KBytes   199 Kbits/sec                  
[  5]   7.00-7.02   sec  1.39 KBytes   600 Kbits/sec                  
- - - - - - - - - - - - - - - - - - - - - - - - -
[ ID] Interval           Transfer     Bitrate
[  5]   0.00-7.02   sec   170 KBytes   198 Kbits/sec                  receiver
[  5]  27.00-28.00  sec  0.00 Bytes  0.00 bits/sec                  
[  5]  28.00-29.00  sec  0.00 Bytes  0.00 bits/sec                  
[  5]  29.00-30.00  sec  0.00 Bytes  0.00 bits/sec                  
[  5]  30.00-31.00  sec  0.00 Bytes  0.00 bits/sec                  
[  5]  31.00-32.00  sec  0.00 Bytes  0.00 bits/sec                  
[  5]  32.00-33.00  sec  0.00 Bytes  0.00 bits/sec                  
[  5]  33.00-34.00  sec  0.00 Bytes  0.00 bits/sec                  
[  5]  34.00-35.00  sec  0.00 Bytes  0.00 bits/sec                  
[  5]  35.00-36.00  sec  0.00 Bytes  0.00 bits/sec                  
[  5]  36.00-37.00  sec  0.00 Bytes  0.00 bits/sec                  
[  5]  37.00-38.00  sec  0.00 Bytes  0.00 bits/sec                  
[  5]  38.00-39.00  sec  0.00 Bytes  0.00 bits/sec                  
[  5]  39.00-40.00  sec  0.00 Bytes  0.00 bits/sec                  
[  5]  40.00-41.00  sec  0.00 Bytes  0.00 bits/sec                  
[  5]  41.00-42.00  sec  0.00 Bytes  0.00 bits/sec                  
-----------------------------------------------------------
Server listening on 5003 (test #3)
-----------------------------------------------------------
Accepted connection from 10.42.3.3, port 47776
[  5] local 10.42.0.11 port 5003 connected to 10.42.3.3 port 47792
[ ID] Interval           Transfer     Bitrate
[  5]   0.00-1.00   sec  22.3 KBytes   183 Kbits/sec                  
[  5]   1.00-2.00   sec  24.9 KBytes   204 Kbits/sec                  
[  5]   2.00-3.00   sec  23.7 KBytes   194 Kbits/sec                  
[  5]   3.00-4.00   sec  24.9 KBytes   204 Kbits/sec                  
[  5]   4.00-5.00   sec  23.5 KBytes   193 Kbits/sec                  
[  5]   5.00-6.00   sec  24.7 KBytes   202 Kbits/sec                  
[  5]   6.00-7.00   sec  25.3 KBytes   207 Kbits/sec                  
[  5]   7.00-7.06   sec  1.59 KBytes   211 Kbits/sec                  
- - - - - - - - - - - - - - - - - - - - - - - - -
[ ID] Interval           Transfer     Bitrate
[  5]   0.00-7.06   sec   171 KBytes   198 Kbits/sec                  receiver
[  5]  42.00-43.00  sec  0.00 Bytes  0.00 bits/sec                  
[  5]  43.00-44.00  sec  0.00 Bytes  0.00 bits/sec                  
[  5]  44.00-45.00  sec  0.00 Bytes  0.00 bits/sec                  
[  5]  45.00-46.00  sec  0.00 Bytes  0.00 bits/sec                  
-----------------------------------------------------------
Server listening on 5004 (test #3)
-----------------------------------------------------------
Accepted connection from 10.42.5.3, port 39438
[  5] local 10.42.0.11 port 5004 connected to 10.42.5.3 port 39448
[ ID] Interval           Transfer     Bitrate
[  5]   0.00-1.00   sec  22.3 KBytes   183 Kbits/sec                  
[  5]   1.00-2.00   sec  23.9 KBytes   196 Kbits/sec                  
[  5]   2.00-3.00   sec  24.9 KBytes   204 Kbits/sec                  
[  5]   3.00-4.00   sec  24.9 KBytes   204 Kbits/sec                  
[  5]   4.00-5.00   sec  23.5 KBytes   193 Kbits/sec                  
[  5]   5.00-6.00   sec  25.1 KBytes   206 Kbits/sec                  
[  5]   6.00-7.00   sec  23.7 KBytes   194 Kbits/sec                  
[  5]   7.00-7.02   sec  1.39 KBytes   600 Kbits/sec                  
- - - - - - - - - - - - - - - - - - - - - - - - -
[ ID] Interval           Transfer     Bitrate
[  5]   0.00-7.02   sec   170 KBytes   198 Kbits/sec                  receiver
-----------------------------------------------------------
Server listening on 5003 (test #4)
-----------------------------------------------------------
Accepted connection from 10.42.2.3, port 55608
[  5] local 10.42.0.11 port 5003 connected to 10.42.2.3 port 55622
[ ID] Interval           Transfer     Bitrate
[  5]   0.00-1.00   sec  22.3 KBytes   183 Kbits/sec                  
[  5]   1.00-2.00   sec  23.7 KBytes   194 Kbits/sec                  
[  5]   2.00-3.00   sec  25.1 KBytes   206 Kbits/sec                  
[  5]   3.00-4.00   sec  24.9 KBytes   204 Kbits/sec                  
[  5]   4.00-5.00   sec  23.5 KBytes   193 Kbits/sec                  
[  5]   5.00-6.00   sec  24.9 KBytes   204 Kbits/sec                  
[  5]   6.00-7.00   sec  23.9 KBytes   196 Kbits/sec                  
[  5]   7.00-7.02   sec  1.59 KBytes   680 Kbits/sec                  
- - - - - - - - - - - - - - - - - - - - - - - - -
[ ID] Interval           Transfer     Bitrate
[  5]   0.00-7.02   sec   170 KBytes   198 Kbits/sec                  receiver
-----------------------------------------------------------
Server listening on 5002 (test #2)
-----------------------------------------------------------
Accepted connection from 10.42.3.3, port 48518
[  5] local 10.42.0.11 port 5002 connected to 10.42.3.3 port 48532
[ ID] Interval           Transfer     Bitrate
[  5]   0.00-1.00   sec  22.1 KBytes   181 Kbits/sec                  
[  5]   1.00-2.00   sec  25.1 KBytes   206 Kbits/sec                  
[  5]   2.00-3.00   sec  23.3 KBytes   191 Kbits/sec                  
[  5]   3.00-4.00   sec  24.9 KBytes   204 Kbits/sec                  
[  5]   4.00-5.00   sec  24.9 KBytes   204 Kbits/sec                  
[  5]   5.00-6.00   sec  23.5 KBytes   193 Kbits/sec                  
[  5]   6.00-7.00   sec  24.5 KBytes   201 Kbits/sec                  
[  5]   7.00-7.04   sec  1.39 KBytes   263 Kbits/sec                  
- - - - - - - - - - - - - - - - - - - - - - - - -
[ ID] Interval           Transfer     Bitrate
[  5]   0.00-7.04   sec   170 KBytes   197 Kbits/sec                  receiver
-----------------------------------------------------------
Server listening on 5003 (test #5)
-----------------------------------------------------------
Accepted connection from 10.42.5.3, port 51120
[  5] local 10.42.0.11 port 5003 connected to 10.42.5.3 port 51128
[ ID] Interval           Transfer     Bitrate
[  5]   0.00-1.00   sec  22.3 KBytes   183 Kbits/sec                  
[  5]   1.00-2.00   sec  24.5 KBytes   201 Kbits/sec                  
[  5]   2.00-3.00   sec  24.9 KBytes   204 Kbits/sec                  
[  5]   3.00-4.00   sec  23.3 KBytes   191 Kbits/sec                  
[  5]   4.00-5.00   sec  24.9 KBytes   204 Kbits/sec                  
[  5]   5.00-6.00   sec  24.9 KBytes   204 Kbits/sec                  
[  5]   6.00-7.00   sec  23.5 KBytes   193 Kbits/sec                  
[  5]   7.00-7.02   sec  1.39 KBytes   598 Kbits/sec                  
- - - - - - - - - - - - - - - - - - - - - - - - -
[ ID] Interval           Transfer     Bitrate
[  5]   0.00-7.02   sec   170 KBytes   198 Kbits/sec                  receiver
-----------------------------------------------------------
Server listening on 5002 (test #3)
-----------------------------------------------------------
Accepted connection from 10.42.2.3, port 45572
[  5] local 10.42.0.11 port 5002 connected to 10.42.2.3 port 45588
[ ID] Interval           Transfer     Bitrate
[  5]   0.00-1.00   sec  22.3 KBytes   183 Kbits/sec                  
[  5]   1.00-2.00   sec  24.9 KBytes   204 Kbits/sec                  
[  5]   2.00-3.00   sec  23.3 KBytes   191 Kbits/sec                  
[  5]   3.00-4.00   sec  24.9 KBytes   204 Kbits/sec                  
[  5]   4.00-5.00   sec  25.1 KBytes   206 Kbits/sec                  
[  5]   5.00-6.00   sec  23.1 KBytes   189 Kbits/sec                  
[  5]   6.00-7.00   sec  21.1 KBytes   173 Kbits/sec                  
[  5]   7.00-7.31   sec  5.78 KBytes   153 Kbits/sec                  
- - - - - - - - - - - - - - - - - - - - - - - - -
[ ID] Interval           Transfer     Bitrate
[  5]   0.00-7.31   sec   171 KBytes   191 Kbits/sec                  receiver
-----------------------------------------------------------
Server listening on 5003 (test #6)
-----------------------------------------------------------
Accepted connection from 10.42.3.3, port 35092
[  5] local 10.42.0.11 port 5003 connected to 10.42.3.3 port 35098
[ ID] Interval           Transfer     Bitrate
[  5]   0.00-1.00   sec  22.5 KBytes   184 Kbits/sec                  
[  5]   1.00-2.00   sec  22.1 KBytes   181 Kbits/sec                  
[  5]   2.00-3.00   sec  20.5 KBytes   168 Kbits/sec                  
[  5]   3.00-4.00   sec  27.1 KBytes   222 Kbits/sec                  
[  5]   4.00-5.00   sec  27.5 KBytes   225 Kbits/sec                  
[  5]   5.00-6.00   sec  24.5 KBytes   201 Kbits/sec                  
[  5]   6.00-7.00   sec  23.9 KBytes   196 Kbits/sec                  
[  5]   7.00-7.06   sec  2.59 KBytes   353 Kbits/sec                  
- - - - - - - - - - - - - - - - - - - - - - - - -
[ ID] Interval           Transfer     Bitrate
[  5]   0.00-7.06   sec   171 KBytes   198 Kbits/sec                  receiver
-----------------------------------------------------------
Server listening on 5004 (test #4)
-----------------------------------------------------------
Accepted connection from 10.42.5.3, port 57358
[  5] local 10.42.0.11 port 5004 connected to 10.42.5.3 port 57370
[ ID] Interval           Transfer     Bitrate
[  5]   0.00-1.00   sec  16.3 KBytes   134 Kbits/sec                  
[  5]   1.00-2.00   sec  26.3 KBytes   215 Kbits/sec                  
[  5]   2.00-3.00   sec  26.5 KBytes   217 Kbits/sec                  
[  5]   3.00-4.00   sec  25.1 KBytes   206 Kbits/sec                  
[  5]   4.00-5.00   sec  25.5 KBytes   209 Kbits/sec                  
[  5]   5.00-6.00   sec  25.1 KBytes   206 Kbits/sec                  
[  5]   6.00-7.00   sec  23.7 KBytes   194 Kbits/sec                  
[  5]   7.00-7.02   sec  1.39 KBytes   545 Kbits/sec                  
- - - - - - - - - - - - - - - - - - - - - - - - -
[ ID] Interval           Transfer     Bitrate
[  5]   0.00-7.02   sec   170 KBytes   198 Kbits/sec                  receiver
-----------------------------------------------------------
Server listening on 5002 (test #4)
-----------------------------------------------------------
Accepted connection from 10.42.2.3, port 47242
[  5] local 10.42.0.11 port 5002 connected to 10.42.2.3 port 47248
[ ID] Interval           Transfer     Bitrate
[  5]   0.00-1.00   sec  22.3 KBytes   183 Kbits/sec                  
[  5]   1.00-2.00   sec  24.9 KBytes   204 Kbits/sec                  
[  5]   2.00-3.00   sec  23.3 KBytes   191 Kbits/sec                  
[  5]   3.00-4.00   sec  24.9 KBytes   204 Kbits/sec                  
[  5]   4.00-5.00   sec  19.1 KBytes   157 Kbits/sec                  
[  5]   5.00-6.00   sec  17.5 KBytes   144 Kbits/sec                  
[  5]   6.00-7.00   sec  17.7 KBytes   145 Kbits/sec                  
[  5]   7.00-8.00   sec  18.3 KBytes   150 Kbits/sec                  
[  5]   8.00-8.09   sec  2.59 KBytes   245 Kbits/sec                  
- - - - - - - - - - - - - - - - - - - - - - - - -
[ ID] Interval           Transfer     Bitrate
[  5]   0.00-8.09   sec   171 KBytes   173 Kbits/sec                  receiver
-----------------------------------------------------------
Server listening on 5003 (test #7)
-----------------------------------------------------------
Accepted connection from 10.42.5.3, port 50494
[  5] local 10.42.0.11 port 5003 connected to 10.42.5.3 port 50498
[ ID] Interval           Transfer     Bitrate
[  5]   0.00-1.00   sec  22.3 KBytes   183 Kbits/sec                  
[  5]   1.00-2.00   sec  22.3 KBytes   183 Kbits/sec                  
[  5]   2.00-3.00   sec  17.9 KBytes   147 Kbits/sec                  
[  5]   3.00-4.00   sec  17.3 KBytes   142 Kbits/sec                  
[  5]   4.00-5.00   sec  17.9 KBytes   147 Kbits/sec                  
[  5]   5.00-6.00   sec  21.7 KBytes   178 Kbits/sec                  
[  5]   6.00-7.00   sec  26.7 KBytes   219 Kbits/sec                  
[  5]   7.00-7.83   sec  23.5 KBytes   231 Kbits/sec                  
- - - - - - - - - - - - - - - - - - - - - - - - -
[ ID] Interval           Transfer     Bitrate
[  5]   0.00-7.83   sec   170 KBytes   177 Kbits/sec                  receiver
-----------------------------------------------------------
Server listening on 5004 (test #5)
-----------------------------------------------------------
Accepted connection from 10.42.3.3, port 39566
[  5] local 10.42.0.11 port 5004 connected to 10.42.3.3 port 39576
[ ID] Interval           Transfer     Bitrate
[  5]   0.00-1.00   sec  15.5 KBytes   127 Kbits/sec                  
[  5]   1.00-2.00   sec  17.5 KBytes   144 Kbits/sec                  
[  5]   2.00-3.00   sec  19.3 KBytes   158 Kbits/sec                  
[  5]   3.00-4.00   sec  17.3 KBytes   142 Kbits/sec                  
[  5]   4.00-5.00   sec  27.5 KBytes   225 Kbits/sec                  
[  5]   5.00-6.00   sec  26.9 KBytes   220 Kbits/sec                  
[  5]   6.00-7.00   sec  43.6 KBytes   357 Kbits/sec                  
[  5]   7.00-7.04   sec  2.39 KBytes   560 Kbits/sec                  
- - - - - - - - - - - - - - - - - - - - - - - - -
[ ID] Interval           Transfer     Bitrate
[  5]   0.00-7.04   sec   170 KBytes   198 Kbits/sec                  receiver
-----------------------------------------------------------
Server listening on 5002 (test #5)
-----------------------------------------------------------
Accepted connection from 10.42.3.3, port 48584
[  5] local 10.42.0.11 port 5002 connected to 10.42.3.3 port 48586
[ ID] Interval           Transfer     Bitrate
[  5]   0.00-1.00   sec  22.3 KBytes   183 Kbits/sec                  
[  5]   1.00-2.00   sec  24.9 KBytes   204 Kbits/sec                  
[  5]   2.00-3.00   sec  23.9 KBytes   196 Kbits/sec                  
[  5]   3.00-4.00   sec  24.9 KBytes   204 Kbits/sec                  
[  5]   4.00-5.00   sec  23.9 KBytes   196 Kbits/sec                  
[  5]   5.00-6.00   sec  20.5 KBytes   168 Kbits/sec                  
[  5]   6.00-7.00   sec  19.1 KBytes   157 Kbits/sec                  
[  5]   7.00-7.54   sec  9.96 KBytes   152 Kbits/sec                  
- - - - - - - - - - - - - - - - - - - - - - - - -
[ ID] Interval           Transfer     Bitrate
[  5]   0.00-7.54   sec   170 KBytes   184 Kbits/sec                  receiver
-----------------------------------------------------------
Server listening on 5003 (test #8)
-----------------------------------------------------------
Accepted connection from 10.42.2.3, port 54602
[  5] local 10.42.0.11 port 5003 connected to 10.42.2.3 port 54612
[ ID] Interval           Transfer     Bitrate
[  5]   0.00-1.00   sec  22.5 KBytes   184 Kbits/sec                  
[  5]   1.00-2.00   sec  23.7 KBytes   194 Kbits/sec                  
[  5]   2.00-3.00   sec  24.7 KBytes   202 Kbits/sec                  
[  5]   3.00-4.00   sec  24.5 KBytes   201 Kbits/sec                  
[  5]   4.00-5.00   sec  17.5 KBytes   144 Kbits/sec                  
[  5]   5.00-6.00   sec  19.3 KBytes   158 Kbits/sec                  
[  5]   6.00-7.00   sec  25.7 KBytes   211 Kbits/sec                  
[  5]   7.00-7.43   sec  12.2 KBytes   230 Kbits/sec                  
- - - - - - - - - - - - - - - - - - - - - - - - -
[ ID] Interval           Transfer     Bitrate
[  5]   0.00-7.43   sec   170 KBytes   187 Kbits/sec                  receiver
-----------------------------------------------------------
Server listening on 5004 (test #6)
-----------------------------------------------------------
Accepted connection from 10.42.5.3, port 35488
[  5] local 10.42.0.11 port 5004 connected to 10.42.5.3 port 35504
[ ID] Interval           Transfer     Bitrate
[  5]   0.00-1.00   sec  17.3 KBytes   142 Kbits/sec                  
[  5]   1.00-2.00   sec  16.9 KBytes   139 Kbits/sec                  
[  5]   2.00-3.00   sec  26.3 KBytes   215 Kbits/sec                  
[  5]   3.00-4.00   sec  35.1 KBytes   287 Kbits/sec                  
[  5]   4.00-5.00   sec  24.7 KBytes   202 Kbits/sec                  
[  5]   5.00-6.00   sec  23.7 KBytes   194 Kbits/sec                  
[  5]   6.00-7.00   sec  24.9 KBytes   204 Kbits/sec                  
[  5]   7.00-7.04   sec  1.59 KBytes   325 Kbits/sec                  
- - - - - - - - - - - - - - - - - - - - - - - - -
[ ID] Interval           Transfer     Bitrate
[  5]   0.00-7.04   sec   171 KBytes   198 Kbits/sec                  receiver
-----------------------------------------------------------
Server listening on 5002 (test #6)
-----------------------------------------------------------
Accepted connection from 10.42.3.3, port 50284
[  5] local 10.42.0.11 port 5002 connected to 10.42.3.3 port 50288
[ ID] Interval           Transfer     Bitrate
[  5]   0.00-1.00   sec  22.3 KBytes   183 Kbits/sec                  
[  5]   1.00-2.00   sec  24.9 KBytes   204 Kbits/sec                  
[  5]   2.00-3.00   sec  23.3 KBytes   191 Kbits/sec                  
[  5]   3.00-4.00   sec  24.9 KBytes   204 Kbits/sec                  
[  5]   4.00-5.00   sec  24.9 KBytes   204 Kbits/sec                  
[  5]   5.00-6.00   sec  23.5 KBytes   193 Kbits/sec                  
[  5]   6.00-7.00   sec  25.1 KBytes   206 Kbits/sec                  
[  5]   7.00-7.04   sec  1.59 KBytes   321 Kbits/sec                  
- - - - - - - - - - - - - - - - - - - - - - - - -
[ ID] Interval           Transfer     Bitrate
[  5]   0.00-7.04   sec   171 KBytes   198 Kbits/sec                  receiver
-----------------------------------------------------------
Server listening on 5003 (test #9)
-----------------------------------------------------------
Accepted connection from 10.42.2.3, port 59710
[  5] local 10.42.0.11 port 5003 connected to 10.42.2.3 port 59724
[ ID] Interval           Transfer     Bitrate
[  5]   0.00-1.00   sec  22.7 KBytes   186 Kbits/sec                  
[  5]   1.00-2.00   sec  23.5 KBytes   192 Kbits/sec                  
[  5]   2.00-3.00   sec  24.9 KBytes   204 Kbits/sec                  
[  5]   3.00-4.00   sec  23.9 KBytes   196 Kbits/sec                  
[  5]   4.00-5.00   sec  25.3 KBytes   207 Kbits/sec                  
[  5]   5.00-6.00   sec  23.5 KBytes   192 Kbits/sec                  
[  5]   6.00-7.00   sec  25.1 KBytes   206 Kbits/sec                  
[  5]   7.00-7.04   sec  1.59 KBytes   317 Kbits/sec                  
- - - - - - - - - - - - - - - - - - - - - - - - -
[ ID] Interval           Transfer     Bitrate
[  5]   0.00-7.04   sec   171 KBytes   198 Kbits/sec                  receiver
-----------------------------------------------------------
Server listening on 5002 (test #7)
-----------------------------------------------------------
Accepted connection from 10.42.5.3, port 54150
[  5] local 10.42.0.11 port 5002 connected to 10.42.5.3 port 54160
[ ID] Interval           Transfer     Bitrate
[  5]   0.00-1.00   sec  22.3 KBytes   183 Kbits/sec                  
[  5]   1.00-2.00   sec  24.9 KBytes   204 Kbits/sec                  
[  5]   2.00-3.00   sec  23.9 KBytes   196 Kbits/sec                  
[  5]   3.00-4.00   sec  24.9 KBytes   204 Kbits/sec                  
[  5]   4.00-5.00   sec  23.9 KBytes   196 Kbits/sec                  
[  5]   5.00-6.00   sec  24.9 KBytes   204 Kbits/sec                  
[  5]   6.00-7.00   sec  23.9 KBytes   196 Kbits/sec                  
[  5]   7.00-7.03   sec  1.39 KBytes   388 Kbits/sec                  
- - - - - - - - - - - - - - - - - - - - - - - - -
[ ID] Interval           Transfer     Bitrate
[  5]   0.00-7.03   sec   170 KBytes   198 Kbits/sec                  receiver
-----------------------------------------------------------
Server listening on 5002 (test #8)
-----------------------------------------------------------
Accepted connection from 10.42.3.3, port 50442
[  5] local 10.42.0.11 port 5002 connected to 10.42.3.3 port 50452
[ ID] Interval           Transfer     Bitrate
[  5]   0.00-1.00   sec  22.3 KBytes   183 Kbits/sec                  
[  5]   1.00-2.00   sec  24.9 KBytes   204 Kbits/sec                  
[  5]   2.00-3.00   sec  23.3 KBytes   191 Kbits/sec                  
[  5]   3.00-4.00   sec  24.9 KBytes   204 Kbits/sec                  
[  5]   4.00-5.00   sec  24.9 KBytes   204 Kbits/sec                  
[  5]   5.00-6.00   sec  23.5 KBytes   193 Kbits/sec                  
[  5]   6.00-7.00   sec  24.9 KBytes   204 Kbits/sec                  
[  5]   7.00-7.03   sec  1.59 KBytes   399 Kbits/sec                  
- - - - - - - - - - - - - - - - - - - - - - - - -
[ ID] Interval           Transfer     Bitrate
[  5]   0.00-7.03   sec   170 KBytes   198 Kbits/sec                  receiver
-----------------------------------------------------------
Server listening on 5002 (test #9)
-----------------------------------------------------------
Accepted connection from 10.42.2.3, port 45858
[  5] local 10.42.0.11 port 5002 connected to 10.42.2.3 port 45864
[ ID] Interval           Transfer     Bitrate
[  5]   0.00-1.00   sec  22.3 KBytes   183 Kbits/sec                  
[  5]   1.00-2.00   sec  24.9 KBytes   204 Kbits/sec                  
[  5]   2.00-3.00   sec  23.9 KBytes   196 Kbits/sec                  
[  5]   3.00-4.00   sec  24.9 KBytes   204 Kbits/sec                  
[  5]   4.00-5.00   sec  23.7 KBytes   194 Kbits/sec                  
[  5]   5.00-6.00   sec  25.1 KBytes   206 Kbits/sec                  
[  5]   6.00-7.00   sec  23.5 KBytes   193 Kbits/sec                  
[  5]   7.00-7.04   sec  1.39 KBytes   266 Kbits/sec                  
- - - - - - - - - - - - - - - - - - - - - - - - -
[ ID] Interval           Transfer     Bitrate
[  5]   0.00-7.04   sec   170 KBytes   197 Kbits/sec                  receiver
-----------------------------------------------------------
Server listening on 5003 (test #10)
-----------------------------------------------------------
Accepted connection from 10.42.5.3, port 52102
[  5] local 10.42.0.11 port 5003 connected to 10.42.5.3 port 52104
[ ID] Interval           Transfer     Bitrate
[  5]   0.00-1.00   sec  22.7 KBytes   186 Kbits/sec                  
[  5]   1.00-2.00   sec  24.1 KBytes   197 Kbits/sec                  
[  5]   2.00-3.00   sec  24.9 KBytes   204 Kbits/sec                  
[  5]   3.00-4.00   sec  23.3 KBytes   191 Kbits/sec                  
[  5]   4.00-5.00   sec  25.3 KBytes   207 Kbits/sec                  
[  5]   5.00-6.00   sec  23.5 KBytes   193 Kbits/sec                  
[  5]   6.00-7.00   sec  25.1 KBytes   206 Kbits/sec                  
[  5]   7.00-7.04   sec  1.59 KBytes   306 Kbits/sec                  
- - - - - - - - - - - - - - - - - - - - - - - - -
[ ID] Interval           Transfer     Bitrate
[  5]   0.00-7.04   sec   171 KBytes   198 Kbits/sec                  receiver
-----------------------------------------------------------
Server listening on 5002 (test #10)
-----------------------------------------------------------
Accepted connection from 10.42.3.3, port 51402
[  5] local 10.42.0.11 port 5002 connected to 10.42.3.3 port 51414
[ ID] Interval           Transfer     Bitrate
[  5]   0.00-1.00   sec  22.3 KBytes   183 Kbits/sec                  
[  5]   1.00-2.00   sec  24.9 KBytes   204 Kbits/sec                  
[  5]   2.00-3.00   sec  23.3 KBytes   191 Kbits/sec                  
[  5]   3.00-4.00   sec  24.9 KBytes   204 Kbits/sec                  
[  5]   4.00-5.00   sec  24.9 KBytes   204 Kbits/sec                  
[  5]   5.00-6.00   sec  23.5 KBytes   193 Kbits/sec                  
[  5]   6.00-7.00   sec  24.9 KBytes   204 Kbits/sec                  
[  5]   7.00-7.03   sec  1.39 KBytes   387 Kbits/sec                  
- - - - - - - - - - - - - - - - - - - - - - - - -
[ ID] Interval           Transfer     Bitrate
[  5]   0.00-7.03   sec   170 KBytes   198 Kbits/sec                  receiver
-----------------------------------------------------------
Server listening on 5003 (test #11)
-----------------------------------------------------------
Accepted connection from 10.42.2.3, port 53516
[  5] local 10.42.0.11 port 5003 connected to 10.42.2.3 port 53528
[ ID] Interval           Transfer     Bitrate
[  5]   0.00-1.00   sec  22.3 KBytes   183 Kbits/sec                  
[  5]   1.00-2.00   sec  24.9 KBytes   204 Kbits/sec                  
[  5]   2.00-3.00   sec  23.3 KBytes   191 Kbits/sec                  
[  5]   3.00-4.00   sec  24.9 KBytes   204 Kbits/sec                  
[  5]   4.00-5.00   sec  24.9 KBytes   204 Kbits/sec                  
[  5]   5.00-6.00   sec  23.5 KBytes   193 Kbits/sec                  
[  5]   6.00-7.00   sec  25.1 KBytes   206 Kbits/sec                  
[  5]   7.00-7.05   sec  1020 Bytes   177 Kbits/sec                  
- - - - - - - - - - - - - - - - - - - - - - - - -
[ ID] Interval           Transfer     Bitrate
[  5]   0.00-7.05   sec   170 KBytes   198 Kbits/sec                  receiver
-----------------------------------------------------------
Server listening on 5002 (test #11)
-----------------------------------------------------------
Accepted connection from 10.42.5.3, port 33026
[  5] local 10.42.0.11 port 5002 connected to 10.42.5.3 port 33036
[ ID] Interval           Transfer     Bitrate
[  5]   0.00-1.00   sec  22.3 KBytes   183 Kbits/sec                  
[  5]   1.00-2.00   sec  24.9 KBytes   204 Kbits/sec                  
[  5]   2.00-3.00   sec  23.3 KBytes   191 Kbits/sec                  
[  5]   3.00-4.00   sec  24.9 KBytes   204 Kbits/sec                  
[  5]   4.00-5.00   sec  24.9 KBytes   204 Kbits/sec                  
[  5]   5.00-6.00   sec  23.5 KBytes   193 Kbits/sec                  
[  5]   6.00-7.00   sec  24.9 KBytes   204 Kbits/sec                  
[  5]   7.00-7.03   sec  1.39 KBytes   393 Kbits/sec                  
- - - - - - - - - - - - - - - - - - - - - - - - -
[ ID] Interval           Transfer     Bitrate
[  5]   0.00-7.03   sec   170 KBytes   198 Kbits/sec                  receiver
-----------------------------------------------------------
Server listening on 5002 (test #12)
-----------------------------------------------------------
Accepted connection from 10.42.3.3, port 49530
[  5] local 10.42.0.11 port 5002 connected to 10.42.3.3 port 49540
[ ID] Interval           Transfer     Bitrate
[  5]   0.00-1.00   sec  22.3 KBytes   183 Kbits/sec                  
[  5]   1.00-2.00   sec  24.9 KBytes   204 Kbits/sec                  
[  5]   2.00-3.00   sec  23.3 KBytes   191 Kbits/sec                  
[  5]   3.00-4.00   sec  24.9 KBytes   204 Kbits/sec                  
[  5]   4.00-5.00   sec  24.7 KBytes   202 Kbits/sec                  
[  5]   5.00-6.00   sec  24.3 KBytes   199 Kbits/sec                  
[  5]   6.00-7.00   sec  24.9 KBytes   204 Kbits/sec                  
[  5]   7.00-7.05   sec  1.39 KBytes   215 Kbits/sec                  
- - - - - - - - - - - - - - - - - - - - - - - - -
[ ID] Interval           Transfer     Bitrate
[  5]   0.00-7.05   sec   171 KBytes   198 Kbits/sec                  receiver
-----------------------------------------------------------
Server listening on 5003 (test #12)
-----------------------------------------------------------
Accepted connection from 10.42.2.3, port 49456
[  5] local 10.42.0.11 port 5003 connected to 10.42.2.3 port 49470
[ ID] Interval           Transfer     Bitrate
[  5]   0.00-1.00   sec  22.5 KBytes   184 Kbits/sec                  
[  5]   1.00-2.00   sec  23.7 KBytes   194 Kbits/sec                  
[  5]   2.00-3.00   sec  24.9 KBytes   204 Kbits/sec                  
[  5]   3.00-4.00   sec  24.9 KBytes   204 Kbits/sec                  
[  5]   4.00-5.00   sec  23.5 KBytes   193 Kbits/sec                  
[  5]   5.00-6.00   sec  24.9 KBytes   204 Kbits/sec                  
[  5]   6.00-7.00   sec  23.7 KBytes   194 Kbits/sec                  
[  5]   7.00-7.06   sec  2.59 KBytes   354 Kbits/sec                  
- - - - - - - - - - - - - - - - - - - - - - - - -
[ ID] Interval           Transfer     Bitrate
[  5]   0.00-7.06   sec   171 KBytes   198 Kbits/sec                  receiver
-----------------------------------------------------------
Server listening on 5002 (test #13)
-----------------------------------------------------------
Accepted connection from 10.42.5.3, port 40472
[  5] local 10.42.0.11 port 5002 connected to 10.42.5.3 port 40486
[ ID] Interval           Transfer     Bitrate
[  5]   0.00-1.00   sec  22.5 KBytes   184 Kbits/sec                  
[  5]   1.00-2.00   sec  23.7 KBytes   194 Kbits/sec                  
[  5]   2.00-3.00   sec  24.9 KBytes   204 Kbits/sec                  
[  5]   3.00-4.00   sec  24.9 KBytes   204 Kbits/sec                  
[  5]   4.00-5.00   sec  23.5 KBytes   193 Kbits/sec                  
[  5]   5.00-6.00   sec  24.9 KBytes   204 Kbits/sec                  
[  5]   6.00-7.00   sec  24.9 KBytes   204 Kbits/sec                  
[  5]   7.00-7.05   sec  1.39 KBytes   213 Kbits/sec                  
- - - - - - - - - - - - - - - - - - - - - - - - -
[ ID] Interval           Transfer     Bitrate
[  5]   0.00-7.05   sec   171 KBytes   198 Kbits/sec                  receiver
-----------------------------------------------------------
Server listening on 5002 (test #14)
-----------------------------------------------------------
Accepted connection from 10.42.3.3, port 56288
[  5] local 10.42.0.11 port 5002 connected to 10.42.3.3 port 56296
[ ID] Interval           Transfer     Bitrate
[  5]   0.00-1.00   sec  22.5 KBytes   184 Kbits/sec                  
[  5]   1.00-2.00   sec  24.7 KBytes   202 Kbits/sec                  
[  5]   2.00-3.00   sec  23.7 KBytes   194 Kbits/sec                  
[  5]   3.00-4.00   sec  25.1 KBytes   206 Kbits/sec                  
[  5]   4.00-5.00   sec  23.5 KBytes   193 Kbits/sec                  
[  5]   5.00-6.00   sec  24.9 KBytes   204 Kbits/sec                  
[  5]   6.00-7.00   sec  24.9 KBytes   204 Kbits/sec                  
[  5]   7.00-7.05   sec  1.39 KBytes   212 Kbits/sec                  
- - - - - - - - - - - - - - - - - - - - - - - - -
[ ID] Interval           Transfer     Bitrate
[  5]   0.00-7.05   sec   171 KBytes   198 Kbits/sec                  receiver
-----------------------------------------------------------
Server listening on 5002 (test #15)
-----------------------------------------------------------
Accepted connection from 10.42.5.3, port 45904
[  5] local 10.42.0.11 port 5002 connected to 10.42.5.3 port 45910
[ ID] Interval           Transfer     Bitrate
[  5]   0.00-1.00   sec  22.3 KBytes   183 Kbits/sec                  
[  5]   1.00-2.00   sec  24.9 KBytes   204 Kbits/sec                  
[  5]   2.00-3.00   sec  23.3 KBytes   191 Kbits/sec                  
[  5]   3.00-4.00   sec  24.9 KBytes   204 Kbits/sec                  
[  5]   4.00-5.00   sec  24.9 KBytes   204 Kbits/sec                  
[  5]   5.00-6.00   sec  23.5 KBytes   193 Kbits/sec                  
[  5]   6.00-7.01   sec  24.5 KBytes   200 Kbits/sec                  
[  5]   7.01-7.08   sec  1.59 KBytes   179 Kbits/sec                  
- - - - - - - - - - - - - - - - - - - - - - - - -
[ ID] Interval           Transfer     Bitrate
[  5]   0.00-7.08   sec   170 KBytes   197 Kbits/sec                  receiver
-----------------------------------------------------------
Server listening on 5003 (test #13)
-----------------------------------------------------------
Accepted connection from 10.42.2.3, port 37348
[  5] local 10.42.0.11 port 5003 connected to 10.42.2.3 port 37362
[ ID] Interval           Transfer     Bitrate
[  5]   0.00-1.00   sec  22.3 KBytes   183 Kbits/sec                  
[  5]   1.00-2.00   sec  24.9 KBytes   204 Kbits/sec                  
[  5]   2.00-3.00   sec  23.3 KBytes   191 Kbits/sec                  
[  5]   3.00-4.00   sec  25.3 KBytes   207 Kbits/sec                  
[  5]   4.00-5.00   sec  24.5 KBytes   201 Kbits/sec                  
[  5]   5.00-6.00   sec  23.5 KBytes   193 Kbits/sec                  
[  5]   6.00-7.00   sec  24.9 KBytes   204 Kbits/sec                  
[  5]   7.00-7.03   sec  1.39 KBytes   393 Kbits/sec                  
- - - - - - - - - - - - - - - - - - - - - - - - -
[ ID] Interval           Transfer     Bitrate
[  5]   0.00-7.03   sec   170 KBytes   198 Kbits/sec                  receiver
-----------------------------------------------------------
Server listening on 5002 (test #16)
-----------------------------------------------------------
Accepted connection from 10.42.3.3, port 43346
[  5] local 10.42.0.11 port 5002 connected to 10.42.3.3 port 43358
[ ID] Interval           Transfer     Bitrate
[  5]   0.00-1.00   sec  22.3 KBytes   183 Kbits/sec                  
[  5]   1.00-2.00   sec  24.9 KBytes   204 Kbits/sec                  
[  5]   2.00-3.00   sec  23.3 KBytes   191 Kbits/sec                  
[  5]   3.00-4.00   sec  24.9 KBytes   204 Kbits/sec                  
[  5]   4.00-5.00   sec  24.9 KBytes   204 Kbits/sec                  
[  5]   5.00-6.00   sec  23.5 KBytes   193 Kbits/sec                  
[  5]   6.00-7.00   sec  25.5 KBytes   209 Kbits/sec                  
[  5]   7.00-7.05   sec  1.39 KBytes   215 Kbits/sec                  
- - - - - - - - - - - - - - - - - - - - - - - - -
[ ID] Interval           Transfer     Bitrate
[  5]   0.00-7.05   sec   171 KBytes   198 Kbits/sec                  receiver
-----------------------------------------------------------
Server listening on 5002 (test #17)
-----------------------------------------------------------
Accepted connection from 10.42.5.3, port 45964
[  5] local 10.42.0.11 port 5002 connected to 10.42.5.3 port 45976
[ ID] Interval           Transfer     Bitrate
[  5]   0.00-1.00   sec  22.3 KBytes   183 Kbits/sec                  
[  5]   1.00-2.00   sec  24.9 KBytes   204 Kbits/sec                  
[  5]   2.00-3.00   sec  23.3 KBytes   191 Kbits/sec                  
[  5]   3.00-4.00   sec  24.9 KBytes   204 Kbits/sec                  
[  5]   4.00-5.00   sec  25.3 KBytes   207 Kbits/sec                  
[  5]   5.00-6.00   sec  23.7 KBytes   194 Kbits/sec                  
[  5]   6.00-7.00   sec  23.3 KBytes   191 Kbits/sec                  
[  5]   7.00-7.08   sec  2.99 KBytes   320 Kbits/sec                  
- - - - - - - - - - - - - - - - - - - - - - - - -
[ ID] Interval           Transfer     Bitrate
[  5]   0.00-7.08   sec   171 KBytes   198 Kbits/sec                  receiver
-----------------------------------------------------------
Server listening on 5003 (test #14)
-----------------------------------------------------------
Accepted connection from 10.42.2.3, port 56854
[  5] local 10.42.0.11 port 5003 connected to 10.42.2.3 port 56860
[ ID] Interval           Transfer     Bitrate
[  5]   0.00-1.00   sec  22.3 KBytes   183 Kbits/sec                  
[  5]   1.00-2.00   sec  24.9 KBytes   204 Kbits/sec                  
[  5]   2.00-3.00   sec  23.9 KBytes   196 Kbits/sec                  
[  5]   3.00-4.00   sec  24.3 KBytes   199 Kbits/sec                  
[  5]   4.00-5.00   sec  24.9 KBytes   204 Kbits/sec                  
[  5]   5.00-6.00   sec  23.5 KBytes   193 Kbits/sec                  
[  5]   6.00-7.00   sec  24.9 KBytes   204 Kbits/sec                  
[  5]   7.00-7.03   sec  1.39 KBytes   393 Kbits/sec                  
- - - - - - - - - - - - - - - - - - - - - - - - -
[ ID] Interval           Transfer     Bitrate
[  5]   0.00-7.03   sec   170 KBytes   198 Kbits/sec                  receiver
-----------------------------------------------------------
Server listening on 5004 (test #7)
-----------------------------------------------------------
Accepted connection from 10.42.3.3, port 57786
[  5] local 10.42.0.11 port 5004 connected to 10.42.3.3 port 57792
[ ID] Interval           Transfer     Bitrate
[  5]   0.00-1.00   sec  22.3 KBytes   183 Kbits/sec                  
[  5]   1.00-2.00   sec  24.9 KBytes   204 Kbits/sec                  
[  5]   2.00-3.00   sec  23.3 KBytes   191 Kbits/sec                  
[  5]   3.00-4.00   sec  24.9 KBytes   204 Kbits/sec                  
[  5]   4.00-5.00   sec  24.9 KBytes   204 Kbits/sec                  
[  5]   5.00-6.00   sec  23.5 KBytes   193 Kbits/sec                  
[  5]   6.00-7.00   sec  24.9 KBytes   204 Kbits/sec                  
[  5]   7.00-7.03   sec  1.39 KBytes   386 Kbits/sec                  
- - - - - - - - - - - - - - - - - - - - - - - - -
[ ID] Interval           Transfer     Bitrate
[  5]   0.00-7.03   sec   170 KBytes   198 Kbits/sec                  receiver
-----------------------------------------------------------
Server listening on 5002 (test #18)
-----------------------------------------------------------
Accepted connection from 10.42.5.3, port 38738
[  5] local 10.42.0.11 port 5002 connected to 10.42.5.3 port 38754
[ ID] Interval           Transfer     Bitrate
[  5]   0.00-1.00   sec  21.9 KBytes   180 Kbits/sec                  
[  5]   1.00-2.00   sec  24.9 KBytes   204 Kbits/sec                  
[  5]   2.00-3.00   sec  24.9 KBytes   204 Kbits/sec                  
[  5]   3.00-4.00   sec  23.3 KBytes   191 Kbits/sec                  
[  5]   4.00-5.00   sec  24.9 KBytes   204 Kbits/sec                  
[  5]   5.00-6.00   sec  24.9 KBytes   204 Kbits/sec                  
[  5]   6.00-7.00   sec  23.5 KBytes   193 Kbits/sec                  
[  5]   7.00-7.02   sec  1.39 KBytes   573 Kbits/sec                  
- - - - - - - - - - - - - - - - - - - - - - - - -
[ ID] Interval           Transfer     Bitrate
[  5]   0.00-7.02   sec   170 KBytes   198 Kbits/sec                  receiver
-----------------------------------------------------------
Server listening on 5003 (test #15)
-----------------------------------------------------------
Accepted connection from 10.42.2.3, port 38428
[  5] local 10.42.0.11 port 5003 connected to 10.42.2.3 port 38438
[ ID] Interval           Transfer     Bitrate
[  5]   0.00-1.00   sec  22.3 KBytes   183 Kbits/sec                  
[  5]   1.00-2.00   sec  24.9 KBytes   204 Kbits/sec                  
[  5]   2.00-3.00   sec  23.7 KBytes   194 Kbits/sec                  
[  5]   3.00-4.01   sec  25.1 KBytes   204 Kbits/sec                  
[  5]   4.01-5.00   sec  20.7 KBytes   171 Kbits/sec                  
[  5]   5.00-6.00   sec  27.5 KBytes   225 Kbits/sec                  
[  5]   6.00-7.00   sec  24.1 KBytes   197 Kbits/sec                  
[  5]   7.00-7.04   sec  1.59 KBytes   305 Kbits/sec                  
- - - - - - - - - - - - - - - - - - - - - - - - -
[ ID] Interval           Transfer     Bitrate
[  5]   0.00-7.04   sec   170 KBytes   198 Kbits/sec                  receiver
-----------------------------------------------------------
Server listening on 5002 (test #19)
-----------------------------------------------------------
Accepted connection from 10.42.3.3, port 38152
[  5] local 10.42.0.11 port 5002 connected to 10.42.3.3 port 38156
[ ID] Interval           Transfer     Bitrate
[  5]   0.00-1.00   sec  22.3 KBytes   183 Kbits/sec                  
[  5]   1.00-2.00   sec  24.9 KBytes   204 Kbits/sec                  
[  5]   2.00-3.00   sec  22.5 KBytes   184 Kbits/sec                  
[  5]   3.00-4.00   sec  26.3 KBytes   215 Kbits/sec                  
[  5]   4.00-5.00   sec  23.9 KBytes   196 Kbits/sec                  
[  5]   5.00-6.00   sec  24.9 KBytes   204 Kbits/sec                  
[  5]   6.00-7.00   sec  23.5 KBytes   193 Kbits/sec                  
[  5]   7.00-7.02   sec  1.39 KBytes   577 Kbits/sec                  
- - - - - - - - - - - - - - - - - - - - - - - - -
[ ID] Interval           Transfer     Bitrate
[  5]   0.00-7.02   sec   170 KBytes   198 Kbits/sec                  receiver
-----------------------------------------------------------
Server listening on 5002 (test #20)
-----------------------------------------------------------
Accepted connection from 10.42.5.3, port 57076
[  5] local 10.42.0.11 port 5002 connected to 10.42.5.3 port 57088
[ ID] Interval           Transfer     Bitrate
[  5]   0.00-1.00   sec  22.3 KBytes   183 Kbits/sec                  
[  5]   1.00-2.00   sec  24.9 KBytes   204 Kbits/sec                  
[  5]   2.00-3.00   sec  24.1 KBytes   197 Kbits/sec                  
[  5]   3.00-4.00   sec  24.7 KBytes   203 Kbits/sec                  
[  5]   4.00-5.00   sec  23.9 KBytes   196 Kbits/sec                  
[  5]   5.00-6.00   sec  23.9 KBytes   196 Kbits/sec                  
[  5]   6.00-7.00   sec  24.9 KBytes   204 Kbits/sec                  
[  5]   7.00-7.03   sec  1.39 KBytes   393 Kbits/sec                  
- - - - - - - - - - - - - - - - - - - - - - - - -
[ ID] Interval           Transfer     Bitrate
[  5]   0.00-7.03   sec   170 KBytes   198 Kbits/sec                  receiver
-----------------------------------------------------------
Server listening on 5003 (test #16)
-----------------------------------------------------------
Accepted connection from 10.42.3.3, port 44444
[  5] local 10.42.0.11 port 5003 connected to 10.42.3.3 port 44446
[ ID] Interval           Transfer     Bitrate
[  5]   0.00-1.00   sec  22.9 KBytes   187 Kbits/sec                  
[  5]   1.00-2.00   sec  23.5 KBytes   193 Kbits/sec                  
[  5]   2.00-3.00   sec  24.9 KBytes   204 Kbits/sec                  
[  5]   3.00-4.00   sec  24.7 KBytes   202 Kbits/sec                  
[  5]   4.00-5.00   sec  23.7 KBytes   194 Kbits/sec                  
[  5]   5.00-6.00   sec  24.9 KBytes   204 Kbits/sec                  
[  5]   6.00-7.00   sec  24.5 KBytes   201 Kbits/sec                  
[  5]   7.00-7.05   sec  1.59 KBytes   248 Kbits/sec                  
- - - - - - - - - - - - - - - - - - - - - - - - -
[ ID] Interval           Transfer     Bitrate
[  5]   0.00-7.05   sec   171 KBytes   198 Kbits/sec                  receiver
-----------------------------------------------------------
Server listening on 5002 (test #21)
-----------------------------------------------------------
Accepted connection from 10.42.2.3, port 37394
[  5] local 10.42.0.11 port 5002 connected to 10.42.2.3 port 37398
[ ID] Interval           Transfer     Bitrate
[  5]   0.00-1.00   sec  22.7 KBytes   186 Kbits/sec                  
[  5]   1.00-2.00   sec  24.1 KBytes   198 Kbits/sec                  
[  5]   2.00-3.00   sec  25.1 KBytes   206 Kbits/sec                  
[  5]   3.00-4.00   sec  23.3 KBytes   191 Kbits/sec                  
[  5]   4.00-5.00   sec  25.1 KBytes   206 Kbits/sec                  
[  5]   5.00-6.00   sec  23.9 KBytes   196 Kbits/sec                  
[  5]   6.00-7.00   sec  24.7 KBytes   202 Kbits/sec                  
[  5]   7.00-7.06   sec  1.79 KBytes   245 Kbits/sec                  
- - - - - - - - - - - - - - - - - - - - - - - - -
[ ID] Interval           Transfer     Bitrate
[  5]   0.00-7.06   sec   171 KBytes   198 Kbits/sec                  receiver
-----------------------------------------------------------
Server listening on 5002 (test #22)
-----------------------------------------------------------
Accepted connection from 10.42.5.3, port 40010
[  5] local 10.42.0.11 port 5002 connected to 10.42.5.3 port 40012
[ ID] Interval           Transfer     Bitrate
[  5]   0.00-1.00   sec  22.3 KBytes   183 Kbits/sec                  
[  5]   1.00-2.00   sec  23.9 KBytes   196 Kbits/sec                  
[  5]   2.00-3.00   sec  24.9 KBytes   204 Kbits/sec                  
[  5]   3.00-4.00   sec  24.9 KBytes   204 Kbits/sec                  
[  5]   4.00-5.00   sec  23.5 KBytes   193 Kbits/sec                  
[  5]   5.00-6.00   sec  25.3 KBytes   207 Kbits/sec                  
[  5]   6.00-7.00   sec  24.1 KBytes   197 Kbits/sec                  
[  5]   7.00-7.05   sec  1.59 KBytes   279 Kbits/sec                  
- - - - - - - - - - - - - - - - - - - - - - - - -
[ ID] Interval           Transfer     Bitrate
[  5]   0.00-7.05   sec   171 KBytes   198 Kbits/sec                  receiver
-----------------------------------------------------------
Server listening on 5003 (test #17)
-----------------------------------------------------------
Accepted connection from 10.42.3.3, port 38924
[  5] local 10.42.0.11 port 5003 connected to 10.42.3.3 port 38936
[ ID] Interval           Transfer     Bitrate
[  5]   0.00-1.00   sec  21.9 KBytes   179 Kbits/sec                  
[  5]   1.00-2.00   sec  25.3 KBytes   207 Kbits/sec                  
[  5]   2.00-3.00   sec  24.1 KBytes   197 Kbits/sec                  
[  5]   3.00-4.00   sec  23.5 KBytes   193 Kbits/sec                  
[  5]   4.00-5.00   sec  22.7 KBytes   186 Kbits/sec                  
[  5]   5.00-6.00   sec  26.5 KBytes   217 Kbits/sec                  
[  5]   6.00-7.00   sec  22.7 KBytes   186 Kbits/sec                  
[  5]   7.00-7.11   sec  3.19 KBytes   239 Kbits/sec                  
- - - - - - - - - - - - - - - - - - - - - - - - -
[ ID] Interval           Transfer     Bitrate
[  5]   0.00-7.11   sec   170 KBytes   196 Kbits/sec                  receiver
-----------------------------------------------------------
Server listening on 5002 (test #23)
-----------------------------------------------------------
Accepted connection from 10.42.2.3, port 56178
[  5] local 10.42.0.11 port 5002 connected to 10.42.2.3 port 56186
[ ID] Interval           Transfer     Bitrate
[  5]   0.00-1.00   sec  16.3 KBytes   134 Kbits/sec                  
[  5]   1.00-2.00   sec  29.9 KBytes   245 Kbits/sec                  
[  5]   2.00-3.00   sec  23.7 KBytes   194 Kbits/sec                  
[  5]   3.00-4.00   sec  26.1 KBytes   214 Kbits/sec                  
[  5]   4.00-5.00   sec  23.3 KBytes   191 Kbits/sec                  
[  5]   5.00-6.00   sec  25.1 KBytes   206 Kbits/sec                  
[  5]   6.00-7.00   sec  24.9 KBytes   204 Kbits/sec                  
[  5]   7.00-7.06   sec  1.39 KBytes   206 Kbits/sec                  
- - - - - - - - - - - - - - - - - - - - - - - - -
[ ID] Interval           Transfer     Bitrate
[  5]   0.00-7.06   sec   171 KBytes   198 Kbits/sec                  receiver
-----------------------------------------------------------
Server listening on 5002 (test #24)
-----------------------------------------------------------
Accepted connection from 10.42.5.3, port 42212
[  5] local 10.42.0.11 port 5002 connected to 10.42.5.3 port 42216
[ ID] Interval           Transfer     Bitrate
[  5]   0.00-1.00   sec  22.3 KBytes   183 Kbits/sec                  
[  5]   1.00-2.00   sec  24.7 KBytes   202 Kbits/sec                  
[  5]   2.00-3.00   sec  23.5 KBytes   193 Kbits/sec                  
[  5]   3.00-4.00   sec  24.9 KBytes   204 Kbits/sec                  
[  5]   4.00-5.00   sec  24.9 KBytes   204 Kbits/sec                  
[  5]   5.00-6.00   sec  23.5 KBytes   193 Kbits/sec                  
[  5]   6.00-7.00   sec  24.9 KBytes   204 Kbits/sec                  
[  5]   7.00-7.05   sec  1.39 KBytes   240 Kbits/sec                  
- - - - - - - - - - - - - - - - - - - - - - - - -
[ ID] Interval           Transfer     Bitrate
[  5]   0.00-7.05   sec   170 KBytes   198 Kbits/sec                  receiver
-----------------------------------------------------------
Server listening on 5002 (test #25)
-----------------------------------------------------------
Accepted connection from 10.42.2.3, port 36648
[  5] local 10.42.0.11 port 5002 connected to 10.42.2.3 port 36662
[ ID] Interval           Transfer     Bitrate
[  5]   0.00-1.00   sec  22.3 KBytes   183 Kbits/sec                  
[  5]   1.00-2.00   sec  24.3 KBytes   199 Kbits/sec                  
[  5]   2.00-3.00   sec  25.1 KBytes   206 Kbits/sec                  
[  5]   3.00-4.00   sec  24.3 KBytes   199 Kbits/sec                  
[  5]   4.00-5.00   sec  23.7 KBytes   194 Kbits/sec                  
[  5]   5.00-6.00   sec  25.3 KBytes   207 Kbits/sec                  
[  5]   6.00-7.00   sec  23.7 KBytes   194 Kbits/sec                  
[  5]   7.00-7.03   sec  1.39 KBytes   372 Kbits/sec                  
- - - - - - - - - - - - - - - - - - - - - - - - -
[ ID] Interval           Transfer     Bitrate
[  5]   0.00-7.03   sec   170 KBytes   198 Kbits/sec                  receiver
-----------------------------------------------------------
Server listening on 5003 (test #18)
-----------------------------------------------------------
Accepted connection from 10.42.3.3, port 60710
[  5] local 10.42.0.11 port 5003 connected to 10.42.3.3 port 60722
[ ID] Interval           Transfer     Bitrate
[  5]   0.00-1.00   sec  22.1 KBytes   181 Kbits/sec                  
[  5]   1.00-2.00   sec  25.1 KBytes   206 Kbits/sec                  
[  5]   2.00-3.00   sec  23.9 KBytes   196 Kbits/sec                  
[  5]   3.00-4.00   sec  24.1 KBytes   197 Kbits/sec                  
[  5]   4.00-5.00   sec  25.1 KBytes   206 Kbits/sec                  
[  5]   5.00-6.00   sec  23.7 KBytes   194 Kbits/sec                  
[  5]   6.00-7.00   sec  25.5 KBytes   209 Kbits/sec                  
[  5]   7.00-7.06   sec  1.39 KBytes   185 Kbits/sec                  
- - - - - - - - - - - - - - - - - - - - - - - - -
[ ID] Interval           Transfer     Bitrate
[  5]   0.00-7.06   sec   171 KBytes   198 Kbits/sec                  receiver
-----------------------------------------------------------
Server listening on 5002 (test #26)
-----------------------------------------------------------
Accepted connection from 10.42.5.3, port 36768
[  5] local 10.42.0.11 port 5002 connected to 10.42.5.3 port 36774
[ ID] Interval           Transfer     Bitrate
[  5]   0.00-1.00   sec  22.3 KBytes   183 Kbits/sec                  
[  5]   1.00-2.00   sec  24.9 KBytes   204 Kbits/sec                  
[  5]   2.00-3.00   sec  24.1 KBytes   197 Kbits/sec                  
[  5]   3.00-4.00   sec  24.7 KBytes   202 Kbits/sec                  
[  5]   4.00-5.00   sec  23.9 KBytes   196 Kbits/sec                  
[  5]   5.00-6.00   sec  24.9 KBytes   204 Kbits/sec                  
[  5]   6.00-7.00   sec  23.5 KBytes   193 Kbits/sec                  
[  5]   7.00-7.02   sec  1.39 KBytes   562 Kbits/sec                  
- - - - - - - - - - - - - - - - - - - - - - - - -
[ ID] Interval           Transfer     Bitrate
[  5]   0.00-7.02   sec   170 KBytes   198 Kbits/sec                  receiver
-----------------------------------------------------------
Server listening on 5003 (test #19)
-----------------------------------------------------------
Accepted connection from 10.42.2.3, port 48786
[  5] local 10.42.0.11 port 5003 connected to 10.42.2.3 port 48802
[ ID] Interval           Transfer     Bitrate
[  5]   0.00-1.00   sec  22.5 KBytes   184 Kbits/sec                  
[  5]   1.00-2.00   sec  24.9 KBytes   204 Kbits/sec                  
[  5]   2.00-3.00   sec  23.7 KBytes   194 Kbits/sec                  
[  5]   3.00-4.00   sec  23.9 KBytes   196 Kbits/sec                  
[  5]   4.00-5.00   sec  25.3 KBytes   207 Kbits/sec                  
[  5]   5.00-6.00   sec  23.7 KBytes   194 Kbits/sec                  
[  5]   6.00-7.00   sec  24.5 KBytes   201 Kbits/sec                  
[  5]   7.00-7.03   sec  1.59 KBytes   465 Kbits/sec                  
- - - - - - - - - - - - - - - - - - - - - - - - -
[ ID] Interval           Transfer     Bitrate
[  5]   0.00-7.03   sec   170 KBytes   198 Kbits/sec                  receiver
-----------------------------------------------------------
Server listening on 5002 (test #27)
-----------------------------------------------------------
Accepted connection from 10.42.3.3, port 46656
[  5] local 10.42.0.11 port 5002 connected to 10.42.3.3 port 46658
[ ID] Interval           Transfer     Bitrate
[  5]   0.00-1.00   sec  22.3 KBytes   183 Kbits/sec                  
[  5]   1.00-2.00   sec  23.9 KBytes   196 Kbits/sec                  
[  5]   2.00-3.00   sec  25.1 KBytes   206 Kbits/sec                  
[  5]   3.00-4.00   sec  23.7 KBytes   194 Kbits/sec                  
[  5]   4.00-5.00   sec  25.7 KBytes   211 Kbits/sec                  
[  5]   5.00-6.00   sec  24.1 KBytes   197 Kbits/sec                  
[  5]   6.00-7.00   sec  23.5 KBytes   193 Kbits/sec                  
[  5]   7.00-7.02   sec  1.59 KBytes   670 Kbits/sec                  
- - - - - - - - - - - - - - - - - - - - - - - - -
[ ID] Interval           Transfer     Bitrate
[  5]   0.00-7.02   sec   170 KBytes   198 Kbits/sec                  receiver
-----------------------------------------------------------
Server listening on 5002 (test #28)
-----------------------------------------------------------
Accepted connection from 10.42.5.3, port 50042
[  5] local 10.42.0.11 port 5002 connected to 10.42.5.3 port 50058
[ ID] Interval           Transfer     Bitrate
[  5]   0.00-1.00   sec  22.3 KBytes   183 Kbits/sec                  
[  5]   1.00-2.00   sec  24.9 KBytes   204 Kbits/sec                  
[  5]   2.00-3.00   sec  24.1 KBytes   198 Kbits/sec                  
[  5]   3.00-4.00   sec  24.1 KBytes   198 Kbits/sec                  
[  5]   4.00-5.00   sec  19.3 KBytes   158 Kbits/sec                  
[  5]   5.00-6.00   sec  19.7 KBytes   161 Kbits/sec                  
[  5]   6.00-7.00   sec  17.9 KBytes   147 Kbits/sec                  
[  5]   7.00-7.96   sec  17.3 KBytes   147 Kbits/sec                  
- - - - - - - - - - - - - - - - - - - - - - - - -
[ ID] Interval           Transfer     Bitrate
[  5]   0.00-7.96   sec   170 KBytes   175 Kbits/sec                  receiver
-----------------------------------------------------------
Server listening on 5003 (test #20)
-----------------------------------------------------------
Accepted connection from 10.42.2.3, port 44672
[  5] local 10.42.0.11 port 5003 connected to 10.42.2.3 port 44686
[ ID] Interval           Transfer     Bitrate
[  5]   0.00-1.00   sec  22.7 KBytes   186 Kbits/sec                  
[  5]   1.00-2.00   sec  23.5 KBytes   193 Kbits/sec                  
[  5]   2.00-3.00   sec  18.3 KBytes   150 Kbits/sec                  
[  5]   3.00-4.00   sec  17.3 KBytes   142 Kbits/sec                  
[  5]   4.00-5.00   sec  18.3 KBytes   150 Kbits/sec                  
[  5]   5.00-6.00   sec  22.5 KBytes   184 Kbits/sec                  
[  5]   6.00-7.00   sec  26.7 KBytes   219 Kbits/sec                  
[  5]   7.00-7.75   sec  20.9 KBytes   229 Kbits/sec                  
- - - - - - - - - - - - - - - - - - - - - - - - -
[ ID] Interval           Transfer     Bitrate
[  5]   0.00-7.75   sec   170 KBytes   180 Kbits/sec                  receiver
-----------------------------------------------------------
Server listening on 5004 (test #8)
-----------------------------------------------------------
Accepted connection from 10.42.3.3, port 59794
[  5] local 10.42.0.11 port 5004 connected to 10.42.3.3 port 59802
[ ID] Interval           Transfer     Bitrate
[  5]   0.00-1.00   sec  16.1 KBytes   132 Kbits/sec                  
[  5]   1.00-2.00   sec  18.1 KBytes   149 Kbits/sec                  
[  5]   2.00-3.00   sec  18.1 KBytes   149 Kbits/sec                  
[  5]   3.00-4.00   sec  21.3 KBytes   175 Kbits/sec                  
[  5]   4.00-5.00   sec  26.5 KBytes   217 Kbits/sec                  
[  5]   5.00-6.00   sec  27.1 KBytes   222 Kbits/sec                  
[  5]   6.00-7.00   sec  40.0 KBytes   328 Kbits/sec                  
[  5]   7.00-7.08   sec  2.79 KBytes   281 Kbits/sec                  
- - - - - - - - - - - - - - - - - - - - - - - - -
[ ID] Interval           Transfer     Bitrate
[  5]   0.00-7.08   sec   170 KBytes   197 Kbits/sec                  receiver
-----------------------------------------------------------
Server listening on 5002 (test #29)
-----------------------------------------------------------
Accepted connection from 10.42.5.3, port 36180
[  5] local 10.42.0.11 port 5002 connected to 10.42.5.3 port 36192
[ ID] Interval           Transfer     Bitrate
[  5]   0.00-1.00   sec  21.9 KBytes   179 Kbits/sec                  
[  5]   1.00-2.00   sec  21.9 KBytes   179 Kbits/sec                  
[  5]   2.00-3.00   sec  17.7 KBytes   145 Kbits/sec                  
[  5]   3.00-4.00   sec  16.9 KBytes   139 Kbits/sec                  
[  5]   4.00-5.00   sec  18.9 KBytes   155 Kbits/sec                  
[  5]   5.00-6.00   sec  17.1 KBytes   140 Kbits/sec                  
[  5]   6.00-7.00   sec  17.7 KBytes   145 Kbits/sec                  
[  5]   7.00-8.00   sec  17.9 KBytes   147 Kbits/sec                  
[  5]   8.00-9.00   sec  17.7 KBytes   145 Kbits/sec                  
[  5]   9.00-9.10   sec  2.59 KBytes   225 Kbits/sec                  
-----------------------------------------------------------
Server listening on 5003 (test #21)
-----------------------------------------------------------
Accepted connection from 10.42.2.3, port 46182
[  5] local 10.42.0.11 port 5003 connected to 10.42.2.3 port 46196
[ ID] Interval           Transfer     Bitrate
[  5]   0.00-1.00   sec  20.9 KBytes   171 Kbits/sec                  
[  5]   1.00-2.00   sec  17.9 KBytes   147 Kbits/sec                  
[  5]   2.00-3.00   sec  16.7 KBytes   137 Kbits/sec                  
[  5]   3.00-4.00   sec  19.1 KBytes   157 Kbits/sec                  
[  5]   4.00-5.00   sec  16.9 KBytes   139 Kbits/sec                  
[  5]   5.00-6.00   sec  16.7 KBytes   137 Kbits/sec                  
[  5]   6.00-7.00   sec  17.7 KBytes   145 Kbits/sec                  
[  5]   7.00-8.00   sec  18.7 KBytes   153 Kbits/sec                  
[  5]   8.00-8.97   sec  21.9 KBytes   186 Kbits/sec                  
- - - - - - - - - - - - - - - - - - - - - - - - -
[ ID] Interval           Transfer     Bitrate
-----------------------------------------------------------
Server listening on 5004 (test #9)
-----------------------------------------------------------
Accepted connection from 10.42.3.3, port 60444
[  5] local 10.42.0.11 port 5004 connected to 10.42.3.3 port 60448
[ ID] Interval           Transfer     Bitrate
[  5]   0.00-1.00   sec  15.9 KBytes   130 Kbits/sec                  
[  5]   1.00-2.00   sec  17.3 KBytes   142 Kbits/sec                  
[  5]   2.00-3.00   sec  18.5 KBytes   152 Kbits/sec                  
[  5]   3.00-4.00   sec  17.1 KBytes   140 Kbits/sec                  
[  5]   4.00-5.00   sec  16.3 KBytes   134 Kbits/sec                  
[  5]   5.00-6.00   sec  18.3 KBytes   150 Kbits/sec                  
[  5]   6.00-7.00   sec  19.1 KBytes   157 Kbits/sec                  
[  5]   7.00-8.00   sec  21.9 KBytes   180 Kbits/sec                  
[  5]   8.00-8.67   sec  26.1 KBytes   318 Kbits/sec                  
- - - - - - - - - - - - - - - - - - - - - - - - -
[ ID] Interval           Transfer     Bitrate
- - - - - - - - - - - - - - - - - - - - - - - - -
[ ID] Interval           Transfer     Bitrate
[  5]   0.00-9.10   sec   171 KBytes   154 Kbits/sec                  receiver
[  5]   0.00-8.97   sec   167 KBytes   152 Kbits/sec                  receiver
[  5]   0.00-8.67   sec   171 KBytes   161 Kbits/sec                  receiver
-----------------------------------------------------------
Server listening on 5002 (test #30)
-----------------------------------------------------------
Accepted connection from 10.42.5.3, port 44652
[  5] local 10.42.0.11 port 5002 connected to 10.42.5.3 port 44656
[ ID] Interval           Transfer     Bitrate
[  5]   0.00-1.00   sec  21.9 KBytes   179 Kbits/sec                  
[  5]   1.00-2.00   sec  24.9 KBytes   204 Kbits/sec                  
[  5]   2.00-3.00   sec  23.9 KBytes   196 Kbits/sec                  
[  5]   3.00-4.00   sec  25.1 KBytes   206 Kbits/sec                  
[  5]   4.00-5.00   sec  22.7 KBytes   186 Kbits/sec                  
[  5]   5.00-6.00   sec  25.5 KBytes   209 Kbits/sec                  
[  5]   6.00-7.00   sec  21.9 KBytes   179 Kbits/sec                  
[  5]   7.00-7.23   sec  4.78 KBytes   167 Kbits/sec                  
- - - - - - - - - - - - - - - - - - - - - - - - -
[ ID] Interval           Transfer     Bitrate
[  5]   0.00-7.23   sec   171 KBytes   193 Kbits/sec                  receiver
-----------------------------------------------------------
Server listening on 5003 (test #22)
-----------------------------------------------------------
Accepted connection from 10.42.2.3, port 52554
[  5] local 10.42.0.11 port 5003 connected to 10.42.2.3 port 52558
[ ID] Interval           Transfer     Bitrate
[  5]   0.00-1.00   sec  21.7 KBytes   178 Kbits/sec                  
[  5]   1.00-2.00   sec  24.1 KBytes   197 Kbits/sec                  
[  5]   2.00-3.00   sec  25.3 KBytes   207 Kbits/sec                  
[  5]   3.00-4.00   sec  24.3 KBytes   199 Kbits/sec                  
[  5]   4.00-5.00   sec  20.9 KBytes   171 Kbits/sec                  
[  5]   5.00-6.00   sec  25.5 KBytes   209 Kbits/sec                  
[  5]   6.00-7.00   sec  27.3 KBytes   224 Kbits/sec                  
[  5]   7.00-7.05   sec  1.59 KBytes   260 Kbits/sec                  
- - - - - - - - - - - - - - - - - - - - - - - - -
[ ID] Interval           Transfer     Bitrate
[  5]   0.00-7.05   sec   171 KBytes   198 Kbits/sec                  receiver
-----------------------------------------------------------
Server listening on 5004 (test #10)
-----------------------------------------------------------
Accepted connection from 10.42.3.3, port 43462
[  5] local 10.42.0.11 port 5004 connected to 10.42.3.3 port 43470
[ ID] Interval           Transfer     Bitrate
[  5]   0.00-1.00   sec  17.7 KBytes   145 Kbits/sec                  
[  5]   1.00-2.00   sec  26.7 KBytes   219 Kbits/sec                  
[  5]   2.00-3.00   sec  26.9 KBytes   220 Kbits/sec                  
[  5]   3.00-4.00   sec  24.7 KBytes   202 Kbits/sec                  
[  5]   4.00-5.00   sec  23.7 KBytes   194 Kbits/sec                  
[  5]   5.00-6.00   sec  24.9 KBytes   204 Kbits/sec                  
[  5]   6.00-7.00   sec  23.5 KBytes   193 Kbits/sec                  
[  5]   7.00-7.06   sec  2.59 KBytes   353 Kbits/sec                  
- - - - - - - - - - - - - - - - - - - - - - - - -
[ ID] Interval           Transfer     Bitrate
[  5]   0.00-7.06   sec   171 KBytes   198 Kbits/sec                  receiver
-----------------------------------------------------------
Server listening on 5002 (test #31)
-----------------------------------------------------------
Accepted connection from 10.42.5.3, port 59530
[  5] local 10.42.0.11 port 5002 connected to 10.42.5.3 port 59546
[ ID] Interval           Transfer     Bitrate
[  5]   0.00-1.00   sec  22.5 KBytes   184 Kbits/sec                  
[  5]   1.00-2.00   sec  23.9 KBytes   196 Kbits/sec                  
[  5]   2.00-3.00   sec  25.3 KBytes   207 Kbits/sec                  
[  5]   3.00-4.00   sec  23.3 KBytes   191 Kbits/sec                  
[  5]   4.00-5.00   sec  24.9 KBytes   204 Kbits/sec                  
[  5]   5.00-6.00   sec  25.1 KBytes   206 Kbits/sec                  
[  5]   6.00-7.00   sec  23.7 KBytes   194 Kbits/sec                  
[  5]   7.00-7.03   sec  1.39 KBytes   390 Kbits/sec                  
- - - - - - - - - - - - - - - - - - - - - - - - -
[ ID] Interval           Transfer     Bitrate
[  5]   0.00-7.03   sec   170 KBytes   198 Kbits/sec                  receiver
-----------------------------------------------------------
Server listening on 5003 (test #23)
-----------------------------------------------------------
Accepted connection from 10.42.2.3, port 47588
[  5] local 10.42.0.11 port 5003 connected to 10.42.2.3 port 47592
[ ID] Interval           Transfer     Bitrate
[  5]   0.00-1.00   sec  22.3 KBytes   183 Kbits/sec                  
[  5]   1.00-2.00   sec  24.9 KBytes   204 Kbits/sec                  
[  5]   2.00-3.00   sec  23.7 KBytes   194 Kbits/sec                  
[  5]   3.00-4.00   sec  24.9 KBytes   204 Kbits/sec                  
[  5]   4.00-5.00   sec  24.9 KBytes   204 Kbits/sec                  
[  5]   5.00-6.00   sec  23.7 KBytes   194 Kbits/sec                  
[  5]   6.00-7.00   sec  23.7 KBytes   194 Kbits/sec                  
[  5]   7.00-7.06   sec  2.59 KBytes   349 Kbits/sec                  
- - - - - - - - - - - - - - - - - - - - - - - - -
[ ID] Interval           Transfer     Bitrate
[  5]   0.00-7.06   sec   171 KBytes   198 Kbits/sec                  receiver
-----------------------------------------------------------
Server listening on 5002 (test #32)
-----------------------------------------------------------
Accepted connection from 10.42.3.3, port 34530
[  5] local 10.42.0.11 port 5002 connected to 10.42.3.3 port 34532
[ ID] Interval           Transfer     Bitrate
[  5]   0.00-1.00   sec  22.5 KBytes   184 Kbits/sec                  
[  5]   1.00-2.00   sec  24.7 KBytes   202 Kbits/sec                  
[  5]   2.00-3.00   sec  24.1 KBytes   197 Kbits/sec                  
[  5]   3.00-4.00   sec  23.7 KBytes   194 Kbits/sec                  
[  5]   4.00-5.00   sec  25.3 KBytes   207 Kbits/sec                  
[  5]   5.00-6.00   sec  23.5 KBytes   193 Kbits/sec                  
[  5]   6.00-7.00   sec  25.1 KBytes   206 Kbits/sec                  
[  5]   7.00-7.05   sec  1.59 KBytes   288 Kbits/sec                  
- - - - - - - - - - - - - - - - - - - - - - - - -
[ ID] Interval           Transfer     Bitrate
[  5]   0.00-7.05   sec   171 KBytes   198 Kbits/sec                  receiver
-----------------------------------------------------------
Server listening on 5003 (test #24)
-----------------------------------------------------------
Accepted connection from 10.42.5.3, port 46378
[  5] local 10.42.0.11 port 5003 connected to 10.42.5.3 port 46380
[ ID] Interval           Transfer     Bitrate
[  5]   0.00-1.00   sec  22.3 KBytes   183 Kbits/sec                  
[  5]   1.00-2.00   sec  23.9 KBytes   196 Kbits/sec                  
[  5]   2.00-3.00   sec  24.9 KBytes   204 Kbits/sec                  
[  5]   3.00-4.00   sec  24.9 KBytes   204 Kbits/sec                  
[  5]   4.00-5.00   sec  23.9 KBytes   196 Kbits/sec                  
[  5]   5.00-6.00   sec  24.9 KBytes   204 Kbits/sec                  
[  5]   6.00-7.00   sec  23.9 KBytes   196 Kbits/sec                  
[  5]   7.00-7.03   sec  1.39 KBytes   391 Kbits/sec                  
- - - - - - - - - - - - - - - - - - - - - - - - -
[ ID] Interval           Transfer     Bitrate
[  5]   0.00-7.03   sec   170 KBytes   198 Kbits/sec                  receiver
-----------------------------------------------------------
Server listening on 5002 (test #33)
-----------------------------------------------------------
Accepted connection from 10.42.2.3, port 60160
[  5] local 10.42.0.11 port 5002 connected to 10.42.2.3 port 60172
[ ID] Interval           Transfer     Bitrate
[  5]   0.00-1.00   sec  22.3 KBytes   183 Kbits/sec                  
[  5]   1.00-2.00   sec  23.7 KBytes   194 Kbits/sec                  
[  5]   2.00-3.00   sec  25.1 KBytes   206 Kbits/sec                  
[  5]   3.00-4.00   sec  23.7 KBytes   194 Kbits/sec                  
[  5]   4.00-5.00   sec  25.1 KBytes   206 Kbits/sec                  
[  5]   5.00-6.00   sec  23.5 KBytes   193 Kbits/sec                  
[  5]   6.00-7.00   sec  24.9 KBytes   204 Kbits/sec                  
[  5]   7.00-7.04   sec  1.39 KBytes   323 Kbits/sec                  
- - - - - - - - - - - - - - - - - - - - - - - - -
[ ID] Interval           Transfer     Bitrate
[  5]   0.00-7.04   sec   170 KBytes   198 Kbits/sec                  receiver
-----------------------------------------------------------
Server listening on 5002 (test #34)
-----------------------------------------------------------
Accepted connection from 10.42.5.3, port 52584
[  5] local 10.42.0.11 port 5002 connected to 10.42.5.3 port 52588
[ ID] Interval           Transfer     Bitrate
[  5]   0.00-1.00   sec  21.9 KBytes   179 Kbits/sec                  
[  5]   1.00-2.00   sec  25.1 KBytes   206 Kbits/sec                  
[  5]   2.00-3.00   sec  23.7 KBytes   194 Kbits/sec                  
[  5]   3.00-4.00   sec  25.3 KBytes   207 Kbits/sec                  
[  5]   4.00-5.00   sec  23.9 KBytes   196 Kbits/sec                  
[  5]   5.00-6.00   sec  24.3 KBytes   199 Kbits/sec                  
[  5]   6.00-7.00   sec  25.3 KBytes   207 Kbits/sec                  
[  5]   7.00-7.06   sec  1.39 KBytes   183 Kbits/sec                  
- - - - - - - - - - - - - - - - - - - - - - - - -
[ ID] Interval           Transfer     Bitrate
[  5]   0.00-7.06   sec   171 KBytes   198 Kbits/sec                  receiver
-----------------------------------------------------------
Server listening on 5003 (test #25)
-----------------------------------------------------------
Accepted connection from 10.42.3.3, port 51656
[  5] local 10.42.0.11 port 5003 connected to 10.42.3.3 port 51662
[ ID] Interval           Transfer     Bitrate
[  5]   0.00-1.00   sec  22.7 KBytes   186 Kbits/sec                  
[  5]   1.00-2.00   sec  24.1 KBytes   197 Kbits/sec                  
[  5]   2.00-3.00   sec  23.9 KBytes   196 Kbits/sec                  
[  5]   3.00-4.00   sec  25.3 KBytes   207 Kbits/sec                  
[  5]   4.00-5.00   sec  24.1 KBytes   197 Kbits/sec                  
[  5]   5.00-6.00   sec  23.7 KBytes   194 Kbits/sec                  
[  5]   6.00-7.00   sec  24.9 KBytes   204 Kbits/sec                  
[  5]   7.00-7.03   sec  1.39 KBytes   391 Kbits/sec                  
- - - - - - - - - - - - - - - - - - - - - - - - -
[ ID] Interval           Transfer     Bitrate
[  5]   0.00-7.03   sec   170 KBytes   198 Kbits/sec                  receiver
-----------------------------------------------------------
Server listening on 5002 (test #35)
-----------------------------------------------------------
Accepted connection from 10.42.2.3, port 47454
[  5] local 10.42.0.11 port 5002 connected to 10.42.2.3 port 47466
[ ID] Interval           Transfer     Bitrate
[  5]   0.00-1.00   sec  22.3 KBytes   183 Kbits/sec                  
[  5]   1.00-2.00   sec  24.9 KBytes   204 Kbits/sec                  
[  5]   2.00-3.00   sec  23.3 KBytes   191 Kbits/sec                  
[  5]   3.00-4.00   sec  25.3 KBytes   207 Kbits/sec                  
[  5]   4.00-5.00   sec  24.9 KBytes   204 Kbits/sec                  
[  5]   5.00-6.00   sec  23.3 KBytes   191 Kbits/sec                  
[  5]   6.00-7.00   sec  24.9 KBytes   204 Kbits/sec                  
[  5]   7.00-7.04   sec  1.59 KBytes   315 Kbits/sec                  
- - - - - - - - - - - - - - - - - - - - - - - - -
[ ID] Interval           Transfer     Bitrate
[  5]   0.00-7.04   sec   171 KBytes   198 Kbits/sec                  receiver
-----------------------------------------------------------
Server listening on 5002 (test #36)
-----------------------------------------------------------
Accepted connection from 10.42.5.3, port 54636
[  5] local 10.42.0.11 port 5002 connected to 10.42.5.3 port 54640
[ ID] Interval           Transfer     Bitrate
[  5]   0.00-1.00   sec  21.9 KBytes   179 Kbits/sec                  
[  5]   1.00-2.00   sec  24.9 KBytes   204 Kbits/sec                  
[  5]   2.00-3.00   sec  23.7 KBytes   194 Kbits/sec                  
[  5]   3.00-4.00   sec  25.3 KBytes   207 Kbits/sec                  
[  5]   4.00-5.00   sec  23.9 KBytes   196 Kbits/sec                  
[  5]   5.00-6.00   sec  23.9 KBytes   196 Kbits/sec                  
[  5]   6.00-7.00   sec  25.5 KBytes   209 Kbits/sec                  
[  5]   7.00-7.05   sec  1.39 KBytes   255 Kbits/sec                  
- - - - - - - - - - - - - - - - - - - - - - - - -
[ ID] Interval           Transfer     Bitrate
[  5]   0.00-7.05   sec   171 KBytes   198 Kbits/sec                  receiver
-----------------------------------------------------------
Server listening on 5003 (test #26)
-----------------------------------------------------------
Accepted connection from 10.42.3.3, port 53210
[  5] local 10.42.0.11 port 5003 connected to 10.42.3.3 port 53224
[ ID] Interval           Transfer     Bitrate
[  5]   0.00-1.00   sec  22.3 KBytes   183 Kbits/sec                  
[  5]   1.00-2.00   sec  24.9 KBytes   204 Kbits/sec                  
[  5]   2.00-3.00   sec  23.9 KBytes   196 Kbits/sec                  
[  5]   3.00-4.00   sec  24.1 KBytes   197 Kbits/sec                  
[  5]   4.00-5.00   sec  25.1 KBytes   206 Kbits/sec                  
[  5]   5.00-6.00   sec  24.1 KBytes   197 Kbits/sec                  
[  5]   6.00-7.00   sec  24.9 KBytes   204 Kbits/sec                  
[  5]   7.00-7.05   sec  1.39 KBytes   210 Kbits/sec                  
- - - - - - - - - - - - - - - - - - - - - - - - -
[ ID] Interval           Transfer     Bitrate
[  5]   0.00-7.05   sec   171 KBytes   198 Kbits/sec                  receiver
-----------------------------------------------------------
Server listening on 5002 (test #37)
-----------------------------------------------------------
Accepted connection from 10.42.2.3, port 38556
[  5] local 10.42.0.11 port 5002 connected to 10.42.2.3 port 38560
[ ID] Interval           Transfer     Bitrate
[  5]   0.00-1.00   sec  23.1 KBytes   189 Kbits/sec                  
[  5]   1.00-2.00   sec  23.3 KBytes   191 Kbits/sec                  
[  5]   2.00-3.00   sec  24.9 KBytes   204 Kbits/sec                  
[  5]   3.00-4.00   sec  24.7 KBytes   202 Kbits/sec                  
[  5]   4.00-5.00   sec  23.7 KBytes   194 Kbits/sec                  
[  5]   5.00-6.00   sec  25.3 KBytes   207 Kbits/sec                  
[  5]   6.00-7.00   sec  23.9 KBytes   196 Kbits/sec                  
[  5]   7.00-7.04   sec  1.59 KBytes   322 Kbits/sec                  
- - - - - - - - - - - - - - - - - - - - - - - - -
[ ID] Interval           Transfer     Bitrate
[  5]   0.00-7.04   sec   171 KBytes   198 Kbits/sec                  receiver
-----------------------------------------------------------
Server listening on 5002 (test #38)
-----------------------------------------------------------
Accepted connection from 10.42.3.3, port 34214
[  5] local 10.42.0.11 port 5002 connected to 10.42.3.3 port 34228
[ ID] Interval           Transfer     Bitrate
[  5]   0.00-1.00   sec  21.9 KBytes   179 Kbits/sec                  
[  5]   1.00-2.00   sec  24.9 KBytes   204 Kbits/sec                  
[  5]   2.00-3.00   sec  23.7 KBytes   194 Kbits/sec                  
[  5]   3.00-4.00   sec  25.5 KBytes   209 Kbits/sec                  
[  5]   4.00-5.00   sec  23.7 KBytes   194 Kbits/sec                  
[  5]   5.00-6.00   sec  24.3 KBytes   199 Kbits/sec                  
[  5]   6.00-7.00   sec  25.3 KBytes   207 Kbits/sec                  
[  5]   7.00-7.05   sec  1.39 KBytes   216 Kbits/sec                  
- - - - - - - - - - - - - - - - - - - - - - - - -
[ ID] Interval           Transfer     Bitrate
[  5]   0.00-7.05   sec   171 KBytes   198 Kbits/sec                  receiver
-----------------------------------------------------------
Server listening on 5003 (test #27)
-----------------------------------------------------------
Accepted connection from 10.42.5.3, port 48636
[  5] local 10.42.0.11 port 5003 connected to 10.42.5.3 port 48640
[ ID] Interval           Transfer     Bitrate
[  5]   0.00-1.00   sec  22.5 KBytes   184 Kbits/sec                  
[  5]   1.00-2.00   sec  23.9 KBytes   196 Kbits/sec                  
[  5]   2.00-3.00   sec  25.1 KBytes   206 Kbits/sec                  
[  5]   3.00-4.00   sec  24.3 KBytes   199 Kbits/sec                  
[  5]   4.00-5.00   sec  23.9 KBytes   196 Kbits/sec                  
[  5]   5.00-6.00   sec  24.9 KBytes   204 Kbits/sec                  
[  5]   6.00-7.00   sec  23.9 KBytes   196 Kbits/sec                  
[  5]   7.00-7.02   sec  1.20 KBytes   486 Kbits/sec                  
- - - - - - - - - - - - - - - - - - - - - - - - -
[ ID] Interval           Transfer     Bitrate
[  5]   0.00-7.02   sec   170 KBytes   198 Kbits/sec                  receiver
-----------------------------------------------------------
Server listening on 5002 (test #39)
-----------------------------------------------------------
Accepted connection from 10.42.2.3, port 50660
[  5] local 10.42.0.11 port 5002 connected to 10.42.2.3 port 50666
[ ID] Interval           Transfer     Bitrate
[  5]   0.00-1.00   sec  22.3 KBytes   183 Kbits/sec                  
[  5]   1.00-2.00   sec  24.9 KBytes   204 Kbits/sec                  
[  5]   2.00-3.00   sec  23.7 KBytes   194 Kbits/sec                  
[  5]   3.00-4.00   sec  24.9 KBytes   204 Kbits/sec                  
[  5]   4.00-5.00   sec  23.7 KBytes   194 Kbits/sec                  
[  5]   5.00-6.00   sec  25.3 KBytes   207 Kbits/sec                  
[  5]   6.00-7.00   sec  23.9 KBytes   196 Kbits/sec                  
[  5]   7.00-7.03   sec  1.39 KBytes   395 Kbits/sec                  
- - - - - - - - - - - - - - - - - - - - - - - - -
[ ID] Interval           Transfer     Bitrate
[  5]   0.00-7.03   sec   170 KBytes   198 Kbits/sec                  receiver
-----------------------------------------------------------
Server listening on 5003 (test #28)
-----------------------------------------------------------
Accepted connection from 10.42.3.3, port 37056
[  5] local 10.42.0.11 port 5003 connected to 10.42.3.3 port 37060
[ ID] Interval           Transfer     Bitrate
[  5]   0.00-1.00   sec  22.7 KBytes   186 Kbits/sec                  
[  5]   1.00-2.00   sec  23.7 KBytes   194 Kbits/sec                  
[  5]   2.00-3.00   sec  25.3 KBytes   207 Kbits/sec                  
[  5]   3.00-4.00   sec  23.3 KBytes   191 Kbits/sec                  
[  5]   4.00-5.00   sec  24.9 KBytes   204 Kbits/sec                  
[  5]   5.00-6.00   sec  24.9 KBytes   204 Kbits/sec                  
[  5]   6.00-7.00   sec  23.9 KBytes   196 Kbits/sec                  
[  5]   7.00-7.03   sec  1.39 KBytes   394 Kbits/sec                  
- - - - - - - - - - - - - - - - - - - - - - - - -
[ ID] Interval           Transfer     Bitrate
[  5]   0.00-7.03   sec   170 KBytes   198 Kbits/sec                  receiver
-----------------------------------------------------------
Server listening on 5002 (test #40)
-----------------------------------------------------------
Accepted connection from 10.42.5.3, port 57438
[  5] local 10.42.0.11 port 5002 connected to 10.42.5.3 port 57450
[ ID] Interval           Transfer     Bitrate
[  5]   0.00-1.00   sec  22.3 KBytes   183 Kbits/sec                  
[  5]   1.00-2.00   sec  24.9 KBytes   204 Kbits/sec                  
[  5]   2.00-3.00   sec  23.3 KBytes   191 Kbits/sec                  
[  5]   3.00-4.00   sec  24.9 KBytes   204 Kbits/sec                  
[  5]   4.00-5.00   sec  24.9 KBytes   204 Kbits/sec                  
[  5]   5.00-6.00   sec  23.5 KBytes   193 Kbits/sec                  
[  5]   6.00-7.00   sec  24.9 KBytes   204 Kbits/sec                  
[  5]   7.00-7.03   sec  1.39 KBytes   390 Kbits/sec                  
- - - - - - - - - - - - - - - - - - - - - - - - -
[ ID] Interval           Transfer     Bitrate
[  5]   0.00-7.03   sec   170 KBytes   198 Kbits/sec                  receiver
-----------------------------------------------------------
Server listening on 5003 (test #29)
-----------------------------------------------------------
Accepted connection from 10.42.2.3, port 34384
[  5] local 10.42.0.11 port 5003 connected to 10.42.2.3 port 34398
[ ID] Interval           Transfer     Bitrate
[  5]   0.00-1.00   sec  22.7 KBytes   186 Kbits/sec                  
[  5]   1.00-2.00   sec  23.7 KBytes   194 Kbits/sec                  
[  5]   2.00-3.00   sec  24.9 KBytes   204 Kbits/sec                  
[  5]   3.00-4.00   sec  24.7 KBytes   202 Kbits/sec                  
[  5]   4.00-5.00   sec  23.7 KBytes   194 Kbits/sec                  
[  5]   5.00-6.00   sec  25.1 KBytes   206 Kbits/sec                  
[  5]   6.00-7.00   sec  23.9 KBytes   196 Kbits/sec                  
[  5]   7.00-7.03   sec  1.39 KBytes   394 Kbits/sec                  
- - - - - - - - - - - - - - - - - - - - - - - - -
[ ID] Interval           Transfer     Bitrate
[  5]   0.00-7.03   sec   170 KBytes   198 Kbits/sec                  receiver
-----------------------------------------------------------
Server listening on 5002 (test #41)
-----------------------------------------------------------
Accepted connection from 10.42.3.3, port 57562
[  5] local 10.42.0.11 port 5002 connected to 10.42.3.3 port 57566
[ ID] Interval           Transfer     Bitrate
[  5]   0.00-1.00   sec  22.3 KBytes   183 Kbits/sec                  
[  5]   1.00-2.00   sec  24.9 KBytes   204 Kbits/sec                  
[  5]   2.00-3.00   sec  23.3 KBytes   191 Kbits/sec                  
[  5]   3.00-4.00   sec  24.9 KBytes   204 Kbits/sec                  
[  5]   4.00-5.00   sec  24.9 KBytes   204 Kbits/sec                  
[  5]   5.00-6.00   sec  23.5 KBytes   193 Kbits/sec                  
[  5]   6.00-7.00   sec  24.9 KBytes   204 Kbits/sec                  
[  5]   7.00-7.03   sec  1.39 KBytes   371 Kbits/sec                  
- - - - - - - - - - - - - - - - - - - - - - - - -
[ ID] Interval           Transfer     Bitrate
[  5]   0.00-7.03   sec   170 KBytes   198 Kbits/sec                  receiver
-----------------------------------------------------------
Server listening on 5002 (test #42)
-----------------------------------------------------------
Accepted connection from 10.42.5.3, port 53884
[  5] local 10.42.0.11 port 5002 connected to 10.42.5.3 port 53886
[ ID] Interval           Transfer     Bitrate
[  5]   0.00-1.00   sec  21.9 KBytes   179 Kbits/sec                  
[  5]   1.00-2.00   sec  24.9 KBytes   204 Kbits/sec                  
[  5]   2.00-3.00   sec  23.7 KBytes   194 Kbits/sec                  
[  5]   3.00-4.00   sec  25.1 KBytes   206 Kbits/sec                  
[  5]   4.00-5.00   sec  23.7 KBytes   194 Kbits/sec                  
[  5]   5.00-6.00   sec  25.1 KBytes   206 Kbits/sec                  
[  5]   6.00-7.00   sec  24.9 KBytes   204 Kbits/sec                  
[  5]   7.00-7.06   sec  1.39 KBytes   205 Kbits/sec                  
- - - - - - - - - - - - - - - - - - - - - - - - -
[ ID] Interval           Transfer     Bitrate
[  5]   0.00-7.06   sec   171 KBytes   198 Kbits/sec                  receiver
-----------------------------------------------------------
Server listening on 5003 (test #30)
-----------------------------------------------------------
Accepted connection from 10.42.2.3, port 56372
[  5] local 10.42.0.11 port 5003 connected to 10.42.2.3 port 56382
[ ID] Interval           Transfer     Bitrate
[  5]   0.00-1.00   sec  22.3 KBytes   183 Kbits/sec                  
[  5]   1.00-2.00   sec  23.9 KBytes   196 Kbits/sec                  
[  5]   2.00-3.00   sec  24.9 KBytes   204 Kbits/sec                  
[  5]   3.00-4.00   sec  24.9 KBytes   204 Kbits/sec                  
[  5]   4.00-5.00   sec  23.5 KBytes   192 Kbits/sec                  
[  5]   5.00-6.00   sec  24.7 KBytes   202 Kbits/sec                  
[  5]   6.00-7.00   sec  25.1 KBytes   206 Kbits/sec                  
[  5]   7.00-7.06   sec  1.59 KBytes   215 Kbits/sec                  
- - - - - - - - - - - - - - - - - - - - - - - - -
[ ID] Interval           Transfer     Bitrate
[  5]   0.00-7.06   sec   171 KBytes   198 Kbits/sec                  receiver
