-----------------------------------------------------------
-----------------------------------------------------------
-----------------------------------------------------------
-----------------------------------------------------------
-----------------------------------------------------------
-----------------------------------------------------------
-----------------------------------------------------------
-----------------------------------------------------------
-----------------------------------------------------------
-----------------------------------------------------------
-----------------------------------------------------------
Server listening on 5002 (test #1)
-----------------------------------------------------------
Accepted connection from 10.42.0.10, port 36848
[  5] local 10.42.0.11 port 5002 connected to 10.42.0.10 port 36858
[ ID] Interval           Transfer     Bitrate
[  5]   0.00-1.00   sec   128 KBytes  1.05 Mbits/sec                  
[  5]   1.00-2.00   sec  0.00 Bytes  0.00 bits/sec                  
[  5]   2.00-3.00   sec  0.00 Bytes  0.00 bits/sec                  
[  5]   3.00-4.00   sec   128 KBytes  1.05 Mbits/sec                  
[  5]   4.00-5.00   sec  0.00 Bytes  0.00 bits/sec                  
[  5]   5.00-6.00   sec  0.00 Bytes  0.00 bits/sec                  
[  5]   6.00-7.00   sec   128 KBytes  1.05 Mbits/sec                  
[  5]   7.00-8.00   sec  0.00 Bytes  0.00 bits/sec                  
[  5]   8.00-9.00   sec  0.00 Bytes  0.00 bits/sec                  
[  5]   9.00-10.00  sec  0.00 Bytes  0.00 bits/sec                  
- - - - - - - - - - - - - - - - - - - - - - - - -
[ ID] Interval           Transfer     Bitrate
[  5]   0.00-10.00  sec   384 KBytes   315 Kbits/sec                  receiver
-----------------------------------------------------------
Server listening on 5002 (test #2)
-----------------------------------------------------------
Accepted connection from 10.42.0.10, port 58390
[  5] local 10.42.0.11 port 5002 connected to 10.42.0.10 port 58402
[ ID] Interval           Transfer     Bitrate
[  5]   0.00-1.00   sec   128 KBytes  1.05 Mbits/sec                  
[  5]   1.00-2.00   sec  0.00 Bytes  0.00 bits/sec                  
[  5]   2.00-3.00   sec  0.00 Bytes  0.00 bits/sec                  
[  5]   3.00-4.00   sec   128 KBytes  1.05 Mbits/sec                  
[  5]   4.00-5.00   sec  0.00 Bytes  0.00 bits/sec                  
[  5]   5.00-6.00   sec  0.00 Bytes  0.00 bits/sec                  
[  5]   6.00-7.00   sec   128 KBytes  1.05 Mbits/sec                  
[  5]   7.00-8.00   sec  0.00 Bytes  0.00 bits/sec                  
[  5]   8.00-9.00   sec  0.00 Bytes  0.00 bits/sec                  
[  5]   9.00-10.00  sec  0.00 Bytes  0.00 bits/sec                  
- - - - - - - - - - - - - - - - - - - - - - - - -
[ ID] Interval           Transfer     Bitrate
[  5]   0.00-10.00  sec   384 KBytes   315 Kbits/sec                  receiver
Server listening on 5003 (test #1)
-----------------------------------------------------------
Accepted connection from 10.42.1.4, port 45660
[  5] local 10.42.0.11 port 5003 connected to 10.42.1.4 port 45664
[ ID] Interval           Transfer     Bitrate
[  5]   0.00-1.00   sec  0.00 Bytes  0.00 bits/sec                  
[  5]   1.00-2.00   sec  0.00 Bytes  0.00 bits/sec                  
[  5]   2.00-3.00   sec   128 KBytes  1.05 Mbits/sec                  
[  5]   3.00-4.00   sec  0.00 Bytes  0.00 bits/sec                  
[  5]   4.00-5.00   sec  0.00 Bytes  0.00 bits/sec                  
[  5]   5.00-6.00   sec   128 KBytes  1.05 Mbits/sec                  
[  5]   6.00-7.00   sec  0.00 Bytes  0.00 bits/sec                  
[  5]   7.00-8.00   sec  0.00 Bytes  0.00 bits/sec                  
[  5]   8.00-9.00   sec  0.00 Bytes  0.00 bits/sec                  
[  5]   9.00-10.00  sec   128 KBytes  1.05 Mbits/sec                  
- - - - - - - - - - - - - - - - - - - - - - - - -
[ ID] Interval           Transfer     Bitrate
[  5]   0.00-10.03  sec   384 KBytes   314 Kbits/sec                  receiver
-----------------------------------------------------------
Server listening on 5002 (test #3)
-----------------------------------------------------------
Accepted connection from 10.42.0.10, port 35492
[  5] local 10.42.0.11 port 5002 connected to 10.42.0.10 port 35504
[ ID] Interval           Transfer     Bitrate
[  5]   0.00-1.00   sec   128 KBytes  1.05 Mbits/sec                  
[  5]   1.00-2.00   sec  0.00 Bytes  0.00 bits/sec                  
[  5]   2.00-3.00   sec  0.00 Bytes  0.00 bits/sec                  
[  5]   3.00-4.00   sec   128 KBytes  1.05 Mbits/sec                  
[  5]   4.00-5.00   sec  0.00 Bytes  0.00 bits/sec                  
[  5]   5.00-6.00   sec  0.00 Bytes  0.00 bits/sec                  
[  5]   6.00-7.00   sec   128 KBytes  1.05 Mbits/sec                  
[  5]   7.00-8.00   sec  0.00 Bytes  0.00 bits/sec                  
[  5]   8.00-9.00   sec  0.00 Bytes  0.00 bits/sec                  
[  5]   9.00-10.00  sec  0.00 Bytes  0.00 bits/sec                  
- - - - - - - - - - - - - - - - - - - - - - - - -
[ ID] Interval           Transfer     Bitrate
[  5]   0.00-10.00  sec   384 KBytes   315 Kbits/sec                  receiver
-----------------------------------------------------------
Server listening on 5003 (test #2)
-----------------------------------------------------------
Accepted connection from 10.42.1.4, port 53560
[  5] local 10.42.0.11 port 5003 connected to 10.42.1.4 port 53562
[ ID] Interval           Transfer     Bitrate
[  5]   0.00-1.00   sec  0.00 Bytes  0.00 bits/sec                  
[  5]   1.00-2.00   sec  0.00 Bytes  0.00 bits/sec                  
[  5]   2.00-3.00   sec   128 KBytes  1.05 Mbits/sec                  
[  5]   3.00-4.00   sec  0.00 Bytes  0.00 bits/sec                  
[  5]   4.00-5.00   sec  0.00 Bytes  0.00 bits/sec                  
[  5]   5.00-6.00   sec   128 KBytes  1.05 Mbits/sec                  
[  5]   6.00-7.00   sec  0.00 Bytes  0.00 bits/sec                  
[  5]   7.00-8.00   sec  0.00 Bytes  0.00 bits/sec                  
[  5]   8.00-9.00   sec  0.00 Bytes  0.00 bits/sec                  
[  5]   9.00-10.00  sec   128 KBytes  1.05 Mbits/sec                  
- - - - - - - - - - - - - - - - - - - - - - - - -
[ ID] Interval           Transfer     Bitrate
[  5]   0.00-10.03  sec   384 KBytes   314 Kbits/sec                  receiver
-----------------------------------------------------------
Server listening on 5002 (test #4)
-----------------------------------------------------------
Accepted connection from 10.42.0.10, port 58380
[  5] local 10.42.0.11 port 5002 connected to 10.42.0.10 port 58386
[ ID] Interval           Transfer     Bitrate
[  5]   0.00-1.00   sec   128 KBytes  1.05 Mbits/sec                  
[  5]   1.00-2.00   sec  0.00 Bytes  0.00 bits/sec                  
[  5]   2.00-3.00   sec  0.00 Bytes  0.00 bits/sec                  
[  5]   3.00-4.00   sec   128 KBytes  1.05 Mbits/sec                  
[  5]   4.00-5.00   sec  0.00 Bytes  0.00 bits/sec                  
[  5]   5.00-6.00   sec  0.00 Bytes  0.00 bits/sec                  
[  5]   6.00-7.00   sec   128 KBytes  1.05 Mbits/sec                  
[  5]   7.00-8.00   sec  0.00 Bytes  0.00 bits/sec                  
[  5]   8.00-9.00   sec  0.00 Bytes  0.00 bits/sec                  
[  5]   9.00-10.00  sec  0.00 Bytes  0.00 bits/sec                  
- - - - - - - - - - - - - - - - - - - - - - - - -
[ ID] Interval           Transfer     Bitrate
[  5]   0.00-10.00  sec   384 KBytes   315 Kbits/sec                  receiver
-----------------------------------------------------------
Server listening on 5003 (test #3)
-----------------------------------------------------------
Accepted connection from 10.42.1.4, port 58322
[  5] local 10.42.0.11 port 5003 connected to 10.42.1.4 port 58334
[ ID] Interval           Transfer     Bitrate
[  5]   0.00-1.00   sec  0.00 Bytes  0.00 bits/sec                  
[  5]   1.00-2.00   sec  0.00 Bytes  0.00 bits/sec                  
[  5]   2.00-3.00   sec   128 KBytes  1.05 Mbits/sec                  
[  5]   3.00-4.00   sec  0.00 Bytes  0.00 bits/sec                  
[  5]   4.00-5.00   sec  0.00 Bytes  0.00 bits/sec                  
[  5]   5.00-6.00   sec   128 KBytes  1.05 Mbits/sec                  
[  5]   6.00-7.00   sec  0.00 Bytes  0.00 bits/sec                  
[  5]   7.00-8.00   sec  0.00 Bytes  0.00 bits/sec                  
[  5]   8.00-9.00   sec  0.00 Bytes  0.00 bits/sec                  
[  5]   9.00-10.00  sec   128 KBytes  1.05 Mbits/sec                  
- - - - - - - - - - - - - - - - - - - - - - - - -
[ ID] Interval           Transfer     Bitrate
[  5]   0.00-10.03  sec   384 KBytes   314 Kbits/sec                  receiver
-----------------------------------------------------------
Server listening on 5002 (test #5)
-----------------------------------------------------------
Accepted connection from 10.42.0.10, port 38936
[  5] local 10.42.0.11 port 5002 connected to 10.42.0.10 port 38952
[ ID] Interval           Transfer     Bitrate
[  5]   0.00-1.00   sec   128 KBytes  1.05 Mbits/sec                  
[  5]   1.00-2.00   sec  0.00 Bytes  0.00 bits/sec                  
[  5]   2.00-3.00   sec  0.00 Bytes  0.00 bits/sec                  
[  5]   3.00-4.00   sec   128 KBytes  1.05 Mbits/sec                  
[  5]   4.00-5.00   sec  0.00 Bytes  0.00 bits/sec                  
[  5]   5.00-6.00   sec  0.00 Bytes  0.00 bits/sec                  
[  5]   6.00-7.00   sec   128 KBytes  1.05 Mbits/sec                  
[  5]   7.00-8.00   sec  0.00 Bytes  0.00 bits/sec                  
[  5]   8.00-9.00   sec  0.00 Bytes  0.00 bits/sec                  
[  5]   9.00-10.00  sec  0.00 Bytes  0.00 bits/sec                  
- - - - - - - - - - - - - - - - - - - - - - - - -
[ ID] Interval           Transfer     Bitrate
[  5]   0.00-10.00  sec   384 KBytes   315 Kbits/sec                  receiver
-----------------------------------------------------------
Server listening on 5003 (test #4)
-----------------------------------------------------------
Accepted connection from 10.42.1.4, port 41782
[  5] local 10.42.0.11 port 5003 connected to 10.42.1.4 port 41794
[ ID] Interval           Transfer     Bitrate
[  5]   0.00-1.00   sec  0.00 Bytes  0.00 bits/sec                  
[  5]   1.00-2.00   sec  0.00 Bytes  0.00 bits/sec                  
[  5]   2.00-3.00   sec   128 KBytes  1.05 Mbits/sec                  
[  5]   3.00-4.00   sec  0.00 Bytes  0.00 bits/sec                  
[  5]   4.00-5.00   sec  0.00 Bytes  0.00 bits/sec                  
[  5]   5.00-6.00   sec   128 KBytes  1.05 Mbits/sec                  
[  5]   6.00-7.00   sec  0.00 Bytes  0.00 bits/sec                  
[  5]   7.00-8.00   sec  0.00 Bytes  0.00 bits/sec                  
[  5]   8.00-9.00   sec  0.00 Bytes  0.00 bits/sec                  
[  5]   9.00-10.00  sec   128 KBytes  1.05 Mbits/sec                  
- - - - - - - - - - - - - - - - - - - - - - - - -
[ ID] Interval           Transfer     Bitrate
[  5]   0.00-10.03  sec   384 KBytes   314 Kbits/sec                  receiver
-----------------------------------------------------------
Server listening on 5002 (test #6)
-----------------------------------------------------------
Accepted connection from 10.42.0.10, port 35576
[  5] local 10.42.0.11 port 5002 connected to 10.42.0.10 port 35586
[ ID] Interval           Transfer     Bitrate
[  5]   0.00-1.00   sec   128 KBytes  1.05 Mbits/sec                  
[  5]   1.00-2.00   sec  0.00 Bytes  0.00 bits/sec                  
[  5]   2.00-3.00   sec  0.00 Bytes  0.00 bits/sec                  
[  5]   3.00-4.00   sec   128 KBytes  1.05 Mbits/sec                  
[  5]   4.00-5.00   sec  0.00 Bytes  0.00 bits/sec                  
[  5]   5.00-6.00   sec  0.00 Bytes  0.00 bits/sec                  
[  5]   6.00-7.00   sec   128 KBytes  1.05 Mbits/sec                  
[  5]   7.00-8.00   sec  0.00 Bytes  0.00 bits/sec                  
[  5]   8.00-9.00   sec  0.00 Bytes  0.00 bits/sec                  
[  5]   9.00-10.00  sec  0.00 Bytes  0.00 bits/sec                  
- - - - - - - - - - - - - - - - - - - - - - - - -
[ ID] Interval           Transfer     Bitrate
[  5]   0.00-10.00  sec   384 KBytes   315 Kbits/sec                  receiver
-----------------------------------------------------------
Server listening on 5003 (test #5)
-----------------------------------------------------------
Accepted connection from 10.42.1.4, port 37064
[  5] local 10.42.0.11 port 5003 connected to 10.42.1.4 port 37078
[ ID] Interval           Transfer     Bitrate
[  5]   0.00-1.00   sec  0.00 Bytes  0.00 bits/sec                  
[  5]   1.00-2.00   sec  0.00 Bytes  0.00 bits/sec                  
[  5]   2.00-3.00   sec   128 KBytes  1.05 Mbits/sec                  
[  5]   3.00-4.00   sec  0.00 Bytes  0.00 bits/sec                  
[  5]   4.00-5.00   sec  0.00 Bytes  0.00 bits/sec                  
[  5]   5.00-6.00   sec   128 KBytes  1.05 Mbits/sec                  
[  5]   6.00-7.00   sec  0.00 Bytes  0.00 bits/sec                  
[  5]   7.00-8.00   sec  0.00 Bytes  0.00 bits/sec                  
[  5]   8.00-9.00   sec  0.00 Bytes  0.00 bits/sec                  
[  5]   9.00-10.00  sec   128 KBytes  1.05 Mbits/sec                  
- - - - - - - - - - - - - - - - - - - - - - - - -
[ ID] Interval           Transfer     Bitrate
[  5]   0.00-10.03  sec   384 KBytes   314 Kbits/sec                  receiver
-----------------------------------------------------------
Server listening on 5002 (test #7)
-----------------------------------------------------------
Accepted connection from 10.42.0.10, port 36076
[  5] local 10.42.0.11 port 5002 connected to 10.42.0.10 port 36090
[ ID] Interval           Transfer     Bitrate
[  5]   0.00-1.00   sec   128 KBytes  1.05 Mbits/sec                  
[  5]   1.00-2.00   sec  0.00 Bytes  0.00 bits/sec                  
[  5]   2.00-3.00   sec  0.00 Bytes  0.00 bits/sec                  
[  5]   3.00-4.00   sec   128 KBytes  1.05 Mbits/sec                  
[  5]   4.00-5.00   sec  0.00 Bytes  0.00 bits/sec                  
[  5]   5.00-6.00   sec  0.00 Bytes  0.00 bits/sec                  
[  5]   6.00-7.00   sec   128 KBytes  1.05 Mbits/sec                  
[  5]   7.00-8.00   sec  0.00 Bytes  0.00 bits/sec                  
[  5]   8.00-9.00   sec  0.00 Bytes  0.00 bits/sec                  
[  5]   9.00-10.00  sec  0.00 Bytes  0.00 bits/sec                  
- - - - - - - - - - - - - - - - - - - - - - - - -
[ ID] Interval           Transfer     Bitrate
[  5]   0.00-10.00  sec   384 KBytes   315 Kbits/sec                  receiver
-----------------------------------------------------------
Server listening on 5003 (test #6)
-----------------------------------------------------------
Accepted connection from 10.42.1.4, port 37724
[  5] local 10.42.0.11 port 5003 connected to 10.42.1.4 port 37726
[ ID] Interval           Transfer     Bitrate
[  5]   0.00-1.00   sec  0.00 Bytes  0.00 bits/sec                  
[  5]   1.00-2.00   sec  0.00 Bytes  0.00 bits/sec                  
[  5]   2.00-3.00   sec   128 KBytes  1.05 Mbits/sec                  
[  5]   3.00-4.00   sec  0.00 Bytes  0.00 bits/sec                  
[  5]   4.00-5.00   sec  0.00 Bytes  0.00 bits/sec                  
[  5]   5.00-6.00   sec   128 KBytes  1.05 Mbits/sec                  
[  5]   6.00-7.00   sec  0.00 Bytes  0.00 bits/sec                  
[  5]   7.00-8.00   sec  0.00 Bytes  0.00 bits/sec                  
[  5]   8.00-9.00   sec  0.00 Bytes  0.00 bits/sec                  
[  5]   9.00-10.00  sec   128 KBytes  1.05 Mbits/sec                  
- - - - - - - - - - - - - - - - - - - - - - - - -
[ ID] Interval           Transfer     Bitrate
[  5]   0.00-10.03  sec   384 KBytes   314 Kbits/sec                  receiver
-----------------------------------------------------------
Server listening on 5002 (test #8)
-----------------------------------------------------------
Accepted connection from 10.42.0.10, port 37208
[  5] local 10.42.0.11 port 5002 connected to 10.42.0.10 port 37216
[ ID] Interval           Transfer     Bitrate
[  5]   0.00-1.00   sec   128 KBytes  1.05 Mbits/sec                  
[  5]   1.00-2.00   sec  0.00 Bytes  0.00 bits/sec                  
[  5]   2.00-3.00   sec  0.00 Bytes  0.00 bits/sec                  
[  5]   3.00-4.00   sec   128 KBytes  1.05 Mbits/sec                  
[  5]   4.00-5.00   sec  0.00 Bytes  0.00 bits/sec                  
[  5]   5.00-6.00   sec  0.00 Bytes  0.00 bits/sec                  
[  5]   6.00-7.00   sec   128 KBytes  1.05 Mbits/sec                  
[  5]   7.00-8.00   sec  0.00 Bytes  0.00 bits/sec                  
[  5]   8.00-9.00   sec  0.00 Bytes  0.00 bits/sec                  
[  5]   9.00-10.00  sec  0.00 Bytes  0.00 bits/sec                  
- - - - - - - - - - - - - - - - - - - - - - - - -
[ ID] Interval           Transfer     Bitrate
[  5]   0.00-10.00  sec   384 KBytes   315 Kbits/sec                  receiver
-----------------------------------------------------------
Server listening on 5003 (test #7)
-----------------------------------------------------------
Accepted connection from 10.42.1.4, port 42100
[  5] local 10.42.0.11 port 5003 connected to 10.42.1.4 port 42104
[ ID] Interval           Transfer     Bitrate
[  5]   0.00-1.00   sec  0.00 Bytes  0.00 bits/sec                  
[  5]   1.00-2.00   sec  0.00 Bytes  0.00 bits/sec                  
[  5]   2.00-3.00   sec   128 KBytes  1.05 Mbits/sec                  
[  5]   3.00-4.00   sec  0.00 Bytes  0.00 bits/sec                  
[  5]   4.00-5.00   sec  0.00 Bytes  0.00 bits/sec                  
[  5]   5.00-6.00   sec   128 KBytes  1.05 Mbits/sec                  
[  5]   6.00-7.00   sec  0.00 Bytes  0.00 bits/sec                  
[  5]   7.00-8.00   sec  0.00 Bytes  0.00 bits/sec                  
[  5]   8.00-9.00   sec  0.00 Bytes  0.00 bits/sec                  
[  5]   9.00-10.00  sec   128 KBytes  1.05 Mbits/sec                  
- - - - - - - - - - - - - - - - - - - - - - - - -
[ ID] Interval           Transfer     Bitrate
[  5]   0.00-10.03  sec   384 KBytes   314 Kbits/sec                  receiver
-----------------------------------------------------------
Server listening on 5002 (test #9)
-----------------------------------------------------------
Accepted connection from 10.42.0.10, port 56838
[  5] local 10.42.0.11 port 5002 connected to 10.42.0.10 port 56852
[ ID] Interval           Transfer     Bitrate
[  5]   0.00-1.00   sec   128 KBytes  1.05 Mbits/sec                  
[  5]   1.00-2.00   sec  0.00 Bytes  0.00 bits/sec                  
[  5]   2.00-3.00   sec  0.00 Bytes  0.00 bits/sec                  
[  5]   3.00-4.00   sec   128 KBytes  1.05 Mbits/sec                  
[  5]   4.00-5.00   sec  0.00 Bytes  0.00 bits/sec                  
[  5]   5.00-6.00   sec  0.00 Bytes  0.00 bits/sec                  
[  5]   6.00-7.00   sec   128 KBytes  1.05 Mbits/sec                  
[  5]   7.00-8.00   sec  0.00 Bytes  0.00 bits/sec                  
[  5]   8.00-9.00   sec  0.00 Bytes  0.00 bits/sec                  
[  5]   9.00-10.00  sec  0.00 Bytes  0.00 bits/sec                  
- - - - - - - - - - - - - - - - - - - - - - - - -
[ ID] Interval           Transfer     Bitrate
[  5]   0.00-10.00  sec   384 KBytes   315 Kbits/sec                  receiver
-----------------------------------------------------------
Server listening on 5002 (test #10)
-----------------------------------------------------------
Accepted connection from 10.42.1.4, port 59072
[  5] local 10.42.0.11 port 5002 connected to 10.42.1.4 port 59084
[ ID] Interval           Transfer     Bitrate
[  5]   0.00-1.00   sec  0.00 Bytes  0.00 bits/sec                  
[  5]   1.00-2.00   sec  0.00 Bytes  0.00 bits/sec                  
[  5]   2.00-3.00   sec   128 KBytes  1.05 Mbits/sec                  
[  5]   3.00-4.00   sec  0.00 Bytes  0.00 bits/sec                  
[  5]   4.00-5.00   sec  0.00 Bytes  0.00 bits/sec                  
[  5]   5.00-6.00   sec   128 KBytes  1.05 Mbits/sec                  
[  5]   6.00-7.00   sec  0.00 Bytes  0.00 bits/sec                  
[  5]   7.00-8.00   sec  0.00 Bytes  0.00 bits/sec                  
[  5]   8.00-9.00   sec  0.00 Bytes  0.00 bits/sec                  
[  5]   9.00-10.00  sec   128 KBytes  1.05 Mbits/sec                  
- - - - - - - - - - - - - - - - - - - - - - - - -
[ ID] Interval           Transfer     Bitrate
[  5]   0.00-10.03  sec   384 KBytes   314 Kbits/sec                  receiver
-----------------------------------------------------------
Server listening on 5002 (test #11)
-----------------------------------------------------------
Accepted connection from 10.42.0.10, port 57876
[  5] local 10.42.0.11 port 5002 connected to 10.42.0.10 port 57892
[ ID] Interval           Transfer     Bitrate
[  5]   0.00-1.00   sec   128 KBytes  1.05 Mbits/sec                  
[  5]   1.00-2.00   sec  0.00 Bytes  0.00 bits/sec                  
[  5]   2.00-3.00   sec  0.00 Bytes  0.00 bits/sec                  
[  5]   3.00-4.00   sec   128 KBytes  1.05 Mbits/sec                  
[  5]   4.00-5.00   sec  0.00 Bytes  0.00 bits/sec                  
[  5]   5.00-6.00   sec  0.00 Bytes  0.00 bits/sec                  
[  5]   6.00-7.00   sec   128 KBytes  1.05 Mbits/sec                  
[  5]   7.00-8.00   sec  0.00 Bytes  0.00 bits/sec                  
[  5]   8.00-9.00   sec  0.00 Bytes  0.00 bits/sec                  
[  5]   9.00-10.00  sec  0.00 Bytes  0.00 bits/sec                  
- - - - - - - - - - - - - - - - - - - - - - - - -
[ ID] Interval           Transfer     Bitrate
[  5]   0.00-10.00  sec   384 KBytes   315 Kbits/sec                  receiver
-----------------------------------------------------------
Server listening on 5002 (test #12)
-----------------------------------------------------------
Accepted connection from 10.42.1.4, port 48082
[  5] local 10.42.0.11 port 5002 connected to 10.42.1.4 port 48098
[ ID] Interval           Transfer     Bitrate
[  5]   0.00-1.00   sec  0.00 Bytes  0.00 bits/sec                  
[  5]   1.00-2.00   sec  0.00 Bytes  0.00 bits/sec                  
[  5]   2.00-3.00   sec   128 KBytes  1.05 Mbits/sec                  
[  5]   3.00-4.00   sec  0.00 Bytes  0.00 bits/sec                  
[  5]   4.00-5.00   sec  0.00 Bytes  0.00 bits/sec                  
[  5]   5.00-6.00   sec   128 KBytes  1.05 Mbits/sec                  
[  5]   6.00-7.00   sec  0.00 Bytes  0.00 bits/sec                  
[  5]   7.00-8.00   sec  0.00 Bytes  0.00 bits/sec                  
[  5]   8.00-9.00   sec  0.00 Bytes  0.00 bits/sec                  
[  5]   9.00-10.00  sec   128 KBytes  1.05 Mbits/sec                  
- - - - - - - - - - - - - - - - - - - - - - - - -
[ ID] Interval           Transfer     Bitrate
[  5]   0.00-10.03  sec   384 KBytes   314 Kbits/sec                  receiver
-----------------------------------------------------------
Server listening on 5003 (test #8)
-----------------------------------------------------------
Accepted connection from 10.42.0.10, port 41390
[  5] local 10.42.0.11 port 5003 connected to 10.42.0.10 port 41398
[ ID] Interval           Transfer     Bitrate
[  5]   0.00-1.00   sec   128 KBytes  1.05 Mbits/sec                  
[  5]   1.00-2.00   sec  0.00 Bytes  0.00 bits/sec                  
[  5]   2.00-3.00   sec  0.00 Bytes  0.00 bits/sec                  
[  5]   3.00-4.00   sec   128 KBytes  1.05 Mbits/sec                  
[  5]   4.00-5.00   sec  0.00 Bytes  0.00 bits/sec                  
[  5]   5.00-6.00   sec  0.00 Bytes  0.00 bits/sec                  
[  5]   6.00-7.00   sec   128 KBytes  1.05 Mbits/sec                  
[  5]   7.00-8.00   sec  0.00 Bytes  0.00 bits/sec                  
[  5]   8.00-9.00   sec  0.00 Bytes  0.00 bits/sec                  
[  5]   9.00-10.00  sec  0.00 Bytes  0.00 bits/sec                  
- - - - - - - - - - - - - - - - - - - - - - - - -
[ ID] Interval           Transfer     Bitrate
[  5]   0.00-10.00  sec   384 KBytes   315 Kbits/sec                  receiver
-----------------------------------------------------------
Server listening on 5002 (test #13)
-----------------------------------------------------------
Accepted connection from 10.42.1.4, port 40856
[  5] local 10.42.0.11 port 5002 connected to 10.42.1.4 port 40864
[ ID] Interval           Transfer     Bitrate
[  5]   0.00-1.00   sec  0.00 Bytes  0.00 bits/sec                  
[  5]   1.00-2.00   sec  0.00 Bytes  0.00 bits/sec                  
[  5]   2.00-3.00   sec   128 KBytes  1.05 Mbits/sec                  
[  5]   3.00-4.00   sec  0.00 Bytes  0.00 bits/sec                  
[  5]   4.00-5.00   sec  0.00 Bytes  0.00 bits/sec                  
[  5]   5.00-6.00   sec  0.00 Bytes  0.00 bits/sec                  
[  5]   6.00-7.00   sec   128 KBytes  1.05 Mbits/sec                  
[  5]   7.00-8.00   sec  0.00 Bytes  0.00 bits/sec                  
[  5]   8.00-9.00   sec  0.00 Bytes  0.00 bits/sec                  
[  5]   9.00-10.00  sec   128 KBytes  1.05 Mbits/sec                  
- - - - - - - - - - - - - - - - - - - - - - - - -
[ ID] Interval           Transfer     Bitrate
[  5]   0.00-10.03  sec   384 KBytes   313 Kbits/sec                  receiver
-----------------------------------------------------------
Server listening on 5003 (test #9)
-----------------------------------------------------------
Accepted connection from 10.42.0.10, port 43350
[  5] local 10.42.0.11 port 5003 connected to 10.42.0.10 port 43356
[ ID] Interval           Transfer     Bitrate
[  5]   0.00-1.00   sec   128 KBytes  1.05 Mbits/sec                  
[  5]   1.00-2.00   sec  0.00 Bytes  0.00 bits/sec                  
[  5]   2.00-3.00   sec  0.00 Bytes  0.00 bits/sec                  
[  5]   3.00-4.00   sec   128 KBytes  1.05 Mbits/sec                  
[  5]   4.00-5.00   sec  0.00 Bytes  0.00 bits/sec                  
[  5]   5.00-6.00   sec  0.00 Bytes  0.00 bits/sec                  
[  5]   6.00-7.00   sec   128 KBytes  1.05 Mbits/sec                  
[  5]   7.00-8.00   sec  0.00 Bytes  0.00 bits/sec                  
[  5]   8.00-9.00   sec  0.00 Bytes  0.00 bits/sec                  
[  5]   9.00-10.00  sec  0.00 Bytes  0.00 bits/sec                  
- - - - - - - - - - - - - - - - - - - - - - - - -
[ ID] Interval           Transfer     Bitrate
[  5]   0.00-10.00  sec   384 KBytes   315 Kbits/sec                  receiver
-----------------------------------------------------------
Server listening on 5002 (test #14)
-----------------------------------------------------------
Accepted connection from 10.42.1.4, port 60248
[  5] local 10.42.0.11 port 5002 connected to 10.42.1.4 port 60250
[ ID] Interval           Transfer     Bitrate
[  5]   0.00-1.00   sec  0.00 Bytes  0.00 bits/sec                  
[  5]   1.00-2.00   sec  0.00 Bytes  0.00 bits/sec                  
[  5]   2.00-3.00   sec   128 KBytes  1.05 Mbits/sec                  
[  5]   3.00-4.00   sec  0.00 Bytes  0.00 bits/sec                  
[  5]   4.00-5.00   sec  0.00 Bytes  0.00 bits/sec                  
[  5]   5.00-6.00   sec  0.00 Bytes  0.00 bits/sec                  
[  5]   6.00-7.00   sec   128 KBytes  1.05 Mbits/sec                  
[  5]   7.00-8.00   sec  0.00 Bytes  0.00 bits/sec                  
[  5]   8.00-9.00   sec  0.00 Bytes  0.00 bits/sec                  
[  5]   9.00-10.00  sec   128 KBytes  1.05 Mbits/sec                  
- - - - - - - - - - - - - - - - - - - - - - - - -
[ ID] Interval           Transfer     Bitrate
[  5]   0.00-10.03  sec   384 KBytes   314 Kbits/sec                  receiver
-----------------------------------------------------------
Server listening on 5002 (test #15)
-----------------------------------------------------------
Accepted connection from 10.42.0.10, port 48254
[  5] local 10.42.0.11 port 5002 connected to 10.42.0.10 port 48262
[ ID] Interval           Transfer     Bitrate
[  5]   0.00-1.00   sec   128 KBytes  1.05 Mbits/sec                  
[  5]   1.00-2.00   sec  0.00 Bytes  0.00 bits/sec                  
[  5]   2.00-3.00   sec  0.00 Bytes  0.00 bits/sec                  
[  5]   3.00-4.00   sec   128 KBytes  1.05 Mbits/sec                  
[  5]   4.00-5.00   sec  0.00 Bytes  0.00 bits/sec                  
[  5]   5.00-6.00   sec  0.00 Bytes  0.00 bits/sec                  
[  5]   6.00-7.00   sec   128 KBytes  1.05 Mbits/sec                  
[  5]   7.00-8.00   sec  0.00 Bytes  0.00 bits/sec                  
[  5]   8.00-9.00   sec  0.00 Bytes  0.00 bits/sec                  
[  5]   9.00-10.00  sec  0.00 Bytes  0.00 bits/sec                  
- - - - - - - - - - - - - - - - - - - - - - - - -
[ ID] Interval           Transfer     Bitrate
[  5]   0.00-10.00  sec   384 KBytes   315 Kbits/sec                  receiver
-----------------------------------------------------------
Server listening on 5002 (test #16)
-----------------------------------------------------------
Accepted connection from 10.42.1.4, port 51170
[  5] local 10.42.0.11 port 5002 connected to 10.42.1.4 port 51174
[ ID] Interval           Transfer     Bitrate
[  5]   0.00-1.00   sec  0.00 Bytes  0.00 bits/sec                  
[  5]   1.00-2.00   sec  0.00 Bytes  0.00 bits/sec                  
[  5]   2.00-3.00   sec   128 KBytes  1.05 Mbits/sec                  
[  5]   3.00-4.00   sec  0.00 Bytes  0.00 bits/sec                  
[  5]   4.00-5.00   sec  0.00 Bytes  0.00 bits/sec                  
[  5]   5.00-6.00   sec   128 KBytes  1.05 Mbits/sec                  
[  5]   6.00-7.00   sec  0.00 Bytes  0.00 bits/sec                  
[  5]   7.00-8.00   sec  0.00 Bytes  0.00 bits/sec                  
[  5]   8.00-9.00   sec  0.00 Bytes  0.00 bits/sec                  
[  5]   9.00-10.00  sec   128 KBytes  1.05 Mbits/sec                  
- - - - - - - - - - - - - - - - - - - - - - - - -
[ ID] Interval           Transfer     Bitrate
[  5]   0.00-10.03  sec   384 KBytes   314 Kbits/sec                  receiver
-----------------------------------------------------------
Server listening on 5002 (test #17)
-----------------------------------------------------------
Accepted connection from 10.42.0.10, port 58242
[  5] local 10.42.0.11 port 5002 connected to 10.42.0.10 port 58244
[ ID] Interval           Transfer     Bitrate
[  5]   0.00-1.00   sec   128 KBytes  1.05 Mbits/sec                  
[  5]   1.00-2.00   sec  0.00 Bytes  0.00 bits/sec                  
[  5]   2.00-3.00   sec  0.00 Bytes  0.00 bits/sec                  
[  5]   3.00-4.00   sec   128 KBytes  1.05 Mbits/sec                  
[  5]   4.00-5.00   sec  0.00 Bytes  0.00 bits/sec                  
[  5]   5.00-6.00   sec  0.00 Bytes  0.00 bits/sec                  
[  5]   6.00-7.00   sec   128 KBytes  1.05 Mbits/sec                  
[  5]   7.00-8.00   sec  0.00 Bytes  0.00 bits/sec                  
[  5]   8.00-9.00   sec  0.00 Bytes  0.00 bits/sec                  
[  5]   9.00-10.00  sec  0.00 Bytes  0.00 bits/sec                  
- - - - - - - - - - - - - - - - - - - - - - - - -
[ ID] Interval           Transfer     Bitrate
[  5]   0.00-10.00  sec   384 KBytes   315 Kbits/sec                  receiver
-----------------------------------------------------------
Server listening on 5002 (test #18)
-----------------------------------------------------------
Accepted connection from 10.42.1.4, port 53448
[  5] local 10.42.0.11 port 5002 connected to 10.42.1.4 port 53456
[ ID] Interval           Transfer     Bitrate
[  5]   0.00-1.00   sec  0.00 Bytes  0.00 bits/sec                  
[  5]   1.00-2.00   sec  0.00 Bytes  0.00 bits/sec                  
[  5]   2.00-3.00   sec   128 KBytes  1.05 Mbits/sec                  
[  5]   3.00-4.00   sec  0.00 Bytes  0.00 bits/sec                  
[  5]   4.00-5.00   sec  0.00 Bytes  0.00 bits/sec                  
[  5]   5.00-6.00   sec   128 KBytes  1.05 Mbits/sec                  
[  5]   6.00-7.00   sec  0.00 Bytes  0.00 bits/sec                  
[  5]   7.00-8.00   sec  0.00 Bytes  0.00 bits/sec                  
[  5]   8.00-9.00   sec  0.00 Bytes  0.00 bits/sec                  
[  5]   9.00-10.00  sec   128 KBytes  1.05 Mbits/sec                  
- - - - - - - - - - - - - - - - - - - - - - - - -
[ ID] Interval           Transfer     Bitrate
[  5]   0.00-10.03  sec   384 KBytes   314 Kbits/sec                  receiver
-----------------------------------------------------------
Server listening on 5003 (test #10)
-----------------------------------------------------------
Accepted connection from 10.42.0.10, port 51658
[  5] local 10.42.0.11 port 5003 connected to 10.42.0.10 port 51662
[ ID] Interval           Transfer     Bitrate
[  5]   0.00-1.00   sec   128 KBytes  1.05 Mbits/sec                  
[  5]   1.00-2.00   sec  0.00 Bytes  0.00 bits/sec                  
[  5]   2.00-3.00   sec  0.00 Bytes  0.00 bits/sec                  
[  5]   3.00-4.00   sec   128 KBytes  1.05 Mbits/sec                  
[  5]   4.00-5.00   sec  0.00 Bytes  0.00 bits/sec                  
[  5]   5.00-6.00   sec  0.00 Bytes  0.00 bits/sec                  
[  5]   6.00-7.00   sec   128 KBytes  1.05 Mbits/sec                  
[  5]   7.00-8.00   sec  0.00 Bytes  0.00 bits/sec                  
[  5]   8.00-9.00   sec  0.00 Bytes  0.00 bits/sec                  
[  5]   9.00-10.00  sec  0.00 Bytes  0.00 bits/sec                  
- - - - - - - - - - - - - - - - - - - - - - - - -
[ ID] Interval           Transfer     Bitrate
[  5]   0.00-10.00  sec   384 KBytes   314 Kbits/sec                  receiver
-----------------------------------------------------------
Server listening on 5002 (test #19)
-----------------------------------------------------------
Accepted connection from 10.42.1.4, port 52634
[  5] local 10.42.0.11 port 5002 connected to 10.42.1.4 port 52644
[ ID] Interval           Transfer     Bitrate
[  5]   0.00-1.00   sec  0.00 Bytes  0.00 bits/sec                  
[  5]   1.00-2.00   sec  0.00 Bytes  0.00 bits/sec                  
[  5]   2.00-3.00   sec   128 KBytes  1.05 Mbits/sec                  
[  5]   3.00-4.00   sec  0.00 Bytes  0.00 bits/sec                  
[  5]   4.00-5.00   sec  0.00 Bytes  0.00 bits/sec                  
[  5]   5.00-6.00   sec  0.00 Bytes  0.00 bits/sec                  
[  5]   6.00-7.00   sec   128 KBytes  1.05 Mbits/sec                  
[  5]   7.00-8.00   sec  0.00 Bytes  0.00 bits/sec                  
[  5]   8.00-9.00   sec  0.00 Bytes  0.00 bits/sec                  
[  5]   9.00-10.00  sec   128 KBytes  1.05 Mbits/sec                  
- - - - - - - - - - - - - - - - - - - - - - - - -
[ ID] Interval           Transfer     Bitrate
[  5]   0.00-10.03  sec   384 KBytes   314 Kbits/sec                  receiver
-----------------------------------------------------------
Server listening on 5003 (test #11)
-----------------------------------------------------------
Accepted connection from 10.42.0.10, port 52548
[  5] local 10.42.0.11 port 5003 connected to 10.42.0.10 port 52562
[ ID] Interval           Transfer     Bitrate
[  5]   0.00-1.00   sec   128 KBytes  1.05 Mbits/sec                  
[  5]   1.00-2.00   sec  0.00 Bytes  0.00 bits/sec                  
[  5]   2.00-3.00   sec  0.00 Bytes  0.00 bits/sec                  
[  5]   3.00-4.00   sec   128 KBytes  1.05 Mbits/sec                  
[  5]   4.00-5.00   sec  0.00 Bytes  0.00 bits/sec                  
[  5]   5.00-6.00   sec  0.00 Bytes  0.00 bits/sec                  
[  5]   6.00-7.00   sec   128 KBytes  1.05 Mbits/sec                  
[  5]   7.00-8.00   sec  0.00 Bytes  0.00 bits/sec                  
[  5]   8.00-9.00   sec  0.00 Bytes  0.00 bits/sec                  
[  5]   9.00-10.00  sec  0.00 Bytes  0.00 bits/sec                  
- - - - - - - - - - - - - - - - - - - - - - - - -
[ ID] Interval           Transfer     Bitrate
[  5]   0.00-10.00  sec   384 KBytes   315 Kbits/sec                  receiver
-----------------------------------------------------------
Server listening on 5002 (test #20)
-----------------------------------------------------------
Accepted connection from 10.42.1.4, port 59524
[  5] local 10.42.0.11 port 5002 connected to 10.42.1.4 port 59528
[ ID] Interval           Transfer     Bitrate
[  5]   0.00-1.00   sec  0.00 Bytes  0.00 bits/sec                  
[  5]   1.00-2.00   sec  0.00 Bytes  0.00 bits/sec                  
[  5]   2.00-3.00   sec   128 KBytes  1.05 Mbits/sec                  
[  5]   3.00-4.00   sec  0.00 Bytes  0.00 bits/sec                  
[  5]   4.00-5.00   sec  0.00 Bytes  0.00 bits/sec                  
[  5]   5.00-6.00   sec  0.00 Bytes  0.00 bits/sec                  
[  5]   6.00-7.00   sec   128 KBytes  1.05 Mbits/sec                  
[  5]   7.00-8.00   sec  0.00 Bytes  0.00 bits/sec                  
[  5]   8.00-9.00   sec  0.00 Bytes  0.00 bits/sec                  
[  5]   9.00-10.00  sec   128 KBytes  1.05 Mbits/sec                  
- - - - - - - - - - - - - - - - - - - - - - - - -
[ ID] Interval           Transfer     Bitrate
[  5]   0.00-10.03  sec   384 KBytes   314 Kbits/sec                  receiver
-----------------------------------------------------------
Server listening on 5003 (test #12)
-----------------------------------------------------------
Accepted connection from 10.42.0.10, port 53878
[  5] local 10.42.0.11 port 5003 connected to 10.42.0.10 port 53892
[ ID] Interval           Transfer     Bitrate
[  5]   0.00-1.00   sec   128 KBytes  1.05 Mbits/sec                  
[  5]   1.00-2.00   sec  0.00 Bytes  0.00 bits/sec                  
[  5]   2.00-3.00   sec  0.00 Bytes  0.00 bits/sec                  
[  5]   3.00-4.00   sec   128 KBytes  1.05 Mbits/sec                  
[  5]   4.00-5.00   sec  0.00 Bytes  0.00 bits/sec                  
[  5]   5.00-6.00   sec  0.00 Bytes  0.00 bits/sec                  
[  5]   6.00-7.00   sec   128 KBytes  1.05 Mbits/sec                  
[  5]   7.00-8.00   sec  0.00 Bytes  0.00 bits/sec                  
[  5]   8.00-9.00   sec  0.00 Bytes  0.00 bits/sec                  
[  5]   9.00-10.00  sec  0.00 Bytes  0.00 bits/sec                  
- - - - - - - - - - - - - - - - - - - - - - - - -
[ ID] Interval           Transfer     Bitrate
[  5]   0.00-10.00  sec   384 KBytes   315 Kbits/sec                  receiver
-----------------------------------------------------------
Server listening on 5002 (test #21)
-----------------------------------------------------------
Accepted connection from 10.42.1.4, port 35384
[  5] local 10.42.0.11 port 5002 connected to 10.42.1.4 port 35400
[ ID] Interval           Transfer     Bitrate
[  5]   0.00-1.00   sec  0.00 Bytes  0.00 bits/sec                  
[  5]   1.00-2.00   sec  0.00 Bytes  0.00 bits/sec                  
[  5]   2.00-3.00   sec   128 KBytes  1.05 Mbits/sec                  
[  5]   3.00-4.00   sec  0.00 Bytes  0.00 bits/sec                  
[  5]   4.00-5.00   sec  0.00 Bytes  0.00 bits/sec                  
[  5]   5.00-6.00   sec   128 KBytes  1.05 Mbits/sec                  
[  5]   6.00-7.00   sec  0.00 Bytes  0.00 bits/sec                  
[  5]   7.00-8.00   sec  0.00 Bytes  0.00 bits/sec                  
[  5]   8.00-9.00   sec  0.00 Bytes  0.00 bits/sec                  
[  5]   9.00-10.00  sec   128 KBytes  1.05 Mbits/sec                  
- - - - - - - - - - - - - - - - - - - - - - - - -
[ ID] Interval           Transfer     Bitrate
[  5]   0.00-10.03  sec   384 KBytes   314 Kbits/sec                  receiver
-----------------------------------------------------------
Server listening on 5002 (test #22)
-----------------------------------------------------------
Accepted connection from 10.42.0.10, port 51976
[  5] local 10.42.0.11 port 5002 connected to 10.42.0.10 port 51990
[ ID] Interval           Transfer     Bitrate
[  5]   0.00-1.00   sec   128 KBytes  1.05 Mbits/sec                  
[  5]   1.00-2.00   sec  0.00 Bytes  0.00 bits/sec                  
[  5]   2.00-3.00   sec  0.00 Bytes  0.00 bits/sec                  
[  5]   3.00-4.00   sec   128 KBytes  1.05 Mbits/sec                  
[  5]   4.00-5.00   sec  0.00 Bytes  0.00 bits/sec                  
[  5]   5.00-6.00   sec  0.00 Bytes  0.00 bits/sec                  
[  5]   6.00-7.00   sec   128 KBytes  1.05 Mbits/sec                  
[  5]   7.00-8.00   sec  0.00 Bytes  0.00 bits/sec                  
[  5]   8.00-9.00   sec  0.00 Bytes  0.00 bits/sec                  
[  5]   9.00-10.00  sec  0.00 Bytes  0.00 bits/sec                  
- - - - - - - - - - - - - - - - - - - - - - - - -
[ ID] Interval           Transfer     Bitrate
[  5]   0.00-10.00  sec   384 KBytes   315 Kbits/sec                  receiver
-----------------------------------------------------------
Server listening on 5003 (test #13)
-----------------------------------------------------------
Accepted connection from 10.42.3.4, port 43662
[  5] local 10.42.0.11 port 5003 connected to 10.42.3.4 port 43674
[ ID] Interval           Transfer     Bitrate
[  5]   0.00-1.00   sec  0.00 Bytes  0.00 bits/sec                  
[  5]   1.00-2.00   sec  0.00 Bytes  0.00 bits/sec                  
[  5]   2.00-3.00   sec   128 KBytes  1.05 Mbits/sec                  
[  5]   3.00-4.00   sec  0.00 Bytes  0.00 bits/sec                  
[  5]   4.00-5.00   sec  0.00 Bytes  0.00 bits/sec                  
[  5]   5.00-6.00   sec  0.00 Bytes  0.00 bits/sec                  
[  5]   6.00-7.00   sec  0.00 Bytes  0.00 bits/sec                  
[  5]   7.00-8.00   sec  0.00 Bytes  0.00 bits/sec                  
[  5]   8.00-9.00   sec   128 KBytes  1.05 Mbits/sec                  
[  5]   9.00-10.00  sec  0.00 Bytes  0.00 bits/sec                  
[  5]  10.00-11.00  sec  0.00 Bytes  0.00 bits/sec                  
-----------------------------------------------------------
Server listening on 5002 (test #23)
-----------------------------------------------------------
Accepted connection from 10.42.1.4, port 54196
[  5] local 10.42.0.11 port 5002 connected to 10.42.1.4 port 54204
[ ID] Interval           Transfer     Bitrate
[  5]   0.00-1.00   sec  0.00 Bytes  0.00 bits/sec                  
[  5]   1.00-2.00   sec  0.00 Bytes  0.00 bits/sec                  
[  5]   2.00-3.00   sec  0.00 Bytes  0.00 bits/sec                  
[  5]   3.00-4.00   sec  0.00 Bytes  0.00 bits/sec                  
[  5]   4.00-5.00   sec   128 KBytes  1.05 Mbits/sec                  
[  5]   5.00-6.00   sec  0.00 Bytes  0.00 bits/sec                  
[  5]   6.00-7.00   sec  0.00 Bytes  0.00 bits/sec                  
[  5]   7.00-8.00   sec  0.00 Bytes  0.00 bits/sec                  
[  5]   8.00-9.00   sec  0.00 Bytes  0.00 bits/sec                  
[  5]   9.00-10.00  sec  0.00 Bytes  0.00 bits/sec                  
[  5]  10.00-11.00  sec   128 KBytes  1.05 Mbits/sec                  
[  5]  11.00-12.00  sec  0.00 Bytes  0.00 bits/sec                  
[  5]  12.00-13.00  sec  0.00 Bytes  0.00 bits/sec                  
[  5]  13.00-13.22  sec   128 KBytes  4.88 Mbits/sec                  
- - - - - - - - - - - - - - - - - - - - - - - - -
[ ID] Interval           Transfer     Bitrate
[  5]   0.00-13.22  sec   384 KBytes   238 Kbits/sec                  receiver
[  5]  11.00-12.00  sec  0.00 Bytes  0.00 bits/sec                  
[  5]  12.00-12.59  sec  0.00 Bytes  0.00 bits/sec                  
- - - - - - - - - - - - - - - - - - - - - - - - -
[ ID] Interval           Transfer     Bitrate
[  5]   0.00-12.59  sec   256 KBytes   167 Kbits/sec                  receiver
