-----------------------------------------------------------
-----------------------------------------------------------
-----------------------------------------------------------
-----------------------------------------------------------
-----------------------------------------------------------
-----------------------------------------------------------
-----------------------------------------------------------
-----------------------------------------------------------
-----------------------------------------------------------
-----------------------------------------------------------
-----------------------------------------------------------
Server listening on 5005 (test #1)
-----------------------------------------------------------
Accepted connection from 10.42.9.5, port 37344
[  5] local 10.42.5.3 port 5005 connected to 10.42.9.5 port 37352
[ ID] Interval           Transfer     Bitrate
[  5]   0.00-1.00   sec  0.00 Bytes  0.00 bits/sec                  
[  5]   1.00-2.00   sec  0.00 Bytes  0.00 bits/sec                  
[  5]   2.00-3.00   sec  0.00 Bytes  0.00 bits/sec                  
[  5]   3.00-4.00   sec  0.00 Bytes  0.00 bits/sec                  
[  5]   4.00-5.00   sec  0.00 Bytes  0.00 bits/sec                  
[  5]   5.00-6.00   sec  0.00 Bytes  0.00 bits/sec                  
[  5]   6.00-7.00   sec   128 KBytes  1.05 Mbits/sec                  
[  5]   7.00-8.00   sec  0.00 Bytes  0.00 bits/sec                  
[  5]   8.00-9.00   sec  0.00 Bytes  0.00 bits/sec                  
[  5]   9.00-10.00  sec  0.00 Bytes  0.00 bits/sec                  
[  5]  10.00-11.00  sec  0.00 Bytes  0.00 bits/sec                  
[  5]  11.00-12.00  sec  0.00 Bytes  0.00 bits/sec                  
Server listening on 5004 (test #1)
-----------------------------------------------------------
Accepted connection from 10.42.7.3, port 47858
[  5] local 10.42.5.3 port 5004 connected to 10.42.7.3 port 47866
[ ID] Interval           Transfer     Bitrate
[  5]   0.00-1.00   sec  0.00 Bytes  0.00 bits/sec                  
[  5]   1.00-2.00   sec  0.00 Bytes  0.00 bits/sec                  
[  5]   2.00-3.00   sec  0.00 Bytes  0.00 bits/sec                  
[  5]   3.00-4.00   sec  0.00 Bytes  0.00 bits/sec                  
[  5]   4.00-5.00   sec  0.00 Bytes  0.00 bits/sec                  
[  5]   5.00-6.00   sec   128 KBytes  1.05 Mbits/sec                  
[  5]   6.00-7.00   sec  0.00 Bytes  0.00 bits/sec                  
[  5]   7.00-8.00   sec  0.00 Bytes  0.00 bits/sec                  
[  5]   8.00-9.00   sec  0.00 Bytes  0.00 bits/sec                  
[  5]   9.00-10.00  sec  0.00 Bytes  0.00 bits/sec                  
[  5]  10.00-11.00  sec  0.00 Bytes  0.00 bits/sec                  
[  5]  11.00-12.00  sec  0.00 Bytes  0.00 bits/sec                  
Server listening on 5002 (test #1)
-----------------------------------------------------------
Accepted connection from 10.42.10.3, port 49382
[  5] local 10.42.5.3 port 5002 connected to 10.42.10.3 port 49384
[ ID] Interval           Transfer     Bitrate
[  5]   0.00-1.00   sec  0.00 Bytes  0.00 bits/sec                  
[  5]   1.00-2.00   sec  0.00 Bytes  0.00 bits/sec                  
[  5]   2.00-3.00   sec  0.00 Bytes  0.00 bits/sec                  
[  5]   3.00-4.00   sec  0.00 Bytes  0.00 bits/sec                  
[  5]   4.00-5.00   sec  0.00 Bytes  0.00 bits/sec                  
[  5]   5.00-6.00   sec  0.00 Bytes  0.00 bits/sec                  
[  5]   6.00-7.00   sec  0.00 Bytes  0.00 bits/sec                  
[  5]   7.00-8.00   sec  0.00 Bytes  0.00 bits/sec                  
[  5]   8.00-9.00   sec  0.00 Bytes  0.00 bits/sec                  
[  5]   9.00-10.00  sec  0.00 Bytes  0.00 bits/sec                  
[  5]  10.00-11.00  sec  0.00 Bytes  0.00 bits/sec                  
[  5]  11.00-12.00  sec  0.00 Bytes  0.00 bits/sec                  
Server listening on 5003 (test #1)
-----------------------------------------------------------
Accepted connection from 10.42.9.3, port 60002
[  5] local 10.42.5.3 port 5003 connected to 10.42.9.3 port 60006
[ ID] Interval           Transfer     Bitrate
[  5]   0.00-1.00   sec  0.00 Bytes  0.00 bits/sec                  
[  5]   1.00-2.00   sec  0.00 Bytes  0.00 bits/sec                  
[  5]   2.00-3.00   sec  0.00 Bytes  0.00 bits/sec                  
[  5]   3.00-4.00   sec  0.00 Bytes  0.00 bits/sec                  
[  5]   4.00-5.00   sec  0.00 Bytes  0.00 bits/sec                  
[  5]   5.00-6.00   sec  0.00 Bytes  0.00 bits/sec                  
[  5]   6.00-7.00   sec  0.00 Bytes  0.00 bits/sec                  
[  5]   7.00-8.00   sec  0.00 Bytes  0.00 bits/sec                  
[  5]   8.00-9.00   sec  0.00 Bytes  0.00 bits/sec                  
[  5]   9.00-10.00  sec  0.00 Bytes  0.00 bits/sec                  
[  5]  10.00-11.00  sec  0.00 Bytes  0.00 bits/sec                  
[  5]  11.00-12.00  sec  0.00 Bytes  0.00 bits/sec                  
-----------------------------------------------------------
-----------------------------------------------------------
-----------------------------------------------------------
-----------------------------------------------------------
-----------------------------------------------------------
-----------------------------------------------------------
-----------------------------------------------------------
-----------------------------------------------------------
-----------------------------------------------------------
-----------------------------------------------------------
-----------------------------------------------------------
Server listening on 5007 (test #1)
-----------------------------------------------------------
Accepted connection from 10.42.7.3, port 33908
[  5] local 10.42.5.3 port 5007 connected to 10.42.7.3 port 33916
[ ID] Interval           Transfer     Bitrate
[  5]   0.00-1.00   sec  0.00 Bytes  0.00 bits/sec                  
[  5]   1.00-2.00   sec  0.00 Bytes  0.00 bits/sec                  
[  5]   2.00-3.00   sec  0.00 Bytes  0.00 bits/sec                  
[  5]   3.00-4.00   sec   128 KBytes  1.05 Mbits/sec                  
[  5]   4.00-5.00   sec  0.00 Bytes  0.00 bits/sec                  
[  5]   5.00-6.00   sec  0.00 Bytes  0.00 bits/sec                  
[  5]   6.00-7.00   sec  0.00 Bytes  0.00 bits/sec                  
[  5]   7.00-8.00   sec  0.00 Bytes  0.00 bits/sec                  
[  5]   8.00-9.00   sec  0.00 Bytes  0.00 bits/sec                  
[  5]   9.00-10.00  sec  0.00 Bytes  0.00 bits/sec                  
[  5]  10.00-11.00  sec   128 KBytes  1.05 Mbits/sec                  
[  5]  11.00-12.00  sec  0.00 Bytes  0.00 bits/sec                  
Server listening on 5010 (test #1)
-----------------------------------------------------------
Accepted connection from 10.42.10.4, port 33368
[  5] local 10.42.5.3 port 5010 connected to 10.42.10.4 port 33380
[ ID] Interval           Transfer     Bitrate
[  5]   0.00-1.00   sec  0.00 Bytes  0.00 bits/sec                  
[  5]   1.00-2.00   sec  0.00 Bytes  0.00 bits/sec                  
[  5]   2.00-3.00   sec  0.00 Bytes  0.00 bits/sec                  
[  5]   3.00-4.00   sec  0.00 Bytes  0.00 bits/sec                  
[  5]   4.00-5.00   sec  0.00 Bytes  0.00 bits/sec                  
[  5]   5.00-6.00   sec  0.00 Bytes  0.00 bits/sec                  
[  5]   6.00-7.00   sec  0.00 Bytes  0.00 bits/sec                  
[  5]   7.00-8.00   sec   128 KBytes  1.05 Mbits/sec                  
[  5]   8.00-9.00   sec  0.00 Bytes  0.00 bits/sec                  
[  5]   9.00-10.00  sec  0.00 Bytes  0.00 bits/sec                  
[  5]  10.00-11.00  sec  0.00 Bytes  0.00 bits/sec                  
[  5]  11.00-12.00  sec  0.00 Bytes  0.00 bits/sec                  
Server listening on 5005 (test #1)
-----------------------------------------------------------
Accepted connection from 10.42.10.3, port 48114
[  5] local 10.42.5.3 port 5005 connected to 10.42.10.3 port 48116
[ ID] Interval           Transfer     Bitrate
[  5]   0.00-1.00   sec  0.00 Bytes  0.00 bits/sec                  
[  5]   1.00-2.00   sec  0.00 Bytes  0.00 bits/sec                  
[  5]   2.00-3.00   sec  0.00 Bytes  0.00 bits/sec                  
[  5]   3.00-4.00   sec  0.00 Bytes  0.00 bits/sec                  
[  5]   4.00-5.00   sec  0.00 Bytes  0.00 bits/sec                  
[  5]   5.00-6.00   sec  0.00 Bytes  0.00 bits/sec                  
[  5]   6.00-7.00   sec  0.00 Bytes  0.00 bits/sec                  
[  5]   7.00-8.00   sec   128 KBytes  1.05 Mbits/sec                  
[  5]   8.00-9.00   sec  0.00 Bytes  0.00 bits/sec                  
[  5]   9.00-10.00  sec  0.00 Bytes  0.00 bits/sec                  
[  5]  10.00-11.00  sec  0.00 Bytes  0.00 bits/sec                  
[  5]  11.00-12.00  sec  0.00 Bytes  0.00 bits/sec                  
[  5]  12.00-13.00  sec  0.00 Bytes  0.00 bits/sec                  
[  5]  13.00-14.00  sec  0.00 Bytes  0.00 bits/sec                  
[  5]  14.00-14.23  sec  0.00 Bytes  0.00 bits/sec                  
- - - - - - - - - - - - - - - - - - - - - - - - -
[ ID] Interval           Transfer     Bitrate
[  5]   0.00-14.23  sec   256 KBytes   147 Kbits/sec                  receiver
[  5]  12.00-13.00  sec  0.00 Bytes  0.00 bits/sec                  
[  5]  13.00-14.00  sec  0.00 Bytes  0.00 bits/sec                  
[  5]  14.00-14.92  sec  0.00 Bytes  0.00 bits/sec                  
- - - - - - - - - - - - - - - - - - - - - - - - -
[ ID] Interval           Transfer     Bitrate
[  5]   0.00-14.92  sec   128 KBytes  70.3 Kbits/sec                  receiver
[  5]  12.00-13.00  sec  0.00 Bytes  0.00 bits/sec                  
[  5]  13.00-14.00  sec  0.00 Bytes  0.00 bits/sec                  
[  5]  14.00-14.93  sec   128 KBytes  1.12 Mbits/sec                  
- - - - - - - - - - - - - - - - - - - - - - - - -
[ ID] Interval           Transfer     Bitrate
[  5]   0.00-14.93  sec   256 KBytes   140 Kbits/sec                  receiver
Server listening on 5009 (test #1)
-----------------------------------------------------------
Accepted connection from 10.42.9.6, port 36606
[  5] local 10.42.5.3 port 5009 connected to 10.42.9.6 port 36608
[ ID] Interval           Transfer     Bitrate
[  5]   0.00-1.00   sec  0.00 Bytes  0.00 bits/sec                  
[  5]   1.00-2.00   sec  0.00 Bytes  0.00 bits/sec                  
[  5]   2.00-3.00   sec  0.00 Bytes  0.00 bits/sec                  
[  5]   3.00-4.00   sec  0.00 Bytes  0.00 bits/sec                  
[  5]   4.00-5.00   sec  0.00 Bytes  0.00 bits/sec                  
[  5]   5.00-6.00   sec  0.00 Bytes  0.00 bits/sec                  
[  5]   6.00-7.00   sec  0.00 Bytes  0.00 bits/sec                  
[  5]   7.00-8.00   sec  0.00 Bytes  0.00 bits/sec                  
[  5]   8.00-9.00   sec  0.00 Bytes  0.00 bits/sec                  
[  5]   9.00-10.00  sec  0.00 Bytes  0.00 bits/sec                  
[  5]  10.00-11.00  sec   128 KBytes  1.05 Mbits/sec                  
[  5]  11.00-12.00  sec  0.00 Bytes  0.00 bits/sec                  
Server listening on 5008 (test #1)
-----------------------------------------------------------
Accepted connection from 10.42.9.5, port 49198
[  5] local 10.42.5.3 port 5008 connected to 10.42.9.5 port 49208
[ ID] Interval           Transfer     Bitrate
[  5]   0.00-1.00   sec  0.00 Bytes  0.00 bits/sec                  
[  5]   1.00-2.00   sec  0.00 Bytes  0.00 bits/sec                  
[  5]   2.00-3.00   sec  0.00 Bytes  0.00 bits/sec                  
[  5]   3.00-4.00   sec  0.00 Bytes  0.00 bits/sec                  
[  5]   4.00-5.00   sec  0.00 Bytes  0.00 bits/sec                  
[  5]   5.00-6.00   sec  0.00 Bytes  0.00 bits/sec                  
[  5]   6.00-7.00   sec  0.00 Bytes  0.00 bits/sec                  
[  5]   7.00-8.00   sec  0.00 Bytes  0.00 bits/sec                  
[  5]   8.00-9.00   sec  0.00 Bytes  0.00 bits/sec                  
[  5]   9.00-10.00  sec  0.00 Bytes  0.00 bits/sec                  
[  5]  10.00-11.00  sec   128 KBytes  1.05 Mbits/sec                  
[  5]  11.00-12.00  sec  0.00 Bytes  0.00 bits/sec                  
Server listening on 5006 (test #1)
-----------------------------------------------------------
Accepted connection from 10.42.9.3, port 38202
[  5] local 10.42.5.3 port 5006 connected to 10.42.9.3 port 38216
[ ID] Interval           Transfer     Bitrate
[  5]   0.00-1.00   sec  0.00 Bytes  0.00 bits/sec                  
[  5]   1.00-2.00   sec  0.00 Bytes  0.00 bits/sec                  
[  5]   2.00-3.00   sec  0.00 Bytes  0.00 bits/sec                  
[  5]   3.00-4.00   sec  0.00 Bytes  0.00 bits/sec                  
[  5]   4.00-5.00   sec  0.00 Bytes  0.00 bits/sec                  
[  5]   5.00-6.00   sec  0.00 Bytes  0.00 bits/sec                  
[  5]   6.00-7.00   sec  0.00 Bytes  0.00 bits/sec                  
[  5]   7.00-8.00   sec  0.00 Bytes  0.00 bits/sec                  
[  5]   8.00-9.00   sec  0.00 Bytes  0.00 bits/sec                  
[  5]   9.00-10.00  sec  0.00 Bytes  0.00 bits/sec                  
[  5]  10.00-11.00  sec  0.00 Bytes  0.00 bits/sec                  
[  5]  11.00-12.00  sec   128 KBytes  1.05 Mbits/sec                  
[  5]  12.00-13.00  sec  0.00 Bytes  0.00 bits/sec                  
[  5]  13.00-13.34  sec  0.00 Bytes  0.00 bits/sec                  
- - - - - - - - - - - - - - - - - - - - - - - - -
[ ID] Interval           Transfer     Bitrate
[  5]   0.00-13.34  sec   128 KBytes  78.6 Kbits/sec                  receiver
[  5]  12.00-13.00  sec  0.00 Bytes  0.00 bits/sec                  
[  5]  13.00-13.69  sec  0.00 Bytes  0.00 bits/sec                  
- - - - - - - - - - - - - - - - - - - - - - - - -
[ ID] Interval           Transfer     Bitrate
[  5]   0.00-13.69  sec   128 KBytes  76.6 Kbits/sec                  receiver
[  5]  12.00-13.00  sec  0.00 Bytes  0.00 bits/sec                  
[  5]  13.00-13.74  sec  0.00 Bytes  0.00 bits/sec                  
- - - - - - - - - - - - - - - - - - - - - - - - -
[ ID] Interval           Transfer     Bitrate
[  5]   0.00-13.74  sec   128 KBytes  76.3 Kbits/sec                  receiver
-----------------------------------------------------------
-----------------------------------------------------------
-----------------------------------------------------------
-----------------------------------------------------------
-----------------------------------------------------------
-----------------------------------------------------------
-----------------------------------------------------------
-----------------------------------------------------------
-----------------------------------------------------------
-----------------------------------------------------------
-----------------------------------------------------------
