-----------------------------------------------------------
-----------------------------------------------------------
-----------------------------------------------------------
-----------------------------------------------------------
-----------------------------------------------------------
-----------------------------------------------------------
-----------------------------------------------------------
-----------------------------------------------------------
-----------------------------------------------------------
-----------------------------------------------------------
-----------------------------------------------------------
Server listening on 5002 (test #1)
-----------------------------------------------------------
Accepted connection from 10.42.3.3, port 42430
[  5] local 10.42.7.5 port 5002 connected to 10.42.3.3 port 42434
[ ID] Interval           Transfer     Bitrate
[  5]   0.00-1.00   sec   128 KBytes  1.05 Mbits/sec                  
[  5]   1.00-2.00   sec   128 KBytes  1.05 Mbits/sec                  
[  5]   2.00-3.00   sec   128 KBytes  1.05 Mbits/sec                  
[  5]   3.00-4.00   sec  0.00 Bytes  0.00 bits/sec                  
[  5]   4.00-5.00   sec   128 KBytes  1.05 Mbits/sec                  
[  5]   5.00-6.00   sec   128 KBytes  1.05 Mbits/sec                  
[  5]   6.00-7.00   sec   128 KBytes  1.05 Mbits/sec                  
[  5]   7.00-8.00   sec   128 KBytes  1.05 Mbits/sec                  
[  5]   8.00-9.00   sec   128 KBytes  1.05 Mbits/sec                  
[  5]   9.00-10.00  sec   128 KBytes  1.05 Mbits/sec                  
[  5]  10.00-10.34  sec   128 KBytes  3.10 Mbits/sec                  
- - - - - - - - - - - - - - - - - - - - - - - - -
[ ID] Interval           Transfer     Bitrate
[  5]   0.00-10.34  sec  1.25 MBytes  1.01 Mbits/sec                  receiver
Server listening on 5003 (test #1)
-----------------------------------------------------------
Accepted connection from 10.42.5.7, port 59140
[  5] local 10.42.7.5 port 5003 connected to 10.42.5.7 port 59154
[ ID] Interval           Transfer     Bitrate
[  5]   0.00-1.00   sec   128 KBytes  1.05 Mbits/sec                  
[  5]   1.00-2.00   sec  0.00 Bytes  0.00 bits/sec                  
[  5]   2.00-3.00   sec   128 KBytes  1.05 Mbits/sec                  
[  5]   3.00-4.00   sec  0.00 Bytes  0.00 bits/sec                  
[  5]   4.00-5.00   sec   128 KBytes  1.05 Mbits/sec                  
[  5]   5.00-6.00   sec  0.00 Bytes  0.00 bits/sec                  
[  5]   6.00-7.00   sec   128 KBytes  1.05 Mbits/sec                  
[  5]   7.00-8.00   sec   128 KBytes  1.05 Mbits/sec                  
[  5]   8.00-9.00   sec  0.00 Bytes  0.00 bits/sec                  
[  5]   9.00-10.00  sec   128 KBytes  1.05 Mbits/sec                  
[  5]  10.00-11.00  sec   128 KBytes  1.05 Mbits/sec                  
-----------------------------------------------------------
Server listening on 5002 (test #2)
-----------------------------------------------------------
Accepted connection from 10.42.3.4, port 54778
[  5] local 10.42.7.5 port 5002 connected to 10.42.3.4 port 54790
[ ID] Interval           Transfer     Bitrate
[  5]   0.00-1.00   sec  0.00 Bytes  0.00 bits/sec                  
[  5]   1.00-2.00   sec   128 KBytes  1.05 Mbits/sec                  
[  5]   2.00-3.00   sec  0.00 Bytes  0.00 bits/sec                  
[  5]   3.00-4.00   sec   128 KBytes  1.05 Mbits/sec                  
[  5]   4.00-5.00   sec  0.00 Bytes  0.00 bits/sec                  
[  5]   5.00-6.00   sec   128 KBytes  1.05 Mbits/sec                  
[  5]   6.00-7.00   sec  0.00 Bytes  0.00 bits/sec                  
[  5]   7.00-8.00   sec   128 KBytes  1.05 Mbits/sec                  
[  5]   8.00-9.00   sec  0.00 Bytes  0.00 bits/sec                  
[  5]   9.00-10.00  sec   128 KBytes  1.05 Mbits/sec                  
[  5]  10.00-11.00  sec  0.00 Bytes  0.00 bits/sec                  
[  5]  11.00-12.00  sec  0.00 Bytes  0.00 bits/sec                  
[  5]  12.00-13.00  sec   128 KBytes  1.05 Mbits/sec                  
- - - - - - - - - - - - - - - - - - - - - - - - -
[ ID] Interval           Transfer     Bitrate
[  5]   0.00-13.07  sec  1.00 MBytes   642 Kbits/sec                  receiver
[  5]  11.00-12.00  sec   128 KBytes  1.05 Mbits/sec                  
[  5]  12.00-13.00  sec  0.00 Bytes  0.00 bits/sec                  
[  5]  13.00-13.55  sec  0.00 Bytes  0.00 bits/sec                  
- - - - - - - - - - - - - - - - - - - - - - - - -
[ ID] Interval           Transfer     Bitrate
[  5]   0.00-13.55  sec   768 KBytes   464 Kbits/sec                  receiver
-----------------------------------------------------------
Server listening on 5003 (test #2)
-----------------------------------------------------------
Accepted connection from 10.42.9.3, port 60698
[  5] local 10.42.7.5 port 5003 connected to 10.42.9.3 port 60702
[ ID] Interval           Transfer     Bitrate
[  5]   0.00-1.00   sec  0.00 Bytes  0.00 bits/sec                  
[  5]   1.00-2.00   sec   128 KBytes  1.05 Mbits/sec                  
[  5]   2.00-3.00   sec   128 KBytes  1.05 Mbits/sec                  
[  5]   3.00-4.00   sec   128 KBytes  1.05 Mbits/sec                  
[  5]   4.00-5.00   sec  0.00 Bytes  0.00 bits/sec                  
[  5]   5.00-6.00   sec   128 KBytes  1.05 Mbits/sec                  
[  5]   6.00-7.00   sec  0.00 Bytes  0.00 bits/sec                  
[  5]   7.00-8.00   sec   128 KBytes  1.05 Mbits/sec                  
[  5]   8.00-9.00   sec   128 KBytes  1.05 Mbits/sec                  
[  5]   9.00-10.00  sec   128 KBytes  1.05 Mbits/sec                  
[  5]  10.00-11.00  sec  0.00 Bytes  0.00 bits/sec                  
-----------------------------------------------------------
Server listening on 5002 (test #3)
-----------------------------------------------------------
Accepted connection from 10.42.5.7, port 47592
[  5] local 10.42.7.5 port 5002 connected to 10.42.5.7 port 47600
[ ID] Interval           Transfer     Bitrate
[  5]   0.00-1.00   sec  0.00 Bytes  0.00 bits/sec                  
[  5]   1.00-2.00   sec   128 KBytes  1.05 Mbits/sec                  
[  5]   2.00-3.00   sec  0.00 Bytes  0.00 bits/sec                  
[  5]   3.00-4.00   sec   128 KBytes  1.05 Mbits/sec                  
[  5]   4.00-5.00   sec  0.00 Bytes  0.00 bits/sec                  
[  5]   5.00-6.00   sec  0.00 Bytes  0.00 bits/sec                  
[  5]   6.00-7.00   sec   128 KBytes  1.05 Mbits/sec                  
[  5]   7.00-8.00   sec  0.00 Bytes  0.00 bits/sec                  
[  5]   8.00-9.00   sec   128 KBytes  1.05 Mbits/sec                  
[  5]   9.00-10.00  sec  0.00 Bytes  0.00 bits/sec                  
[  5]  10.00-11.00  sec   128 KBytes  1.05 Mbits/sec                  
[  5]  11.00-12.00  sec   128 KBytes  1.05 Mbits/sec                  
[  5]  12.00-12.61  sec  0.00 Bytes  0.00 bits/sec                  
- - - - - - - - - - - - - - - - - - - - - - - - -
[ ID] Interval           Transfer     Bitrate
[  5]   0.00-12.61  sec  1.00 MBytes   665 Kbits/sec                  receiver
[  5]  11.00-12.00  sec   128 KBytes  1.05 Mbits/sec                  
[  5]  12.00-12.40  sec  0.00 Bytes  0.00 bits/sec                  
- - - - - - - - - - - - - - - - - - - - - - - - -
[ ID] Interval           Transfer     Bitrate
[  5]   0.00-12.40  sec   768 KBytes   507 Kbits/sec                  receiver
Server listening on 5004 (test #1)
-----------------------------------------------------------
Accepted connection from 10.42.3.4, port 44184
[  5] local 10.42.7.5 port 5004 connected to 10.42.3.4 port 54444
[ ID] Interval           Transfer     Bitrate
[  5]   0.00-1.00   sec   128 KBytes  1.05 Mbits/sec                  
[  5]   1.00-2.00   sec   128 KBytes  1.05 Mbits/sec                  
[  5]   2.00-3.00   sec   128 KBytes  1.05 Mbits/sec                  
[  5]   3.00-4.00   sec  0.00 Bytes  0.00 bits/sec                  
[  5]   4.00-5.00   sec   128 KBytes  1.05 Mbits/sec                  
[  5]   5.00-6.00   sec   128 KBytes  1.05 Mbits/sec                  
[  5]   6.00-7.00   sec   128 KBytes  1.05 Mbits/sec                  
[  5]   7.00-8.00   sec   128 KBytes  1.05 Mbits/sec                  
[  5]   8.00-9.00   sec   128 KBytes  1.05 Mbits/sec                  
[  5]   9.00-10.00  sec   128 KBytes  1.05 Mbits/sec                  
[  5]  10.00-10.32  sec   128 KBytes  3.24 Mbits/sec                  
- - - - - - - - - - - - - - - - - - - - - - - - -
[ ID] Interval           Transfer     Bitrate
[  5]   0.00-10.32  sec  1.25 MBytes  1.02 Mbits/sec                  receiver
-----------------------------------------------------------
Server listening on 5002 (test #4)
-----------------------------------------------------------
Accepted connection from 10.42.9.3, port 42494
[  5] local 10.42.7.5 port 5002 connected to 10.42.9.3 port 55672
[ ID] Interval           Transfer     Bitrate
[  5]   0.00-1.00   sec  0.00 Bytes  0.00 bits/sec                  
[  5]   1.00-2.00   sec  0.00 Bytes  0.00 bits/sec                  
[  5]   2.00-3.00   sec  0.00 Bytes  0.00 bits/sec                  
[  5]   3.00-4.00   sec   128 KBytes  1.05 Mbits/sec                  
[  5]   4.00-5.00   sec  0.00 Bytes  0.00 bits/sec                  
[  5]   5.00-6.00   sec   128 KBytes  1.05 Mbits/sec                  
[  5]   6.00-7.00   sec  0.00 Bytes  0.00 bits/sec                  
[  5]   7.00-8.00   sec   128 KBytes  1.05 Mbits/sec                  
[  5]   8.00-9.00   sec  0.00 Bytes  0.00 bits/sec                  
[  5]   9.00-10.00  sec  0.00 Bytes  0.00 bits/sec                  
[  5]  10.00-11.00  sec   128 KBytes  1.05 Mbits/sec                  
-----------------------------------------------------------
Server listening on 5003 (test #3)
-----------------------------------------------------------
Accepted connection from 10.42.5.7, port 38502
[  5] local 10.42.7.5 port 5003 connected to 10.42.5.7 port 38518
[ ID] Interval           Transfer     Bitrate
[  5]   0.00-1.00   sec   128 KBytes  1.05 Mbits/sec                  
[  5]   1.00-2.00   sec  0.00 Bytes  0.00 bits/sec                  
[  5]   2.00-3.00   sec   128 KBytes  1.05 Mbits/sec                  
[  5]   3.00-4.00   sec  0.00 Bytes  0.00 bits/sec                  
[  5]   4.00-5.00   sec   128 KBytes  1.05 Mbits/sec                  
[  5]   5.00-6.00   sec   128 KBytes  1.05 Mbits/sec                  
[  5]   6.00-7.00   sec  0.00 Bytes  0.00 bits/sec                  
[  5]   7.00-8.00   sec   128 KBytes  1.05 Mbits/sec                  
[  5]   8.00-9.00   sec   128 KBytes  1.05 Mbits/sec                  
[  5]   9.00-10.00  sec   128 KBytes  1.05 Mbits/sec                  
[  5]  10.00-11.00  sec   128 KBytes  1.05 Mbits/sec                  
[  5]  11.00-12.00  sec  0.00 Bytes  0.00 bits/sec                  
[  5]  12.00-12.63  sec   128 KBytes  1.66 Mbits/sec                  
- - - - - - - - - - - - - - - - - - - - - - - - -
[ ID] Interval           Transfer     Bitrate
[  5]   0.00-12.63  sec  1.12 MBytes   747 Kbits/sec                  receiver
[  5]  11.00-12.00  sec  0.00 Bytes  0.00 bits/sec                  
[  5]  12.00-13.00  sec  0.00 Bytes  0.00 bits/sec                  
- - - - - - - - - - - - - - - - - - - - - - - - -
[ ID] Interval           Transfer     Bitrate
[  5]   0.00-13.05  sec   512 KBytes   321 Kbits/sec                  receiver
-----------------------------------------------------------
Server listening on 5004 (test #2)
-----------------------------------------------------------
Accepted connection from 10.42.3.4, port 34122
[  5] local 10.42.7.5 port 5004 connected to 10.42.3.4 port 34126
[ ID] Interval           Transfer     Bitrate
[  5]   0.00-1.00   sec   128 KBytes  1.05 Mbits/sec                  
[  5]   1.00-2.00   sec   128 KBytes  1.05 Mbits/sec                  
[  5]   2.00-3.00   sec   128 KBytes  1.05 Mbits/sec                  
[  5]   3.00-4.00   sec  0.00 Bytes  0.00 bits/sec                  
[  5]   4.00-5.00   sec   128 KBytes  1.05 Mbits/sec                  
[  5]   5.00-6.00   sec   128 KBytes  1.05 Mbits/sec                  
[  5]   6.00-7.00   sec   128 KBytes  1.05 Mbits/sec                  
[  5]   7.00-8.00   sec   128 KBytes  1.05 Mbits/sec                  
[  5]   8.00-9.00   sec   128 KBytes  1.05 Mbits/sec                  
[  5]   9.00-10.00  sec   128 KBytes  1.05 Mbits/sec                  
[  5]  10.00-10.32  sec   128 KBytes  3.24 Mbits/sec                  
- - - - - - - - - - - - - - - - - - - - - - - - -
[ ID] Interval           Transfer     Bitrate
[  5]   0.00-10.32  sec  1.25 MBytes  1.02 Mbits/sec                  receiver
-----------------------------------------------------------
Server listening on 5002 (test #5)
-----------------------------------------------------------
Accepted connection from 10.42.9.3, port 37088
[  5] local 10.42.7.5 port 5002 connected to 10.42.9.3 port 37104
[ ID] Interval           Transfer     Bitrate
[  5]   0.00-1.00   sec  0.00 Bytes  0.00 bits/sec                  
[  5]   1.00-2.00   sec   128 KBytes  1.05 Mbits/sec                  
[  5]   2.00-3.00   sec   128 KBytes  1.05 Mbits/sec                  
[  5]   3.00-4.00   sec   128 KBytes  1.05 Mbits/sec                  
[  5]   4.00-5.00   sec   128 KBytes  1.05 Mbits/sec                  
[  5]   5.00-6.00   sec  0.00 Bytes  0.00 bits/sec                  
[  5]   6.00-7.00   sec   128 KBytes  1.05 Mbits/sec                  
[  5]   7.00-8.00   sec   128 KBytes  1.05 Mbits/sec                  
[  5]   8.00-9.00   sec   128 KBytes  1.05 Mbits/sec                  
[  5]   9.00-10.00  sec   128 KBytes  1.05 Mbits/sec                  
[  5]  10.00-11.00  sec  0.00 Bytes  0.00 bits/sec                  
-----------------------------------------------------------
Server listening on 5003 (test #4)
-----------------------------------------------------------
Accepted connection from 10.42.5.7, port 48980
[  5] local 10.42.7.5 port 5003 connected to 10.42.5.7 port 48996
[ ID] Interval           Transfer     Bitrate
[  5]   0.00-1.00   sec  0.00 Bytes  0.00 bits/sec                  
[  5]   1.00-2.00   sec   128 KBytes  1.05 Mbits/sec                  
[  5]   2.00-3.00   sec  0.00 Bytes  0.00 bits/sec                  
[  5]   3.00-4.00   sec  0.00 Bytes  0.00 bits/sec                  
[  5]   4.00-5.00   sec   128 KBytes  1.05 Mbits/sec                  
[  5]   5.00-6.00   sec  0.00 Bytes  0.00 bits/sec                  
[  5]   6.00-7.00   sec  0.00 Bytes  0.00 bits/sec                  
[  5]   7.00-8.00   sec   128 KBytes  1.05 Mbits/sec                  
[  5]   8.00-9.00   sec  0.00 Bytes  0.00 bits/sec                  
[  5]   9.00-10.00  sec   128 KBytes  1.05 Mbits/sec                  
[  5]  10.00-11.00  sec   128 KBytes  1.05 Mbits/sec                  
[  5]  11.00-12.00  sec   128 KBytes  1.05 Mbits/sec                  
[  5]  12.00-12.49  sec  0.00 Bytes  0.00 bits/sec                  
- - - - - - - - - - - - - - - - - - - - - - - - -
[ ID] Interval           Transfer     Bitrate
[  5]   0.00-12.49  sec  1.12 MBytes   756 Kbits/sec                  receiver
[  5]  11.00-11.66  sec   128 KBytes  1.59 Mbits/sec                  
- - - - - - - - - - - - - - - - - - - - - - - - -
[ ID] Interval           Transfer     Bitrate
[  5]   0.00-11.66  sec   768 KBytes   540 Kbits/sec                  receiver
-----------------------------------------------------------
Server listening on 5002 (test #6)
-----------------------------------------------------------
Accepted connection from 10.42.5.7, port 57332
[  5] local 10.42.7.5 port 5002 connected to 10.42.5.7 port 57346
[ ID] Interval           Transfer     Bitrate
[  5]   0.00-1.00   sec   128 KBytes  1.05 Mbits/sec                  
[  5]   1.00-2.00   sec   128 KBytes  1.05 Mbits/sec                  
[  5]   2.00-3.00   sec  0.00 Bytes  0.00 bits/sec                  
[  5]   3.00-4.00   sec   128 KBytes  1.05 Mbits/sec                  
[  5]   4.00-5.00   sec   128 KBytes  1.05 Mbits/sec                  
[  5]   5.00-6.00   sec  0.00 Bytes  0.00 bits/sec                  
[  5]   6.00-7.00   sec   128 KBytes  1.05 Mbits/sec                  
[  5]   7.00-8.00   sec   128 KBytes  1.05 Mbits/sec                  
[  5]   8.00-9.00   sec   128 KBytes  1.05 Mbits/sec                  
[  5]   9.00-10.00  sec  0.00 Bytes  0.00 bits/sec                  
[  5]  10.00-11.00  sec   128 KBytes  1.05 Mbits/sec                  
[  5]  11.00-12.00  sec   128 KBytes  1.05 Mbits/sec                  
- - - - - - - - - - - - - - - - - - - - - - - - -
[ ID] Interval           Transfer     Bitrate
[  5]   0.00-12.09  sec  1.12 MBytes   780 Kbits/sec                  receiver
-----------------------------------------------------------
Server listening on 5003 (test #5)
-----------------------------------------------------------
Accepted connection from 10.42.9.3, port 32844
[  5] local 10.42.7.5 port 5003 connected to 10.42.9.3 port 32846
[ ID] Interval           Transfer     Bitrate
[  5]   0.00-1.00   sec  0.00 Bytes  0.00 bits/sec                  
[  5]   1.00-2.00   sec   128 KBytes  1.05 Mbits/sec                  
[  5]   2.00-3.00   sec  0.00 Bytes  0.00 bits/sec                  
[  5]   3.00-4.00   sec   128 KBytes  1.05 Mbits/sec                  
[  5]   4.00-5.00   sec  0.00 Bytes  0.00 bits/sec                  
[  5]   5.00-6.00   sec  0.00 Bytes  0.00 bits/sec                  
[  5]   6.00-7.00   sec   128 KBytes  1.05 Mbits/sec                  
[  5]   7.00-8.00   sec  0.00 Bytes  0.00 bits/sec                  
[  5]   8.00-9.00   sec  0.00 Bytes  0.00 bits/sec                  
[  5]   9.00-10.00  sec   128 KBytes  1.05 Mbits/sec                  
[  5]  10.00-10.47  sec  0.00 Bytes  0.00 bits/sec                  
- - - - - - - - - - - - - - - - - - - - - - - - -
[ ID] Interval           Transfer     Bitrate
[  5]   0.00-10.47  sec   512 KBytes   400 Kbits/sec                  receiver
-----------------------------------------------------------
Server listening on 5002 (test #7)
-----------------------------------------------------------
Accepted connection from 10.42.5.7, port 35752
[  5] local 10.42.7.5 port 5002 connected to 10.42.5.7 port 35764
[ ID] Interval           Transfer     Bitrate
[  5]   0.00-1.00   sec   128 KBytes  1.05 Mbits/sec                  
[  5]   1.00-2.00   sec   128 KBytes  1.05 Mbits/sec                  
[  5]   2.00-3.00   sec   128 KBytes  1.05 Mbits/sec                  
[  5]   3.00-4.00   sec  0.00 Bytes  0.00 bits/sec                  
[  5]   4.00-5.00   sec   128 KBytes  1.05 Mbits/sec                  
[  5]   5.00-6.00   sec   128 KBytes  1.05 Mbits/sec                  
[  5]   6.00-7.00   sec   128 KBytes  1.05 Mbits/sec                  
[  5]   7.00-8.00   sec   128 KBytes  1.05 Mbits/sec                  
[  5]   8.00-9.00   sec   128 KBytes  1.05 Mbits/sec                  
[  5]   9.00-10.00  sec   128 KBytes  1.05 Mbits/sec                  
[  5]  10.00-10.32  sec   128 KBytes  3.24 Mbits/sec                  
- - - - - - - - - - - - - - - - - - - - - - - - -
[ ID] Interval           Transfer     Bitrate
[  5]   0.00-10.32  sec  1.25 MBytes  1.02 Mbits/sec                  receiver
-----------------------------------------------------------
Server listening on 5003 (test #6)
-----------------------------------------------------------
Accepted connection from 10.42.9.3, port 50508
[  5] local 10.42.7.5 port 5003 connected to 10.42.9.3 port 56432
[ ID] Interval           Transfer     Bitrate
[  5]   0.00-1.00   sec  0.00 Bytes  0.00 bits/sec                  
[  5]   1.00-2.00   sec  0.00 Bytes  0.00 bits/sec                  
[  5]   2.00-3.00   sec  0.00 Bytes  0.00 bits/sec                  
[  5]   3.00-4.00   sec   128 KBytes  1.05 Mbits/sec                  
[  5]   4.00-5.00   sec   128 KBytes  1.05 Mbits/sec                  
[  5]   5.00-6.00   sec   128 KBytes  1.05 Mbits/sec                  
[  5]   6.00-7.00   sec   256 KBytes  2.10 Mbits/sec                  
[  5]   7.00-8.00   sec   128 KBytes  1.05 Mbits/sec                  
[  5]   8.00-9.00   sec   128 KBytes  1.05 Mbits/sec                  
[  5]   9.00-10.00  sec   128 KBytes  1.05 Mbits/sec                  
[  5]  10.00-11.00  sec   128 KBytes  1.05 Mbits/sec                  
[  5]  11.00-11.77  sec   128 KBytes  1.37 Mbits/sec                  
- - - - - - - - - - - - - - - - - - - - - - - - -
[ ID] Interval           Transfer     Bitrate
[  5]   0.00-11.77  sec  1.25 MBytes   891 Kbits/sec                  receiver
-----------------------------------------------------------
Server listening on 5002 (test #8)
-----------------------------------------------------------
Accepted connection from 10.42.5.7, port 60714
[  5] local 10.42.7.5 port 5002 connected to 10.42.5.7 port 60720
[ ID] Interval           Transfer     Bitrate
[  5]   0.00-1.00   sec   128 KBytes  1.05 Mbits/sec                  
[  5]   1.00-2.00   sec   128 KBytes  1.05 Mbits/sec                  
[  5]   2.00-3.00   sec   128 KBytes  1.05 Mbits/sec                  
[  5]   3.00-4.00   sec  0.00 Bytes  0.00 bits/sec                  
[  5]   4.00-5.00   sec   128 KBytes  1.05 Mbits/sec                  
[  5]   5.00-6.00   sec   128 KBytes  1.05 Mbits/sec                  
[  5]   6.00-7.00   sec   128 KBytes  1.05 Mbits/sec                  
[  5]   7.00-8.00   sec   128 KBytes  1.05 Mbits/sec                  
[  5]   8.00-9.00   sec   128 KBytes  1.05 Mbits/sec                  
[  5]   9.00-10.00  sec   128 KBytes  1.05 Mbits/sec                  
[  5]  10.00-10.32  sec   128 KBytes  3.25 Mbits/sec                  
- - - - - - - - - - - - - - - - - - - - - - - - -
[ ID] Interval           Transfer     Bitrate
[  5]   0.00-10.32  sec  1.25 MBytes  1.02 Mbits/sec                  receiver
-----------------------------------------------------------
Server listening on 5002 (test #9)
-----------------------------------------------------------
Accepted connection from 10.42.9.3, port 54604
[  5] local 10.42.7.5 port 5002 connected to 10.42.9.3 port 36824
[ ID] Interval           Transfer     Bitrate
[  5]   0.00-1.00   sec  0.00 Bytes  0.00 bits/sec                  
[  5]   1.00-2.00   sec   128 KBytes  1.05 Mbits/sec                  
[  5]   2.00-3.00   sec   128 KBytes  1.05 Mbits/sec                  
[  5]   3.00-4.00   sec   128 KBytes  1.05 Mbits/sec                  
[  5]   4.00-5.00   sec   128 KBytes  1.05 Mbits/sec                  
[  5]   5.00-6.00   sec   128 KBytes  1.05 Mbits/sec                  
[  5]   6.00-7.00   sec  0.00 Bytes  0.00 bits/sec                  
[  5]   7.00-8.00   sec   128 KBytes  1.05 Mbits/sec                  
[  5]   8.00-9.00   sec  0.00 Bytes  0.00 bits/sec                  
[  5]   9.00-10.00  sec   128 KBytes  1.05 Mbits/sec                  
[  5]  10.00-11.00  sec   128 KBytes  1.05 Mbits/sec                  
