-----------------------------------------------------------
-----------------------------------------------------------
-----------------------------------------------------------
-----------------------------------------------------------
-----------------------------------------------------------
-----------------------------------------------------------
-----------------------------------------------------------
-----------------------------------------------------------
-----------------------------------------------------------
-----------------------------------------------------------
-----------------------------------------------------------
Server listening on 5003 (test #1)
-----------------------------------------------------------
Accepted connection from 10.42.1.4, port 58340
[  5] local 10.42.8.6 port 5003 connected to 10.42.1.4 port 58342
[ ID] Interval           Transfer     Bitrate
[  5]   0.00-1.00   sec  0.00 Bytes  0.00 bits/sec                  
[  5]   1.00-2.00   sec  0.00 Bytes  0.00 bits/sec                  
[  5]   2.00-3.00   sec  0.00 Bytes  0.00 bits/sec                  
[  5]   3.00-4.00   sec  0.00 Bytes  0.00 bits/sec                  
[  5]   4.00-5.00   sec   128 KBytes  1.05 Mbits/sec                  
[  5]   5.00-6.00   sec  0.00 Bytes  0.00 bits/sec                  
[  5]   6.00-7.00   sec  0.00 Bytes  0.00 bits/sec                  
[  5]   7.00-8.00   sec   128 KBytes  1.05 Mbits/sec                  
[  5]   8.00-9.00   sec  0.00 Bytes  0.00 bits/sec                  
[  5]   9.00-10.00  sec  0.00 Bytes  0.00 bits/sec                  
[  5]  10.00-11.00  sec  0.00 Bytes  0.00 bits/sec                  
[  5]  11.00-11.99  sec   128 KBytes  1.06 Mbits/sec                  
Server listening on 5004 (test #1)
-----------------------------------------------------------
Accepted connection from 10.42.3.3, port 58998
[  5] local 10.42.8.6 port 5004 connected to 10.42.3.3 port 59002
[ ID] Interval           Transfer     Bitrate
[  5]   0.00-1.00   sec  0.00 Bytes  0.00 bits/sec                  
[  5]   1.00-2.00   sec  0.00 Bytes  0.00 bits/sec                  
[  5]   2.00-3.00   sec  0.00 Bytes  0.00 bits/sec                  
[  5]   3.00-4.00   sec  0.00 Bytes  0.00 bits/sec                  
[  5]   4.00-5.00   sec  0.00 Bytes  0.00 bits/sec                  
[  5]   5.00-6.00   sec   128 KBytes  1.05 Mbits/sec                  
[  5]   6.00-7.00   sec  0.00 Bytes  0.00 bits/sec                  
[  5]   7.00-8.00   sec  0.00 Bytes  0.00 bits/sec                  
[  5]   8.00-9.00   sec  0.00 Bytes  0.00 bits/sec                  
[  5]   9.00-10.00  sec  0.00 Bytes  0.00 bits/sec                  
[  5]  10.00-11.00  sec  0.00 Bytes  0.00 bits/sec                  
[  5]  11.00-12.00  sec   128 KBytes  1.05 Mbits/sec                  
- - - - - - - - - - - - - - - - - - - - - - - - -
[ ID] Interval           Transfer     Bitrate
[  5]   0.00-11.99  sec   384 KBytes   262 Kbits/sec                  receiver
[  5]  12.00-12.29  sec  0.00 Bytes  0.00 bits/sec                  
- - - - - - - - - - - - - - - - - - - - - - - - -
[ ID] Interval           Transfer     Bitrate
[  5]   0.00-12.29  sec   256 KBytes   171 Kbits/sec                  receiver
Server listening on 5005 (test #1)
-----------------------------------------------------------
Accepted connection from 10.42.8.5, port 46030
[  5] local 10.42.8.6 port 5005 connected to 10.42.8.5 port 46046
[ ID] Interval           Transfer     Bitrate
[  5]   0.00-1.00   sec   128 KBytes  1.05 Mbits/sec                  
[  5]   1.00-2.00   sec  0.00 Bytes  0.00 bits/sec                  
[  5]   2.00-3.00   sec  0.00 Bytes  0.00 bits/sec                  
[  5]   3.00-4.00   sec   128 KBytes  1.05 Mbits/sec                  
[  5]   4.00-5.00   sec  0.00 Bytes  0.00 bits/sec                  
[  5]   5.00-6.00   sec  0.00 Bytes  0.00 bits/sec                  
[  5]   6.00-7.00   sec   128 KBytes  1.05 Mbits/sec                  
[  5]   7.00-8.00   sec  0.00 Bytes  0.00 bits/sec                  
[  5]   8.00-9.00   sec  0.00 Bytes  0.00 bits/sec                  
[  5]   9.00-10.00  sec  0.00 Bytes  0.00 bits/sec                  
- - - - - - - - - - - - - - - - - - - - - - - - -
[ ID] Interval           Transfer     Bitrate
[  5]   0.00-10.00  sec   384 KBytes   315 Kbits/sec                  receiver
Server listening on 5002 (test #1)
-----------------------------------------------------------
Accepted connection from 10.42.3.3, port 55694
[  5] local 10.42.8.6 port 5002 connected to 10.42.3.3 port 55710
[ ID] Interval           Transfer     Bitrate
[  5]   0.00-1.00   sec  0.00 Bytes  0.00 bits/sec                  
[  5]   1.00-2.00   sec  0.00 Bytes  0.00 bits/sec                  
[  5]   2.00-3.00   sec   128 KBytes  1.05 Mbits/sec                  
[  5]   3.00-4.00   sec  0.00 Bytes  0.00 bits/sec                  
[  5]   4.00-5.00   sec  0.00 Bytes  0.00 bits/sec                  
[  5]   5.00-6.00   sec  0.00 Bytes  0.00 bits/sec                  
[  5]   6.00-7.00   sec  0.00 Bytes  0.00 bits/sec                  
[  5]   7.00-8.00   sec  0.00 Bytes  0.00 bits/sec                  
[  5]   8.00-9.00   sec  0.00 Bytes  0.00 bits/sec                  
[  5]   9.00-10.00  sec   128 KBytes  1.05 Mbits/sec                  
[  5]  10.00-11.00  sec  0.00 Bytes  0.00 bits/sec                  
[  5]  11.00-12.00  sec  0.00 Bytes  0.00 bits/sec                  
-----------------------------------------------------------
Server listening on 5003 (test #2)
-----------------------------------------------------------
Accepted connection from 10.42.1.4, port 40010
[  5] local 10.42.8.6 port 5003 connected to 10.42.1.4 port 40022
[ ID] Interval           Transfer     Bitrate
[  5]   0.00-1.00   sec  0.00 Bytes  0.00 bits/sec                  
[  5]   1.00-2.00   sec  0.00 Bytes  0.00 bits/sec                  
[  5]   2.00-3.00   sec  0.00 Bytes  0.00 bits/sec                  
[  5]   3.00-4.00   sec   128 KBytes  1.05 Mbits/sec                  
[  5]   4.00-5.00   sec  0.00 Bytes  0.00 bits/sec                  
[  5]   5.00-6.00   sec  0.00 Bytes  0.00 bits/sec                  
[  5]   6.00-7.00   sec  0.00 Bytes  0.00 bits/sec                  
[  5]   7.00-8.00   sec   128 KBytes  1.05 Mbits/sec                  
[  5]   8.00-9.00   sec  0.00 Bytes  0.00 bits/sec                  
[  5]   9.00-10.00  sec  0.00 Bytes  0.00 bits/sec                  
[  5]  10.00-11.00  sec   128 KBytes  1.05 Mbits/sec                  
[  5]  11.00-11.55  sec  0.00 Bytes  0.00 bits/sec                  
- - - - - - - - - - - - - - - - - - - - - - - - -
[ ID] Interval           Transfer     Bitrate
[  5]   0.00-11.55  sec   384 KBytes   272 Kbits/sec                  receiver
-----------------------------------------------------------
Server listening on 5004 (test #2)
-----------------------------------------------------------
Accepted connection from 10.42.8.5, port 54552
[  5] local 10.42.8.6 port 5004 connected to 10.42.8.5 port 54568
[ ID] Interval           Transfer     Bitrate
[  5]   0.00-1.00   sec   128 KBytes  1.05 Mbits/sec                  
[  5]   1.00-2.00   sec  0.00 Bytes  0.00 bits/sec                  
[  5]   2.00-3.00   sec  0.00 Bytes  0.00 bits/sec                  
[  5]   3.00-4.00   sec   128 KBytes  1.05 Mbits/sec                  
[  5]   4.00-5.00   sec  0.00 Bytes  0.00 bits/sec                  
[  5]   5.00-6.00   sec  0.00 Bytes  0.00 bits/sec                  
[  5]   6.00-7.00   sec   128 KBytes  1.05 Mbits/sec                  
[  5]   7.00-8.00   sec  0.00 Bytes  0.00 bits/sec                  
[  5]   8.00-9.00   sec  0.00 Bytes  0.00 bits/sec                  
[  5]   9.00-10.00  sec  0.00 Bytes  0.00 bits/sec                  
- - - - - - - - - - - - - - - - - - - - - - - - -
[ ID] Interval           Transfer     Bitrate
[  5]   0.00-10.00  sec   384 KBytes   315 Kbits/sec                  receiver
[  5]  12.00-13.00  sec  0.00 Bytes  0.00 bits/sec                  
[  5]  13.00-13.88  sec  0.00 Bytes  0.00 bits/sec                  
- - - - - - - - - - - - - - - - - - - - - - - - -
[ ID] Interval           Transfer     Bitrate
[  5]   0.00-13.88  sec   256 KBytes   151 Kbits/sec                  receiver
-----------------------------------------------------------
Server listening on 5002 (test #2)
-----------------------------------------------------------
Accepted connection from 10.42.1.4, port 59576
[  5] local 10.42.8.6 port 5002 connected to 10.42.1.4 port 34712
[ ID] Interval           Transfer     Bitrate
[  5]   0.00-1.00   sec  0.00 Bytes  0.00 bits/sec                  
[  5]   1.00-2.00   sec  0.00 Bytes  0.00 bits/sec                  
[  5]   2.00-3.00   sec   128 KBytes  1.05 Mbits/sec                  
[  5]   3.00-4.00   sec  0.00 Bytes  0.00 bits/sec                  
[  5]   4.00-5.00   sec  0.00 Bytes  0.00 bits/sec                  
[  5]   5.00-6.00   sec  0.00 Bytes  0.00 bits/sec                  
[  5]   6.00-7.00   sec  0.00 Bytes  0.00 bits/sec                  
[  5]   7.00-8.00   sec   128 KBytes  1.05 Mbits/sec                  
[  5]   8.00-9.00   sec  0.00 Bytes  0.00 bits/sec                  
[  5]   9.00-10.00  sec  0.00 Bytes  0.00 bits/sec                  
[  5]  10.00-11.00  sec   128 KBytes  1.05 Mbits/sec                  
-----------------------------------------------------------
Server listening on 5004 (test #3)
-----------------------------------------------------------
Accepted connection from 10.42.8.5, port 36264
[  5] local 10.42.8.6 port 5004 connected to 10.42.8.5 port 36272
[ ID] Interval           Transfer     Bitrate
[  5]   0.00-1.00   sec   128 KBytes  1.05 Mbits/sec                  
[  5]   1.00-2.00   sec  0.00 Bytes  0.00 bits/sec                  
[  5]   2.00-3.00   sec  0.00 Bytes  0.00 bits/sec                  
[  5]   3.00-4.00   sec   128 KBytes  1.05 Mbits/sec                  
[  5]   4.00-5.00   sec  0.00 Bytes  0.00 bits/sec                  
[  5]   5.00-6.00   sec  0.00 Bytes  0.00 bits/sec                  
[  5]   6.00-7.00   sec   128 KBytes  1.05 Mbits/sec                  
[  5]   7.00-8.00   sec  0.00 Bytes  0.00 bits/sec                  
[  5]   8.00-9.00   sec  0.00 Bytes  0.00 bits/sec                  
[  5]   9.00-10.00  sec  0.00 Bytes  0.00 bits/sec                  
- - - - - - - - - - - - - - - - - - - - - - - - -
[ ID] Interval           Transfer     Bitrate
[  5]   0.00-10.00  sec   384 KBytes   315 Kbits/sec                  receiver
[  5]  11.00-11.61  sec  0.00 Bytes  0.00 bits/sec                  
- - - - - - - - - - - - - - - - - - - - - - - - -
[ ID] Interval           Transfer     Bitrate
[  5]   0.00-11.61  sec   384 KBytes   271 Kbits/sec                  receiver
-----------------------------------------------------------
Server listening on 5003 (test #3)
-----------------------------------------------------------
Accepted connection from 10.42.3.3, port 42506
[  5] local 10.42.8.6 port 5003 connected to 10.42.3.3 port 42516
[ ID] Interval           Transfer     Bitrate
[  5]   0.00-1.00   sec  0.00 Bytes  0.00 bits/sec                  
[  5]   1.00-2.00   sec  0.00 Bytes  0.00 bits/sec                  
[  5]   2.00-3.00   sec  0.00 Bytes  0.00 bits/sec                  
[  5]   3.00-4.00   sec  0.00 Bytes  0.00 bits/sec                  
[  5]   4.00-5.00   sec  0.00 Bytes  0.00 bits/sec                  
[  5]   5.00-6.00   sec  0.00 Bytes  0.00 bits/sec                  
[  5]   6.00-7.00   sec   128 KBytes  1.05 Mbits/sec                  
[  5]   7.00-8.00   sec  0.00 Bytes  0.00 bits/sec                  
[  5]   8.00-9.00   sec  0.00 Bytes  0.00 bits/sec                  
[  5]   9.00-10.00  sec   128 KBytes  1.05 Mbits/sec                  
[  5]  10.00-11.00  sec  0.00 Bytes  0.00 bits/sec                  
[  5]  11.00-11.63  sec   128 KBytes  1.66 Mbits/sec                  
- - - - - - - - - - - - - - - - - - - - - - - - -
[ ID] Interval           Transfer     Bitrate
[  5]   0.00-11.63  sec   384 KBytes   270 Kbits/sec                  receiver
-----------------------------------------------------------
Server listening on 5003 (test #4)
-----------------------------------------------------------
Accepted connection from 10.42.8.5, port 32938
[  5] local 10.42.8.6 port 5003 connected to 10.42.8.5 port 32946
[ ID] Interval           Transfer     Bitrate
[  5]   0.00-1.00   sec   128 KBytes  1.05 Mbits/sec                  
[  5]   1.00-2.00   sec  0.00 Bytes  0.00 bits/sec                  
[  5]   2.00-3.00   sec  0.00 Bytes  0.00 bits/sec                  
[  5]   3.00-4.00   sec   128 KBytes  1.05 Mbits/sec                  
[  5]   4.00-5.00   sec  0.00 Bytes  0.00 bits/sec                  
[  5]   5.00-6.00   sec  0.00 Bytes  0.00 bits/sec                  
[  5]   6.00-7.00   sec   128 KBytes  1.05 Mbits/sec                  
[  5]   7.00-8.00   sec  0.00 Bytes  0.00 bits/sec                  
[  5]   8.00-9.00   sec  0.00 Bytes  0.00 bits/sec                  
[  5]   9.00-10.00  sec  0.00 Bytes  0.00 bits/sec                  
- - - - - - - - - - - - - - - - - - - - - - - - -
[ ID] Interval           Transfer     Bitrate
[  5]   0.00-10.00  sec   384 KBytes   315 Kbits/sec                  receiver
-----------------------------------------------------------
Server listening on 5002 (test #3)
-----------------------------------------------------------
Accepted connection from 10.42.3.3, port 35348
[  5] local 10.42.8.6 port 5002 connected to 10.42.3.3 port 35362
[ ID] Interval           Transfer     Bitrate
[  5]   0.00-1.00   sec  0.00 Bytes  0.00 bits/sec                  
[  5]   1.00-2.00   sec  0.00 Bytes  0.00 bits/sec                  
[  5]   2.00-3.00   sec  0.00 Bytes  0.00 bits/sec                  
[  5]   3.00-4.00   sec   128 KBytes  1.05 Mbits/sec                  
[  5]   4.00-5.00   sec  0.00 Bytes  0.00 bits/sec                  
[  5]   5.00-6.00   sec  0.00 Bytes  0.00 bits/sec                  
[  5]   6.00-7.00   sec  0.00 Bytes  0.00 bits/sec                  
[  5]   7.00-8.00   sec  0.00 Bytes  0.00 bits/sec                  
[  5]   8.00-9.00   sec   128 KBytes  1.05 Mbits/sec                  
[  5]   9.00-10.00  sec  0.00 Bytes  0.00 bits/sec                  
[  5]  10.00-11.00  sec  0.00 Bytes  0.00 bits/sec                  
-----------------------------------------------------------
Server listening on 5004 (test #4)
-----------------------------------------------------------
Accepted connection from 10.42.1.4, port 47826
[  5] local 10.42.8.6 port 5004 connected to 10.42.1.4 port 47836
[ ID] Interval           Transfer     Bitrate
[  5]   0.00-1.00   sec  0.00 Bytes  0.00 bits/sec                  
[  5]   1.00-2.00   sec  0.00 Bytes  0.00 bits/sec                  
[  5]   2.00-3.00   sec  0.00 Bytes  0.00 bits/sec                  
[  5]   3.00-4.00   sec  0.00 Bytes  0.00 bits/sec                  
[  5]   4.00-5.00   sec   128 KBytes  1.05 Mbits/sec                  
[  5]   5.00-6.00   sec  0.00 Bytes  0.00 bits/sec                  
[  5]   6.00-7.00   sec  0.00 Bytes  0.00 bits/sec                  
[  5]   7.00-8.00   sec  0.00 Bytes  0.00 bits/sec                  
[  5]   8.00-9.00   sec   128 KBytes  1.05 Mbits/sec                  
[  5]   9.00-10.00  sec  0.00 Bytes  0.00 bits/sec                  
[  5]  10.00-11.00  sec  0.00 Bytes  0.00 bits/sec                  
[  5]  11.00-12.00  sec  0.00 Bytes  0.00 bits/sec                  
[  5]  12.00-13.00  sec   128 KBytes  1.05 Mbits/sec                  
- - - - - - - - - - - - - - - - - - - - - - - - -
[ ID] Interval           Transfer     Bitrate
[  5]   0.00-13.00  sec   384 KBytes   242 Kbits/sec                  receiver
[  5]  11.00-12.00  sec  0.00 Bytes  0.00 bits/sec                  
[  5]  12.00-13.00  sec  0.00 Bytes  0.00 bits/sec                  
[  5]  13.00-14.00  sec  0.00 Bytes  0.00 bits/sec                  
[  5]  14.00-14.57  sec   128 KBytes  1.85 Mbits/sec                  
- - - - - - - - - - - - - - - - - - - - - - - - -
[ ID] Interval           Transfer     Bitrate
[  5]   0.00-14.57  sec   384 KBytes   216 Kbits/sec                  receiver
-----------------------------------------------------------
Server listening on 5002 (test #4)
-----------------------------------------------------------
Accepted connection from 10.42.3.3, port 55878
[  5] local 10.42.8.6 port 5002 connected to 10.42.3.3 port 55894
[ ID] Interval           Transfer     Bitrate
[  5]   0.00-1.00   sec  0.00 Bytes  0.00 bits/sec                  
[  5]   1.00-2.00   sec  0.00 Bytes  0.00 bits/sec                  
[  5]   2.00-3.00   sec   128 KBytes  1.05 Mbits/sec                  
[  5]   3.00-4.00   sec  0.00 Bytes  0.00 bits/sec                  
[  5]   4.00-5.00   sec  0.00 Bytes  0.00 bits/sec                  
[  5]   5.00-6.00   sec  0.00 Bytes  0.00 bits/sec                  
[  5]   6.00-7.00   sec   128 KBytes  1.05 Mbits/sec                  
[  5]   7.00-8.00   sec  0.00 Bytes  0.00 bits/sec                  
[  5]   8.00-9.00   sec  0.00 Bytes  0.00 bits/sec                  
[  5]   9.00-10.00  sec  0.00 Bytes  0.00 bits/sec                  
[  5]  10.00-11.00  sec  0.00 Bytes  0.00 bits/sec                  
[  5]  11.00-11.38  sec   128 KBytes  2.78 Mbits/sec                  
- - - - - - - - - - - - - - - - - - - - - - - - -
[ ID] Interval           Transfer     Bitrate
[  5]   0.00-11.38  sec   384 KBytes   276 Kbits/sec                  receiver
-----------------------------------------------------------
Server listening on 5003 (test #5)
-----------------------------------------------------------
Accepted connection from 10.42.8.5, port 39628
[  5] local 10.42.8.6 port 5003 connected to 10.42.8.5 port 39630
[ ID] Interval           Transfer     Bitrate
[  5]   0.00-1.00   sec   128 KBytes  1.05 Mbits/sec                  
[  5]   1.00-2.00   sec  0.00 Bytes  0.00 bits/sec                  
[  5]   2.00-3.00   sec  0.00 Bytes  0.00 bits/sec                  
[  5]   3.00-4.00   sec   128 KBytes  1.05 Mbits/sec                  
[  5]   4.00-5.00   sec  0.00 Bytes  0.00 bits/sec                  
[  5]   5.00-6.00   sec  0.00 Bytes  0.00 bits/sec                  
[  5]   6.00-7.00   sec   128 KBytes  1.05 Mbits/sec                  
[  5]   7.00-8.00   sec  0.00 Bytes  0.00 bits/sec                  
[  5]   8.00-9.00   sec  0.00 Bytes  0.00 bits/sec                  
[  5]   9.00-10.00  sec  0.00 Bytes  0.00 bits/sec                  
- - - - - - - - - - - - - - - - - - - - - - - - -
[ ID] Interval           Transfer     Bitrate
[  5]   0.00-10.00  sec   384 KBytes   315 Kbits/sec                  receiver
-----------------------------------------------------------
Server listening on 5004 (test #5)
-----------------------------------------------------------
Accepted connection from 10.42.1.4, port 42718
[  5] local 10.42.8.6 port 5004 connected to 10.42.1.4 port 42724
[ ID] Interval           Transfer     Bitrate
[  5]   0.00-1.00   sec  0.00 Bytes  0.00 bits/sec                  
[  5]   1.00-2.00   sec  0.00 Bytes  0.00 bits/sec                  
[  5]   2.00-3.00   sec  0.00 Bytes  0.00 bits/sec                  
[  5]   3.00-4.00   sec  0.00 Bytes  0.00 bits/sec                  
[  5]   4.00-5.00   sec   128 KBytes  1.05 Mbits/sec                  
[  5]   5.00-6.00   sec  0.00 Bytes  0.00 bits/sec                  
[  5]   6.00-7.00   sec   128 KBytes  1.05 Mbits/sec                  
[  5]   7.00-8.00   sec  0.00 Bytes  0.00 bits/sec                  
[  5]   8.00-9.00   sec  0.00 Bytes  0.00 bits/sec                  
[  5]   9.00-10.00  sec   128 KBytes  1.05 Mbits/sec                  
[  5]  10.00-10.22  sec  0.00 Bytes  0.00 bits/sec                  
- - - - - - - - - - - - - - - - - - - - - - - - -
[ ID] Interval           Transfer     Bitrate
[  5]   0.00-10.22  sec   384 KBytes   308 Kbits/sec                  receiver
-----------------------------------------------------------
Server listening on 5002 (test #5)
-----------------------------------------------------------
Accepted connection from 10.42.8.5, port 37044
[  5] local 10.42.8.6 port 5002 connected to 10.42.8.5 port 38016
[ ID] Interval           Transfer     Bitrate
[  5]   0.00-1.00   sec   128 KBytes  1.05 Mbits/sec                  
[  5]   1.00-2.00   sec  0.00 Bytes  0.00 bits/sec                  
[  5]   2.00-3.00   sec  0.00 Bytes  0.00 bits/sec                  
[  5]   3.00-4.00   sec   128 KBytes  1.05 Mbits/sec                  
[  5]   4.00-5.00   sec  0.00 Bytes  0.00 bits/sec                  
[  5]   5.00-6.00   sec  0.00 Bytes  0.00 bits/sec                  
[  5]   6.00-7.00   sec   128 KBytes  1.05 Mbits/sec                  
[  5]   7.00-8.00   sec  0.00 Bytes  0.00 bits/sec                  
[  5]   8.00-9.00   sec  0.00 Bytes  0.00 bits/sec                  
[  5]   9.00-10.00  sec  0.00 Bytes  0.00 bits/sec                  
- - - - - - - - - - - - - - - - - - - - - - - - -
[ ID] Interval           Transfer     Bitrate
[  5]   0.00-10.00  sec   384 KBytes   315 Kbits/sec                  receiver
-----------------------------------------------------------
Server listening on 5003 (test #6)
-----------------------------------------------------------
Accepted connection from 10.42.3.3, port 52358
[  5] local 10.42.8.6 port 5003 connected to 10.42.3.3 port 52362
[ ID] Interval           Transfer     Bitrate
[  5]   0.00-1.00   sec  0.00 Bytes  0.00 bits/sec                  
[  5]   1.00-2.00   sec  0.00 Bytes  0.00 bits/sec                  
[  5]   2.00-3.00   sec   128 KBytes  1.05 Mbits/sec                  
[  5]   3.00-4.00   sec  0.00 Bytes  0.00 bits/sec                  
[  5]   4.00-5.00   sec  0.00 Bytes  0.00 bits/sec                  
[  5]   5.00-6.00   sec  0.00 Bytes  0.00 bits/sec                  
[  5]   6.00-7.00   sec  0.00 Bytes  0.00 bits/sec                  
[  5]   7.00-8.00   sec   128 KBytes  1.05 Mbits/sec                  
[  5]   8.00-9.00   sec  0.00 Bytes  0.00 bits/sec                  
[  5]   9.00-10.00  sec  0.00 Bytes  0.00 bits/sec                  
[  5]  10.00-11.00  sec  0.00 Bytes  0.00 bits/sec                  
