-----------------------------------------------------------
-----------------------------------------------------------
-----------------------------------------------------------
-----------------------------------------------------------
-----------------------------------------------------------
-----------------------------------------------------------
-----------------------------------------------------------
-----------------------------------------------------------
-----------------------------------------------------------
-----------------------------------------------------------
-----------------------------------------------------------
Server listening on 5008 (test #1)
-----------------------------------------------------------
Accepted connection from 10.42.9.3, port 37470
[  5] local 10.42.7.7 port 5008 connected to 10.42.9.3 port 37484
[ ID] Interval           Transfer     Bitrate
[  5]   0.00-1.00   sec  21.5 KBytes   176 Kbits/sec                  
[  5]   1.00-2.00   sec  25.1 KBytes   206 Kbits/sec                  
[  5]   2.00-3.00   sec  24.1 KBytes   197 Kbits/sec                  
[  5]   3.00-4.00   sec  24.7 KBytes   202 Kbits/sec                  
[  5]   4.00-5.00   sec  23.9 KBytes   196 Kbits/sec                  
[  5]   5.00-6.00   sec  25.1 KBytes   206 Kbits/sec                  
[  5]   6.00-7.00   sec  23.9 KBytes   196 Kbits/sec                  
[  5]   7.00-7.08   sec  1.99 KBytes   211 Kbits/sec                  
- - - - - - - - - - - - - - - - - - - - - - - - -
[ ID] Interval           Transfer     Bitrate
[  5]   0.00-7.08   sec   170 KBytes   197 Kbits/sec                  receiver
Server listening on 5003 (test #1)
-----------------------------------------------------------
Accepted connection from 10.42.9.5, port 52420
[  5] local 10.42.7.7 port 5003 connected to 10.42.9.5 port 52432
[ ID] Interval           Transfer     Bitrate
[  5]   0.00-1.00   sec  21.1 KBytes   173 Kbits/sec                  
[  5]   1.00-2.00   sec  25.1 KBytes   206 Kbits/sec                  
[  5]   2.00-3.00   sec  24.9 KBytes   204 Kbits/sec                  
[  5]   3.00-4.00   sec  23.9 KBytes   196 Kbits/sec                  
[  5]   4.00-5.00   sec  23.9 KBytes   196 Kbits/sec                  
[  5]   5.00-6.00   sec  25.1 KBytes   205 Kbits/sec                  
[  5]   6.00-7.00   sec  24.7 KBytes   203 Kbits/sec                  
[  5]   7.00-7.07   sec  1.99 KBytes   220 Kbits/sec                  
- - - - - - - - - - - - - - - - - - - - - - - - -
[ ID] Interval           Transfer     Bitrate
[  5]   0.00-7.07   sec   171 KBytes   198 Kbits/sec                  receiver
Server listening on 5002 (test #1)
-----------------------------------------------------------
Accepted connection from 10.42.7.5, port 39048
[  5] local 10.42.7.7 port 5002 connected to 10.42.7.5 port 39058
[ ID] Interval           Transfer     Bitrate
[  5]   0.00-1.00   sec  24.5 KBytes   201 Kbits/sec                  
[  5]   1.00-2.00   sec  24.3 KBytes   199 Kbits/sec                  
[  5]   2.00-3.00   sec  24.5 KBytes   201 Kbits/sec                  
[  5]   3.00-4.00   sec  24.5 KBytes   201 Kbits/sec                  
[  5]   4.00-5.00   sec  24.3 KBytes   199 Kbits/sec                  
[  5]   5.00-6.00   sec  24.5 KBytes   201 Kbits/sec                  
[  5]   6.00-7.00   sec  24.3 KBytes   199 Kbits/sec                  
- - - - - - - - - - - - - - - - - - - - - - - - -
[ ID] Interval           Transfer     Bitrate
[  5]   0.00-7.00   sec   171 KBytes   200 Kbits/sec                  receiver
Server listening on 5006 (test #1)
-----------------------------------------------------------
Accepted connection from 10.42.6.5, port 56650
[  5] local 10.42.7.7 port 5006 connected to 10.42.6.5 port 56656
[ ID] Interval           Transfer     Bitrate
[  5]   0.00-1.00   sec   204 Bytes  1.63 Kbits/sec                  
[  5]   1.00-2.00   sec  0.00 Bytes  0.00 bits/sec                  
[  5]   2.00-3.00   sec  0.00 Bytes  0.00 bits/sec                  
[  5]   3.00-4.00   sec  0.00 Bytes  0.00 bits/sec                  
[  5]   4.00-5.00   sec  0.00 Bytes  0.00 bits/sec                  
[  5]   5.00-6.00   sec  0.00 Bytes  0.00 bits/sec                  
[  5]   6.00-7.00   sec  0.00 Bytes  0.00 bits/sec                  
[  5]   7.00-8.00   sec  0.00 Bytes  0.00 bits/sec                  
[  5]   8.00-9.00   sec  0.00 Bytes  0.00 bits/sec                  
[  5]   9.00-10.00  sec  0.00 Bytes  0.00 bits/sec                  
[  5]  10.00-11.00  sec  0.00 Bytes  0.00 bits/sec                  
[  5]  11.00-12.00  sec  0.00 Bytes  0.00 bits/sec                  
