-----------------------------------------------------------
-----------------------------------------------------------
-----------------------------------------------------------
-----------------------------------------------------------
-----------------------------------------------------------
-----------------------------------------------------------
-----------------------------------------------------------
-----------------------------------------------------------
-----------------------------------------------------------
-----------------------------------------------------------
-----------------------------------------------------------
Server listening on 5003 (test #1)
-----------------------------------------------------------
Accepted connection from 10.42.3.3, port 38926
[  5] local 10.42.5.3 port 5003 connected to 10.42.3.3 port 38930
[ ID] Interval           Transfer     Bitrate
[  5]   0.00-1.00   sec   128 KBytes  1.05 Mbits/sec                  
[  5]   1.00-2.00   sec   128 KBytes  1.05 Mbits/sec                  
[  5]   2.00-3.00   sec   128 KBytes  1.05 Mbits/sec                  
[  5]   3.00-4.00   sec  0.00 Bytes  0.00 bits/sec                  
[  5]   4.00-5.00   sec   128 KBytes  1.05 Mbits/sec                  
[  5]   5.00-6.00   sec   128 KBytes  1.05 Mbits/sec                  
[  5]   6.00-7.00   sec   128 KBytes  1.05 Mbits/sec                  
[  5]   7.00-8.00   sec   128 KBytes  1.05 Mbits/sec                  
[  5]   8.00-9.00   sec   128 KBytes  1.05 Mbits/sec                  
[  5]   9.00-10.00  sec   128 KBytes  1.05 Mbits/sec                  
[  5]  10.00-10.50  sec   128 KBytes  2.10 Mbits/sec                  
- - - - - - - - - - - - - - - - - - - - - - - - -
[ ID] Interval           Transfer     Bitrate
[  5]   0.00-10.50  sec  1.25 MBytes   999 Kbits/sec                  receiver
Server listening on 5006 (test #1)
-----------------------------------------------------------
Accepted connection from 10.42.0.14, port 50186
[  5] local 10.42.5.3 port 5006 connected to 10.42.0.14 port 50192
[ ID] Interval           Transfer     Bitrate
[  5]   0.00-1.00   sec  0.00 Bytes  0.00 bits/sec                  
[  5]   1.00-2.00   sec  0.00 Bytes  0.00 bits/sec                  
[  5]   2.00-3.00   sec  0.00 Bytes  0.00 bits/sec                  
[  5]   3.00-4.00   sec  0.00 Bytes  0.00 bits/sec                  
[  5]   4.00-5.00   sec  0.00 Bytes  0.00 bits/sec                  
[  5]   5.00-6.00   sec  0.00 Bytes  0.00 bits/sec                  
[  5]   6.00-7.00   sec   128 KBytes  1.05 Mbits/sec                  
[  5]   7.00-8.00   sec  0.00 Bytes  0.00 bits/sec                  
[  5]   8.00-9.00   sec  0.00 Bytes  0.00 bits/sec                  
[  5]   9.00-10.00  sec  0.00 Bytes  0.00 bits/sec                  
[  5]  10.00-11.00  sec  0.00 Bytes  0.00 bits/sec                  
[  5]  11.00-12.00  sec  0.00 Bytes  0.00 bits/sec                  
[  5]  12.00-13.00  sec  0.00 Bytes  0.00 bits/sec                  
[  5]  13.00-14.00  sec  0.00 Bytes  0.00 bits/sec                  
[  5]  14.00-15.00  sec  0.00 Bytes  0.00 bits/sec                  
[  5]  15.00-16.00  sec  0.00 Bytes  0.00 bits/sec                  
[  5]  16.00-17.00  sec  0.00 Bytes  0.00 bits/sec                  
[  5]  17.00-18.00  sec  0.00 Bytes  0.00 bits/sec                  
[  5]  18.00-19.00  sec  0.00 Bytes  0.00 bits/sec                  
[  5]  19.00-20.00  sec  0.00 Bytes  0.00 bits/sec                  
[  5]  20.00-21.00  sec  0.00 Bytes  0.00 bits/sec                  
[  5]  21.00-22.00  sec  0.00 Bytes  0.00 bits/sec                  
[  5]  22.00-23.00  sec  0.00 Bytes  0.00 bits/sec                  
[  5]  23.00-24.00  sec  0.00 Bytes  0.00 bits/sec                  
[  5]  24.00-25.00  sec  0.00 Bytes  0.00 bits/sec                  
[  5]  25.00-26.00  sec  0.00 Bytes  0.00 bits/sec                  
[  5]  26.00-27.00  sec  0.00 Bytes  0.00 bits/sec                  
Server listening on 5002 (test #1)
-----------------------------------------------------------
Accepted connection from 10.42.3.3, port 49220
[  5] local 10.42.5.3 port 5002 connected to 10.42.3.3 port 49226
[ ID] Interval           Transfer     Bitrate
[  5]   0.00-1.00   sec   128 KBytes  1.05 Mbits/sec                  
[  5]   1.00-2.00   sec   128 KBytes  1.05 Mbits/sec                  
[  5]   2.00-3.00   sec   128 KBytes  1.05 Mbits/sec                  
[  5]   3.00-4.00   sec  0.00 Bytes  0.00 bits/sec                  
[  5]   4.00-5.00   sec   128 KBytes  1.05 Mbits/sec                  
[  5]   5.00-6.00   sec   128 KBytes  1.05 Mbits/sec                  
[  5]   6.00-7.00   sec   128 KBytes  1.05 Mbits/sec                  
[  5]   7.00-8.00   sec   128 KBytes  1.05 Mbits/sec                  
[  5]   8.00-9.00   sec   128 KBytes  1.05 Mbits/sec                  
[  5]   9.00-10.00  sec   128 KBytes  1.05 Mbits/sec                  
[  5]  10.00-10.32  sec   128 KBytes  3.25 Mbits/sec                  
- - - - - - - - - - - - - - - - - - - - - - - - -
[ ID] Interval           Transfer     Bitrate
[  5]   0.00-10.32  sec  1.25 MBytes  1.02 Mbits/sec                  receiver
[  5]  27.00-28.00  sec  0.00 Bytes  0.00 bits/sec                  
[  5]  28.00-29.00  sec  0.00 Bytes  0.00 bits/sec                  
[  5]  29.00-30.00  sec  0.00 Bytes  0.00 bits/sec                  
[  5]  30.00-31.00  sec  0.00 Bytes  0.00 bits/sec                  
[  5]  31.00-32.00  sec  0.00 Bytes  0.00 bits/sec                  
[  5]  32.00-33.00  sec  0.00 Bytes  0.00 bits/sec                  
[  5]  33.00-34.00  sec  0.00 Bytes  0.00 bits/sec                  
[  5]  34.00-35.00  sec  0.00 Bytes  0.00 bits/sec                  
[  5]  35.00-36.00  sec  0.00 Bytes  0.00 bits/sec                  
[  5]  36.00-37.00  sec  0.00 Bytes  0.00 bits/sec                  
[  5]  37.00-38.00  sec  0.00 Bytes  0.00 bits/sec                  
[  5]  38.00-39.00  sec  0.00 Bytes  0.00 bits/sec                  
[  5]  39.00-40.00  sec  0.00 Bytes  0.00 bits/sec                  
[  5]  40.00-41.00  sec  0.00 Bytes  0.00 bits/sec                  
[  5]  41.00-42.00  sec  0.00 Bytes  0.00 bits/sec                  
[  5]  42.00-43.00  sec  0.00 Bytes  0.00 bits/sec                  
[  5]  43.00-44.00  sec  0.00 Bytes  0.00 bits/sec                  
[  5]  44.00-45.00  sec  0.00 Bytes  0.00 bits/sec                  
[  5]  45.00-46.00  sec  0.00 Bytes  0.00 bits/sec                  
[  5]  46.00-47.00  sec  0.00 Bytes  0.00 bits/sec                  
[  5]  47.00-48.00  sec  0.00 Bytes  0.00 bits/sec                  
[  5]  48.00-49.00  sec  0.00 Bytes  0.00 bits/sec                  
Server listening on 5007 (test #1)
-----------------------------------------------------------
Accepted connection from 10.42.0.14, port 52192
[  5] local 10.42.5.3 port 5007 connected to 10.42.0.14 port 52206
[ ID] Interval           Transfer     Bitrate
[  5]   0.00-1.00   sec  0.00 Bytes  0.00 bits/sec                  
[  5]   1.00-2.00   sec  0.00 Bytes  0.00 bits/sec                  
[  5]   2.00-3.00   sec  0.00 Bytes  0.00 bits/sec                  
[  5]   3.00-4.00   sec  0.00 Bytes  0.00 bits/sec                  
[  5]   4.00-5.00   sec  0.00 Bytes  0.00 bits/sec                  
[  5]   5.00-6.00   sec  0.00 Bytes  0.00 bits/sec                  
[  5]   6.00-7.00   sec  0.00 Bytes  0.00 bits/sec                  
[  5]   7.00-8.00   sec  0.00 Bytes  0.00 bits/sec                  
[  5]   8.00-9.00   sec  0.00 Bytes  0.00 bits/sec                  
[  5]   9.00-10.00  sec  0.00 Bytes  0.00 bits/sec                  
[  5]  10.00-11.01  sec   128 KBytes  1.04 Mbits/sec                  
[  5]  11.01-11.19  sec  0.00 Bytes  0.00 bits/sec                  
-----------------------------------------------------------
Server listening on 5002 (test #2)
-----------------------------------------------------------
Accepted connection from 10.42.3.3, port 34594
[  5] local 10.42.5.3 port 5002 connected to 10.42.3.3 port 34596
[ ID] Interval           Transfer     Bitrate
[  5]   0.00-1.00   sec   128 KBytes  1.05 Mbits/sec                  
[  5]   1.00-2.00   sec   128 KBytes  1.05 Mbits/sec                  
[  5]   2.00-3.00   sec   128 KBytes  1.05 Mbits/sec                  
[  5]   3.00-4.00   sec  0.00 Bytes  0.00 bits/sec                  
[  5]   4.00-5.00   sec   128 KBytes  1.05 Mbits/sec                  
[  5]   5.00-6.00   sec   128 KBytes  1.05 Mbits/sec                  
[  5]   6.00-7.00   sec   128 KBytes  1.05 Mbits/sec                  
[  5]   7.00-8.00   sec   128 KBytes  1.05 Mbits/sec                  
[  5]   8.00-9.00   sec   128 KBytes  1.05 Mbits/sec                  
[  5]   9.00-10.00  sec   128 KBytes  1.05 Mbits/sec                  
[  5]  10.00-10.51  sec   128 KBytes  2.04 Mbits/sec                  
- - - - - - - - - - - - - - - - - - - - - - - - -
[ ID] Interval           Transfer     Bitrate
[  5]   0.00-10.51  sec  1.25 MBytes   997 Kbits/sec                  receiver
- - - - - - - - - - - - - - - - - - - - - - - - -
[ ID] Interval           Transfer     Bitrate
[  5]   0.00-11.19  sec   128 KBytes  93.7 Kbits/sec                  receiver
-----------------------------------------------------------
Server listening on 5002 (test #3)
-----------------------------------------------------------
Accepted connection from 10.42.3.3, port 43312
[  5] local 10.42.5.3 port 5002 connected to 10.42.3.3 port 43328
[ ID] Interval           Transfer     Bitrate
[  5]   0.00-1.00   sec   128 KBytes  1.05 Mbits/sec                  
[  5]   1.00-2.00   sec   128 KBytes  1.05 Mbits/sec                  
[  5]   2.00-3.00   sec  0.00 Bytes  0.00 bits/sec                  
[  5]   3.00-4.00   sec   128 KBytes  1.05 Mbits/sec                  
[  5]   4.00-5.00   sec   128 KBytes  1.05 Mbits/sec                  
[  5]   5.00-6.00   sec   128 KBytes  1.05 Mbits/sec                  
[  5]   6.00-7.00   sec   128 KBytes  1.05 Mbits/sec                  
[  5]   7.00-8.00   sec   128 KBytes  1.05 Mbits/sec                  
[  5]   8.00-9.00   sec   128 KBytes  1.05 Mbits/sec                  
[  5]   9.00-10.00  sec   128 KBytes  1.05 Mbits/sec                  
[  5]  10.00-10.92  sec   128 KBytes  1.14 Mbits/sec                  
- - - - - - - - - - - - - - - - - - - - - - - - -
[ ID] Interval           Transfer     Bitrate
[  5]   0.00-10.92  sec  1.25 MBytes   960 Kbits/sec                  receiver
-----------------------------------------------------------
Server listening on 5003 (test #2)
-----------------------------------------------------------
Accepted connection from 10.42.0.14, port 43906
[  5] local 10.42.5.3 port 5003 connected to 10.42.0.14 port 43922
[ ID] Interval           Transfer     Bitrate
[  5]   0.00-1.00   sec  0.00 Bytes  0.00 bits/sec                  
[  5]   1.00-2.00   sec  0.00 Bytes  0.00 bits/sec                  
[  5]   2.00-3.00   sec  0.00 Bytes  0.00 bits/sec                  
[  5]   3.00-4.00   sec  0.00 Bytes  0.00 bits/sec                  
[  5]   4.00-5.00   sec   128 KBytes  1.05 Mbits/sec                  
[  5]   5.00-6.00   sec  0.00 Bytes  0.00 bits/sec                  
[  5]   6.00-7.00   sec  0.00 Bytes  0.00 bits/sec                  
[  5]   7.00-8.00   sec  0.00 Bytes  0.00 bits/sec                  
[  5]   8.00-9.00   sec   128 KBytes  1.05 Mbits/sec                  
[  5]   9.00-10.00  sec  0.00 Bytes  0.00 bits/sec                  
[  5]  10.00-10.67  sec  0.00 Bytes  0.00 bits/sec                  
- - - - - - - - - - - - - - - - - - - - - - - - -
[ ID] Interval           Transfer     Bitrate
[  5]   0.00-10.67  sec   256 KBytes   197 Kbits/sec                  receiver
-----------------------------------------------------------
Server listening on 5002 (test #4)
-----------------------------------------------------------
Accepted connection from 10.42.3.3, port 44796
[  5] local 10.42.5.3 port 5002 connected to 10.42.3.3 port 60208
[ ID] Interval           Transfer     Bitrate
[  5]   0.00-1.00   sec  0.00 Bytes  0.00 bits/sec                  
[  5]   1.00-2.00   sec   128 KBytes  1.05 Mbits/sec                  
[  5]   2.00-3.00   sec   128 KBytes  1.05 Mbits/sec                  
[  5]   3.00-4.00   sec   128 KBytes  1.05 Mbits/sec                  
[  5]   4.00-5.00   sec   128 KBytes  1.05 Mbits/sec                  
[  5]   5.00-6.00   sec   128 KBytes  1.05 Mbits/sec                  
[  5]   6.00-7.00   sec   128 KBytes  1.05 Mbits/sec                  
[  5]   7.00-8.00   sec  0.00 Bytes  0.00 bits/sec                  
[  5]   8.00-9.00   sec   128 KBytes  1.05 Mbits/sec                  
[  5]   9.00-10.00  sec   128 KBytes  1.05 Mbits/sec                  
[  5]  10.00-11.00  sec   128 KBytes  1.05 Mbits/sec                  
-----------------------------------------------------------
Server listening on 5003 (test #3)
-----------------------------------------------------------
Accepted connection from 10.42.0.14, port 48776
[  5] local 10.42.5.3 port 5003 connected to 10.42.0.14 port 48780
[ ID] Interval           Transfer     Bitrate
[  5]   0.00-1.00   sec  0.00 Bytes  0.00 bits/sec                  
[  5]   1.00-2.00   sec  0.00 Bytes  0.00 bits/sec                  
[  5]   2.00-3.00   sec   128 KBytes  1.05 Mbits/sec                  
[  5]   3.00-4.00   sec  0.00 Bytes  0.00 bits/sec                  
[  5]   4.00-5.00   sec  0.00 Bytes  0.00 bits/sec                  
[  5]   5.00-6.00   sec  0.00 Bytes  0.00 bits/sec                  
[  5]   6.00-7.00   sec   128 KBytes  1.05 Mbits/sec                  
[  5]   7.00-8.00   sec  0.00 Bytes  0.00 bits/sec                  
[  5]   8.00-9.00   sec  0.00 Bytes  0.00 bits/sec                  
[  5]   9.00-10.00  sec  0.00 Bytes  0.00 bits/sec                  
[  5]  10.00-11.00  sec   128 KBytes  1.05 Mbits/sec                  
[  5]  11.00-11.51  sec  0.00 Bytes  0.00 bits/sec                  
- - - - - - - - - - - - - - - - - - - - - - - - -
[ ID] Interval           Transfer     Bitrate
[  5]   0.00-11.51  sec  1.12 MBytes   820 Kbits/sec                  receiver
[  5]  11.00-11.15  sec  0.00 Bytes  0.00 bits/sec                  
- - - - - - - - - - - - - - - - - - - - - - - - -
[ ID] Interval           Transfer     Bitrate
[  5]   0.00-11.15  sec   384 KBytes   282 Kbits/sec                  receiver
-----------------------------------------------------------
Server listening on 5002 (test #5)
-----------------------------------------------------------
Accepted connection from 10.42.3.3, port 42622
[  5] local 10.42.5.3 port 5002 connected to 10.42.3.3 port 42624
[ ID] Interval           Transfer     Bitrate
[  5]   0.00-1.00   sec   128 KBytes  1.05 Mbits/sec                  
[  5]   1.00-2.00   sec   128 KBytes  1.05 Mbits/sec                  
[  5]   2.00-3.00   sec   128 KBytes  1.05 Mbits/sec                  
[  5]   3.00-4.00   sec  0.00 Bytes  0.00 bits/sec                  
[  5]   4.00-5.00   sec   128 KBytes  1.05 Mbits/sec                  
[  5]   5.00-6.00   sec   128 KBytes  1.05 Mbits/sec                  
[  5]   6.00-7.00   sec   128 KBytes  1.05 Mbits/sec                  
[  5]   7.00-8.00   sec   128 KBytes  1.05 Mbits/sec                  
[  5]   8.00-9.00   sec   128 KBytes  1.05 Mbits/sec                  
[  5]   9.00-10.00  sec   128 KBytes  1.05 Mbits/sec                  
[  5]  10.00-10.32  sec   128 KBytes  3.24 Mbits/sec                  
- - - - - - - - - - - - - - - - - - - - - - - - -
[ ID] Interval           Transfer     Bitrate
[  5]   0.00-10.32  sec  1.25 MBytes  1.02 Mbits/sec                  receiver
-----------------------------------------------------------
Server listening on 5003 (test #4)
-----------------------------------------------------------
Accepted connection from 10.42.0.14, port 57310
[  5] local 10.42.5.3 port 5003 connected to 10.42.0.14 port 57862
[ ID] Interval           Transfer     Bitrate
[  5]   0.00-1.00   sec  0.00 Bytes  0.00 bits/sec                  
[  5]   1.00-2.00   sec  0.00 Bytes  0.00 bits/sec                  
[  5]   2.00-3.00   sec  0.00 Bytes  0.00 bits/sec                  
[  5]   3.00-4.00   sec  0.00 Bytes  0.00 bits/sec                  
[  5]   4.00-5.00   sec  0.00 Bytes  0.00 bits/sec                  
[  5]   5.00-6.00   sec  0.00 Bytes  0.00 bits/sec                  
[  5]   6.00-7.00   sec  0.00 Bytes  0.00 bits/sec                  
[  5]   7.00-8.00   sec  0.00 Bytes  0.00 bits/sec                  
[  5]   8.00-9.00   sec  0.00 Bytes  0.00 bits/sec                  
[  5]   9.00-10.00  sec  0.00 Bytes  0.00 bits/sec                  
[  5]  10.00-11.00  sec   128 KBytes  1.05 Mbits/sec                  
[  5]  11.00-11.64  sec   128 KBytes  1.63 Mbits/sec                  
- - - - - - - - - - - - - - - - - - - - - - - - -
[ ID] Interval           Transfer     Bitrate
[  5]   0.00-11.64  sec   256 KBytes   180 Kbits/sec                  receiver
-----------------------------------------------------------
Server listening on 5002 (test #6)
-----------------------------------------------------------
Accepted connection from 10.42.3.3, port 55258
[  5] local 10.42.5.3 port 5002 connected to 10.42.3.3 port 55274
[ ID] Interval           Transfer     Bitrate
[  5]   0.00-1.00   sec   128 KBytes  1.05 Mbits/sec                  
[  5]   1.00-2.00   sec   128 KBytes  1.05 Mbits/sec                  
[  5]   2.00-3.00   sec   128 KBytes  1.05 Mbits/sec                  
[  5]   3.00-4.00   sec  0.00 Bytes  0.00 bits/sec                  
[  5]   4.00-5.00   sec   128 KBytes  1.05 Mbits/sec                  
[  5]   5.00-6.00   sec   128 KBytes  1.05 Mbits/sec                  
[  5]   6.00-7.00   sec   128 KBytes  1.05 Mbits/sec                  
[  5]   7.00-8.00   sec   128 KBytes  1.05 Mbits/sec                  
[  5]   8.00-9.00   sec   128 KBytes  1.05 Mbits/sec                  
[  5]   9.00-10.00  sec   128 KBytes  1.05 Mbits/sec                  
[  5]  10.00-10.32  sec   128 KBytes  3.25 Mbits/sec                  
- - - - - - - - - - - - - - - - - - - - - - - - -
[ ID] Interval           Transfer     Bitrate
[  5]   0.00-10.32  sec  1.25 MBytes  1.02 Mbits/sec                  receiver
-----------------------------------------------------------
Server listening on 5003 (test #5)
-----------------------------------------------------------
Accepted connection from 10.42.0.14, port 45680
[  5] local 10.42.5.3 port 5003 connected to 10.42.0.14 port 45694
[ ID] Interval           Transfer     Bitrate
[  5]   0.00-1.00   sec  0.00 Bytes  0.00 bits/sec                  
[  5]   1.00-2.00   sec  0.00 Bytes  0.00 bits/sec                  
[  5]   2.00-3.00   sec  0.00 Bytes  0.00 bits/sec                  
[  5]   3.00-4.00   sec  0.00 Bytes  0.00 bits/sec                  
[  5]   4.00-5.00   sec  0.00 Bytes  0.00 bits/sec                  
[  5]   5.00-6.00   sec  0.00 Bytes  0.00 bits/sec                  
[  5]   6.00-7.00   sec  0.00 Bytes  0.00 bits/sec                  
[  5]   7.00-8.00   sec  0.00 Bytes  0.00 bits/sec                  
[  5]   8.00-9.00   sec  0.00 Bytes  0.00 bits/sec                  
[  5]   9.00-10.00  sec   256 KBytes  2.10 Mbits/sec                  
[  5]  10.00-11.00  sec   128 KBytes  1.05 Mbits/sec                  
[  5]  11.00-12.00  sec   128 KBytes  1.05 Mbits/sec                  
[  5]  12.00-13.00  sec   128 KBytes  1.05 Mbits/sec                  
[  5]  13.00-14.00  sec   128 KBytes  1.05 Mbits/sec                  
- - - - - - - - - - - - - - - - - - - - - - - - -
[ ID] Interval           Transfer     Bitrate
[  5]   0.00-14.07  sec   768 KBytes   447 Kbits/sec                  receiver
-----------------------------------------------------------
Server listening on 5002 (test #7)
-----------------------------------------------------------
Accepted connection from 10.42.3.3, port 35774
[  5] local 10.42.5.3 port 5002 connected to 10.42.3.3 port 35782
[ ID] Interval           Transfer     Bitrate
[  5]   0.00-1.00   sec   128 KBytes  1.05 Mbits/sec                  
[  5]   1.00-2.00   sec   128 KBytes  1.05 Mbits/sec                  
[  5]   2.00-3.00   sec   128 KBytes  1.05 Mbits/sec                  
[  5]   3.00-4.00   sec  0.00 Bytes  0.00 bits/sec                  
[  5]   4.00-5.00   sec   128 KBytes  1.05 Mbits/sec                  
[  5]   5.00-6.00   sec   128 KBytes  1.05 Mbits/sec                  
[  5]   6.00-7.00   sec   128 KBytes  1.05 Mbits/sec                  
[  5]   7.00-8.00   sec   128 KBytes  1.05 Mbits/sec                  
[  5]   8.00-9.00   sec   128 KBytes  1.05 Mbits/sec                  
[  5]   9.00-10.00  sec   128 KBytes  1.05 Mbits/sec                  
[  5]  10.00-10.32  sec   128 KBytes  3.25 Mbits/sec                  
- - - - - - - - - - - - - - - - - - - - - - - - -
[ ID] Interval           Transfer     Bitrate
[  5]   0.00-10.32  sec  1.25 MBytes  1.02 Mbits/sec                  receiver
-----------------------------------------------------------
Server listening on 5003 (test #6)
-----------------------------------------------------------
Accepted connection from 10.42.0.14, port 46196
[  5] local 10.42.5.3 port 5003 connected to 10.42.0.14 port 46204
[ ID] Interval           Transfer     Bitrate
[  5]   0.00-1.00   sec  0.00 Bytes  0.00 bits/sec                  
[  5]   1.00-2.00   sec   128 KBytes  1.05 Mbits/sec                  
[  5]   2.00-3.00   sec  0.00 Bytes  0.00 bits/sec                  
[  5]   3.00-4.00   sec   128 KBytes  1.05 Mbits/sec                  
[  5]   4.00-5.00   sec   128 KBytes  1.05 Mbits/sec                  
[  5]   5.00-6.00   sec  0.00 Bytes  0.00 bits/sec                  
[  5]   6.00-7.00   sec   128 KBytes  1.05 Mbits/sec                  
[  5]   7.00-8.00   sec   128 KBytes  1.05 Mbits/sec                  
[  5]   8.00-9.00   sec  0.00 Bytes  0.00 bits/sec                  
[  5]   9.00-10.00  sec   128 KBytes  1.05 Mbits/sec                  
- - - - - - - - - - - - - - - - - - - - - - - - -
[ ID] Interval           Transfer     Bitrate
[  5]   0.00-10.03  sec   768 KBytes   627 Kbits/sec                  receiver
-----------------------------------------------------------
Server listening on 5002 (test #8)
-----------------------------------------------------------
Accepted connection from 10.42.3.3, port 39052
[  5] local 10.42.5.3 port 5002 connected to 10.42.3.3 port 43560
[ ID] Interval           Transfer     Bitrate
[  5]   0.00-1.00   sec   128 KBytes  1.05 Mbits/sec                  
[  5]   1.00-2.00   sec   128 KBytes  1.05 Mbits/sec                  
[  5]   2.00-3.00   sec   128 KBytes  1.05 Mbits/sec                  
[  5]   3.00-4.00   sec  0.00 Bytes  0.00 bits/sec                  
[  5]   4.00-5.00   sec   128 KBytes  1.05 Mbits/sec                  
[  5]   5.00-6.00   sec   128 KBytes  1.05 Mbits/sec                  
[  5]   6.00-7.00   sec   128 KBytes  1.05 Mbits/sec                  
[  5]   7.00-8.00   sec   128 KBytes  1.05 Mbits/sec                  
[  5]   8.00-9.00   sec   128 KBytes  1.05 Mbits/sec                  
[  5]   9.00-10.00  sec   128 KBytes  1.05 Mbits/sec                  
[  5]  10.00-10.32  sec   128 KBytes  3.25 Mbits/sec                  
- - - - - - - - - - - - - - - - - - - - - - - - -
[ ID] Interval           Transfer     Bitrate
[  5]   0.00-10.32  sec  1.25 MBytes  1.02 Mbits/sec                  receiver
-----------------------------------------------------------
Server listening on 5002 (test #9)
-----------------------------------------------------------
Accepted connection from 10.42.0.14, port 38138
[  5] local 10.42.5.3 port 5002 connected to 10.42.0.14 port 52028
[ ID] Interval           Transfer     Bitrate
[  5]   0.00-1.00   sec  0.00 Bytes  0.00 bits/sec                  
[  5]   1.00-2.00   sec   128 KBytes  1.05 Mbits/sec                  
[  5]   2.00-3.00   sec  0.00 Bytes  0.00 bits/sec                  
[  5]   3.00-4.00   sec   128 KBytes  1.05 Mbits/sec                  
[  5]   4.00-5.00   sec  0.00 Bytes  0.00 bits/sec                  
[  5]   5.00-6.00   sec   128 KBytes  1.05 Mbits/sec                  
[  5]   6.00-7.00   sec  0.00 Bytes  0.00 bits/sec                  
[  5]   7.00-8.00   sec   128 KBytes  1.05 Mbits/sec                  
[  5]   8.00-9.00   sec   128 KBytes  1.05 Mbits/sec                  
[  5]   9.00-10.00  sec  0.00 Bytes  0.00 bits/sec                  
- - - - - - - - - - - - - - - - - - - - - - - - -
[ ID] Interval           Transfer     Bitrate
[  5]   0.00-10.01  sec   640 KBytes   524 Kbits/sec                  receiver
Server listening on 5004 (test #1)
-----------------------------------------------------------
Accepted connection from 10.42.3.3, port 60680
[  5] local 10.42.5.3 port 5004 connected to 10.42.3.3 port 60684
[ ID] Interval           Transfer     Bitrate
[  5]   0.00-1.00   sec   128 KBytes  1.05 Mbits/sec                  
[  5]   1.00-2.00   sec   128 KBytes  1.05 Mbits/sec                  
[  5]   2.00-3.00   sec   128 KBytes  1.05 Mbits/sec                  
[  5]   3.00-4.00   sec  0.00 Bytes  0.00 bits/sec                  
[  5]   4.00-5.00   sec   128 KBytes  1.05 Mbits/sec                  
[  5]   5.00-6.00   sec   128 KBytes  1.05 Mbits/sec                  
[  5]   6.00-7.00   sec   128 KBytes  1.05 Mbits/sec                  
[  5]   7.00-8.00   sec   128 KBytes  1.05 Mbits/sec                  
[  5]   8.00-9.00   sec   128 KBytes  1.05 Mbits/sec                  
[  5]   9.00-10.00  sec   128 KBytes  1.05 Mbits/sec                  
[  5]  10.00-10.32  sec   128 KBytes  3.24 Mbits/sec                  
- - - - - - - - - - - - - - - - - - - - - - - - -
[ ID] Interval           Transfer     Bitrate
[  5]   0.00-10.32  sec  1.25 MBytes  1.02 Mbits/sec                  receiver
-----------------------------------------------------------
Server listening on 5002 (test #10)
-----------------------------------------------------------
Accepted connection from 10.42.0.14, port 53896
[  5] local 10.42.5.3 port 5002 connected to 10.42.0.14 port 54420
[ ID] Interval           Transfer     Bitrate
[  5]   0.00-1.00   sec  0.00 Bytes  0.00 bits/sec                  
[  5]   1.00-2.00   sec   128 KBytes  1.05 Mbits/sec                  
[  5]   2.00-3.00   sec   128 KBytes  1.05 Mbits/sec                  
[  5]   3.00-4.00   sec  0.00 Bytes  0.00 bits/sec                  
[  5]   4.00-5.00   sec   128 KBytes  1.05 Mbits/sec                  
[  5]   5.00-6.00   sec   128 KBytes  1.05 Mbits/sec                  
[  5]   6.00-7.00   sec   128 KBytes  1.05 Mbits/sec                  
[  5]   7.00-8.00   sec   128 KBytes  1.05 Mbits/sec                  
[  5]   8.00-9.00   sec  0.00 Bytes  0.00 bits/sec                  
[  5]   9.00-10.00  sec   128 KBytes  1.05 Mbits/sec                  
- - - - - - - - - - - - - - - - - - - - - - - - -
[ ID] Interval           Transfer     Bitrate
[  5]   0.00-10.03  sec   896 KBytes   732 Kbits/sec                  receiver
-----------------------------------------------------------
Server listening on 5002 (test #11)
-----------------------------------------------------------
Accepted connection from 10.42.3.3, port 56862
[  5] local 10.42.5.3 port 5002 connected to 10.42.3.3 port 56868
[ ID] Interval           Transfer     Bitrate
[  5]   0.00-1.00   sec   128 KBytes  1.05 Mbits/sec                  
[  5]   1.00-2.00   sec   128 KBytes  1.05 Mbits/sec                  
[  5]   2.00-3.00   sec   128 KBytes  1.05 Mbits/sec                  
[  5]   3.00-4.00   sec  0.00 Bytes  0.00 bits/sec                  
[  5]   4.00-5.00   sec   128 KBytes  1.05 Mbits/sec                  
[  5]   5.00-6.00   sec   128 KBytes  1.05 Mbits/sec                  
[  5]   6.00-7.00   sec   128 KBytes  1.05 Mbits/sec                  
[  5]   7.00-8.00   sec   128 KBytes  1.05 Mbits/sec                  
[  5]   8.00-9.00   sec   128 KBytes  1.05 Mbits/sec                  
[  5]   9.00-10.00  sec   128 KBytes  1.05 Mbits/sec                  
[  5]  10.00-10.32  sec   128 KBytes  3.25 Mbits/sec                  
- - - - - - - - - - - - - - - - - - - - - - - - -
[ ID] Interval           Transfer     Bitrate
[  5]   0.00-10.32  sec  1.25 MBytes  1.02 Mbits/sec                  receiver
-----------------------------------------------------------
Server listening on 5002 (test #12)
-----------------------------------------------------------
Accepted connection from 10.42.0.14, port 39660
[  5] local 10.42.5.3 port 5002 connected to 10.42.0.14 port 39676
[ ID] Interval           Transfer     Bitrate
[  5]   0.00-1.00   sec  0.00 Bytes  0.00 bits/sec                  
[  5]   1.00-2.00   sec   128 KBytes  1.05 Mbits/sec                  
[  5]   2.00-3.00   sec  0.00 Bytes  0.00 bits/sec                  
[  5]   3.00-4.00   sec   128 KBytes  1.05 Mbits/sec                  
[  5]   4.00-5.00   sec   128 KBytes  1.05 Mbits/sec                  
[  5]   5.00-6.00   sec  0.00 Bytes  0.00 bits/sec                  
[  5]   6.00-7.00   sec   128 KBytes  1.05 Mbits/sec                  
[  5]   7.00-8.00   sec   128 KBytes  1.05 Mbits/sec                  
[  5]   8.00-9.00   sec   128 KBytes  1.05 Mbits/sec                  
[  5]   9.00-10.00  sec  0.00 Bytes  0.00 bits/sec                  
- - - - - - - - - - - - - - - - - - - - - - - - -
[ ID] Interval           Transfer     Bitrate
[  5]   0.00-10.03  sec   768 KBytes   627 Kbits/sec                  receiver
-----------------------------------------------------------
Server listening on 5003 (test #7)
-----------------------------------------------------------
Accepted connection from 10.42.3.3, port 39888
[  5] local 10.42.5.3 port 5003 connected to 10.42.3.3 port 39898
[ ID] Interval           Transfer     Bitrate
[  5]   0.00-1.00   sec   128 KBytes  1.05 Mbits/sec                  
[  5]   1.00-2.00   sec   128 KBytes  1.05 Mbits/sec                  
[  5]   2.00-3.00   sec   128 KBytes  1.05 Mbits/sec                  
[  5]   3.00-4.00   sec  0.00 Bytes  0.00 bits/sec                  
[  5]   4.00-5.00   sec   128 KBytes  1.05 Mbits/sec                  
[  5]   5.00-6.00   sec   128 KBytes  1.05 Mbits/sec                  
[  5]   6.00-7.00   sec   128 KBytes  1.05 Mbits/sec                  
[  5]   7.00-8.00   sec   128 KBytes  1.05 Mbits/sec                  
[  5]   8.00-9.00   sec   128 KBytes  1.05 Mbits/sec                  
[  5]   9.00-10.00  sec   128 KBytes  1.05 Mbits/sec                  
[  5]  10.00-10.32  sec   128 KBytes  3.24 Mbits/sec                  
- - - - - - - - - - - - - - - - - - - - - - - - -
[ ID] Interval           Transfer     Bitrate
[  5]   0.00-10.32  sec  1.25 MBytes  1.02 Mbits/sec                  receiver
-----------------------------------------------------------
Server listening on 5002 (test #13)
-----------------------------------------------------------
Accepted connection from 10.42.0.14, port 44318
[  5] local 10.42.5.3 port 5002 connected to 10.42.0.14 port 44330
[ ID] Interval           Transfer     Bitrate
[  5]   0.00-1.00   sec  0.00 Bytes  0.00 bits/sec                  
[  5]   1.00-2.00   sec   128 KBytes  1.05 Mbits/sec                  
[  5]   2.00-3.00   sec   128 KBytes  1.05 Mbits/sec                  
[  5]   3.00-4.00   sec   128 KBytes  1.05 Mbits/sec                  
[  5]   4.00-5.00   sec   128 KBytes  1.05 Mbits/sec                  
[  5]   5.00-6.00   sec   128 KBytes  1.05 Mbits/sec                  
[  5]   6.00-7.00   sec   128 KBytes  1.05 Mbits/sec                  
[  5]   7.00-8.00   sec   128 KBytes  1.05 Mbits/sec                  
[  5]   8.00-9.00   sec   128 KBytes  1.05 Mbits/sec                  
[  5]   9.00-10.00  sec   128 KBytes  1.05 Mbits/sec                  
[  5]  10.00-10.67  sec  0.00 Bytes  0.00 bits/sec                  
- - - - - - - - - - - - - - - - - - - - - - - - -
[ ID] Interval           Transfer     Bitrate
[  5]   0.00-10.67  sec  1.12 MBytes   884 Kbits/sec                  receiver
-----------------------------------------------------------
Server listening on 5002 (test #14)
-----------------------------------------------------------
Accepted connection from 10.42.3.3, port 33522
[  5] local 10.42.5.3 port 5002 connected to 10.42.3.3 port 33528
[ ID] Interval           Transfer     Bitrate
[  5]   0.00-1.00   sec   128 KBytes  1.05 Mbits/sec                  
[  5]   1.00-2.00   sec   128 KBytes  1.05 Mbits/sec                  
[  5]   2.00-3.00   sec   128 KBytes  1.05 Mbits/sec                  
[  5]   3.00-4.00   sec  0.00 Bytes  0.00 bits/sec                  
[  5]   4.00-5.00   sec   128 KBytes  1.05 Mbits/sec                  
[  5]   5.00-6.00   sec   128 KBytes  1.05 Mbits/sec                  
[  5]   6.00-7.00   sec   128 KBytes  1.05 Mbits/sec                  
[  5]   7.00-8.00   sec   128 KBytes  1.05 Mbits/sec                  
[  5]   8.00-9.00   sec   128 KBytes  1.05 Mbits/sec                  
[  5]   9.00-10.00  sec   128 KBytes  1.05 Mbits/sec                  
[  5]  10.00-10.32  sec   128 KBytes  3.24 Mbits/sec                  
- - - - - - - - - - - - - - - - - - - - - - - - -
[ ID] Interval           Transfer     Bitrate
[  5]   0.00-10.32  sec  1.25 MBytes  1.02 Mbits/sec                  receiver
-----------------------------------------------------------
Server listening on 5002 (test #15)
-----------------------------------------------------------
Accepted connection from 10.42.0.14, port 35238
[  5] local 10.42.5.3 port 5002 connected to 10.42.0.14 port 35246
[ ID] Interval           Transfer     Bitrate
[  5]   0.00-1.00   sec   128 KBytes  1.05 Mbits/sec                  
[  5]   1.00-2.00   sec   128 KBytes  1.05 Mbits/sec                  
[  5]   2.00-3.00   sec   128 KBytes  1.05 Mbits/sec                  
[  5]   3.00-4.00   sec  0.00 Bytes  0.00 bits/sec                  
[  5]   4.00-5.00   sec   128 KBytes  1.05 Mbits/sec                  
[  5]   5.00-6.00   sec   128 KBytes  1.05 Mbits/sec                  
[  5]   6.00-7.00   sec   128 KBytes  1.05 Mbits/sec                  
[  5]   7.00-8.00   sec  0.00 Bytes  0.00 bits/sec                  
[  5]   8.00-9.00   sec   128 KBytes  1.05 Mbits/sec                  
[  5]   9.00-10.00  sec   128 KBytes  1.05 Mbits/sec                  
[  5]  10.00-11.00  sec   128 KBytes  1.05 Mbits/sec                  
[  5]  11.00-11.79  sec  0.00 Bytes  0.00 bits/sec                  
- - - - - - - - - - - - - - - - - - - - - - - - -
[ ID] Interval           Transfer     Bitrate
[  5]   0.00-11.79  sec  1.12 MBytes   800 Kbits/sec                  receiver
-----------------------------------------------------------
Server listening on 5003 (test #8)
-----------------------------------------------------------
Accepted connection from 10.42.3.3, port 46112
[  5] local 10.42.5.3 port 5003 connected to 10.42.3.3 port 46116
[ ID] Interval           Transfer     Bitrate
[  5]   0.00-1.00   sec  0.00 Bytes  0.00 bits/sec                  
[  5]   1.00-2.00   sec   128 KBytes  1.05 Mbits/sec                  
[  5]   2.00-3.00   sec  0.00 Bytes  0.00 bits/sec                  
[  5]   3.00-4.00   sec  0.00 Bytes  0.00 bits/sec                  
[  5]   4.00-5.00   sec   128 KBytes  1.05 Mbits/sec                  
[  5]   5.00-6.00   sec  0.00 Bytes  0.00 bits/sec                  
[  5]   6.00-7.00   sec  0.00 Bytes  0.00 bits/sec                  
[  5]   7.00-8.00   sec   256 KBytes  2.10 Mbits/sec                  
[  5]   8.00-9.00   sec   128 KBytes  1.05 Mbits/sec                  
[  5]   9.00-10.00  sec   128 KBytes  1.05 Mbits/sec                  
[  5]  10.00-11.00  sec   128 KBytes  1.05 Mbits/sec                  
[  5]  11.00-12.00  sec   128 KBytes  1.05 Mbits/sec                  
[  5]  12.00-12.23  sec  0.00 Bytes  0.00 bits/sec                  
- - - - - - - - - - - - - - - - - - - - - - - - -
[ ID] Interval           Transfer     Bitrate
[  5]   0.00-12.23  sec  1.00 MBytes   686 Kbits/sec                  receiver
-----------------------------------------------------------
Server listening on 5002 (test #16)
-----------------------------------------------------------
Accepted connection from 10.42.0.14, port 32982
[  5] local 10.42.5.3 port 5002 connected to 10.42.0.14 port 32994
[ ID] Interval           Transfer     Bitrate
[  5]   0.00-1.00   sec  0.00 Bytes  0.00 bits/sec                  
[  5]   1.00-2.00   sec   128 KBytes  1.05 Mbits/sec                  
[  5]   2.00-3.00   sec  0.00 Bytes  0.00 bits/sec                  
[  5]   3.00-4.00   sec   128 KBytes  1.05 Mbits/sec                  
[  5]   4.00-5.00   sec   128 KBytes  1.05 Mbits/sec                  
[  5]   5.00-6.00   sec  0.00 Bytes  0.00 bits/sec                  
[  5]   6.00-7.00   sec   128 KBytes  1.05 Mbits/sec                  
[  5]   7.00-8.00   sec   128 KBytes  1.05 Mbits/sec                  
[  5]   8.00-9.00   sec   128 KBytes  1.05 Mbits/sec                  
[  5]   9.00-10.00  sec  0.00 Bytes  0.00 bits/sec                  
- - - - - - - - - - - - - - - - - - - - - - - - -
[ ID] Interval           Transfer     Bitrate
[  5]   0.00-10.05  sec   768 KBytes   626 Kbits/sec                  receiver
-----------------------------------------------------------
Server listening on 5004 (test #2)
-----------------------------------------------------------
Accepted connection from 10.42.3.3, port 53040
[  5] local 10.42.5.3 port 5004 connected to 10.42.3.3 port 53046
[ ID] Interval           Transfer     Bitrate
[  5]   0.00-1.00   sec   128 KBytes  1.05 Mbits/sec                  
[  5]   1.00-2.00   sec   128 KBytes  1.05 Mbits/sec                  
[  5]   2.00-3.00   sec   128 KBytes  1.05 Mbits/sec                  
[  5]   3.00-4.00   sec  0.00 Bytes  0.00 bits/sec                  
[  5]   4.00-5.00   sec   128 KBytes  1.05 Mbits/sec                  
[  5]   5.00-6.00   sec   128 KBytes  1.05 Mbits/sec                  
[  5]   6.00-7.00   sec   128 KBytes  1.05 Mbits/sec                  
[  5]   7.00-8.00   sec   128 KBytes  1.05 Mbits/sec                  
[  5]   8.00-9.00   sec   128 KBytes  1.05 Mbits/sec                  
[  5]   9.00-10.00  sec   128 KBytes  1.05 Mbits/sec                  
[  5]  10.00-10.32  sec   128 KBytes  3.25 Mbits/sec                  
- - - - - - - - - - - - - - - - - - - - - - - - -
[ ID] Interval           Transfer     Bitrate
[  5]   0.00-10.32  sec  1.25 MBytes  1.02 Mbits/sec                  receiver
-----------------------------------------------------------
Server listening on 5002 (test #17)
-----------------------------------------------------------
Accepted connection from 10.42.0.14, port 53430
[  5] local 10.42.5.3 port 5002 connected to 10.42.0.14 port 53432
[ ID] Interval           Transfer     Bitrate
[  5]   0.00-1.00   sec   128 KBytes  1.05 Mbits/sec                  
[  5]   1.00-2.00   sec   128 KBytes  1.05 Mbits/sec                  
[  5]   2.00-3.00   sec  0.00 Bytes  0.00 bits/sec                  
[  5]   3.00-4.00   sec   128 KBytes  1.05 Mbits/sec                  
[  5]   4.00-5.00   sec  0.00 Bytes  0.00 bits/sec                  
[  5]   5.00-6.00   sec   128 KBytes  1.05 Mbits/sec                  
[  5]   6.00-7.00   sec  0.00 Bytes  0.00 bits/sec                  
[  5]   7.00-8.00   sec   128 KBytes  1.05 Mbits/sec                  
[  5]   8.00-9.00   sec   128 KBytes  1.05 Mbits/sec                  
[  5]   9.00-10.00  sec  0.00 Bytes  0.00 bits/sec                  
- - - - - - - - - - - - - - - - - - - - - - - - -
[ ID] Interval           Transfer     Bitrate
[  5]   0.00-10.01  sec   768 KBytes   628 Kbits/sec                  receiver
-----------------------------------------------------------
Server listening on 5003 (test #9)
-----------------------------------------------------------
Accepted connection from 10.42.3.3, port 37208
[  5] local 10.42.5.3 port 5003 connected to 10.42.3.3 port 37220
[ ID] Interval           Transfer     Bitrate
[  5]   0.00-1.00   sec   128 KBytes  1.05 Mbits/sec                  
[  5]   1.00-2.00   sec   128 KBytes  1.05 Mbits/sec                  
[  5]   2.00-3.00   sec   128 KBytes  1.05 Mbits/sec                  
[  5]   3.00-4.00   sec  0.00 Bytes  0.00 bits/sec                  
[  5]   4.00-5.00   sec   128 KBytes  1.05 Mbits/sec                  
[  5]   5.00-6.00   sec   128 KBytes  1.05 Mbits/sec                  
[  5]   6.00-7.00   sec   128 KBytes  1.05 Mbits/sec                  
[  5]   7.00-8.00   sec   128 KBytes  1.05 Mbits/sec                  
[  5]   8.00-9.00   sec  0.00 Bytes  0.00 bits/sec                  
[  5]   9.00-10.00  sec   128 KBytes  1.05 Mbits/sec                  
[  5]  10.00-11.00  sec   128 KBytes  1.05 Mbits/sec                  
[  5]  11.00-11.43  sec  0.00 Bytes  0.00 bits/sec                  
- - - - - - - - - - - - - - - - - - - - - - - - -
[ ID] Interval           Transfer     Bitrate
[  5]   0.00-11.43  sec  1.12 MBytes   825 Kbits/sec                  receiver
-----------------------------------------------------------
Server listening on 5002 (test #18)
-----------------------------------------------------------
Accepted connection from 10.42.0.14, port 40334
[  5] local 10.42.5.3 port 5002 connected to 10.42.0.14 port 40340
[ ID] Interval           Transfer     Bitrate
[  5]   0.00-1.00   sec  0.00 Bytes  0.00 bits/sec                  
[  5]   1.00-2.00   sec   128 KBytes  1.05 Mbits/sec                  
[  5]   2.00-3.00   sec  0.00 Bytes  0.00 bits/sec                  
[  5]   3.00-4.00   sec  0.00 Bytes  0.00 bits/sec                  
[  5]   4.00-5.00   sec   128 KBytes  1.05 Mbits/sec                  
[  5]   5.00-6.00   sec  0.00 Bytes  0.00 bits/sec                  
[  5]   6.00-7.00   sec   128 KBytes  1.05 Mbits/sec                  
[  5]   7.00-8.00   sec   256 KBytes  2.10 Mbits/sec                  
[  5]   8.00-9.00   sec   128 KBytes  1.05 Mbits/sec                  
[  5]   9.00-10.00  sec   128 KBytes  1.05 Mbits/sec                  
[  5]  10.00-11.00  sec   128 KBytes  1.05 Mbits/sec                  
[  5]  11.00-11.70  sec   128 KBytes  1.50 Mbits/sec                  
- - - - - - - - - - - - - - - - - - - - - - - - -
[ ID] Interval           Transfer     Bitrate
[  5]   0.00-11.70  sec  1.12 MBytes   807 Kbits/sec                  receiver
-----------------------------------------------------------
Server listening on 5002 (test #19)
-----------------------------------------------------------
Accepted connection from 10.42.3.3, port 33366
[  5] local 10.42.5.3 port 5002 connected to 10.42.3.3 port 33382
[ ID] Interval           Transfer     Bitrate
[  5]   0.00-1.00   sec   128 KBytes  1.05 Mbits/sec                  
[  5]   1.00-2.00   sec   128 KBytes  1.05 Mbits/sec                  
[  5]   2.00-3.00   sec   128 KBytes  1.05 Mbits/sec                  
[  5]   3.00-4.00   sec  0.00 Bytes  0.00 bits/sec                  
[  5]   4.00-5.00   sec   128 KBytes  1.05 Mbits/sec                  
[  5]   5.00-6.00   sec   128 KBytes  1.05 Mbits/sec                  
[  5]   6.00-7.00   sec   128 KBytes  1.05 Mbits/sec                  
[  5]   7.00-8.00   sec   128 KBytes  1.05 Mbits/sec                  
[  5]   8.00-9.00   sec   128 KBytes  1.05 Mbits/sec                  
[  5]   9.00-10.00  sec   128 KBytes  1.05 Mbits/sec                  
[  5]  10.00-10.32  sec   128 KBytes  3.24 Mbits/sec                  
- - - - - - - - - - - - - - - - - - - - - - - - -
[ ID] Interval           Transfer     Bitrate
[  5]   0.00-10.32  sec  1.25 MBytes  1.02 Mbits/sec                  receiver
-----------------------------------------------------------
Server listening on 5003 (test #10)
-----------------------------------------------------------
Accepted connection from 10.42.0.14, port 39736
[  5] local 10.42.5.3 port 5003 connected to 10.42.0.14 port 39738
[ ID] Interval           Transfer     Bitrate
[  5]   0.00-1.00   sec   128 KBytes  1.05 Mbits/sec                  
[  5]   1.00-2.00   sec   128 KBytes  1.05 Mbits/sec                  
[  5]   2.00-3.00   sec  0.00 Bytes  0.00 bits/sec                  
[  5]   3.00-4.00   sec   128 KBytes  1.05 Mbits/sec                  
[  5]   4.00-5.00   sec   128 KBytes  1.05 Mbits/sec                  
[  5]   5.00-6.00   sec   128 KBytes  1.05 Mbits/sec                  
[  5]   6.00-7.00   sec   128 KBytes  1.05 Mbits/sec                  
[  5]   7.00-8.00   sec   128 KBytes  1.05 Mbits/sec                  
[  5]   8.00-9.00   sec   128 KBytes  1.05 Mbits/sec                  
[  5]   9.00-10.00  sec   128 KBytes  1.05 Mbits/sec                  
[  5]  10.00-10.36  sec   128 KBytes  2.91 Mbits/sec                  
- - - - - - - - - - - - - - - - - - - - - - - - -
[ ID] Interval           Transfer     Bitrate
[  5]   0.00-10.36  sec  1.25 MBytes  1.01 Mbits/sec                  receiver
-----------------------------------------------------------
Server listening on 5002 (test #20)
-----------------------------------------------------------
Accepted connection from 10.42.3.3, port 59706
[  5] local 10.42.5.3 port 5002 connected to 10.42.3.3 port 59714
[ ID] Interval           Transfer     Bitrate
[  5]   0.00-1.00   sec   128 KBytes  1.05 Mbits/sec                  
[  5]   1.00-2.00   sec   128 KBytes  1.05 Mbits/sec                  
[  5]   2.00-3.00   sec   128 KBytes  1.05 Mbits/sec                  
[  5]   3.00-4.00   sec  0.00 Bytes  0.00 bits/sec                  
[  5]   4.00-5.00   sec   128 KBytes  1.05 Mbits/sec                  
[  5]   5.00-6.00   sec   128 KBytes  1.05 Mbits/sec                  
[  5]   6.00-7.00   sec   128 KBytes  1.05 Mbits/sec                  
[  5]   7.00-8.00   sec   128 KBytes  1.05 Mbits/sec                  
[  5]   8.00-9.00   sec   128 KBytes  1.05 Mbits/sec                  
[  5]   9.00-10.00  sec   128 KBytes  1.05 Mbits/sec                  
[  5]  10.00-10.32  sec   128 KBytes  3.25 Mbits/sec                  
- - - - - - - - - - - - - - - - - - - - - - - - -
[ ID] Interval           Transfer     Bitrate
[  5]   0.00-10.32  sec  1.25 MBytes  1.02 Mbits/sec                  receiver
-----------------------------------------------------------
Server listening on 5002 (test #21)
-----------------------------------------------------------
Accepted connection from 10.42.0.14, port 59028
[  5] local 10.42.5.3 port 5002 connected to 10.42.0.14 port 59030
[ ID] Interval           Transfer     Bitrate
[  5]   0.00-1.00   sec  0.00 Bytes  0.00 bits/sec                  
[  5]   1.00-2.00   sec   128 KBytes  1.05 Mbits/sec                  
[  5]   2.00-3.00   sec  0.00 Bytes  0.00 bits/sec                  
[  5]   3.00-4.00   sec   128 KBytes  1.05 Mbits/sec                  
[  5]   4.00-5.00   sec   128 KBytes  1.05 Mbits/sec                  
[  5]   5.00-6.00   sec   128 KBytes  1.05 Mbits/sec                  
[  5]   6.00-7.00   sec  0.00 Bytes  0.00 bits/sec                  
[  5]   7.00-8.00   sec   128 KBytes  1.05 Mbits/sec                  
[  5]   8.00-9.00   sec   128 KBytes  1.05 Mbits/sec                  
[  5]   9.00-10.00  sec   128 KBytes  1.05 Mbits/sec                  
[  5]  10.00-10.29  sec  0.00 Bytes  0.00 bits/sec                  
- - - - - - - - - - - - - - - - - - - - - - - - -
[ ID] Interval           Transfer     Bitrate
[  5]   0.00-10.29  sec   896 KBytes   713 Kbits/sec                  receiver
