Fr 6. Feb 10:38:30 UTC 2026: Start Scheduler
2026/02/06 10:38:35 Adding node manager-0
2026/02/06 10:38:35 Found  manager-0 Online= True
2026/02/06 10:38:35 Node added:  2026-02-06 10:38:14 +0000 UTC
2026/02/06 10:38:43 Adding node worker-0
2026/02/06 10:38:43 leases.coordination.k8s.io "worker-0" not found
2026/02/06 10:38:43 Node added:  2026-02-06 10:38:43 +0000 UTC
2026/02/06 10:38:43 leases.coordination.k8s.io "worker-0" not found
2026/02/06 10:38:43 leases.coordination.k8s.io "worker-0" not found
2026/02/06 10:38:43 leases.coordination.k8s.io "worker-0" not found
2026/02/06 10:38:43 leases.coordination.k8s.io "worker-0" not found
2026/02/06 10:38:43 leases.coordination.k8s.io "worker-0" not found
2026/02/06 10:38:44 leases.coordination.k8s.io "worker-0" not found
2026/02/06 10:38:44 leases.coordination.k8s.io "worker-0" not found
2026/02/06 10:38:44 leases.coordination.k8s.io "worker-0" not found
2026/02/06 10:38:44 Adding node worker-1
2026/02/06 10:38:44 leases.coordination.k8s.io "worker-1" not found
2026/02/06 10:38:44 Node added:  2026-02-06 10:38:44 +0000 UTC
2026/02/06 10:38:44 leases.coordination.k8s.io "worker-1" not found
2026/02/06 10:38:44 leases.coordination.k8s.io "worker-1" not found
2026/02/06 10:38:44 leases.coordination.k8s.io "worker-1" not found
2026/02/06 10:38:44 Adding node worker-2
2026/02/06 10:38:44 leases.coordination.k8s.io "worker-2" not found
2026/02/06 10:38:44 Node added:  2026-02-06 10:38:44 +0000 UTC
2026/02/06 10:38:44 leases.coordination.k8s.io "worker-2" not found
2026/02/06 10:38:44 leases.coordination.k8s.io "worker-2" not found
2026/02/06 10:38:44 leases.coordination.k8s.io "worker-2" not found
2026/02/06 10:38:44 Adding node worker-4
2026/02/06 10:38:45 leases.coordination.k8s.io "worker-4" not found
2026/02/06 10:38:45 Node added:  2026-02-06 10:38:44 +0000 UTC
2026/02/06 10:38:45 Adding node worker-6
2026/02/06 10:38:45 leases.coordination.k8s.io "worker-6" not found
2026/02/06 10:38:45 Node added:  2026-02-06 10:38:44 +0000 UTC
2026/02/06 10:38:45 leases.coordination.k8s.io "worker-4" not found
2026/02/06 10:38:45 leases.coordination.k8s.io "worker-4" not found
2026/02/06 10:38:45 leases.coordination.k8s.io "worker-1" not found
2026/02/06 10:38:46 leases.coordination.k8s.io "worker-2" not found
2026/02/06 10:38:46 leases.coordination.k8s.io "worker-6" not found
2026/02/06 10:38:46 leases.coordination.k8s.io "worker-6" not found
2026/02/06 10:38:46 leases.coordination.k8s.io "worker-6" not found
2026/02/06 10:38:46 leases.coordination.k8s.io "worker-6" not found
2026/02/06 10:38:47 leases.coordination.k8s.io "worker-6" not found
2026/02/06 10:38:47 Found  manager-0 Online= True
2026/02/06 10:38:47 Found  manager-0 Online= True
2026/02/06 10:38:47 leases.coordination.k8s.io "worker-0" not found
2026/02/06 10:38:47 leases.coordination.k8s.io "worker-4" not found
2026/02/06 10:38:48 leases.coordination.k8s.io "worker-4" not found
2026/02/06 10:38:48 leases.coordination.k8s.io "worker-4" not found
2026/02/06 10:38:48 leases.coordination.k8s.io "worker-1" not found
2026/02/06 10:38:48 leases.coordination.k8s.io "worker-1" not found
2026/02/06 10:38:48 leases.coordination.k8s.io "worker-1" not found
2026/02/06 10:38:49 leases.coordination.k8s.io "worker-1" not found
2026/02/06 10:38:49 leases.coordination.k8s.io "worker-6" not found
2026/02/06 10:38:49 leases.coordination.k8s.io "worker-2" not found
2026/02/06 10:38:49 leases.coordination.k8s.io "worker-2" not found
2026/02/06 10:38:49 leases.coordination.k8s.io "worker-2" not found
2026/02/06 10:38:50 leases.coordination.k8s.io "worker-2" not found
2026/02/06 10:38:50 leases.coordination.k8s.io "worker-4" not found
2026/02/06 10:38:50 leases.coordination.k8s.io "worker-4" not found
2026/02/06 10:38:50 leases.coordination.k8s.io "worker-6" not found
2026/02/06 10:38:50 leases.coordination.k8s.io "worker-6" not found
2026/02/06 10:38:51 leases.coordination.k8s.io "worker-0" not found
2026/02/06 10:38:51 Adding node worker-5
2026/02/06 10:38:51 leases.coordination.k8s.io "worker-5" not found
2026/02/06 10:38:51 Node added:  2026-02-06 10:38:46 +0000 UTC
2026/02/06 10:38:51 leases.coordination.k8s.io "worker-5" not found
2026/02/06 10:38:51 leases.coordination.k8s.io "worker-5" not found
2026/02/06 10:38:51 leases.coordination.k8s.io "worker-5" not found
2026/02/06 10:38:51 Adding node worker-3
2026/02/06 10:38:52 leases.coordination.k8s.io "worker-3" not found
2026/02/06 10:38:52 Node added:  2026-02-06 10:38:46 +0000 UTC
2026/02/06 10:38:52 leases.coordination.k8s.io "worker-3" not found
2026/02/06 10:38:52 leases.coordination.k8s.io "worker-3" not found
2026/02/06 10:38:52 leases.coordination.k8s.io "worker-3" not found
2026/02/06 10:38:52 leases.coordination.k8s.io "worker-1" not found
2026/02/06 10:38:53 leases.coordination.k8s.io "worker-5" not found
2026/02/06 10:38:53 leases.coordination.k8s.io "worker-5" not found
2026/02/06 10:38:53 leases.coordination.k8s.io "worker-3" not found
2026/02/06 10:38:53 leases.coordination.k8s.io "worker-5" not found
2026/02/06 10:38:53 leases.coordination.k8s.io "worker-3" not found
2026/02/06 10:38:54 leases.coordination.k8s.io "worker-5" not found
2026/02/06 10:38:54 leases.coordination.k8s.io "worker-3" not found
2026/02/06 10:38:54 leases.coordination.k8s.io "worker-3" not found
2026/02/06 10:38:54 Found  worker-2 Online= True
2026/02/06 10:38:54 leases.coordination.k8s.io "worker-6" not found
2026/02/06 10:38:55 Found  worker-4 Online= True
2026/02/06 10:38:55 leases.coordination.k8s.io "worker-3" not found
2026/02/06 10:38:55 leases.coordination.k8s.io "worker-5" not found
2026/02/06 10:38:55 Found  worker-0 Online= True
2026/02/06 10:38:55 Found  worker-4 Online= True
2026/02/06 10:38:56 leases.coordination.k8s.io "worker-5" not found
2026/02/06 10:38:56 leases.coordination.k8s.io "worker-3" not found
2026/02/06 10:38:56 Found  manager-0 Online= True
2026/02/06 10:38:56 Found  worker-1 Online= True
2026/02/06 10:38:56 Found  worker-6 Online= True
2026/02/06 10:38:57 Found  worker-0 Online= True
2026/02/06 10:38:57 Found  worker-2 Online= True
2026/02/06 10:39:05 Found  worker-0 Online= True
2026/02/06 10:39:05 Found  worker-2 Online= True
2026/02/06 10:39:05 Found  worker-4 Online= True
2026/02/06 10:39:05 Found  worker-5 Online= True
2026/02/06 10:39:05 Found  worker-3 Online= True
2026/02/06 10:39:05 Found  manager-0 Online= True
2026/02/06 10:39:05 Found  worker-1 Online= True
2026/02/06 10:39:05 Found  worker-6 Online= True
2026/02/06 10:39:14 Found  worker-0 Online= True
2026/02/06 10:39:15 Found  worker-2 Online= True
2026/02/06 10:39:15 Found  worker-1 Online= True
2026/02/06 10:39:15 Found  worker-6 Online= True
2026/02/06 10:39:15 Found  worker-4 Online= True
2026/02/06 10:39:15 Found  worker-6 Online= True
2026/02/06 10:39:15 Found  worker-0 Online= True
2026/02/06 10:39:15 Found  worker-2 Online= True
2026/02/06 10:39:15 Found  worker-4 Online= True
2026/02/06 10:39:15 Found  worker-5 Online= True
2026/02/06 10:39:15 Found  worker-3 Online= True
2026/02/06 10:39:15 Found  manager-0 Online= True
2026/02/06 10:39:15 Found  worker-1 Online= True
2026/02/06 10:39:16 Found  worker-3 Online= True
2026/02/06 10:39:17 Found  worker-5 Online= True
2026/02/06 10:39:25 Found  worker-1 Online= True
2026/02/06 10:39:25 Found  worker-6 Online= True
2026/02/06 10:39:25 Found  worker-0 Online= True
2026/02/06 10:39:25 Found  worker-2 Online= True
2026/02/06 10:39:25 Found  worker-4 Online= True
2026/02/06 10:39:25 Found  worker-5 Online= True
2026/02/06 10:39:25 Found  worker-3 Online= True
2026/02/06 10:39:25 Found  manager-0 Online= True
2026/02/06 10:39:35 Found  worker-0 Online= True
2026/02/06 10:39:35 Found  worker-2 Online= True
2026/02/06 10:39:35 Found  worker-4 Online= True
2026/02/06 10:39:35 Found  worker-5 Online= True
2026/02/06 10:39:35 Found  worker-3 Online= True
2026/02/06 10:39:35 Found  manager-0 Online= True
2026/02/06 10:39:35 Found  worker-1 Online= True
2026/02/06 10:39:35 Found  worker-6 Online= True
2026/02/06 10:39:45 Found  manager-0 Online= True
2026/02/06 10:39:45 Found  worker-1 Online= True
2026/02/06 10:39:45 Found  worker-6 Online= True
2026/02/06 10:39:45 Found  worker-0 Online= True
2026/02/06 10:39:45 Found  worker-2 Online= True
2026/02/06 10:39:45 Found  worker-4 Online= True
2026/02/06 10:39:45 Found  worker-5 Online= True
2026/02/06 10:39:45 Found  worker-3 Online= True
2026/02/06 10:39:55 Found  worker-1 Online= True
2026/02/06 10:39:55 Found  worker-6 Online= True
2026/02/06 10:39:55 Found  worker-0 Online= True
2026/02/06 10:39:55 Found  worker-2 Online= True
2026/02/06 10:39:55 Found  worker-4 Online= True
2026/02/06 10:39:55 Found  worker-5 Online= True
2026/02/06 10:39:55 Found  worker-3 Online= True
2026/02/06 10:39:55 Found  manager-0 Online= True
Best value:  +1.000000e+003
2026/02/06 10:39:59 INCONSISTENCE: Pod assigned to node: worker-5 but pod is assigned to node: worker-0
2026/02/06 10:39:59 INCONSISTENCE: Pod assigned to node: worker-6 but pod is assigned to node: worker-4
2026/02/06 10:39:59 INCONSISTENCE: Pod assigned to node: worker-6 but pod is assigned to node: manager-0
2026/02/06 10:39:59 INCONSISTENCE: Pod assigned to node: worker-2 but pod is assigned to node: manager-0
2026/02/06 10:39:59 INCONSISTENCE: Pod assigned to node: worker-5 but pod is assigned to node: manager-0
2026/02/06 10:39:59 INCONSISTENCE: Pod assigned to node: worker-3 but pod is assigned to node: manager-0
2026/02/06 10:39:59 INCONSISTENCE: Pod assigned to node: manager-0 but pod is assigned to node: worker-3
Best value:  +5.000000e+002
2026/02/06 10:39:59 INCONSISTENCE: Pod assigned to node: worker-1 but pod is assigned to node: worker-3
2026/02/06 10:39:59 INCONSISTENCE: Pod assigned to node: worker-1 but pod is assigned to node: worker-0
2026/02/06 10:39:59 INCONSISTENCE: Pod assigned to node: worker-6 but pod is assigned to node: worker-4
2026/02/06 10:39:59 INCONSISTENCE: Pod assigned to node: worker-2 but pod is assigned to node: manager-0
2026/02/06 10:39:59 INCONSISTENCE: Pod assigned to node: worker-6 but pod is assigned to node: manager-0
2026/02/06 10:39:59 INCONSISTENCE: Pod assigned to node: worker-5 but pod is assigned to node: manager-0
2026/02/06 10:39:59 INCONSISTENCE: Pod assigned to node: worker-0 but pod is assigned to node: manager-0
Best value:  +1.500000e+003
2026/02/06 10:40:00 INCONSISTENCE: Pod assigned to node: manager-0 but pod is assigned to node: worker-4
2026/02/06 10:40:00 INCONSISTENCE: Pod assigned to node: worker-6 but pod is assigned to node: manager-0
2026/02/06 10:40:00 INCONSISTENCE: Pod assigned to node: worker-4 but pod is assigned to node: manager-0
2026/02/06 10:40:00 INCONSISTENCE: Pod assigned to node: worker-4 but pod is assigned to node: manager-0
2026/02/06 10:40:00 INCONSISTENCE: Pod assigned to node: worker-5 but pod is assigned to node: manager-0
2026/02/06 10:40:00 INCONSISTENCE: Pod assigned to node: worker-0 but pod is assigned to node: worker-3
2026/02/06 10:40:05 Found  worker-2 Online= True
2026/02/06 10:40:05 Found  worker-4 Online= True
2026/02/06 10:40:05 Found  worker-5 Online= True
2026/02/06 10:40:05 Found  worker-3 Online= True
2026/02/06 10:40:05 Found  manager-0 Online= True
2026/02/06 10:40:05 Found  worker-1 Online= True
2026/02/06 10:40:05 Found  worker-6 Online= True
2026/02/06 10:40:05 Found  worker-0 Online= True
Best value:  +1.000000e+003
2026/02/06 10:40:06 INCONSISTENCE: Pod assigned to node: worker-1 but pod is assigned to node: manager-0
2026/02/06 10:40:06 INCONSISTENCE: Pod assigned to node: worker-4 but pod is assigned to node: manager-0
2026/02/06 10:40:06 INCONSISTENCE: Pod assigned to node: worker-5 but pod is assigned to node: worker-3
2026/02/06 10:40:06 INCONSISTENCE: Pod assigned to node: worker-6 but pod is assigned to node: worker-3
2026/02/06 10:40:06 INCONSISTENCE: Pod assigned to node: worker-5 but pod is assigned to node: worker-0
2026/02/06 10:40:06 INCONSISTENCE: Pod assigned to node: worker-1 but pod is assigned to node: worker-4
2026/02/06 10:40:06 INCONSISTENCE: Pod assigned to node: worker-2 but pod is assigned to node: worker-1
2026/02/06 10:40:06 INCONSISTENCE: Pod assigned to node: worker-5 but pod is assigned to node: worker-4
2026/02/06 10:40:06 INCONSISTENCE: Pod assigned to node: worker-4 but pod is assigned to node: manager-0
Best value:  +1.500000e+003
2026/02/06 10:40:07 INCONSISTENCE: Pod assigned to node: manager-0 but pod is assigned to node: worker-4
2026/02/06 10:40:07 INCONSISTENCE: Pod assigned to node: worker-3 but pod is assigned to node: manager-0
2026/02/06 10:40:07 INCONSISTENCE: Pod assigned to node: worker-2 but pod is assigned to node: manager-0
2026/02/06 10:40:07 INCONSISTENCE: Pod assigned to node: worker-1 but pod is assigned to node: manager-0
2026/02/06 10:40:07 INCONSISTENCE: Pod assigned to node: worker-2 but pod is assigned to node: manager-0
2026/02/06 10:40:07 INCONSISTENCE: Pod assigned to node: worker-2 but pod is assigned to node: worker-3
2026/02/06 10:40:07 INCONSISTENCE: Pod assigned to node: worker-6 but pod is assigned to node: worker-4
2026/02/06 10:40:07 INCONSISTENCE: Pod assigned to node: worker-6 but pod is assigned to node: worker-1
Best value:  +2.000000e+003
2026/02/06 10:40:12 INCONSISTENCE: Pod assigned to node: manager-0 but pod is assigned to node: worker-4
2026/02/06 10:40:12 INCONSISTENCE: Pod assigned to node: worker-4 but pod is assigned to node: manager-0
2026/02/06 10:40:12 INCONSISTENCE: Pod assigned to node: worker-4 but pod is assigned to node: manager-0
2026/02/06 10:40:12 INCONSISTENCE: Pod assigned to node: worker-2 but pod is assigned to node: manager-0
2026/02/06 10:40:12 INCONSISTENCE: Pod assigned to node: worker-2 but pod is assigned to node: worker-3
2026/02/06 10:40:12 INCONSISTENCE: Pod assigned to node: worker-6 but pod is assigned to node: worker-0
2026/02/06 10:40:12 INCONSISTENCE: Pod assigned to node: worker-2 but pod is assigned to node: worker-4
2026/02/06 10:40:12 INCONSISTENCE: Pod assigned to node: worker-2 but pod is assigned to node: worker-1
2026/02/06 10:40:12 INCONSISTENCE: Pod assigned to node: worker-4 but pod is assigned to node: worker-0
2026/02/06 10:40:12 INCONSISTENCE: Pod assigned to node: manager-0 but pod is assigned to node: worker-6
Best value:  +1.500000e+003
2026/02/06 10:40:12 INCONSISTENCE: Pod assigned to node: worker-5 but pod is assigned to node: worker-3
2026/02/06 10:40:12 INCONSISTENCE: Pod assigned to node: worker-1 but pod is assigned to node: worker-4
2026/02/06 10:40:12 INCONSISTENCE: Pod assigned to node: worker-2 but pod is assigned to node: worker-1
2026/02/06 10:40:12 INCONSISTENCE: Pod assigned to node: worker-4 but pod is assigned to node: worker-0
2026/02/06 10:40:12 INCONSISTENCE: Pod assigned to node: worker-0 but pod is assigned to node: worker-6
2026/02/06 10:40:13 INCONSISTENCE: Pod assigned to node: worker-6 but pod is assigned to node: worker-4
2026/02/06 10:40:13 INCONSISTENCE: Pod assigned to node: worker-0 but pod is assigned to node: manager-0
2026/02/06 10:40:13 INCONSISTENCE: Pod assigned to node: worker-1 but pod is assigned to node: manager-0
2026/02/06 10:40:13 INCONSISTENCE: Pod assigned to node: worker-1 but pod is assigned to node: manager-0
2026/02/06 10:40:13 INCONSISTENCE: Pod assigned to node: worker-3 but pod is assigned to node: manager-0
2026/02/06 10:40:13 INCONSISTENCE: Pod assigned to node: worker-6 but pod is assigned to node: worker-3
2026/02/06 10:40:15 Found  worker-0 Online= True
2026/02/06 10:40:15 Found  manager-0 Online= True
2026/02/06 10:40:15 Found  worker-1 Online= True
2026/02/06 10:40:15 Found  worker-6 Online= True
2026/02/06 10:40:15 Found  worker-0 Online= True
2026/02/06 10:40:15 Found  worker-2 Online= True
2026/02/06 10:40:15 Found  worker-4 Online= True
2026/02/06 10:40:15 Found  worker-5 Online= True
2026/02/06 10:40:15 Found  worker-3 Online= True
2026/02/06 10:40:16 Found  worker-1 Online= True
2026/02/06 10:40:16 Found  worker-6 Online= True
2026/02/06 10:40:17 Found  worker-4 Online= True
2026/02/06 10:40:17 Found  manager-0 Online= True
2026/02/06 10:40:18 Found  worker-3 Online= True
2026/02/06 10:40:25 Found  worker-0 Online= True
2026/02/06 10:40:25 Found  worker-2 Online= True
2026/02/06 10:40:25 Found  worker-4 Online= True
2026/02/06 10:40:25 Found  worker-5 Online= True
2026/02/06 10:40:25 Found  worker-3 Online= True
2026/02/06 10:40:25 Found  manager-0 Online= True
2026/02/06 10:40:25 Found  worker-1 Online= True
2026/02/06 10:40:25 Found  worker-6 Online= True
2026/02/06 10:40:35 Found  worker-0 Online= True
2026/02/06 10:40:35 Found  worker-2 Online= True
2026/02/06 10:40:35 Found  worker-4 Online= True
2026/02/06 10:40:35 Found  worker-5 Online= True
2026/02/06 10:40:35 Found  worker-3 Online= True
2026/02/06 10:40:35 Found  manager-0 Online= True
2026/02/06 10:40:35 Found  worker-1 Online= True
2026/02/06 10:40:35 Found  worker-6 Online= True
2026/02/06 10:40:45 Found  worker-0 Online= True
2026/02/06 10:40:45 Found  worker-2 Online= True
2026/02/06 10:40:45 Found  worker-4 Online= True
2026/02/06 10:40:45 Found  worker-5 Online= True
2026/02/06 10:40:45 Found  worker-3 Online= True
2026/02/06 10:40:45 Found  manager-0 Online= True
2026/02/06 10:40:45 Found  worker-1 Online= True
2026/02/06 10:40:45 Found  worker-6 Online= True
2026/02/06 10:40:55 Found  worker-0 Online= True
2026/02/06 10:40:55 Found  worker-2 Online= True
2026/02/06 10:40:55 Found  worker-4 Online= True
2026/02/06 10:40:55 Found  worker-5 Online= True
2026/02/06 10:40:55 Found  worker-3 Online= True
2026/02/06 10:40:55 Found  manager-0 Online= True
2026/02/06 10:40:55 Found  worker-1 Online= True
2026/02/06 10:40:55 Found  worker-6 Online= True
2026/02/06 10:41:05 Found  manager-0 Online= True
2026/02/06 10:41:05 Found  worker-1 Online= True
2026/02/06 10:41:05 Found  worker-6 Online= True
2026/02/06 10:41:05 Found  worker-0 Online= True
2026/02/06 10:41:05 Found  worker-2 Online= True
2026/02/06 10:41:05 Found  worker-4 Online= True
2026/02/06 10:41:05 Found  worker-5 Online= True
2026/02/06 10:41:05 Found  worker-3 Online= True
2026/02/06 10:41:15 Found  worker-0 Online= True
2026/02/06 10:41:15 Found  worker-2 Online= True
2026/02/06 10:41:15 Found  worker-4 Online= True
2026/02/06 10:41:15 Found  worker-5 Online= True
2026/02/06 10:41:15 Found  worker-3 Online= True
2026/02/06 10:41:15 Found  manager-0 Online= True
2026/02/06 10:41:15 Found  worker-1 Online= True
2026/02/06 10:41:15 Found  worker-6 Online= True
2026/02/06 10:41:25 Found  worker-0 Online= True
2026/02/06 10:41:25 Found  worker-2 Online= True
2026/02/06 10:41:25 Found  worker-4 Online= True
2026/02/06 10:41:25 Found  worker-5 Online= True
2026/02/06 10:41:25 Found  worker-3 Online= True
2026/02/06 10:41:25 Found  manager-0 Online= True
2026/02/06 10:41:25 Found  worker-1 Online= True
2026/02/06 10:41:25 Found  worker-6 Online= True
2026/02/06 10:41:35 Found  worker-1 Online= True
2026/02/06 10:41:35 Found  worker-6 Online= True
2026/02/06 10:41:35 Found  worker-0 Online= True
2026/02/06 10:41:35 Found  worker-2 Online= True
2026/02/06 10:41:35 Found  worker-4 Online= True
2026/02/06 10:41:35 Found  worker-5 Online= True
2026/02/06 10:41:35 Found  worker-3 Online= True
2026/02/06 10:41:35 Found  manager-0 Online= True
2026/02/06 10:41:45 Found  worker-5 Online= True
2026/02/06 10:41:45 Found  worker-3 Online= True
2026/02/06 10:41:45 Found  manager-0 Online= True
2026/02/06 10:41:45 Found  worker-1 Online= True
2026/02/06 10:41:45 Found  worker-6 Online= True
2026/02/06 10:41:45 Found  worker-0 Online= True
2026/02/06 10:41:45 Found  worker-2 Online= True
2026/02/06 10:41:45 Found  worker-4 Online= True
2026/02/06 10:41:55 Found  worker-5 Online= True
2026/02/06 10:41:55 Found  worker-3 Online= True
2026/02/06 10:41:55 Found  manager-0 Online= True
2026/02/06 10:41:55 Found  worker-1 Online= True
2026/02/06 10:41:55 Found  worker-6 Online= True
2026/02/06 10:41:55 Found  worker-0 Online= True
2026/02/06 10:41:55 Found  worker-2 Online= True
2026/02/06 10:41:55 Found  worker-4 Online= True
2026/02/06 10:42:05 Found  worker-0 Online= True
2026/02/06 10:42:05 Found  worker-2 Online= True
2026/02/06 10:42:05 Found  worker-4 Online= True
2026/02/06 10:42:05 Found  worker-5 Online= True
2026/02/06 10:42:05 Found  worker-3 Online= True
2026/02/06 10:42:05 Found  manager-0 Online= True
2026/02/06 10:42:05 Found  worker-1 Online= True
2026/02/06 10:42:05 Found  worker-6 Online= True
2026/02/06 10:42:15 Found  worker-1 Online= True
2026/02/06 10:42:15 Found  worker-6 Online= True
2026/02/06 10:42:15 Found  worker-0 Online= True
2026/02/06 10:42:15 Found  worker-2 Online= True
2026/02/06 10:42:15 Found  worker-4 Online= True
2026/02/06 10:42:15 Found  worker-5 Online= True
2026/02/06 10:42:15 Found  worker-3 Online= True
2026/02/06 10:42:15 Found  manager-0 Online= True
2026/02/06 10:42:25 Found  worker-0 Online= True
2026/02/06 10:42:25 Found  worker-2 Online= True
2026/02/06 10:42:25 Found  worker-4 Online= True
2026/02/06 10:42:25 Found  worker-5 Online= True
2026/02/06 10:42:25 Found  worker-3 Online= True
2026/02/06 10:42:25 Found  manager-0 Online= True
2026/02/06 10:42:25 Found  worker-1 Online= True
2026/02/06 10:42:25 Found  worker-6 Online= True
2026/02/06 10:42:35 Found  worker-0 Online= True
2026/02/06 10:42:35 Found  worker-2 Online= True
2026/02/06 10:42:35 Found  worker-4 Online= True
2026/02/06 10:42:35 Found  worker-5 Online= True
2026/02/06 10:42:35 Found  worker-3 Online= True
2026/02/06 10:42:35 Found  manager-0 Online= True
2026/02/06 10:42:35 Found  worker-1 Online= True
2026/02/06 10:42:35 Found  worker-6 Online= True
2026/02/06 10:42:45 Found  manager-0 Online= True
2026/02/06 10:42:45 Found  worker-1 Online= True
2026/02/06 10:42:45 Found  worker-6 Online= True
2026/02/06 10:42:45 Found  worker-0 Online= True
2026/02/06 10:42:45 Found  worker-2 Online= True
2026/02/06 10:42:45 Found  worker-4 Online= True
2026/02/06 10:42:45 Found  worker-5 Online= True
2026/02/06 10:42:45 Found  worker-3 Online= True
2026/02/06 10:42:55 Found  worker-2 Online= True
2026/02/06 10:42:55 Found  worker-4 Online= True
2026/02/06 10:42:55 Found  worker-5 Online= True
2026/02/06 10:42:55 Found  worker-3 Online= True
2026/02/06 10:42:55 Found  manager-0 Online= True
2026/02/06 10:42:55 Found  worker-1 Online= True
2026/02/06 10:42:55 Found  worker-6 Online= True
2026/02/06 10:42:55 Found  worker-0 Online= True
2026/02/06 10:43:05 Found  worker-5 Online= True
2026/02/06 10:43:05 Found  worker-3 Online= True
2026/02/06 10:43:05 Found  manager-0 Online= True
2026/02/06 10:43:05 Found  worker-1 Online= True
2026/02/06 10:43:05 Found  worker-6 Online= True
2026/02/06 10:43:05 Found  worker-0 Online= True
2026/02/06 10:43:05 Found  worker-2 Online= True
2026/02/06 10:43:05 Found  worker-4 Online= True
2026/02/06 10:43:08 Found  worker-1 Online= Unknown
2026/02/06 10:43:08 Found  worker-1 Online= Unknown
Best value:  +2.000000e+003
2026/02/06 10:43:09 INCONSISTENCE: Pod assigned to node: worker-2 but pod is assigned to node: worker-4
2026/02/06 10:43:09 INCONSISTENCE: Pod assigned to node: worker-3 but pod is assigned to node: manager-0
2026/02/06 10:43:09 INCONSISTENCE: Pod assigned to node: worker-2 but pod is assigned to node: manager-0
2026/02/06 10:43:09 INCONSISTENCE: Pod assigned to node: worker-5 but pod is assigned to node: manager-0
2026/02/06 10:43:09 INCONSISTENCE: Pod assigned to node: worker-5 but pod is assigned to node: manager-0
2026/02/06 10:43:09 INCONSISTENCE: Pod assigned to node: manager-0 but pod is assigned to node: worker-3
2026/02/06 10:43:09 INCONSISTENCE: Pod assigned to node: worker-2 but pod is assigned to node: worker-3
2026/02/06 10:43:09 INCONSISTENCE: Pod assigned to node: manager-0 but pod is assigned to node: worker-0
2026/02/06 10:43:09 INCONSISTENCE: Pod assigned to node: worker-0 but pod is assigned to node: worker-4
2026/02/06 10:43:09 INCONSISTENCE: Pod assigned to node: worker-2 but pod is assigned to node: worker-0
2026/02/06 10:43:09 INCONSISTENCE: Pod assigned to node: worker-4 but pod is assigned to node: worker-6
Best value:  +1.500000e+003
2026/02/06 10:43:09 INCONSISTENCE: Pod assigned to node: worker-4 but pod is assigned to node: worker-3
2026/02/06 10:43:09 INCONSISTENCE: Pod assigned to node: worker-2 but pod is assigned to node: worker-3
2026/02/06 10:43:09 INCONSISTENCE: Pod assigned to node: worker-2 but pod is assigned to node: worker-0
2026/02/06 10:43:09 INCONSISTENCE: Pod assigned to node: worker-2 but pod is assigned to node: worker-4
2026/02/06 10:43:09 INCONSISTENCE: Pod assigned to node: worker-4 but pod is assigned to node: worker-0
2026/02/06 10:43:09 INCONSISTENCE: Pod assigned to node: worker-3 but pod is assigned to node: manager-0
2026/02/06 10:43:09 INCONSISTENCE: Pod assigned to node: worker-3 but pod is assigned to node: worker-4
2026/02/06 10:43:09 INCONSISTENCE: Pod assigned to node: worker-5 but pod is assigned to node: manager-0
2026/02/06 10:43:09 INCONSISTENCE: Pod assigned to node: worker-2 but pod is assigned to node: manager-0
2026/02/06 10:43:09 INCONSISTENCE: Pod assigned to node: worker-4 but pod is assigned to node: manager-0
2026/02/06 10:43:13 Found  worker-1 Online= Unknown
2026/02/06 10:43:15 Found  worker-2 Online= True
2026/02/06 10:43:15 Found  worker-4 Online= True
2026/02/06 10:43:15 Found  worker-5 Online= True
2026/02/06 10:43:15 Found  worker-3 Online= True
2026/02/06 10:43:15 Found  manager-0 Online= True
2026/02/06 10:43:15 Found  worker-1 Online= Unknown
2026/02/06 10:43:15 Found  worker-6 Online= True
2026/02/06 10:43:15 Found  worker-0 Online= True
2026/02/06 10:43:20 Found  worker-2 Online= True
2026/02/06 10:43:20 Found  worker-1 Online= True
2026/02/06 10:43:20 Found  worker-1 Online= True
2026/02/06 10:43:21 Found  worker-3 Online= True
Pod deleted: app-3-server-98b5c9cd7-sxrx2
Pod deleted: app-5-server-5845d7f799-r556w
2026/02/06 10:43:23 Found  worker-1 Online= True
2026/02/06 10:43:25 Found  worker-0 Online= True
2026/02/06 10:43:25 Found  worker-2 Online= True
2026/02/06 10:43:25 Found  worker-4 Online= True
2026/02/06 10:43:25 Found  worker-5 Online= True
2026/02/06 10:43:25 Found  worker-3 Online= True
2026/02/06 10:43:25 Found  manager-0 Online= True
2026/02/06 10:43:25 Found  worker-1 Online= True
2026/02/06 10:43:25 Found  worker-6 Online= True
2026/02/06 10:43:35 Found  worker-1 Online= True
2026/02/06 10:43:35 Found  worker-6 Online= True
2026/02/06 10:43:35 Found  worker-0 Online= True
2026/02/06 10:43:35 Found  worker-2 Online= True
2026/02/06 10:43:35 Found  worker-4 Online= True
2026/02/06 10:43:35 Found  worker-5 Online= True
2026/02/06 10:43:35 Found  worker-3 Online= True
2026/02/06 10:43:35 Found  manager-0 Online= True
2026/02/06 10:43:45 Found  worker-0 Online= True
2026/02/06 10:43:45 Found  worker-2 Online= True
2026/02/06 10:43:45 Found  worker-4 Online= True
2026/02/06 10:43:45 Found  worker-5 Online= True
2026/02/06 10:43:45 Found  worker-3 Online= True
2026/02/06 10:43:45 Found  manager-0 Online= True
2026/02/06 10:43:45 Found  worker-1 Online= True
2026/02/06 10:43:45 Found  worker-6 Online= True
2026/02/06 10:43:55 Found  worker-1 Online= True
2026/02/06 10:43:55 Found  worker-6 Online= True
2026/02/06 10:43:55 Found  worker-0 Online= True
2026/02/06 10:43:55 Found  worker-2 Online= True
2026/02/06 10:43:55 Found  worker-4 Online= True
2026/02/06 10:43:55 Found  worker-5 Online= True
2026/02/06 10:43:55 Found  worker-3 Online= True
2026/02/06 10:43:55 Found  manager-0 Online= True
2026/02/06 10:44:05 Found  manager-0 Online= True
2026/02/06 10:44:05 Found  worker-1 Online= True
2026/02/06 10:44:05 Found  worker-6 Online= True
2026/02/06 10:44:05 Found  worker-0 Online= True
2026/02/06 10:44:05 Found  worker-2 Online= True
2026/02/06 10:44:05 Found  worker-4 Online= True
2026/02/06 10:44:05 Found  worker-5 Online= True
2026/02/06 10:44:05 Found  worker-3 Online= True
2026/02/06 10:44:15 Found  worker-0 Online= True
2026/02/06 10:44:15 Found  worker-2 Online= True
2026/02/06 10:44:15 Found  worker-4 Online= True
2026/02/06 10:44:15 Found  worker-5 Online= True
2026/02/06 10:44:15 Found  worker-3 Online= True
2026/02/06 10:44:15 Found  manager-0 Online= True
2026/02/06 10:44:15 Found  worker-1 Online= True
2026/02/06 10:44:15 Found  worker-6 Online= True
2026/02/06 10:44:24 Found  worker-5 Online= True
2026/02/06 10:44:25 Found  worker-6 Online= True
2026/02/06 10:44:25 Found  worker-0 Online= True
2026/02/06 10:44:25 Found  worker-2 Online= True
2026/02/06 10:44:25 Found  worker-4 Online= True
2026/02/06 10:44:25 Found  worker-5 Online= True
2026/02/06 10:44:25 Found  worker-3 Online= True
2026/02/06 10:44:25 Found  manager-0 Online= True
2026/02/06 10:44:25 Found  worker-1 Online= True
2026/02/06 10:44:35 Found  worker-0 Online= True
2026/02/06 10:44:35 Found  worker-2 Online= True
2026/02/06 10:44:35 Found  worker-4 Online= True
2026/02/06 10:44:35 Found  worker-5 Online= True
2026/02/06 10:44:35 Found  worker-3 Online= True
2026/02/06 10:44:35 Found  manager-0 Online= True
2026/02/06 10:44:35 Found  worker-1 Online= True
2026/02/06 10:44:35 Found  worker-6 Online= True
2026/02/06 10:44:45 Found  worker-6 Online= True
2026/02/06 10:44:45 Found  worker-0 Online= True
2026/02/06 10:44:45 Found  worker-2 Online= True
2026/02/06 10:44:45 Found  worker-4 Online= True
2026/02/06 10:44:45 Found  worker-5 Online= True
2026/02/06 10:44:45 Found  worker-3 Online= True
2026/02/06 10:44:45 Found  manager-0 Online= True
2026/02/06 10:44:45 Found  worker-1 Online= True
2026/02/06 10:44:55 Found  worker-0 Online= True
2026/02/06 10:44:55 Found  worker-2 Online= True
2026/02/06 10:44:55 Found  worker-4 Online= True
2026/02/06 10:44:55 Found  worker-5 Online= True
2026/02/06 10:44:55 Found  worker-3 Online= True
2026/02/06 10:44:55 Found  manager-0 Online= True
2026/02/06 10:44:55 Found  worker-1 Online= True
2026/02/06 10:44:55 Found  worker-6 Online= True
2026/02/06 10:45:05 Found  worker-3 Online= True
2026/02/06 10:45:05 Found  manager-0 Online= True
2026/02/06 10:45:05 Found  worker-1 Online= True
2026/02/06 10:45:05 Found  worker-6 Online= True
2026/02/06 10:45:05 Found  worker-0 Online= True
2026/02/06 10:45:05 Found  worker-2 Online= True
2026/02/06 10:45:05 Found  worker-4 Online= True
2026/02/06 10:45:05 Found  worker-5 Online= True
2026/02/06 10:45:15 Found  worker-0 Online= True
2026/02/06 10:45:15 Found  worker-2 Online= True
2026/02/06 10:45:15 Found  worker-4 Online= True
2026/02/06 10:45:15 Found  worker-5 Online= True
2026/02/06 10:45:15 Found  worker-3 Online= True
2026/02/06 10:45:15 Found  manager-0 Online= True
2026/02/06 10:45:15 Found  worker-1 Online= True
2026/02/06 10:45:15 Found  worker-6 Online= True
2026/02/06 10:45:21 Found  worker-0 Online= True
2026/02/06 10:45:22 Found  worker-6 Online= True
2026/02/06 10:45:23 Found  worker-4 Online= True
2026/02/06 10:45:23 Found  manager-0 Online= True
2026/02/06 10:45:25 Found  manager-0 Online= True
2026/02/06 10:45:25 Found  worker-1 Online= True
2026/02/06 10:45:25 Found  worker-6 Online= True
2026/02/06 10:45:25 Found  worker-0 Online= True
2026/02/06 10:45:25 Found  worker-2 Online= True
2026/02/06 10:45:25 Found  worker-4 Online= True
2026/02/06 10:45:25 Found  worker-5 Online= True
2026/02/06 10:45:25 Found  worker-3 Online= True
2026/02/06 10:45:35 Found  worker-6 Online= True
2026/02/06 10:45:35 Found  worker-0 Online= True
2026/02/06 10:45:35 Found  worker-2 Online= True
2026/02/06 10:45:35 Found  worker-4 Online= True
2026/02/06 10:45:35 Found  worker-5 Online= True
2026/02/06 10:45:35 Found  worker-3 Online= True
2026/02/06 10:45:35 Found  manager-0 Online= True
2026/02/06 10:45:35 Found  worker-1 Online= True
2026/02/06 10:45:45 Found  manager-0 Online= True
2026/02/06 10:45:45 Found  worker-1 Online= True
2026/02/06 10:45:45 Found  worker-6 Online= True
2026/02/06 10:45:45 Found  worker-0 Online= True
2026/02/06 10:45:45 Found  worker-2 Online= True
2026/02/06 10:45:45 Found  worker-4 Online= True
2026/02/06 10:45:45 Found  worker-5 Online= True
2026/02/06 10:45:45 Found  worker-3 Online= True
2026/02/06 10:45:55 Found  worker-0 Online= True
2026/02/06 10:45:55 Found  worker-2 Online= True
2026/02/06 10:45:55 Found  worker-4 Online= True
2026/02/06 10:45:55 Found  worker-5 Online= True
2026/02/06 10:45:55 Found  worker-3 Online= True
2026/02/06 10:45:55 Found  manager-0 Online= True
2026/02/06 10:45:55 Found  worker-1 Online= True
2026/02/06 10:45:55 Found  worker-6 Online= True
2026/02/06 10:46:03 Found  worker-1 Online= Unknown
2026/02/06 10:46:03 Found  worker-1 Online= Unknown
2026/02/06 10:46:05 Found  worker-3 Online= True
2026/02/06 10:46:05 Found  manager-0 Online= True
2026/02/06 10:46:05 Found  worker-1 Online= Unknown
2026/02/06 10:46:05 Found  worker-6 Online= True
2026/02/06 10:46:05 Found  worker-0 Online= True
2026/02/06 10:46:05 Found  worker-2 Online= True
2026/02/06 10:46:05 Found  worker-4 Online= True
2026/02/06 10:46:05 Found  worker-5 Online= True
2026/02/06 10:46:08 Found  worker-1 Online= Unknown
2026/02/06 10:46:15 Found  manager-0 Online= True
2026/02/06 10:46:15 Found  worker-1 Online= Unknown
2026/02/06 10:46:15 Found  worker-6 Online= True
2026/02/06 10:46:15 Found  worker-0 Online= True
2026/02/06 10:46:15 Found  worker-2 Online= True
2026/02/06 10:46:15 Found  worker-4 Online= True
2026/02/06 10:46:15 Found  worker-5 Online= True
2026/02/06 10:46:15 Found  worker-3 Online= True
2026/02/06 10:46:19 Found  worker-1 Online= True
2026/02/06 10:46:19 Found  worker-1 Online= True
2026/02/06 10:46:23 Found  worker-1 Online= True
2026/02/06 10:46:25 Found  worker-0 Online= True
2026/02/06 10:46:25 Found  worker-2 Online= True
2026/02/06 10:46:25 Found  worker-4 Online= True
2026/02/06 10:46:25 Found  worker-5 Online= True
2026/02/06 10:46:25 Found  worker-3 Online= True
2026/02/06 10:46:25 Found  manager-0 Online= True
2026/02/06 10:46:25 Found  worker-1 Online= True
2026/02/06 10:46:25 Found  worker-6 Online= True
2026/02/06 10:46:35 Found  worker-6 Online= True
2026/02/06 10:46:35 Found  worker-0 Online= True
2026/02/06 10:46:35 Found  worker-2 Online= True
2026/02/06 10:46:35 Found  worker-4 Online= True
2026/02/06 10:46:35 Found  worker-5 Online= True
2026/02/06 10:46:35 Found  worker-3 Online= True
2026/02/06 10:46:35 Found  manager-0 Online= True
2026/02/06 10:46:35 Found  worker-1 Online= True
2026/02/06 10:46:45 Found  manager-0 Online= True
2026/02/06 10:46:45 Found  worker-1 Online= True
2026/02/06 10:46:45 Found  worker-6 Online= True
2026/02/06 10:46:45 Found  worker-0 Online= True
2026/02/06 10:46:45 Found  worker-2 Online= True
2026/02/06 10:46:45 Found  worker-4 Online= True
2026/02/06 10:46:45 Found  worker-5 Online= True
2026/02/06 10:46:45 Found  worker-3 Online= True
2026/02/06 10:46:55 Found  worker-0 Online= True
2026/02/06 10:46:55 Found  worker-2 Online= True
2026/02/06 10:46:55 Found  worker-4 Online= True
2026/02/06 10:46:55 Found  worker-5 Online= True
2026/02/06 10:46:55 Found  worker-3 Online= True
2026/02/06 10:46:55 Found  manager-0 Online= True
2026/02/06 10:46:55 Found  worker-1 Online= True
2026/02/06 10:46:55 Found  worker-6 Online= True
2026/02/06 10:47:05 Found  worker-6 Online= True
2026/02/06 10:47:05 Found  worker-0 Online= True
2026/02/06 10:47:05 Found  worker-2 Online= True
2026/02/06 10:47:05 Found  worker-4 Online= True
2026/02/06 10:47:05 Found  worker-5 Online= True
2026/02/06 10:47:05 Found  worker-3 Online= True
2026/02/06 10:47:05 Found  manager-0 Online= True
2026/02/06 10:47:05 Found  worker-1 Online= True
2026/02/06 10:47:15 Found  worker-0 Online= True
2026/02/06 10:47:15 Found  worker-2 Online= True
2026/02/06 10:47:15 Found  worker-4 Online= True
2026/02/06 10:47:15 Found  worker-5 Online= True
2026/02/06 10:47:15 Found  worker-3 Online= True
2026/02/06 10:47:15 Found  manager-0 Online= True
2026/02/06 10:47:15 Found  worker-1 Online= True
2026/02/06 10:47:15 Found  worker-6 Online= True
2026/02/06 10:47:25 Found  worker-0 Online= True
2026/02/06 10:47:25 Found  worker-2 Online= True
2026/02/06 10:47:25 Found  worker-4 Online= True
2026/02/06 10:47:25 Found  worker-5 Online= True
2026/02/06 10:47:25 Found  worker-3 Online= True
2026/02/06 10:47:25 Found  manager-0 Online= True
2026/02/06 10:47:25 Found  worker-1 Online= True
2026/02/06 10:47:25 Found  worker-6 Online= True
2026/02/06 10:47:35 Found  worker-2 Online= True
2026/02/06 10:47:35 Found  worker-4 Online= True
2026/02/06 10:47:35 Found  worker-5 Online= True
2026/02/06 10:47:35 Found  worker-3 Online= True
2026/02/06 10:47:35 Found  manager-0 Online= True
2026/02/06 10:47:35 Found  worker-1 Online= True
2026/02/06 10:47:35 Found  worker-6 Online= True
2026/02/06 10:47:35 Found  worker-0 Online= True
2026/02/06 10:47:45 Found  worker-0 Online= True
2026/02/06 10:47:45 Found  worker-2 Online= True
2026/02/06 10:47:45 Found  worker-4 Online= True
2026/02/06 10:47:45 Found  worker-5 Online= True
2026/02/06 10:47:45 Found  worker-3 Online= True
2026/02/06 10:47:45 Found  manager-0 Online= True
2026/02/06 10:47:45 Found  worker-1 Online= True
2026/02/06 10:47:45 Found  worker-6 Online= True
2026/02/06 10:47:55 Found  worker-0 Online= True
2026/02/06 10:47:55 Found  worker-2 Online= True
2026/02/06 10:47:55 Found  worker-4 Online= True
2026/02/06 10:47:55 Found  worker-5 Online= True
2026/02/06 10:47:55 Found  worker-3 Online= True
2026/02/06 10:47:55 Found  manager-0 Online= True
2026/02/06 10:47:55 Found  worker-1 Online= True
2026/02/06 10:47:55 Found  worker-6 Online= True
2026/02/06 10:48:05 Found  worker-0 Online= True
2026/02/06 10:48:05 Found  worker-2 Online= True
2026/02/06 10:48:05 Found  worker-4 Online= True
2026/02/06 10:48:05 Found  worker-5 Online= True
2026/02/06 10:48:05 Found  worker-3 Online= True
2026/02/06 10:48:05 Found  manager-0 Online= True
2026/02/06 10:48:05 Found  worker-1 Online= True
2026/02/06 10:48:05 Found  worker-6 Online= True
2026/02/06 10:48:15 Found  worker-6 Online= True
2026/02/06 10:48:15 Found  worker-0 Online= True
2026/02/06 10:48:15 Found  worker-2 Online= True
2026/02/06 10:48:15 Found  worker-4 Online= True
2026/02/06 10:48:15 Found  worker-5 Online= True
2026/02/06 10:48:15 Found  worker-3 Online= True
2026/02/06 10:48:15 Found  manager-0 Online= True
2026/02/06 10:48:15 Found  worker-1 Online= True
2026/02/06 10:48:25 Found  worker-0 Online= True
2026/02/06 10:48:25 Found  worker-2 Online= True
2026/02/06 10:48:25 Found  worker-4 Online= True
2026/02/06 10:48:25 Found  worker-5 Online= True
2026/02/06 10:48:25 Found  worker-3 Online= True
2026/02/06 10:48:25 Found  manager-0 Online= True
2026/02/06 10:48:25 Found  worker-1 Online= True
2026/02/06 10:48:26 Found  worker-6 Online= True
2026/02/06 10:48:26 Found  worker-2 Online= True
2026/02/06 10:48:28 Found  worker-3 Online= True
2026/02/06 10:48:35 Found  worker-0 Online= True
2026/02/06 10:48:35 Found  worker-2 Online= True
2026/02/06 10:48:35 Found  worker-4 Online= True
2026/02/06 10:48:35 Found  worker-5 Online= True
2026/02/06 10:48:35 Found  worker-3 Online= True
2026/02/06 10:48:35 Found  manager-0 Online= True
2026/02/06 10:48:35 Found  worker-1 Online= True
2026/02/06 10:48:35 Found  worker-6 Online= True
2026/02/06 10:48:45 Found  worker-0 Online= True
2026/02/06 10:48:45 Found  worker-2 Online= True
2026/02/06 10:48:45 Found  worker-4 Online= True
2026/02/06 10:48:45 Found  worker-5 Online= True
2026/02/06 10:48:45 Found  worker-3 Online= True
2026/02/06 10:48:45 Found  manager-0 Online= True
2026/02/06 10:48:46 Found  worker-1 Online= True
2026/02/06 10:48:46 Found  worker-6 Online= True
2026/02/06 10:48:55 Found  worker-1 Online= True
2026/02/06 10:48:55 Found  worker-6 Online= True
2026/02/06 10:48:55 Found  worker-0 Online= True
2026/02/06 10:48:55 Found  worker-2 Online= True
2026/02/06 10:48:55 Found  worker-4 Online= True
2026/02/06 10:48:55 Found  worker-5 Online= True
2026/02/06 10:48:55 Found  worker-3 Online= True
2026/02/06 10:48:55 Found  manager-0 Online= True
2026/02/06 10:49:03 Found  worker-1 Online= Unknown
2026/02/06 10:49:03 Found  worker-1 Online= Unknown
2026/02/06 10:49:05 Found  worker-6 Online= True
2026/02/06 10:49:05 Found  worker-0 Online= True
2026/02/06 10:49:05 Found  worker-2 Online= True
2026/02/06 10:49:05 Found  worker-4 Online= True
2026/02/06 10:49:05 Found  worker-5 Online= True
2026/02/06 10:49:05 Found  worker-3 Online= True
2026/02/06 10:49:05 Found  manager-0 Online= True
2026/02/06 10:49:05 Found  worker-1 Online= Unknown
2026/02/06 10:49:09 Found  worker-1 Online= Unknown
2026/02/06 10:49:15 Found  worker-0 Online= True
2026/02/06 10:49:15 Found  worker-2 Online= True
2026/02/06 10:49:15 Found  worker-4 Online= True
2026/02/06 10:49:15 Found  worker-5 Online= True
2026/02/06 10:49:15 Found  worker-3 Online= True
2026/02/06 10:49:15 Found  manager-0 Online= True
2026/02/06 10:49:15 Found  worker-1 Online= Unknown
2026/02/06 10:49:15 Found  worker-6 Online= True
2026/02/06 10:49:19 Found  worker-1 Online= True
2026/02/06 10:49:19 Found  worker-1 Online= True
2026/02/06 10:49:24 Found  worker-1 Online= True
2026/02/06 10:49:25 Found  worker-0 Online= True
2026/02/06 10:49:25 Found  worker-2 Online= True
2026/02/06 10:49:25 Found  worker-4 Online= True
2026/02/06 10:49:25 Found  worker-5 Online= True
2026/02/06 10:49:25 Found  worker-3 Online= True
2026/02/06 10:49:25 Found  manager-0 Online= True
2026/02/06 10:49:25 Found  worker-1 Online= True
2026/02/06 10:49:25 Found  worker-6 Online= True
2026/02/06 10:49:31 Found  worker-5 Online= True
2026/02/06 10:49:35 Found  worker-0 Online= True
2026/02/06 10:49:35 Found  worker-2 Online= True
2026/02/06 10:49:35 Found  worker-4 Online= True
2026/02/06 10:49:35 Found  worker-5 Online= True
2026/02/06 10:49:35 Found  worker-3 Online= True
2026/02/06 10:49:35 Found  manager-0 Online= True
2026/02/06 10:49:36 Found  worker-1 Online= True
2026/02/06 10:49:36 Found  worker-6 Online= True
2026/02/06 10:49:45 Found  manager-0 Online= True
2026/02/06 10:49:45 Found  worker-1 Online= True
2026/02/06 10:49:45 Found  worker-6 Online= True
2026/02/06 10:49:45 Found  worker-0 Online= True
2026/02/06 10:49:45 Found  worker-2 Online= True
2026/02/06 10:49:45 Found  worker-4 Online= True
2026/02/06 10:49:46 Found  worker-5 Online= True
2026/02/06 10:49:46 Found  worker-3 Online= True
2026/02/06 10:49:55 Found  worker-0 Online= True
2026/02/06 10:49:55 Found  worker-2 Online= True
2026/02/06 10:49:55 Found  worker-4 Online= True
2026/02/06 10:49:55 Found  worker-5 Online= True
2026/02/06 10:49:55 Found  worker-3 Online= True
2026/02/06 10:49:55 Found  manager-0 Online= True
2026/02/06 10:49:56 Found  worker-1 Online= True
2026/02/06 10:49:56 Found  worker-6 Online= True
2026/02/06 10:50:05 Found  worker-1 Online= True
2026/02/06 10:50:05 Found  worker-6 Online= True
2026/02/06 10:50:05 Found  worker-0 Online= True
2026/02/06 10:50:05 Found  worker-2 Online= True
2026/02/06 10:50:05 Found  worker-4 Online= True
2026/02/06 10:50:06 Found  worker-5 Online= True
2026/02/06 10:50:06 Found  worker-3 Online= True
2026/02/06 10:50:06 Found  manager-0 Online= True
