-----------------------------------------------------------
-----------------------------------------------------------
-----------------------------------------------------------
-----------------------------------------------------------
-----------------------------------------------------------
-----------------------------------------------------------
-----------------------------------------------------------
-----------------------------------------------------------
-----------------------------------------------------------
-----------------------------------------------------------
-----------------------------------------------------------
Server listening on 5002 (test #1)
-----------------------------------------------------------
Accepted connection from 10.42.2.3, port 47944
[  5] local 10.42.0.10 port 5002 connected to 10.42.2.3 port 47954
[ ID] Interval           Transfer     Bitrate
[  5]   0.00-1.00   sec  16.7 KBytes   137 Kbits/sec                  
[  5]   1.00-2.00   sec  23.7 KBytes   194 Kbits/sec                  
[  5]   2.00-3.00   sec  24.1 KBytes   197 Kbits/sec                  
[  5]   3.00-4.00   sec  23.5 KBytes   193 Kbits/sec                  
[  5]   4.00-5.00   sec  22.5 KBytes   184 Kbits/sec                  
[  5]   5.00-6.00   sec  25.3 KBytes   207 Kbits/sec                  
[  5]   6.00-7.00   sec  17.1 KBytes   140 Kbits/sec                  
[  5]   7.00-7.94   sec  17.7 KBytes   155 Kbits/sec                  
- - - - - - - - - - - - - - - - - - - - - - - - -
[ ID] Interval           Transfer     Bitrate
[  5]   0.00-7.94   sec   171 KBytes   176 Kbits/sec                  receiver
Server listening on 5003 (test #1)
-----------------------------------------------------------
Accepted connection from 10.42.3.3, port 39308
[  5] local 10.42.0.10 port 5003 connected to 10.42.3.3 port 39324
[ ID] Interval           Transfer     Bitrate
[  5]   0.00-1.00   sec  21.3 KBytes   175 Kbits/sec                  
[  5]   1.00-2.00   sec  24.9 KBytes   204 Kbits/sec                  
[  5]   2.00-3.00   sec  22.5 KBytes   184 Kbits/sec                  
[  5]   3.00-4.00   sec  23.9 KBytes   196 Kbits/sec                  
[  5]   4.00-5.00   sec  23.9 KBytes   196 Kbits/sec                  
[  5]   5.00-6.00   sec  18.5 KBytes   152 Kbits/sec                  
[  5]   6.00-7.00   sec  17.9 KBytes   147 Kbits/sec                  
[  5]   7.00-7.74   sec  16.5 KBytes   183 Kbits/sec                  
- - - - - - - - - - - - - - - - - - - - - - - - -
[ ID] Interval           Transfer     Bitrate
[  5]   0.00-7.74   sec   170 KBytes   179 Kbits/sec                  receiver
Server listening on 5004 (test #1)
-----------------------------------------------------------
Accepted connection from 10.42.1.3, port 35736
[  5] local 10.42.0.10 port 5004 connected to 10.42.1.3 port 35752
[ ID] Interval           Transfer     Bitrate
[  5]   0.00-1.00   sec  13.1 KBytes   108 Kbits/sec                  
[  5]   1.00-2.00   sec  16.1 KBytes   132 Kbits/sec                  
[  5]   2.00-3.00   sec  25.3 KBytes   207 Kbits/sec                  
[  5]   3.00-4.00   sec  34.7 KBytes   284 Kbits/sec                  
[  5]   4.00-5.00   sec  31.1 KBytes   255 Kbits/sec                  
[  5]   5.00-6.00   sec  24.5 KBytes   201 Kbits/sec                  
[  5]   6.00-7.00   sec  23.5 KBytes   193 Kbits/sec                  
[  5]   7.00-7.02   sec  1.39 KBytes   525 Kbits/sec                  
- - - - - - - - - - - - - - - - - - - - - - - - -
[ ID] Interval           Transfer     Bitrate
[  5]   0.00-7.02   sec   170 KBytes   198 Kbits/sec                  receiver
-----------------------------------------------------------
Server listening on 5002 (test #2)
-----------------------------------------------------------
Accepted connection from 10.42.3.3, port 37900
[  5] local 10.42.0.10 port 5002 connected to 10.42.3.3 port 37908
[ ID] Interval           Transfer     Bitrate
[  5]   0.00-1.00   sec  22.3 KBytes   183 Kbits/sec                  
[  5]   1.00-2.00   sec  24.9 KBytes   204 Kbits/sec                  
[  5]   2.00-3.00   sec  23.3 KBytes   191 Kbits/sec                  
[  5]   3.00-4.00   sec  25.1 KBytes   206 Kbits/sec                  
[  5]   4.00-5.00   sec  23.1 KBytes   189 Kbits/sec                  
[  5]   5.00-6.00   sec  26.1 KBytes   214 Kbits/sec                  
[  5]   6.00-7.00   sec  24.5 KBytes   201 Kbits/sec                  
[  5]   7.00-7.06   sec  1.39 KBytes   205 Kbits/sec                  
- - - - - - - - - - - - - - - - - - - - - - - - -
[ ID] Interval           Transfer     Bitrate
[  5]   0.00-7.06   sec   171 KBytes   198 Kbits/sec                  receiver
-----------------------------------------------------------
Server listening on 5003 (test #2)
-----------------------------------------------------------
Accepted connection from 10.42.2.3, port 44644
[  5] local 10.42.0.10 port 5003 connected to 10.42.2.3 port 44650
[ ID] Interval           Transfer     Bitrate
[  5]   0.00-1.00   sec  21.5 KBytes   176 Kbits/sec                  
[  5]   1.00-2.00   sec  25.3 KBytes   207 Kbits/sec                  
[  5]   2.00-3.00   sec  24.1 KBytes   197 Kbits/sec                  
[  5]   3.00-4.00   sec  24.9 KBytes   204 Kbits/sec                  
[  5]   4.00-5.00   sec  24.9 KBytes   204 Kbits/sec                  
[  5]   5.00-6.00   sec  23.9 KBytes   196 Kbits/sec                  
[  5]   6.00-7.00   sec  24.1 KBytes   197 Kbits/sec                  
[  5]   7.00-7.03   sec  1.59 KBytes   393 Kbits/sec                  
- - - - - - - - - - - - - - - - - - - - - - - - -
[ ID] Interval           Transfer     Bitrate
[  5]   0.00-7.03   sec   170 KBytes   198 Kbits/sec                  receiver
-----------------------------------------------------------
Server listening on 5002 (test #3)
-----------------------------------------------------------
Accepted connection from 10.42.1.3, port 35894
[  5] local 10.42.0.10 port 5002 connected to 10.42.1.3 port 35902
[ ID] Interval           Transfer     Bitrate
[  5]   0.00-1.00   sec  21.5 KBytes   176 Kbits/sec                  
[  5]   1.00-2.00   sec  25.9 KBytes   212 Kbits/sec                  
[  5]   2.00-3.00   sec  23.5 KBytes   192 Kbits/sec                  
[  5]   3.00-4.00   sec  24.9 KBytes   204 Kbits/sec                  
[  5]   4.00-5.00   sec  23.7 KBytes   194 Kbits/sec                  
[  5]   5.00-6.00   sec  24.9 KBytes   204 Kbits/sec                  
[  5]   6.00-7.00   sec  24.9 KBytes   204 Kbits/sec                  
[  5]   7.00-7.02   sec   612 Bytes   255 Kbits/sec                  
- - - - - - - - - - - - - - - - - - - - - - - - -
[ ID] Interval           Transfer     Bitrate
[  5]   0.00-7.02   sec   170 KBytes   198 Kbits/sec                  receiver
-----------------------------------------------------------
Server listening on 5002 (test #4)
-----------------------------------------------------------
Accepted connection from 10.42.3.3, port 54136
[  5] local 10.42.0.10 port 5002 connected to 10.42.3.3 port 54142
[ ID] Interval           Transfer     Bitrate
[  5]   0.00-1.00   sec  22.3 KBytes   183 Kbits/sec                  
[  5]   1.00-2.00   sec  24.9 KBytes   204 Kbits/sec                  
[  5]   2.00-3.00   sec  23.3 KBytes   191 Kbits/sec                  
[  5]   3.00-4.00   sec  24.9 KBytes   204 Kbits/sec                  
[  5]   4.00-5.00   sec  25.1 KBytes   206 Kbits/sec                  
[  5]   5.00-6.00   sec  23.7 KBytes   194 Kbits/sec                  
[  5]   6.00-7.00   sec  21.9 KBytes   179 Kbits/sec                  
[  5]   7.00-7.26   sec  4.58 KBytes   146 Kbits/sec                  
- - - - - - - - - - - - - - - - - - - - - - - - -
[ ID] Interval           Transfer     Bitrate
[  5]   0.00-7.26   sec   171 KBytes   193 Kbits/sec                  receiver
-----------------------------------------------------------
Server listening on 5003 (test #3)
-----------------------------------------------------------
Accepted connection from 10.42.1.3, port 42526
[  5] local 10.42.0.10 port 5003 connected to 10.42.1.3 port 42538
[ ID] Interval           Transfer     Bitrate
[  5]   0.00-1.00   sec  22.3 KBytes   183 Kbits/sec                  
[  5]   1.00-2.00   sec  24.3 KBytes   199 Kbits/sec                  
[  5]   2.00-3.00   sec  18.9 KBytes   155 Kbits/sec                  
[  5]   3.00-4.00   sec  23.5 KBytes   193 Kbits/sec                  
[  5]   4.00-5.00   sec  25.7 KBytes   211 Kbits/sec                  
[  5]   5.00-6.00   sec  27.9 KBytes   228 Kbits/sec                  
[  5]   6.00-7.00   sec  26.1 KBytes   214 Kbits/sec                  
[  5]   7.00-7.08   sec  2.19 KBytes   236 Kbits/sec                  
- - - - - - - - - - - - - - - - - - - - - - - - -
[ ID] Interval           Transfer     Bitrate
[  5]   0.00-7.08   sec   171 KBytes   198 Kbits/sec                  receiver
-----------------------------------------------------------
Server listening on 5004 (test #2)
-----------------------------------------------------------
Accepted connection from 10.42.2.3, port 50520
[  5] local 10.42.0.10 port 5004 connected to 10.42.2.3 port 50526
[ ID] Interval           Transfer     Bitrate
[  5]   0.00-1.00   sec  18.1 KBytes   148 Kbits/sec                  
[  5]   1.00-2.00   sec  22.1 KBytes   181 Kbits/sec                  
[  5]   2.00-3.00   sec  26.3 KBytes   215 Kbits/sec                  
[  5]   3.00-4.00   sec  26.5 KBytes   217 Kbits/sec                  
[  5]   4.00-5.00   sec  26.7 KBytes   219 Kbits/sec                  
[  5]   5.00-6.00   sec  24.7 KBytes   202 Kbits/sec                  
[  5]   6.00-7.00   sec  24.9 KBytes   204 Kbits/sec                  
[  5]   7.00-7.05   sec  1.39 KBytes   217 Kbits/sec                  
- - - - - - - - - - - - - - - - - - - - - - - - -
[ ID] Interval           Transfer     Bitrate
[  5]   0.00-7.05   sec   171 KBytes   198 Kbits/sec                  receiver
-----------------------------------------------------------
Server listening on 5002 (test #5)
-----------------------------------------------------------
Accepted connection from 10.42.3.3, port 57140
[  5] local 10.42.0.10 port 5002 connected to 10.42.3.3 port 57148
[ ID] Interval           Transfer     Bitrate
[  5]   0.00-1.00   sec  22.3 KBytes   183 Kbits/sec                  
[  5]   1.00-2.00   sec  24.9 KBytes   204 Kbits/sec                  
[  5]   2.00-3.00   sec  23.3 KBytes   191 Kbits/sec                  
[  5]   3.00-4.00   sec  25.5 KBytes   209 Kbits/sec                  
[  5]   4.00-5.00   sec  23.7 KBytes   194 Kbits/sec                  
[  5]   5.00-6.00   sec  24.9 KBytes   204 Kbits/sec                  
[  5]   6.00-7.00   sec  24.7 KBytes   202 Kbits/sec                  
[  5]   7.00-7.06   sec  1.39 KBytes   191 Kbits/sec                  
- - - - - - - - - - - - - - - - - - - - - - - - -
[ ID] Interval           Transfer     Bitrate
[  5]   0.00-7.06   sec   171 KBytes   198 Kbits/sec                  receiver
-----------------------------------------------------------
Server listening on 5002 (test #6)
-----------------------------------------------------------
Accepted connection from 10.42.1.3, port 58900
[  5] local 10.42.0.10 port 5002 connected to 10.42.1.3 port 58904
[ ID] Interval           Transfer     Bitrate
[  5]   0.00-1.00   sec  22.3 KBytes   183 Kbits/sec                  
[  5]   1.00-2.00   sec  24.9 KBytes   204 Kbits/sec                  
[  5]   2.00-3.00   sec  23.9 KBytes   196 Kbits/sec                  
[  5]   3.00-4.00   sec  24.7 KBytes   202 Kbits/sec                  
[  5]   4.00-5.00   sec  23.5 KBytes   193 Kbits/sec                  
[  5]   5.00-6.00   sec  25.3 KBytes   207 Kbits/sec                  
[  5]   6.00-7.00   sec  23.5 KBytes   193 Kbits/sec                  
[  5]   7.00-7.07   sec  2.59 KBytes   331 Kbits/sec                  
- - - - - - - - - - - - - - - - - - - - - - - - -
[ ID] Interval           Transfer     Bitrate
[  5]   0.00-7.07   sec   171 KBytes   198 Kbits/sec                  receiver
-----------------------------------------------------------
Server listening on 5003 (test #4)
-----------------------------------------------------------
Accepted connection from 10.42.2.3, port 56822
[  5] local 10.42.0.10 port 5003 connected to 10.42.2.3 port 56836
[ ID] Interval           Transfer     Bitrate
[  5]   0.00-1.00   sec  22.5 KBytes   184 Kbits/sec                  
[  5]   1.00-2.00   sec  23.7 KBytes   194 Kbits/sec                  
[  5]   2.00-3.00   sec  24.7 KBytes   203 Kbits/sec                  
[  5]   3.00-4.00   sec  25.1 KBytes   206 Kbits/sec                  
[  5]   4.00-5.00   sec  23.7 KBytes   194 Kbits/sec                  
[  5]   5.00-6.00   sec  24.9 KBytes   204 Kbits/sec                  
[  5]   6.00-7.00   sec  24.7 KBytes   202 Kbits/sec                  
[  5]   7.00-7.06   sec  1.39 KBytes   192 Kbits/sec                  
- - - - - - - - - - - - - - - - - - - - - - - - -
[ ID] Interval           Transfer     Bitrate
[  5]   0.00-7.06   sec   171 KBytes   198 Kbits/sec                  receiver
-----------------------------------------------------------
Server listening on 5002 (test #7)
-----------------------------------------------------------
Accepted connection from 10.42.3.3, port 37398
[  5] local 10.42.0.10 port 5002 connected to 10.42.3.3 port 37410
[ ID] Interval           Transfer     Bitrate
[  5]   0.00-1.00   sec  22.3 KBytes   183 Kbits/sec                  
[  5]   1.00-2.00   sec  23.9 KBytes   196 Kbits/sec                  
[  5]   2.00-3.00   sec  24.9 KBytes   204 Kbits/sec                  
[  5]   3.00-4.00   sec  23.5 KBytes   193 Kbits/sec                  
[  5]   4.00-5.00   sec  24.9 KBytes   204 Kbits/sec                  
[  5]   5.00-6.00   sec  24.9 KBytes   204 Kbits/sec                  
[  5]   6.00-7.00   sec  22.9 KBytes   188 Kbits/sec                  
[  5]   7.00-7.09   sec  3.39 KBytes   311 Kbits/sec                  
- - - - - - - - - - - - - - - - - - - - - - - - -
[ ID] Interval           Transfer     Bitrate
[  5]   0.00-7.09   sec   171 KBytes   197 Kbits/sec                  receiver
-----------------------------------------------------------
Server listening on 5003 (test #5)
-----------------------------------------------------------
Accepted connection from 10.42.1.3, port 36426
[  5] local 10.42.0.10 port 5003 connected to 10.42.1.3 port 36428
[ ID] Interval           Transfer     Bitrate
[  5]   0.00-1.00   sec  22.1 KBytes   181 Kbits/sec                  
[  5]   1.00-2.00   sec  24.1 KBytes   197 Kbits/sec                  
[  5]   2.00-3.00   sec  25.1 KBytes   206 Kbits/sec                  
[  5]   3.00-4.00   sec  24.5 KBytes   201 Kbits/sec                  
[  5]   4.00-5.00   sec  24.7 KBytes   202 Kbits/sec                  
[  5]   5.00-6.00   sec  23.1 KBytes   189 Kbits/sec                  
[  5]   6.00-7.00   sec  25.5 KBytes   209 Kbits/sec                  
[  5]   7.00-7.06   sec  1.79 KBytes   238 Kbits/sec                  
- - - - - - - - - - - - - - - - - - - - - - - - -
[ ID] Interval           Transfer     Bitrate
[  5]   0.00-7.06   sec   171 KBytes   198 Kbits/sec                  receiver
-----------------------------------------------------------
Server listening on 5004 (test #3)
-----------------------------------------------------------
Accepted connection from 10.42.2.3, port 37362
[  5] local 10.42.0.10 port 5004 connected to 10.42.2.3 port 37376
[ ID] Interval           Transfer     Bitrate
[  5]   0.00-1.00   sec  21.9 KBytes   179 Kbits/sec                  
[  5]   1.00-2.00   sec  25.3 KBytes   207 Kbits/sec                  
[  5]   2.00-3.00   sec  23.7 KBytes   194 Kbits/sec                  
[  5]   3.00-4.00   sec  24.9 KBytes   204 Kbits/sec                  
[  5]   4.00-5.00   sec  22.7 KBytes   186 Kbits/sec                  
[  5]   5.00-6.00   sec  25.1 KBytes   206 Kbits/sec                  
[  5]   6.00-7.00   sec  25.3 KBytes   207 Kbits/sec                  
[  5]   7.00-7.04   sec  1.59 KBytes   326 Kbits/sec                  
- - - - - - - - - - - - - - - - - - - - - - - - -
[ ID] Interval           Transfer     Bitrate
[  5]   0.00-7.04   sec   171 KBytes   198 Kbits/sec                  receiver
-----------------------------------------------------------
Server listening on 5002 (test #8)
-----------------------------------------------------------
Accepted connection from 10.42.3.3, port 36876
[  5] local 10.42.0.10 port 5002 connected to 10.42.3.3 port 36886
[ ID] Interval           Transfer     Bitrate
[  5]   0.00-1.00   sec  22.3 KBytes   183 Kbits/sec                  
[  5]   1.00-2.00   sec  24.9 KBytes   204 Kbits/sec                  
[  5]   2.00-3.00   sec  23.7 KBytes   194 Kbits/sec                  
[  5]   3.00-4.00   sec  25.1 KBytes   206 Kbits/sec                  
[  5]   4.00-5.00   sec  23.9 KBytes   196 Kbits/sec                  
[  5]   5.00-6.00   sec  21.5 KBytes   176 Kbits/sec                  
[  5]   6.00-7.00   sec  27.7 KBytes   227 Kbits/sec                  
[  5]   7.00-7.05   sec   816 Bytes   129 Kbits/sec                  
- - - - - - - - - - - - - - - - - - - - - - - - -
[ ID] Interval           Transfer     Bitrate
[  5]   0.00-7.05   sec   170 KBytes   197 Kbits/sec                  receiver
-----------------------------------------------------------
Server listening on 5003 (test #6)
-----------------------------------------------------------
Accepted connection from 10.42.1.3, port 55068
[  5] local 10.42.0.10 port 5003 connected to 10.42.1.3 port 55084
[ ID] Interval           Transfer     Bitrate
[  5]   0.00-1.00   sec  22.5 KBytes   184 Kbits/sec                  
[  5]   1.00-2.00   sec  23.7 KBytes   194 Kbits/sec                  
[  5]   2.00-3.00   sec  22.5 KBytes   185 Kbits/sec                  
[  5]   3.00-4.00   sec  25.5 KBytes   209 Kbits/sec                  
[  5]   4.00-5.00   sec  25.7 KBytes   211 Kbits/sec                  
[  5]   5.00-6.00   sec  24.9 KBytes   204 Kbits/sec                  
[  5]   6.00-7.00   sec  23.5 KBytes   193 Kbits/sec                  
[  5]   7.00-7.02   sec  1.39 KBytes   594 Kbits/sec                  
- - - - - - - - - - - - - - - - - - - - - - - - -
[ ID] Interval           Transfer     Bitrate
[  5]   0.00-7.02   sec   170 KBytes   198 Kbits/sec                  receiver
-----------------------------------------------------------
Server listening on 5002 (test #9)
-----------------------------------------------------------
Accepted connection from 10.42.2.3, port 35916
[  5] local 10.42.0.10 port 5002 connected to 10.42.2.3 port 35922
[ ID] Interval           Transfer     Bitrate
[  5]   0.00-1.00   sec  22.3 KBytes   183 Kbits/sec                  
[  5]   1.00-2.00   sec  24.9 KBytes   204 Kbits/sec                  
[  5]   2.00-3.00   sec  23.3 KBytes   191 Kbits/sec                  
[  5]   3.00-4.00   sec  24.9 KBytes   204 Kbits/sec                  
[  5]   4.00-5.00   sec  25.3 KBytes   207 Kbits/sec                  
[  5]   5.00-6.00   sec  23.3 KBytes   191 Kbits/sec                  
[  5]   6.00-7.00   sec  24.9 KBytes   204 Kbits/sec                  
[  5]   7.00-7.04   sec  1.59 KBytes   326 Kbits/sec                  
- - - - - - - - - - - - - - - - - - - - - - - - -
[ ID] Interval           Transfer     Bitrate
[  5]   0.00-7.04   sec   171 KBytes   198 Kbits/sec                  receiver
-----------------------------------------------------------
Server listening on 5002 (test #10)
-----------------------------------------------------------
Accepted connection from 10.42.3.3, port 41282
[  5] local 10.42.0.10 port 5002 connected to 10.42.3.3 port 41296
[ ID] Interval           Transfer     Bitrate
[  5]   0.00-1.00   sec  22.3 KBytes   183 Kbits/sec                  
[  5]   1.00-2.00   sec  24.9 KBytes   204 Kbits/sec                  
[  5]   2.00-3.00   sec  23.9 KBytes   196 Kbits/sec                  
[  5]   3.00-4.00   sec  24.9 KBytes   204 Kbits/sec                  
[  5]   4.00-5.00   sec  23.5 KBytes   193 Kbits/sec                  
[  5]   5.00-6.00   sec  24.9 KBytes   204 Kbits/sec                  
[  5]   6.00-7.00   sec  24.9 KBytes   204 Kbits/sec                  
[  5]   7.00-7.05   sec  1.39 KBytes   215 Kbits/sec                  
- - - - - - - - - - - - - - - - - - - - - - - - -
[ ID] Interval           Transfer     Bitrate
[  5]   0.00-7.05   sec   171 KBytes   198 Kbits/sec                  receiver
-----------------------------------------------------------
Server listening on 5002 (test #11)
-----------------------------------------------------------
Accepted connection from 10.42.1.3, port 57988
[  5] local 10.42.0.10 port 5002 connected to 10.42.1.3 port 57992
[ ID] Interval           Transfer     Bitrate
[  5]   0.00-1.00   sec  21.9 KBytes   179 Kbits/sec                  
[  5]   1.00-2.00   sec  24.9 KBytes   204 Kbits/sec                  
[  5]   2.00-3.00   sec  24.9 KBytes   204 Kbits/sec                  
[  5]   3.00-4.00   sec  23.5 KBytes   193 Kbits/sec                  
[  5]   4.00-5.00   sec  25.3 KBytes   207 Kbits/sec                  
[  5]   5.00-6.00   sec  23.7 KBytes   194 Kbits/sec                  
[  5]   6.00-7.00   sec  23.9 KBytes   196 Kbits/sec                  
[  5]   7.00-7.07   sec  1.79 KBytes   204 Kbits/sec                  
- - - - - - - - - - - - - - - - - - - - - - - - -
[ ID] Interval           Transfer     Bitrate
[  5]   0.00-7.07   sec   170 KBytes   197 Kbits/sec                  receiver
-----------------------------------------------------------
Server listening on 5003 (test #7)
-----------------------------------------------------------
Accepted connection from 10.42.2.3, port 56984
[  5] local 10.42.0.10 port 5003 connected to 10.42.2.3 port 56998
[ ID] Interval           Transfer     Bitrate
[  5]   0.00-1.00   sec  22.5 KBytes   184 Kbits/sec                  
[  5]   1.00-2.00   sec  23.7 KBytes   194 Kbits/sec                  
[  5]   2.00-3.00   sec  24.9 KBytes   204 Kbits/sec                  
[  5]   3.00-4.00   sec  25.1 KBytes   206 Kbits/sec                  
[  5]   4.00-5.00   sec  23.5 KBytes   193 Kbits/sec                  
[  5]   5.00-6.00   sec  25.1 KBytes   206 Kbits/sec                  
[  5]   6.00-7.00   sec  23.5 KBytes   193 Kbits/sec                  
[  5]   7.00-7.03   sec  1.59 KBytes   528 Kbits/sec                  
- - - - - - - - - - - - - - - - - - - - - - - - -
[ ID] Interval           Transfer     Bitrate
[  5]   0.00-7.03   sec   170 KBytes   198 Kbits/sec                  receiver
-----------------------------------------------------------
Server listening on 5002 (test #12)
-----------------------------------------------------------
Accepted connection from 10.42.3.3, port 33416
[  5] local 10.42.0.10 port 5002 connected to 10.42.3.3 port 33420
[ ID] Interval           Transfer     Bitrate
[  5]   0.00-1.00   sec  22.7 KBytes   186 Kbits/sec                  
[  5]   1.00-2.00   sec  23.5 KBytes   193 Kbits/sec                  
[  5]   2.00-3.00   sec  24.9 KBytes   204 Kbits/sec                  
[  5]   3.00-4.00   sec  24.9 KBytes   204 Kbits/sec                  
[  5]   4.00-5.00   sec  23.7 KBytes   194 Kbits/sec                  
[  5]   5.00-6.00   sec  24.9 KBytes   204 Kbits/sec                  
[  5]   6.00-7.00   sec  23.5 KBytes   193 Kbits/sec                  
[  5]   7.00-7.06   sec  2.59 KBytes   354 Kbits/sec                  
- - - - - - - - - - - - - - - - - - - - - - - - -
[ ID] Interval           Transfer     Bitrate
[  5]   0.00-7.06   sec   171 KBytes   198 Kbits/sec                  receiver
-----------------------------------------------------------
Server listening on 5002 (test #13)
-----------------------------------------------------------
Accepted connection from 10.42.1.3, port 43070
[  5] local 10.42.0.10 port 5002 connected to 10.42.1.3 port 43082
[ ID] Interval           Transfer     Bitrate
[  5]   0.00-1.00   sec  22.3 KBytes   183 Kbits/sec                  
[  5]   1.00-2.00   sec  24.9 KBytes   204 Kbits/sec                  
[  5]   2.00-3.00   sec  23.9 KBytes   196 Kbits/sec                  
[  5]   3.00-4.00   sec  23.9 KBytes   196 Kbits/sec                  
[  5]   4.00-5.00   sec  25.7 KBytes   211 Kbits/sec                  
[  5]   5.00-6.00   sec  23.7 KBytes   194 Kbits/sec                  
[  5]   6.00-7.00   sec  24.3 KBytes   199 Kbits/sec                  
[  5]   7.00-7.03   sec  1.39 KBytes   382 Kbits/sec                  
- - - - - - - - - - - - - - - - - - - - - - - - -
[ ID] Interval           Transfer     Bitrate
[  5]   0.00-7.03   sec   170 KBytes   198 Kbits/sec                  receiver
-----------------------------------------------------------
Server listening on 5003 (test #8)
-----------------------------------------------------------
Accepted connection from 10.42.2.3, port 60540
[  5] local 10.42.0.10 port 5003 connected to 10.42.2.3 port 60548
[ ID] Interval           Transfer     Bitrate
[  5]   0.00-1.00   sec  21.5 KBytes   176 Kbits/sec                  
[  5]   1.00-2.00   sec  25.9 KBytes   212 Kbits/sec                  
[  5]   2.00-3.00   sec  23.5 KBytes   193 Kbits/sec                  
[  5]   3.00-4.00   sec  23.7 KBytes   194 Kbits/sec                  
[  5]   4.00-5.00   sec  25.7 KBytes   211 Kbits/sec                  
[  5]   5.00-6.00   sec  23.7 KBytes   194 Kbits/sec                  
[  5]   6.00-7.00   sec  24.9 KBytes   204 Kbits/sec                  
[  5]   7.00-7.04   sec  1.59 KBytes   326 Kbits/sec                  
- - - - - - - - - - - - - - - - - - - - - - - - -
[ ID] Interval           Transfer     Bitrate
[  5]   0.00-7.04   sec   171 KBytes   198 Kbits/sec                  receiver
-----------------------------------------------------------
Server listening on 5002 (test #14)
-----------------------------------------------------------
Accepted connection from 10.42.3.3, port 39782
[  5] local 10.42.0.10 port 5002 connected to 10.42.3.3 port 39786
[ ID] Interval           Transfer     Bitrate
[  5]   0.00-1.00   sec  22.3 KBytes   183 Kbits/sec                  
[  5]   1.00-2.00   sec  24.9 KBytes   204 Kbits/sec                  
[  5]   2.00-3.00   sec  23.3 KBytes   191 Kbits/sec                  
[  5]   3.00-4.00   sec  24.9 KBytes   204 Kbits/sec                  
[  5]   4.00-5.00   sec  24.9 KBytes   204 Kbits/sec                  
[  5]   5.00-6.00   sec  23.5 KBytes   193 Kbits/sec                  
[  5]   6.00-7.00   sec  25.1 KBytes   206 Kbits/sec                  
[  5]   7.00-7.04   sec  1.59 KBytes   324 Kbits/sec                  
- - - - - - - - - - - - - - - - - - - - - - - - -
[ ID] Interval           Transfer     Bitrate
[  5]   0.00-7.04   sec   171 KBytes   198 Kbits/sec                  receiver
-----------------------------------------------------------
Server listening on 5003 (test #9)
-----------------------------------------------------------
Accepted connection from 10.42.1.3, port 48868
[  5] local 10.42.0.10 port 5003 connected to 10.42.1.3 port 48880
[ ID] Interval           Transfer     Bitrate
[  5]   0.00-1.00   sec  22.5 KBytes   184 Kbits/sec                  
[  5]   1.00-2.00   sec  24.7 KBytes   202 Kbits/sec                  
[  5]   2.00-3.00   sec  23.9 KBytes   196 Kbits/sec                  
[  5]   3.00-4.00   sec  24.9 KBytes   204 Kbits/sec                  
[  5]   4.00-5.00   sec  23.7 KBytes   194 Kbits/sec                  
[  5]   5.00-6.00   sec  24.9 KBytes   204 Kbits/sec                  
[  5]   6.00-7.00   sec  24.7 KBytes   202 Kbits/sec                  
[  5]   7.00-7.06   sec  1.39 KBytes   192 Kbits/sec                  
- - - - - - - - - - - - - - - - - - - - - - - - -
[ ID] Interval           Transfer     Bitrate
[  5]   0.00-7.06   sec   171 KBytes   198 Kbits/sec                  receiver
-----------------------------------------------------------
Server listening on 5002 (test #15)
-----------------------------------------------------------
Accepted connection from 10.42.2.3, port 35700
[  5] local 10.42.0.10 port 5002 connected to 10.42.2.3 port 35714
[ ID] Interval           Transfer     Bitrate
[  5]   0.00-1.00   sec  22.5 KBytes   184 Kbits/sec                  
[  5]   1.00-2.00   sec  23.5 KBytes   193 Kbits/sec                  
[  5]   2.00-3.00   sec  24.9 KBytes   204 Kbits/sec                  
[  5]   3.00-4.00   sec  24.9 KBytes   204 Kbits/sec                  
[  5]   4.00-5.00   sec  24.9 KBytes   204 Kbits/sec                  
[  5]   5.00-6.00   sec  23.7 KBytes   194 Kbits/sec                  
[  5]   6.00-7.00   sec  24.9 KBytes   204 Kbits/sec                  
[  5]   7.00-7.06   sec  1.39 KBytes   192 Kbits/sec                  
- - - - - - - - - - - - - - - - - - - - - - - - -
[ ID] Interval           Transfer     Bitrate
[  5]   0.00-7.06   sec   171 KBytes   198 Kbits/sec                  receiver
-----------------------------------------------------------
Server listening on 5003 (test #10)
-----------------------------------------------------------
Accepted connection from 10.42.3.3, port 49778
[  5] local 10.42.0.10 port 5003 connected to 10.42.3.3 port 49788
[ ID] Interval           Transfer     Bitrate
[  5]   0.00-1.00   sec  22.3 KBytes   183 Kbits/sec                  
[  5]   1.00-2.00   sec  23.7 KBytes   194 Kbits/sec                  
[  5]   2.00-3.00   sec  25.1 KBytes   206 Kbits/sec                  
[  5]   3.00-4.00   sec  24.9 KBytes   204 Kbits/sec                  
[  5]   4.00-5.00   sec  23.5 KBytes   193 Kbits/sec                  
[  5]   5.00-6.00   sec  24.9 KBytes   204 Kbits/sec                  
[  5]   6.00-7.00   sec  24.7 KBytes   203 Kbits/sec                  
[  5]   7.00-7.06   sec  1.59 KBytes   216 Kbits/sec                  
- - - - - - - - - - - - - - - - - - - - - - - - -
[ ID] Interval           Transfer     Bitrate
[  5]   0.00-7.06   sec   171 KBytes   198 Kbits/sec                  receiver
-----------------------------------------------------------
Server listening on 5002 (test #16)
-----------------------------------------------------------
Accepted connection from 10.42.1.3, port 43692
[  5] local 10.42.0.10 port 5002 connected to 10.42.1.3 port 43698
[ ID] Interval           Transfer     Bitrate
[  5]   0.00-1.00   sec  22.3 KBytes   183 Kbits/sec                  
[  5]   1.00-2.00   sec  23.9 KBytes   196 Kbits/sec                  
[  5]   2.00-3.00   sec  24.9 KBytes   204 Kbits/sec                  
[  5]   3.00-4.00   sec  24.9 KBytes   204 Kbits/sec                  
[  5]   4.00-5.00   sec  23.7 KBytes   194 Kbits/sec                  
[  5]   5.00-6.00   sec  24.9 KBytes   204 Kbits/sec                  
[  5]   6.00-7.00   sec  23.7 KBytes   194 Kbits/sec                  
[  5]   7.00-7.02   sec  1.39 KBytes   597 Kbits/sec                  
- - - - - - - - - - - - - - - - - - - - - - - - -
[ ID] Interval           Transfer     Bitrate
[  5]   0.00-7.02   sec   170 KBytes   198 Kbits/sec                  receiver
-----------------------------------------------------------
Server listening on 5003 (test #11)
-----------------------------------------------------------
Accepted connection from 10.42.2.3, port 48462
[  5] local 10.42.0.10 port 5003 connected to 10.42.2.3 port 48474
[ ID] Interval           Transfer     Bitrate
[  5]   0.00-1.00   sec  22.5 KBytes   184 Kbits/sec                  
[  5]   1.00-2.00   sec  23.7 KBytes   194 Kbits/sec                  
[  5]   2.00-3.00   sec  24.9 KBytes   204 Kbits/sec                  
[  5]   3.00-4.00   sec  24.9 KBytes   204 Kbits/sec                  
[  5]   4.00-5.00   sec  23.9 KBytes   196 Kbits/sec                  
[  5]   5.00-6.00   sec  25.1 KBytes   206 Kbits/sec                  
[  5]   6.00-7.00   sec  23.3 KBytes   191 Kbits/sec                  
[  5]   7.00-7.02   sec  1.39 KBytes   592 Kbits/sec                  
- - - - - - - - - - - - - - - - - - - - - - - - -
[ ID] Interval           Transfer     Bitrate
[  5]   0.00-7.02   sec   170 KBytes   198 Kbits/sec                  receiver
-----------------------------------------------------------
Server listening on 5002 (test #17)
-----------------------------------------------------------
Accepted connection from 10.42.3.3, port 52750
[  5] local 10.42.0.10 port 5002 connected to 10.42.3.3 port 52754
[ ID] Interval           Transfer     Bitrate
[  5]   0.00-1.00   sec  22.3 KBytes   183 Kbits/sec                  
[  5]   1.00-2.00   sec  24.9 KBytes   204 Kbits/sec                  
[  5]   2.00-3.00   sec  23.7 KBytes   194 Kbits/sec                  
[  5]   3.00-4.00   sec  24.9 KBytes   204 Kbits/sec                  
[  5]   4.00-5.00   sec  23.7 KBytes   194 Kbits/sec                  
[  5]   5.00-6.00   sec  25.1 KBytes   205 Kbits/sec                  
[  5]   6.00-7.00   sec  23.5 KBytes   193 Kbits/sec                  
[  5]   7.00-7.06   sec  2.59 KBytes   344 Kbits/sec                  
- - - - - - - - - - - - - - - - - - - - - - - - -
[ ID] Interval           Transfer     Bitrate
[  5]   0.00-7.06   sec   171 KBytes   198 Kbits/sec                  receiver
-----------------------------------------------------------
Server listening on 5003 (test #12)
-----------------------------------------------------------
Accepted connection from 10.42.1.3, port 54302
[  5] local 10.42.0.10 port 5003 connected to 10.42.1.3 port 54310
[ ID] Interval           Transfer     Bitrate
[  5]   0.00-1.00   sec  22.5 KBytes   184 Kbits/sec                  
[  5]   1.00-2.00   sec  23.7 KBytes   194 Kbits/sec                  
[  5]   2.00-3.00   sec  24.9 KBytes   204 Kbits/sec                  
[  5]   3.00-4.00   sec  24.9 KBytes   204 Kbits/sec                  
[  5]   4.00-5.00   sec  23.5 KBytes   193 Kbits/sec                  
[  5]   5.00-6.00   sec  24.9 KBytes   204 Kbits/sec                  
[  5]   6.00-7.00   sec  24.9 KBytes   204 Kbits/sec                  
[  5]   7.00-7.05   sec  1.39 KBytes   211 Kbits/sec                  
- - - - - - - - - - - - - - - - - - - - - - - - -
[ ID] Interval           Transfer     Bitrate
[  5]   0.00-7.05   sec   171 KBytes   198 Kbits/sec                  receiver
-----------------------------------------------------------
Server listening on 5002 (test #18)
-----------------------------------------------------------
Accepted connection from 10.42.2.3, port 60358
[  5] local 10.42.0.10 port 5002 connected to 10.42.2.3 port 60374
[ ID] Interval           Transfer     Bitrate
[  5]   0.00-1.00   sec  22.3 KBytes   183 Kbits/sec                  
[  5]   1.00-2.00   sec  23.9 KBytes   196 Kbits/sec                  
[  5]   2.00-3.00   sec  24.9 KBytes   204 Kbits/sec                  
[  5]   3.00-4.00   sec  25.1 KBytes   206 Kbits/sec                  
[  5]   4.00-5.00   sec  23.7 KBytes   194 Kbits/sec                  
[  5]   5.00-6.00   sec  25.1 KBytes   206 Kbits/sec                  
[  5]   6.00-7.00   sec  24.1 KBytes   198 Kbits/sec                  
[  5]   7.00-7.05   sec  1.39 KBytes   246 Kbits/sec                  
- - - - - - - - - - - - - - - - - - - - - - - - -
[ ID] Interval           Transfer     Bitrate
[  5]   0.00-7.05   sec   171 KBytes   198 Kbits/sec                  receiver
-----------------------------------------------------------
Server listening on 5003 (test #13)
-----------------------------------------------------------
Accepted connection from 10.42.3.3, port 35378
[  5] local 10.42.0.10 port 5003 connected to 10.42.3.3 port 35382
[ ID] Interval           Transfer     Bitrate
[  5]   0.00-1.00   sec  22.7 KBytes   186 Kbits/sec                  
[  5]   1.00-2.00   sec  23.7 KBytes   194 Kbits/sec                  
[  5]   2.00-3.00   sec  23.9 KBytes   196 Kbits/sec                  
[  5]   3.00-4.00   sec  24.5 KBytes   201 Kbits/sec                  
[  5]   4.00-5.00   sec  24.7 KBytes   202 Kbits/sec                  
[  5]   5.00-6.00   sec  24.3 KBytes   199 Kbits/sec                  
[  5]   6.00-7.00   sec  25.5 KBytes   209 Kbits/sec                  
[  5]   7.00-7.05   sec  1.39 KBytes   215 Kbits/sec                  
- - - - - - - - - - - - - - - - - - - - - - - - -
[ ID] Interval           Transfer     Bitrate
[  5]   0.00-7.05   sec   171 KBytes   198 Kbits/sec                  receiver
-----------------------------------------------------------
Server listening on 5002 (test #19)
-----------------------------------------------------------
Accepted connection from 10.42.1.3, port 41562
[  5] local 10.42.0.10 port 5002 connected to 10.42.1.3 port 41570
[ ID] Interval           Transfer     Bitrate
[  5]   0.00-1.00   sec  21.1 KBytes   173 Kbits/sec                  
[  5]   1.00-2.00   sec  25.7 KBytes   211 Kbits/sec                  
[  5]   2.00-3.00   sec  24.9 KBytes   204 Kbits/sec                  
[  5]   3.00-4.00   sec  23.5 KBytes   193 Kbits/sec                  
[  5]   4.00-5.00   sec  20.5 KBytes   168 Kbits/sec                  
[  5]   5.00-6.00   sec  28.3 KBytes   232 Kbits/sec                  
[  5]   6.00-7.00   sec  24.9 KBytes   204 Kbits/sec                  
[  5]   7.00-7.04   sec  1.59 KBytes   316 Kbits/sec                  
- - - - - - - - - - - - - - - - - - - - - - - - -
[ ID] Interval           Transfer     Bitrate
[  5]   0.00-7.04   sec   171 KBytes   198 Kbits/sec                  receiver
-----------------------------------------------------------
Server listening on 5002 (test #20)
-----------------------------------------------------------
Accepted connection from 10.42.2.3, port 36258
[  5] local 10.42.0.10 port 5002 connected to 10.42.2.3 port 36272
[ ID] Interval           Transfer     Bitrate
[  5]   0.00-1.00   sec  22.5 KBytes   184 Kbits/sec                  
[  5]   1.00-2.00   sec  24.7 KBytes   202 Kbits/sec                  
[  5]   2.00-3.00   sec  23.7 KBytes   194 Kbits/sec                  
[  5]   3.00-4.00   sec  24.9 KBytes   204 Kbits/sec                  
[  5]   4.00-5.00   sec  24.7 KBytes   202 Kbits/sec                  
[  5]   5.00-6.00   sec  23.5 KBytes   193 Kbits/sec                  
[  5]   6.00-7.00   sec  25.3 KBytes   207 Kbits/sec                  
[  5]   7.00-7.05   sec  1.39 KBytes   214 Kbits/sec                  
- - - - - - - - - - - - - - - - - - - - - - - - -
[ ID] Interval           Transfer     Bitrate
[  5]   0.00-7.05   sec   171 KBytes   198 Kbits/sec                  receiver
-----------------------------------------------------------
Server listening on 5002 (test #21)
-----------------------------------------------------------
Accepted connection from 10.42.3.3, port 58136
[  5] local 10.42.0.10 port 5002 connected to 10.42.3.3 port 58144
[ ID] Interval           Transfer     Bitrate
[  5]   0.00-1.00   sec  22.5 KBytes   184 Kbits/sec                  
[  5]   1.00-2.00   sec  23.9 KBytes   196 Kbits/sec                  
[  5]   2.00-3.00   sec  24.3 KBytes   199 Kbits/sec                  
[  5]   3.00-4.00   sec  25.3 KBytes   207 Kbits/sec                  
[  5]   4.00-5.00   sec  24.3 KBytes   199 Kbits/sec                  
[  5]   5.00-6.00   sec  19.3 KBytes   158 Kbits/sec                  
[  5]   6.00-7.00   sec  18.9 KBytes   155 Kbits/sec                  
[  5]   7.00-7.63   sec  11.6 KBytes   151 Kbits/sec                  
- - - - - - - - - - - - - - - - - - - - - - - - -
[ ID] Interval           Transfer     Bitrate
[  5]   0.00-7.63   sec   170 KBytes   183 Kbits/sec                  receiver
-----------------------------------------------------------
Server listening on 5003 (test #14)
-----------------------------------------------------------
Accepted connection from 10.42.1.3, port 35770
[  5] local 10.42.0.10 port 5003 connected to 10.42.1.3 port 35772
[ ID] Interval           Transfer     Bitrate
[  5]   0.00-1.00   sec  21.7 KBytes   178 Kbits/sec                  
[  5]   1.00-2.00   sec  25.1 KBytes   206 Kbits/sec                  
[  5]   2.00-3.00   sec  23.5 KBytes   193 Kbits/sec                  
[  5]   3.00-4.00   sec  18.7 KBytes   153 Kbits/sec                  
[  5]   4.00-5.00   sec  18.3 KBytes   150 Kbits/sec                  
[  5]   5.00-6.00   sec  24.1 KBytes   197 Kbits/sec                  
[  5]   6.00-7.00   sec  25.9 KBytes   212 Kbits/sec                  
[  5]   7.00-7.48   sec  12.4 KBytes   212 Kbits/sec                  
- - - - - - - - - - - - - - - - - - - - - - - - -
[ ID] Interval           Transfer     Bitrate
[  5]   0.00-7.48   sec   170 KBytes   186 Kbits/sec                  receiver
-----------------------------------------------------------
Server listening on 5004 (test #4)
-----------------------------------------------------------
Accepted connection from 10.42.2.3, port 37780
[  5] local 10.42.0.10 port 5004 connected to 10.42.2.3 port 37788
[ ID] Interval           Transfer     Bitrate
[  5]   0.00-1.00   sec  16.7 KBytes   137 Kbits/sec                  
[  5]   1.00-2.00   sec  18.7 KBytes   154 Kbits/sec                  
[  5]   2.00-3.00   sec  21.9 KBytes   179 Kbits/sec                  
[  5]   3.00-4.00   sec  26.1 KBytes   214 Kbits/sec                  
[  5]   4.00-5.00   sec  33.7 KBytes   276 Kbits/sec                  
[  5]   5.00-6.00   sec  26.9 KBytes   220 Kbits/sec                  
[  5]   6.00-7.00   sec  25.3 KBytes   207 Kbits/sec                  
[  5]   7.00-7.05   sec  1.39 KBytes   215 Kbits/sec                  
- - - - - - - - - - - - - - - - - - - - - - - - -
[ ID] Interval           Transfer     Bitrate
[  5]   0.00-7.05   sec   171 KBytes   198 Kbits/sec                  receiver
-----------------------------------------------------------
Server listening on 5002 (test #22)
-----------------------------------------------------------
Accepted connection from 10.42.3.3, port 39824
[  5] local 10.42.0.10 port 5002 connected to 10.42.3.3 port 39828
[ ID] Interval           Transfer     Bitrate
[  5]   0.00-1.00   sec  22.5 KBytes   184 Kbits/sec                  
[  5]   1.00-2.00   sec  24.7 KBytes   202 Kbits/sec                  
[  5]   2.00-3.00   sec  23.7 KBytes   194 Kbits/sec                  
[  5]   3.00-4.00   sec  24.9 KBytes   204 Kbits/sec                  
[  5]   4.00-5.00   sec  24.9 KBytes   204 Kbits/sec                  
[  5]   5.00-6.00   sec  23.3 KBytes   191 Kbits/sec                  
[  5]   6.00-7.00   sec  25.3 KBytes   207 Kbits/sec                  
[  5]   7.00-7.05   sec  1.39 KBytes   212 Kbits/sec                  
- - - - - - - - - - - - - - - - - - - - - - - - -
[ ID] Interval           Transfer     Bitrate
[  5]   0.00-7.05   sec   171 KBytes   198 Kbits/sec                  receiver
-----------------------------------------------------------
Server listening on 5003 (test #15)
-----------------------------------------------------------
Accepted connection from 10.42.1.3, port 36352
[  5] local 10.42.0.10 port 5003 connected to 10.42.1.3 port 36354
[ ID] Interval           Transfer     Bitrate
[  5]   0.00-1.00   sec  22.3 KBytes   183 Kbits/sec                  
[  5]   1.00-2.00   sec  24.9 KBytes   204 Kbits/sec                  
[  5]   2.00-3.00   sec  23.7 KBytes   194 Kbits/sec                  
[  5]   3.00-4.00   sec  25.1 KBytes   206 Kbits/sec                  
[  5]   4.00-5.00   sec  23.7 KBytes   194 Kbits/sec                  
[  5]   5.00-6.00   sec  24.9 KBytes   204 Kbits/sec                  
[  5]   6.00-7.00   sec  24.3 KBytes   199 Kbits/sec                  
[  5]   7.00-7.05   sec  1.59 KBytes   274 Kbits/sec                  
- - - - - - - - - - - - - - - - - - - - - - - - -
[ ID] Interval           Transfer     Bitrate
[  5]   0.00-7.05   sec   171 KBytes   198 Kbits/sec                  receiver
-----------------------------------------------------------
Server listening on 5002 (test #23)
-----------------------------------------------------------
Accepted connection from 10.42.2.3, port 55738
[  5] local 10.42.0.10 port 5002 connected to 10.42.2.3 port 55748
[ ID] Interval           Transfer     Bitrate
[  5]   0.00-1.00   sec  22.1 KBytes   181 Kbits/sec                  
[  5]   1.00-2.00   sec  24.3 KBytes   199 Kbits/sec                  
[  5]   2.00-3.00   sec  25.3 KBytes   207 Kbits/sec                  
[  5]   3.00-4.00   sec  23.3 KBytes   191 Kbits/sec                  
[  5]   4.00-5.00   sec  24.9 KBytes   204 Kbits/sec                  
[  5]   5.00-6.00   sec  24.9 KBytes   204 Kbits/sec                  
[  5]   6.00-7.00   sec  23.5 KBytes   192 Kbits/sec                  
[  5]   7.00-7.02   sec  1.39 KBytes   597 Kbits/sec                  
- - - - - - - - - - - - - - - - - - - - - - - - -
[ ID] Interval           Transfer     Bitrate
[  5]   0.00-7.02   sec   170 KBytes   198 Kbits/sec                  receiver
-----------------------------------------------------------
Server listening on 5002 (test #24)
-----------------------------------------------------------
Accepted connection from 10.42.3.3, port 57930
[  5] local 10.42.0.10 port 5002 connected to 10.42.3.3 port 57946
[ ID] Interval           Transfer     Bitrate
[  5]   0.00-1.00   sec  21.5 KBytes   176 Kbits/sec                  
[  5]   1.00-2.00   sec  24.7 KBytes   202 Kbits/sec                  
[  5]   2.00-3.00   sec  25.1 KBytes   206 Kbits/sec                  
[  5]   3.00-4.00   sec  23.7 KBytes   194 Kbits/sec                  
[  5]   4.00-5.00   sec  25.3 KBytes   207 Kbits/sec                  
[  5]   5.00-6.00   sec  24.1 KBytes   197 Kbits/sec                  
[  5]   6.00-7.00   sec  23.9 KBytes   196 Kbits/sec                  
[  5]   7.00-7.06   sec  1.59 KBytes   219 Kbits/sec                  
- - - - - - - - - - - - - - - - - - - - - - - - -
[ ID] Interval           Transfer     Bitrate
[  5]   0.00-7.06   sec   170 KBytes   197 Kbits/sec                  receiver
-----------------------------------------------------------
Server listening on 5003 (test #16)
-----------------------------------------------------------
Accepted connection from 10.42.1.3, port 49790
[  5] local 10.42.0.10 port 5003 connected to 10.42.1.3 port 49804
[ ID] Interval           Transfer     Bitrate
[  5]   0.00-1.00   sec  22.7 KBytes   186 Kbits/sec                  
[  5]   1.00-2.00   sec  23.5 KBytes   193 Kbits/sec                  
[  5]   2.00-3.00   sec  25.1 KBytes   206 Kbits/sec                  
[  5]   3.00-4.00   sec  23.7 KBytes   194 Kbits/sec                  
[  5]   4.00-5.00   sec  25.5 KBytes   209 Kbits/sec                  
[  5]   5.00-6.00   sec  24.1 KBytes   198 Kbits/sec                  
[  5]   6.00-7.00   sec  24.3 KBytes   199 Kbits/sec                  
[  5]   7.00-7.04   sec  1.39 KBytes   269 Kbits/sec                  
- - - - - - - - - - - - - - - - - - - - - - - - -
[ ID] Interval           Transfer     Bitrate
[  5]   0.00-7.04   sec   170 KBytes   198 Kbits/sec                  receiver
-----------------------------------------------------------
Server listening on 5004 (test #5)
-----------------------------------------------------------
Accepted connection from 10.42.2.3, port 54054
[  5] local 10.42.0.10 port 5004 connected to 10.42.2.3 port 54068
[ ID] Interval           Transfer     Bitrate
[  5]   0.00-1.00   sec  22.7 KBytes   186 Kbits/sec                  
[  5]   1.00-2.00   sec  23.5 KBytes   193 Kbits/sec                  
[  5]   2.00-3.00   sec  24.9 KBytes   204 Kbits/sec                  
[  5]   3.00-4.00   sec  24.3 KBytes   199 Kbits/sec                  
[  5]   4.00-5.00   sec  23.9 KBytes   196 Kbits/sec                  
[  5]   5.00-6.00   sec  25.1 KBytes   206 Kbits/sec                  
[  5]   6.00-7.00   sec  24.9 KBytes   204 Kbits/sec                  
[  5]   7.00-7.05   sec  1.39 KBytes   215 Kbits/sec                  
- - - - - - - - - - - - - - - - - - - - - - - - -
[ ID] Interval           Transfer     Bitrate
[  5]   0.00-7.05   sec   171 KBytes   198 Kbits/sec                  receiver
-----------------------------------------------------------
Server listening on 5002 (test #25)
-----------------------------------------------------------
Accepted connection from 10.42.3.3, port 59576
[  5] local 10.42.0.10 port 5002 connected to 10.42.3.3 port 59590
[ ID] Interval           Transfer     Bitrate
[  5]   0.00-1.00   sec  22.3 KBytes   183 Kbits/sec                  
[  5]   1.00-2.00   sec  24.9 KBytes   204 Kbits/sec                  
[  5]   2.00-3.00   sec  23.3 KBytes   191 Kbits/sec                  
[  5]   3.00-4.00   sec  24.9 KBytes   204 Kbits/sec                  
[  5]   4.00-5.00   sec  24.5 KBytes   201 Kbits/sec                  
[  5]   5.00-6.00   sec  24.7 KBytes   202 Kbits/sec                  
[  5]   6.00-7.00   sec  24.3 KBytes   199 Kbits/sec                  
[  5]   7.00-7.07   sec  1.79 KBytes   221 Kbits/sec                  
- - - - - - - - - - - - - - - - - - - - - - - - -
[ ID] Interval           Transfer     Bitrate
[  5]   0.00-7.07   sec   171 KBytes   198 Kbits/sec                  receiver
-----------------------------------------------------------
Server listening on 5003 (test #17)
-----------------------------------------------------------
Accepted connection from 10.42.2.3, port 57444
[  5] local 10.42.0.10 port 5003 connected to 10.42.2.3 port 57448
[ ID] Interval           Transfer     Bitrate
[  5]   0.00-1.00   sec  22.7 KBytes   186 Kbits/sec                  
[  5]   1.00-2.00   sec  23.7 KBytes   194 Kbits/sec                  
[  5]   2.00-3.00   sec  25.3 KBytes   207 Kbits/sec                  
[  5]   3.00-4.00   sec  23.7 KBytes   194 Kbits/sec                  
[  5]   4.00-5.00   sec  22.5 KBytes   184 Kbits/sec                  
[  5]   5.00-6.00   sec  25.9 KBytes   212 Kbits/sec                  
[  5]   6.00-7.00   sec  25.5 KBytes   209 Kbits/sec                  
[  5]   7.00-7.05   sec  1.39 KBytes   216 Kbits/sec                  
- - - - - - - - - - - - - - - - - - - - - - - - -
[ ID] Interval           Transfer     Bitrate
[  5]   0.00-7.05   sec   171 KBytes   198 Kbits/sec                  receiver
-----------------------------------------------------------
Server listening on 5002 (test #26)
-----------------------------------------------------------
Accepted connection from 10.42.1.3, port 36774
[  5] local 10.42.0.10 port 5002 connected to 10.42.1.3 port 36788
[ ID] Interval           Transfer     Bitrate
[  5]   0.00-1.00   sec  22.7 KBytes   186 Kbits/sec                  
[  5]   1.00-2.00   sec  24.1 KBytes   197 Kbits/sec                  
[  5]   2.00-3.00   sec  22.7 KBytes   186 Kbits/sec                  
[  5]   3.00-4.00   sec  25.3 KBytes   207 Kbits/sec                  
[  5]   4.00-5.00   sec  24.5 KBytes   201 Kbits/sec                  
[  5]   5.00-6.00   sec  25.5 KBytes   209 Kbits/sec                  
[  5]   6.00-7.00   sec  23.5 KBytes   193 Kbits/sec                  
[  5]   7.00-7.02   sec  1.39 KBytes   567 Kbits/sec                  
- - - - - - - - - - - - - - - - - - - - - - - - -
[ ID] Interval           Transfer     Bitrate
[  5]   0.00-7.02   sec   170 KBytes   198 Kbits/sec                  receiver
-----------------------------------------------------------
Server listening on 5002 (test #27)
-----------------------------------------------------------
Accepted connection from 10.42.3.3, port 45334
[  5] local 10.42.0.10 port 5002 connected to 10.42.3.3 port 45344
[ ID] Interval           Transfer     Bitrate
[  5]   0.00-1.00   sec  22.7 KBytes   186 Kbits/sec                  
[  5]   1.00-2.00   sec  23.5 KBytes   193 Kbits/sec                  
[  5]   2.00-3.00   sec  24.9 KBytes   204 Kbits/sec                  
[  5]   3.00-4.00   sec  24.9 KBytes   204 Kbits/sec                  
[  5]   4.00-5.00   sec  23.9 KBytes   196 Kbits/sec                  
[  5]   5.00-6.00   sec  23.9 KBytes   196 Kbits/sec                  
[  5]   6.00-7.00   sec  23.9 KBytes   196 Kbits/sec                  
[  5]   7.00-7.14   sec  2.39 KBytes   142 Kbits/sec                  
- - - - - - - - - - - - - - - - - - - - - - - - -
[ ID] Interval           Transfer     Bitrate
[  5]   0.00-7.14   sec   170 KBytes   195 Kbits/sec                  receiver
-----------------------------------------------------------
Server listening on 5003 (test #18)
-----------------------------------------------------------
Accepted connection from 10.42.2.3, port 35128
[  5] local 10.42.0.10 port 5003 connected to 10.42.2.3 port 35140
[ ID] Interval           Transfer     Bitrate
[  5]   0.00-1.00   sec  22.7 KBytes   186 Kbits/sec                  
[  5]   1.00-2.00   sec  22.9 KBytes   188 Kbits/sec                  
[  5]   2.00-3.00   sec  22.9 KBytes   188 Kbits/sec                  
[  5]   3.00-4.00   sec  26.7 KBytes   219 Kbits/sec                  
[  5]   4.00-5.00   sec  24.3 KBytes   199 Kbits/sec                  
[  5]   5.00-6.00   sec  25.5 KBytes   209 Kbits/sec                  
[  5]   6.00-7.00   sec  23.9 KBytes   196 Kbits/sec                  
[  5]   7.00-7.04   sec  1.59 KBytes   323 Kbits/sec                  
- - - - - - - - - - - - - - - - - - - - - - - - -
[ ID] Interval           Transfer     Bitrate
[  5]   0.00-7.04   sec   171 KBytes   198 Kbits/sec                  receiver
-----------------------------------------------------------
Server listening on 5004 (test #6)
-----------------------------------------------------------
Accepted connection from 10.42.1.3, port 47232
[  5] local 10.42.0.10 port 5004 connected to 10.42.1.3 port 47234
[ ID] Interval           Transfer     Bitrate
[  5]   0.00-1.00   sec  19.5 KBytes   160 Kbits/sec                  
[  5]   1.00-2.00   sec  26.7 KBytes   219 Kbits/sec                  
[  5]   2.00-3.00   sec  24.5 KBytes   201 Kbits/sec                  
[  5]   3.00-4.00   sec  24.1 KBytes   197 Kbits/sec                  
[  5]   4.00-5.00   sec  25.3 KBytes   207 Kbits/sec                  
[  5]   5.00-6.00   sec  24.7 KBytes   202 Kbits/sec                  
[  5]   6.00-7.00   sec  23.5 KBytes   193 Kbits/sec                  
[  5]   7.00-7.02   sec  1.39 KBytes   587 Kbits/sec                  
- - - - - - - - - - - - - - - - - - - - - - - - -
[ ID] Interval           Transfer     Bitrate
[  5]   0.00-7.02   sec   170 KBytes   198 Kbits/sec                  receiver
-----------------------------------------------------------
Server listening on 5002 (test #28)
-----------------------------------------------------------
Accepted connection from 10.42.3.3, port 37926
[  5] local 10.42.0.10 port 5002 connected to 10.42.3.3 port 37934
[ ID] Interval           Transfer     Bitrate
[  5]   0.00-1.00   sec  22.3 KBytes   183 Kbits/sec                  
[  5]   1.00-2.00   sec  24.9 KBytes   204 Kbits/sec                  
[  5]   2.00-3.00   sec  23.7 KBytes   194 Kbits/sec                  
[  5]   3.00-4.00   sec  25.1 KBytes   206 Kbits/sec                  
[  5]   4.00-5.00   sec  24.1 KBytes   197 Kbits/sec                  
[  5]   5.00-6.00   sec  22.3 KBytes   183 Kbits/sec                  
[  5]   6.00-7.00   sec  24.1 KBytes   197 Kbits/sec                  
[  5]   7.00-7.12   sec  3.59 KBytes   246 Kbits/sec                  
- - - - - - - - - - - - - - - - - - - - - - - - -
[ ID] Interval           Transfer     Bitrate
[  5]   0.00-7.12   sec   170 KBytes   196 Kbits/sec                  receiver
-----------------------------------------------------------
Server listening on 5003 (test #19)
-----------------------------------------------------------
Accepted connection from 10.42.2.3, port 35770
[  5] local 10.42.0.10 port 5003 connected to 10.42.2.3 port 35782
[ ID] Interval           Transfer     Bitrate
[  5]   0.00-1.00   sec  22.5 KBytes   184 Kbits/sec                  
[  5]   1.00-2.00   sec  23.9 KBytes   196 Kbits/sec                  
[  5]   2.00-3.00   sec  21.9 KBytes   180 Kbits/sec                  
[  5]   3.00-4.00   sec  27.7 KBytes   227 Kbits/sec                  
[  5]   4.00-5.00   sec  23.3 KBytes   191 Kbits/sec                  
[  5]   5.00-6.00   sec  25.1 KBytes   206 Kbits/sec                  
[  5]   6.00-7.00   sec  24.9 KBytes   204 Kbits/sec                  
[  5]   7.00-7.06   sec  1.39 KBytes   181 Kbits/sec                  
- - - - - - - - - - - - - - - - - - - - - - - - -
[ ID] Interval           Transfer     Bitrate
[  5]   0.00-7.06   sec   171 KBytes   198 Kbits/sec                  receiver
-----------------------------------------------------------
Server listening on 5002 (test #29)
-----------------------------------------------------------
Accepted connection from 10.42.1.3, port 37908
[  5] local 10.42.0.10 port 5002 connected to 10.42.1.3 port 37918
[ ID] Interval           Transfer     Bitrate
[  5]   0.00-1.00   sec  22.7 KBytes   186 Kbits/sec                  
[  5]   1.00-2.00   sec  8.96 KBytes  73.4 Kbits/sec                  
[  5]   2.00-3.00   sec  40.4 KBytes   331 Kbits/sec                  
[  5]   3.00-4.00   sec  22.9 KBytes   188 Kbits/sec                  
[  5]   4.00-5.00   sec  25.1 KBytes   206 Kbits/sec                  
[  5]   5.00-6.00   sec  24.7 KBytes   202 Kbits/sec                  
[  5]   6.00-7.00   sec  23.9 KBytes   196 Kbits/sec                  
[  5]   7.00-7.03   sec  1.39 KBytes   380 Kbits/sec                  
- - - - - - - - - - - - - - - - - - - - - - - - -
[ ID] Interval           Transfer     Bitrate
[  5]   0.00-7.03   sec   170 KBytes   198 Kbits/sec                  receiver
-----------------------------------------------------------
Server listening on 5002 (test #30)
-----------------------------------------------------------
Accepted connection from 10.42.3.3, port 54600
[  5] local 10.42.0.10 port 5002 connected to 10.42.3.3 port 54610
[ ID] Interval           Transfer     Bitrate
[  5]   0.00-1.00   sec  22.5 KBytes   184 Kbits/sec                  
[  5]   1.00-2.00   sec  24.3 KBytes   199 Kbits/sec                  
[  5]   2.00-3.00   sec  24.3 KBytes   199 Kbits/sec                  
[  5]   3.00-4.00   sec  24.9 KBytes   204 Kbits/sec                  
[  5]   4.00-5.00   sec  23.7 KBytes   194 Kbits/sec                  
[  5]   5.00-6.00   sec  23.9 KBytes   196 Kbits/sec                  
[  5]   6.00-7.00   sec  25.7 KBytes   210 Kbits/sec                  
[  5]   7.00-7.05   sec  1.39 KBytes   216 Kbits/sec                  
- - - - - - - - - - - - - - - - - - - - - - - - -
[ ID] Interval           Transfer     Bitrate
[  5]   0.00-7.05   sec   171 KBytes   198 Kbits/sec                  receiver
-----------------------------------------------------------
Server listening on 5003 (test #20)
-----------------------------------------------------------
Accepted connection from 10.42.2.3, port 39696
[  5] local 10.42.0.10 port 5003 connected to 10.42.2.3 port 39704
[ ID] Interval           Transfer     Bitrate
[  5]   0.00-1.00   sec  22.7 KBytes   186 Kbits/sec                  
[  5]   1.00-2.00   sec  24.5 KBytes   201 Kbits/sec                  
[  5]   2.00-3.00   sec  23.9 KBytes   196 Kbits/sec                  
[  5]   3.00-4.00   sec  25.1 KBytes   206 Kbits/sec                  
[  5]   4.00-5.00   sec  23.7 KBytes   194 Kbits/sec                  
[  5]   5.00-6.00   sec  24.5 KBytes   201 Kbits/sec                  
[  5]   6.00-7.00   sec  24.9 KBytes   204 Kbits/sec                  
[  5]   7.00-7.05   sec  1.39 KBytes   213 Kbits/sec                  
- - - - - - - - - - - - - - - - - - - - - - - - -
[ ID] Interval           Transfer     Bitrate
[  5]   0.00-7.05   sec   171 KBytes   198 Kbits/sec                  receiver
-----------------------------------------------------------
Server listening on 5002 (test #31)
-----------------------------------------------------------
Accepted connection from 10.42.1.3, port 47268
[  5] local 10.42.0.10 port 5002 connected to 10.42.1.3 port 47270
[ ID] Interval           Transfer     Bitrate
[  5]   0.00-1.00   sec  22.3 KBytes   183 Kbits/sec                  
[  5]   1.00-2.00   sec  25.1 KBytes   206 Kbits/sec                  
[  5]   2.00-3.00   sec  23.7 KBytes   194 Kbits/sec                  
[  5]   3.00-4.00   sec  24.9 KBytes   204 Kbits/sec                  
[  5]   4.00-5.00   sec  23.5 KBytes   193 Kbits/sec                  
[  5]   5.00-6.00   sec  24.9 KBytes   204 Kbits/sec                  
[  5]   6.00-7.00   sec  24.9 KBytes   204 Kbits/sec                  
[  5]   7.00-7.05   sec  1.39 KBytes   216 Kbits/sec                  
- - - - - - - - - - - - - - - - - - - - - - - - -
[ ID] Interval           Transfer     Bitrate
[  5]   0.00-7.05   sec   171 KBytes   198 Kbits/sec                  receiver
