-----------------------------------------------------------
-----------------------------------------------------------
-----------------------------------------------------------
-----------------------------------------------------------
-----------------------------------------------------------
-----------------------------------------------------------
-----------------------------------------------------------
-----------------------------------------------------------
-----------------------------------------------------------
-----------------------------------------------------------
-----------------------------------------------------------
Server listening on 5003 (test #1)
-----------------------------------------------------------
Accepted connection from 10.42.6.4, port 40606
[  5] local 10.42.6.3 port 5003 connected to 10.42.6.4 port 48066
[ ID] Interval           Transfer     Bitrate
[  5]   0.00-1.00   sec  3.79 KBytes  31.0 Kbits/sec                  
[  5]   1.00-2.00   sec  3.59 KBytes  29.4 Kbits/sec                  
[  5]   2.00-3.00   sec  3.79 KBytes  31.0 Kbits/sec                  
[  5]   3.00-4.00   sec  3.59 KBytes  29.4 Kbits/sec                  
[  5]   4.00-5.00   sec  3.59 KBytes  29.4 Kbits/sec                  
[  5]   5.00-6.00   sec  3.79 KBytes  31.0 Kbits/sec                  
[  5]   6.00-7.00   sec  3.59 KBytes  29.4 Kbits/sec                  
- - - - - - - - - - - - - - - - - - - - - - - - -
[ ID] Interval           Transfer     Bitrate
[  5]   0.00-7.00   sec  25.7 KBytes  30.1 Kbits/sec                  receiver
Server listening on 5004 (test #1)
-----------------------------------------------------------
Accepted connection from 10.42.6.5, port 38610
[  5] local 10.42.6.3 port 5004 connected to 10.42.6.5 port 38620
[ ID] Interval           Transfer     Bitrate
[  5]   0.00-1.00   sec  3.79 KBytes  31.0 Kbits/sec                  
[  5]   1.00-2.00   sec  3.59 KBytes  29.4 Kbits/sec                  
[  5]   2.00-3.00   sec  3.79 KBytes  31.0 Kbits/sec                  
[  5]   3.00-4.00   sec  3.59 KBytes  29.4 Kbits/sec                  
[  5]   4.00-5.00   sec  3.59 KBytes  29.4 Kbits/sec                  
[  5]   5.00-6.00   sec  3.79 KBytes  31.0 Kbits/sec                  
[  5]   6.00-7.00   sec  3.59 KBytes  29.4 Kbits/sec                  
- - - - - - - - - - - - - - - - - - - - - - - - -
[ ID] Interval           Transfer     Bitrate
[  5]   0.00-7.00   sec  25.7 KBytes  30.1 Kbits/sec                  receiver
Server listening on 5005 (test #1)
-----------------------------------------------------------
Accepted connection from 10.42.5.3, port 53120
[  5] local 10.42.6.3 port 5005 connected to 10.42.5.3 port 55492
[ ID] Interval           Transfer     Bitrate
[  5]   0.00-1.00   sec  0.00 Bytes  0.00 bits/sec                  
[  5]   1.00-2.00   sec   204 Bytes  1.63 Kbits/sec                  
[  5]   2.00-3.00   sec  0.00 Bytes  0.00 bits/sec                  
[  5]   3.00-4.00   sec  0.00 Bytes  0.00 bits/sec                  
[  5]   4.00-5.00   sec  0.00 Bytes  0.00 bits/sec                  
[  5]   5.00-6.00   sec  0.00 Bytes  0.00 bits/sec                  
[  5]   6.00-7.00   sec  0.00 Bytes  0.00 bits/sec                  
[  5]   7.00-8.00   sec  0.00 Bytes  0.00 bits/sec                  
[  5]   8.00-9.00   sec  0.00 Bytes  0.00 bits/sec                  
[  5]   9.00-10.00  sec  0.00 Bytes  0.00 bits/sec                  
[  5]  10.00-11.00  sec  0.00 Bytes  0.00 bits/sec                  
[  5]  11.00-12.00  sec  0.00 Bytes  0.00 bits/sec                  
Server listening on 5006 (test #1)
-----------------------------------------------------------
Accepted connection from 10.42.5.4, port 58494
[  5] local 10.42.6.3 port 5006 connected to 10.42.5.4 port 58500
[ ID] Interval           Transfer     Bitrate
[  5]   0.00-1.00   sec  1.20 KBytes  9.78 Kbits/sec                  
[  5]   1.00-2.00   sec  4.18 KBytes  34.3 Kbits/sec                  
[  5]   2.00-3.00   sec  1.39 KBytes  11.4 Kbits/sec                  
[  5]   3.00-4.00   sec  2.39 KBytes  19.6 Kbits/sec                  
[  5]   4.00-5.00   sec  1.39 KBytes  11.4 Kbits/sec                  
[  5]   5.00-6.00   sec  1.39 KBytes  11.4 Kbits/sec                  
[  5]   6.00-7.00   sec  5.58 KBytes  45.7 Kbits/sec                  
[  5]   7.00-8.00   sec  5.18 KBytes  42.4 Kbits/sec                  
[  5]   8.00-9.00   sec  0.00 Bytes  0.00 bits/sec                  
[  5]   9.00-10.00  sec  1.20 KBytes  9.79 Kbits/sec                  
[  5]  10.00-11.00  sec  1.39 KBytes  11.4 Kbits/sec                  
Server listening on 5007 (test #1)
-----------------------------------------------------------
Accepted connection from 10.42.8.3, port 48190
[  5] local 10.42.6.3 port 5007 connected to 10.42.8.3 port 48202
[ ID] Interval           Transfer     Bitrate
[  5]   0.00-1.00   sec   204 Bytes  1.63 Kbits/sec                  
[  5]   1.00-2.00   sec  3.19 KBytes  26.1 Kbits/sec                  
[  5]   2.00-3.00   sec  2.79 KBytes  22.8 Kbits/sec                  
[  5]   3.00-4.00   sec  2.79 KBytes  22.8 Kbits/sec                  
[  5]   4.00-5.00   sec  2.59 KBytes  21.2 Kbits/sec                  
[  5]   5.00-6.00   sec  2.59 KBytes  21.2 Kbits/sec                  
[  5]   6.00-7.00   sec  2.59 KBytes  21.2 Kbits/sec                  
[  5]   7.00-8.00   sec  2.79 KBytes  22.8 Kbits/sec                  
[  5]   8.00-9.00   sec  3.19 KBytes  26.1 Kbits/sec                  
[  5]   9.00-9.97   sec  2.79 KBytes  23.7 Kbits/sec                  
- - - - - - - - - - - - - - - - - - - - - - - - -
[ ID] Interval           Transfer     Bitrate
[  5]  11.00-11.25  sec  0.00 Bytes  0.00 bits/sec                  
- - - - - - - - - - - - - - - - - - - - - - - - -
[ ID] Interval           Transfer     Bitrate
[  5]   0.00-11.25  sec  25.3 KBytes  18.4 Kbits/sec                  receiver
[  5]   0.00-9.97   sec  25.5 KBytes  21.0 Kbits/sec                  receiver
Server listening on 5002 (test #1)
-----------------------------------------------------------
Accepted connection from 10.42.6.4, port 39688
[  5] local 10.42.6.3 port 5002 connected to 10.42.6.4 port 39702
[ ID] Interval           Transfer     Bitrate
[  5]   0.00-1.00   sec  3.79 KBytes  31.0 Kbits/sec                  
[  5]   1.00-2.00   sec  3.59 KBytes  29.4 Kbits/sec                  
[  5]   2.00-3.00   sec  3.79 KBytes  31.0 Kbits/sec                  
[  5]   3.00-4.00   sec  3.59 KBytes  29.4 Kbits/sec                  
[  5]   4.00-5.00   sec  3.59 KBytes  29.4 Kbits/sec                  
[  5]   5.00-6.00   sec  3.79 KBytes  31.0 Kbits/sec                  
[  5]   6.00-7.00   sec  3.59 KBytes  29.4 Kbits/sec                  
- - - - - - - - - - - - - - - - - - - - - - - - -
[ ID] Interval           Transfer     Bitrate
[  5]   0.00-7.00   sec  25.7 KBytes  30.1 Kbits/sec                  receiver
Server listening on 5008 (test #1)
-----------------------------------------------------------
Accepted connection from 10.42.8.4, port 34570
[  5] local 10.42.6.3 port 5008 connected to 10.42.8.4 port 34574
[ ID] Interval           Transfer     Bitrate
[  5]   0.00-1.00   sec  1.79 KBytes  14.7 Kbits/sec                  
[  5]   1.00-2.00   sec  4.18 KBytes  34.3 Kbits/sec                  
[  5]   2.00-3.00   sec  3.19 KBytes  26.1 Kbits/sec                  
[  5]   3.00-4.00   sec  3.59 KBytes  29.4 Kbits/sec                  
[  5]   4.00-5.00   sec  4.18 KBytes  34.3 Kbits/sec                  
[  5]   5.00-6.00   sec  2.79 KBytes  22.8 Kbits/sec                  
[  5]   6.00-7.00   sec  4.38 KBytes  35.9 Kbits/sec                  
[  5]   7.00-7.36   sec  1.59 KBytes  36.0 Kbits/sec                  
- - - - - - - - - - - - - - - - - - - - - - - - -
[ ID] Interval           Transfer     Bitrate
[  5]   0.00-7.36   sec  25.7 KBytes  28.6 Kbits/sec                  receiver
[  5]  12.00-13.00  sec  0.00 Bytes  0.00 bits/sec                  
[  5]  13.00-14.00  sec  0.00 Bytes  0.00 bits/sec                  
[  5]  14.00-15.00  sec  0.00 Bytes  0.00 bits/sec                  
[  5]  15.00-16.00  sec  0.00 Bytes  0.00 bits/sec                  
[  5]  16.00-17.00  sec  0.00 Bytes  0.00 bits/sec                  
[  5]  17.00-18.00  sec  0.00 Bytes  0.00 bits/sec                  
[  5]  18.00-19.00  sec  0.00 Bytes  0.00 bits/sec                  
[  5]  19.00-20.00  sec  0.00 Bytes  0.00 bits/sec                  
[  5]  20.00-21.00  sec  0.00 Bytes  0.00 bits/sec                  
[  5]  21.00-22.00  sec  0.00 Bytes  0.00 bits/sec                  
[  5]  22.00-23.00  sec  0.00 Bytes  0.00 bits/sec                  
[  5]  23.00-24.00  sec  0.00 Bytes  0.00 bits/sec                  
[  5]  24.00-25.00  sec  0.00 Bytes  0.00 bits/sec                  
[  5]  25.00-26.00  sec  0.00 Bytes  0.00 bits/sec                  
[  5]  26.00-27.00  sec  0.00 Bytes  0.00 bits/sec                  
-----------------------------------------------------------
Server listening on 5002 (test #2)
-----------------------------------------------------------
Accepted connection from 10.42.6.5, port 42080
[  5] local 10.42.6.3 port 5002 connected to 10.42.6.5 port 42090
[ ID] Interval           Transfer     Bitrate
[  5]   0.00-1.00   sec  3.79 KBytes  31.0 Kbits/sec                  
[  5]   1.00-2.00   sec  3.59 KBytes  29.4 Kbits/sec                  
[  5]   2.00-3.00   sec  3.79 KBytes  31.0 Kbits/sec                  
[  5]   3.00-4.00   sec  3.59 KBytes  29.4 Kbits/sec                  
[  5]   4.00-5.00   sec  3.59 KBytes  29.4 Kbits/sec                  
[  5]   5.00-6.00   sec  3.79 KBytes  31.0 Kbits/sec                  
[  5]   6.00-7.00   sec  3.59 KBytes  29.4 Kbits/sec                  
- - - - - - - - - - - - - - - - - - - - - - - - -
[ ID] Interval           Transfer     Bitrate
[  5]   0.00-7.00   sec  25.7 KBytes  30.1 Kbits/sec                  receiver
-----------------------------------------------------------
Server listening on 5003 (test #2)
-----------------------------------------------------------
Accepted connection from 10.42.8.3, port 45246
[  5] local 10.42.6.3 port 5003 connected to 10.42.8.3 port 45260
[ ID] Interval           Transfer     Bitrate
[  5]   0.00-1.00   sec  2.59 KBytes  21.2 Kbits/sec                  
[  5]   1.00-2.00   sec  3.59 KBytes  29.4 Kbits/sec                  
[  5]   2.00-3.00   sec  2.99 KBytes  24.5 Kbits/sec                  
[  5]   3.00-4.00   sec  3.98 KBytes  32.6 Kbits/sec                  
[  5]   4.00-5.00   sec  3.98 KBytes  32.6 Kbits/sec                  
[  5]   5.00-6.00   sec  3.59 KBytes  29.4 Kbits/sec                  
[  5]   6.00-7.00   sec  3.59 KBytes  29.4 Kbits/sec                  
[  5]   7.00-7.34   sec  1.39 KBytes  33.6 Kbits/sec                  
- - - - - - - - - - - - - - - - - - - - - - - - -
[ ID] Interval           Transfer     Bitrate
[  5]   0.00-7.34   sec  25.7 KBytes  28.7 Kbits/sec                  receiver
[  5]  27.00-28.00  sec  0.00 Bytes  0.00 bits/sec                  
[  5]  28.00-29.00  sec  0.00 Bytes  0.00 bits/sec                  
[  5]  29.00-30.00  sec  0.00 Bytes  0.00 bits/sec                  
[  5]  30.00-31.00  sec  0.00 Bytes  0.00 bits/sec                  
[  5]  31.00-32.00  sec  0.00 Bytes  0.00 bits/sec                  
[  5]  32.00-33.00  sec  0.00 Bytes  0.00 bits/sec                  
[  5]  33.00-34.00  sec  0.00 Bytes  0.00 bits/sec                  
[  5]  34.00-35.00  sec  0.00 Bytes  0.00 bits/sec                  
[  5]  35.00-36.00  sec  0.00 Bytes  0.00 bits/sec                  
[  5]  36.00-37.00  sec  0.00 Bytes  0.00 bits/sec                  
[  5]  37.00-38.00  sec  0.00 Bytes  0.00 bits/sec                  
[  5]  38.00-39.00  sec  0.00 Bytes  0.00 bits/sec                  
[  5]  39.00-40.00  sec  0.00 Bytes  0.00 bits/sec                  
[  5]  40.00-41.00  sec  0.00 Bytes  0.00 bits/sec                  
[  5]  41.00-42.00  sec  0.00 Bytes  0.00 bits/sec                  
-----------------------------------------------------------
Server listening on 5004 (test #2)
-----------------------------------------------------------
Accepted connection from 10.42.5.4, port 50780
[  5] local 10.42.6.3 port 5004 connected to 10.42.5.4 port 44574
[ ID] Interval           Transfer     Bitrate
[  5]   0.00-1.00   sec  1.99 KBytes  16.3 Kbits/sec                  
[  5]   1.00-2.00   sec  3.39 KBytes  27.7 Kbits/sec                  
[  5]   2.00-3.00   sec  3.79 KBytes  31.0 Kbits/sec                  
[  5]   3.00-4.00   sec  3.79 KBytes  31.0 Kbits/sec                  
[  5]   4.00-5.00   sec  3.79 KBytes  31.0 Kbits/sec                  
[  5]   5.00-6.00   sec  3.79 KBytes  31.0 Kbits/sec                  
[  5]   6.00-7.00   sec  3.98 KBytes  32.6 Kbits/sec                  
[  5]   7.00-7.35   sec  1.20 KBytes  28.4 Kbits/sec                  
- - - - - - - - - - - - - - - - - - - - - - - - -
[ ID] Interval           Transfer     Bitrate
[  5]   0.00-7.35   sec  25.7 KBytes  28.7 Kbits/sec                  receiver
[  5]  42.00-43.00  sec  0.00 Bytes  0.00 bits/sec                  
[  5]  43.00-44.00  sec  0.00 Bytes  0.00 bits/sec                  
[  5]  44.00-45.00  sec  0.00 Bytes  0.00 bits/sec                  
[  5]  45.00-46.00  sec  0.00 Bytes  0.00 bits/sec                  
-----------------------------------------------------------
Server listening on 5002 (test #3)
-----------------------------------------------------------
Accepted connection from 10.42.8.4, port 56548
[  5] local 10.42.6.3 port 5002 connected to 10.42.8.4 port 56554
[ ID] Interval           Transfer     Bitrate
[  5]   0.00-1.00   sec  1020 Bytes  8.15 Kbits/sec                  
[  5]   1.00-2.00   sec  3.98 KBytes  32.6 Kbits/sec                  
[  5]   2.00-3.00   sec  3.98 KBytes  32.6 Kbits/sec                  
[  5]   3.00-4.00   sec  3.39 KBytes  27.7 Kbits/sec                  
[  5]   4.00-5.00   sec  3.59 KBytes  29.4 Kbits/sec                  
[  5]   5.00-6.00   sec  3.79 KBytes  31.0 Kbits/sec                  
[  5]   6.00-7.00   sec  3.79 KBytes  31.0 Kbits/sec                  
[  5]   7.00-7.20   sec  1.20 KBytes  48.5 Kbits/sec                  
- - - - - - - - - - - - - - - - - - - - - - - - -
[ ID] Interval           Transfer     Bitrate
[  5]   0.00-7.20   sec  24.7 KBytes  28.1 Kbits/sec                  receiver
-----------------------------------------------------------
Server listening on 5003 (test #3)
-----------------------------------------------------------
Accepted connection from 10.42.6.4, port 55088
[  5] local 10.42.6.3 port 5003 connected to 10.42.6.4 port 51486
[ ID] Interval           Transfer     Bitrate
[  5]   0.00-1.00   sec  3.79 KBytes  31.0 Kbits/sec                  
[  5]   1.00-2.00   sec  3.59 KBytes  29.4 Kbits/sec                  
[  5]   2.00-3.00   sec  3.79 KBytes  31.0 Kbits/sec                  
[  5]   3.00-4.00   sec  3.59 KBytes  29.4 Kbits/sec                  
[  5]   4.00-5.00   sec  3.59 KBytes  29.4 Kbits/sec                  
[  5]   5.00-6.00   sec  3.79 KBytes  31.0 Kbits/sec                  
[  5]   6.00-7.00   sec  3.59 KBytes  29.4 Kbits/sec                  
- - - - - - - - - - - - - - - - - - - - - - - - -
[ ID] Interval           Transfer     Bitrate
[  5]   0.00-7.00   sec  25.7 KBytes  30.1 Kbits/sec                  receiver
-----------------------------------------------------------
Server listening on 5006 (test #2)
-----------------------------------------------------------
Accepted connection from 10.42.5.3, port 33128
[  5] local 10.42.6.3 port 5006 connected to 10.42.5.3 port 33134
[ ID] Interval           Transfer     Bitrate
[  5]   0.00-1.00   sec  1.79 KBytes  14.7 Kbits/sec                  
[  5]   1.00-2.00   sec  3.59 KBytes  29.4 Kbits/sec                  
[  5]   2.00-3.00   sec  3.39 KBytes  27.7 Kbits/sec                  
[  5]   3.00-4.00   sec  4.78 KBytes  39.2 Kbits/sec                  
[  5]   4.00-5.00   sec  3.19 KBytes  26.1 Kbits/sec                  
[  5]   5.00-6.00   sec  3.79 KBytes  31.0 Kbits/sec                  
[  5]   6.00-7.00   sec  3.79 KBytes  31.0 Kbits/sec                  
[  5]   7.00-7.36   sec  1.39 KBytes  31.9 Kbits/sec                  
- - - - - - - - - - - - - - - - - - - - - - - - -
[ ID] Interval           Transfer     Bitrate
[  5]   0.00-7.36   sec  25.7 KBytes  28.6 Kbits/sec                  receiver
-----------------------------------------------------------
Server listening on 5002 (test #4)
-----------------------------------------------------------
Accepted connection from 10.42.6.5, port 35098
[  5] local 10.42.6.3 port 5002 connected to 10.42.6.5 port 35104
[ ID] Interval           Transfer     Bitrate
[  5]   0.00-1.00   sec  3.79 KBytes  31.0 Kbits/sec                  
[  5]   1.00-2.00   sec  3.59 KBytes  29.4 Kbits/sec                  
[  5]   2.00-3.00   sec  3.79 KBytes  31.0 Kbits/sec                  
[  5]   3.00-4.00   sec  3.59 KBytes  29.4 Kbits/sec                  
[  5]   4.00-5.00   sec  3.59 KBytes  29.4 Kbits/sec                  
[  5]   5.00-6.00   sec  3.79 KBytes  31.0 Kbits/sec                  
[  5]   6.00-7.00   sec  3.59 KBytes  29.4 Kbits/sec                  
- - - - - - - - - - - - - - - - - - - - - - - - -
[ ID] Interval           Transfer     Bitrate
[  5]   0.00-7.00   sec  25.7 KBytes  30.1 Kbits/sec                  receiver
-----------------------------------------------------------
Server listening on 5002 (test #5)
-----------------------------------------------------------
Accepted connection from 10.42.5.4, port 41872
[  5] local 10.42.6.3 port 5002 connected to 10.42.5.4 port 41880
[ ID] Interval           Transfer     Bitrate
[  5]   0.00-1.00   sec  2.59 KBytes  21.2 Kbits/sec                  
[  5]   1.00-2.00   sec  3.39 KBytes  27.7 Kbits/sec                  
[  5]   2.00-3.00   sec  3.98 KBytes  32.6 Kbits/sec                  
[  5]   3.00-4.00   sec  2.99 KBytes  24.5 Kbits/sec                  
[  5]   4.00-5.00   sec  3.59 KBytes  29.4 Kbits/sec                  
[  5]   5.00-6.00   sec  3.79 KBytes  31.0 Kbits/sec                  
[  5]   6.00-7.00   sec  3.79 KBytes  31.0 Kbits/sec                  
[  5]   7.00-7.47   sec  1.20 KBytes  20.9 Kbits/sec                  
- - - - - - - - - - - - - - - - - - - - - - - - -
[ ID] Interval           Transfer     Bitrate
[  5]   0.00-7.47   sec  25.3 KBytes  27.8 Kbits/sec                  receiver
-----------------------------------------------------------
Server listening on 5003 (test #4)
-----------------------------------------------------------
Accepted connection from 10.42.8.3, port 53548
[  5] local 10.42.6.3 port 5003 connected to 10.42.8.3 port 53556
[ ID] Interval           Transfer     Bitrate
[  5]   0.00-1.00   sec  1.59 KBytes  13.0 Kbits/sec                  
[  5]   1.00-2.00   sec  4.18 KBytes  34.3 Kbits/sec                  
[  5]   2.00-3.00   sec  3.59 KBytes  29.4 Kbits/sec                  
[  5]   3.00-4.00   sec  3.98 KBytes  32.6 Kbits/sec                  
[  5]   4.00-5.00   sec  3.59 KBytes  29.4 Kbits/sec                  
[  5]   5.00-6.00   sec  3.79 KBytes  31.0 Kbits/sec                  
[  5]   6.00-7.00   sec  2.59 KBytes  21.2 Kbits/sec                  
[  5]   7.00-7.28   sec  1.59 KBytes  46.1 Kbits/sec                  
- - - - - - - - - - - - - - - - - - - - - - - - -
[ ID] Interval           Transfer     Bitrate
[  5]   0.00-7.28   sec  24.9 KBytes  28.0 Kbits/sec                  receiver
-----------------------------------------------------------
Server listening on 5002 (test #6)
-----------------------------------------------------------
Accepted connection from 10.42.6.5, port 38860
[  5] local 10.42.6.3 port 5002 connected to 10.42.6.5 port 38864
[ ID] Interval           Transfer     Bitrate
[  5]   0.00-1.00   sec  3.79 KBytes  31.0 Kbits/sec                  
[  5]   1.00-2.00   sec  3.59 KBytes  29.4 Kbits/sec                  
[  5]   2.00-3.00   sec  3.79 KBytes  31.0 Kbits/sec                  
[  5]   3.00-4.00   sec  3.59 KBytes  29.4 Kbits/sec                  
[  5]   4.00-5.00   sec  3.59 KBytes  29.4 Kbits/sec                  
[  5]   5.00-6.00   sec  3.79 KBytes  31.0 Kbits/sec                  
[  5]   6.00-7.00   sec  3.59 KBytes  29.4 Kbits/sec                  
- - - - - - - - - - - - - - - - - - - - - - - - -
[ ID] Interval           Transfer     Bitrate
[  5]   0.00-7.00   sec  25.7 KBytes  30.1 Kbits/sec                  receiver
-----------------------------------------------------------
Server listening on 5004 (test #3)
-----------------------------------------------------------
Accepted connection from 10.42.8.4, port 48198
[  5] local 10.42.6.3 port 5004 connected to 10.42.8.4 port 48210
[ ID] Interval           Transfer     Bitrate
[  5]   0.00-1.00   sec  1.20 KBytes  9.78 Kbits/sec                  
[  5]   1.00-2.00   sec  4.58 KBytes  37.5 Kbits/sec                  
[  5]   2.00-3.00   sec  3.39 KBytes  27.7 Kbits/sec                  
[  5]   3.00-4.00   sec  3.39 KBytes  27.7 Kbits/sec                  
[  5]   4.00-5.00   sec  4.38 KBytes  35.9 Kbits/sec                  
[  5]   5.00-6.00   sec  3.79 KBytes  31.0 Kbits/sec                  
[  5]   6.00-7.00   sec  2.79 KBytes  22.8 Kbits/sec                  
[  5]   7.00-7.14   sec  1.20 KBytes  69.0 Kbits/sec                  
- - - - - - - - - - - - - - - - - - - - - - - - -
[ ID] Interval           Transfer     Bitrate
[  5]   0.00-7.14   sec  24.7 KBytes  28.3 Kbits/sec                  receiver
-----------------------------------------------------------
Server listening on 5003 (test #5)
-----------------------------------------------------------
Accepted connection from 10.42.6.4, port 36918
[  5] local 10.42.6.3 port 5003 connected to 10.42.6.4 port 35494
[ ID] Interval           Transfer     Bitrate
[  5]   0.00-1.00   sec  3.79 KBytes  31.0 Kbits/sec                  
[  5]   1.00-2.00   sec  3.59 KBytes  29.4 Kbits/sec                  
[  5]   2.00-3.00   sec  3.79 KBytes  31.0 Kbits/sec                  
[  5]   3.00-4.00   sec  3.59 KBytes  29.4 Kbits/sec                  
[  5]   4.00-5.00   sec  3.59 KBytes  29.4 Kbits/sec                  
[  5]   5.00-6.00   sec  3.79 KBytes  31.0 Kbits/sec                  
[  5]   6.00-7.00   sec  3.59 KBytes  29.4 Kbits/sec                  
- - - - - - - - - - - - - - - - - - - - - - - - -
[ ID] Interval           Transfer     Bitrate
[  5]   0.00-7.00   sec  25.7 KBytes  30.1 Kbits/sec                  receiver
-----------------------------------------------------------
Server listening on 5005 (test #2)
-----------------------------------------------------------
Accepted connection from 10.42.5.3, port 40002
[  5] local 10.42.6.3 port 5005 connected to 10.42.5.3 port 40008
[ ID] Interval           Transfer     Bitrate
[  5]   0.00-1.00   sec  2.39 KBytes  19.6 Kbits/sec                  
[  5]   1.00-2.00   sec  2.59 KBytes  21.2 Kbits/sec                  
[  5]   2.00-3.00   sec  3.98 KBytes  32.6 Kbits/sec                  
[  5]   3.00-4.00   sec  3.79 KBytes  31.0 Kbits/sec                  
[  5]   4.00-5.00   sec  3.98 KBytes  32.6 Kbits/sec                  
[  5]   5.00-6.00   sec  3.79 KBytes  31.0 Kbits/sec                  
[  5]   6.00-7.00   sec  2.79 KBytes  22.8 Kbits/sec                  
[  5]   7.00-7.25   sec  1.39 KBytes  45.8 Kbits/sec                  
- - - - - - - - - - - - - - - - - - - - - - - - -
[ ID] Interval           Transfer     Bitrate
[  5]   0.00-7.25   sec  24.7 KBytes  27.9 Kbits/sec                  receiver
-----------------------------------------------------------
Server listening on 5002 (test #7)
-----------------------------------------------------------
Accepted connection from 10.42.5.4, port 34350
[  5] local 10.42.6.3 port 5002 connected to 10.42.5.4 port 34358
[ ID] Interval           Transfer     Bitrate
[  5]   0.00-1.00   sec  1.59 KBytes  13.0 Kbits/sec                  
[  5]   1.00-2.00   sec  3.79 KBytes  31.0 Kbits/sec                  
[  5]   2.00-3.00   sec  3.59 KBytes  29.4 Kbits/sec                  
[  5]   3.00-4.00   sec  4.18 KBytes  34.3 Kbits/sec                  
[  5]   4.00-5.00   sec  3.19 KBytes  26.1 Kbits/sec                  
[  5]   5.00-6.00   sec  3.79 KBytes  31.0 Kbits/sec                  
[  5]   6.00-7.00   sec  3.79 KBytes  31.0 Kbits/sec                  
[  5]   7.00-7.08   sec  1020 Bytes  99.5 Kbits/sec                  
- - - - - - - - - - - - - - - - - - - - - - - - -
[ ID] Interval           Transfer     Bitrate
[  5]   0.00-7.08   sec  24.9 KBytes  28.8 Kbits/sec                  receiver
-----------------------------------------------------------
Server listening on 5002 (test #8)
-----------------------------------------------------------
Accepted connection from 10.42.8.3, port 47844
[  5] local 10.42.6.3 port 5002 connected to 10.42.8.3 port 47856
[ ID] Interval           Transfer     Bitrate
[  5]   0.00-1.00   sec  2.59 KBytes  21.2 Kbits/sec                  
[  5]   1.00-2.00   sec  3.39 KBytes  27.8 Kbits/sec                  
[  5]   2.00-3.00   sec  3.98 KBytes  32.6 Kbits/sec                  
[  5]   3.00-4.00   sec  2.99 KBytes  24.5 Kbits/sec                  
[  5]   4.00-5.00   sec  3.79 KBytes  31.0 Kbits/sec                  
[  5]   5.00-6.00   sec  3.39 KBytes  27.8 Kbits/sec                  
[  5]   6.00-7.00   sec  3.98 KBytes  32.6 Kbits/sec                  
[  5]   7.00-7.29   sec  1.39 KBytes  39.0 Kbits/sec                  
- - - - - - - - - - - - - - - - - - - - - - - - -
[ ID] Interval           Transfer     Bitrate
[  5]   0.00-7.29   sec  25.5 KBytes  28.6 Kbits/sec                  receiver
-----------------------------------------------------------
Server listening on 5003 (test #6)
-----------------------------------------------------------
Accepted connection from 10.42.6.5, port 53594
[  5] local 10.42.6.3 port 5003 connected to 10.42.6.5 port 53604
[ ID] Interval           Transfer     Bitrate
[  5]   0.00-1.00   sec  3.79 KBytes  31.0 Kbits/sec                  
[  5]   1.00-2.00   sec  3.59 KBytes  29.4 Kbits/sec                  
[  5]   2.00-3.00   sec  3.79 KBytes  31.0 Kbits/sec                  
[  5]   3.00-4.00   sec  3.59 KBytes  29.4 Kbits/sec                  
[  5]   4.00-5.00   sec  3.59 KBytes  29.4 Kbits/sec                  
[  5]   5.00-6.00   sec  3.79 KBytes  31.0 Kbits/sec                  
[  5]   6.00-7.00   sec  3.59 KBytes  29.4 Kbits/sec                  
- - - - - - - - - - - - - - - - - - - - - - - - -
[ ID] Interval           Transfer     Bitrate
[  5]   0.00-7.00   sec  25.7 KBytes  30.1 Kbits/sec                  receiver
-----------------------------------------------------------
Server listening on 5004 (test #4)
-----------------------------------------------------------
Accepted connection from 10.42.8.4, port 45218
[  5] local 10.42.6.3 port 5004 connected to 10.42.8.4 port 45226
[ ID] Interval           Transfer     Bitrate
[  5]   0.00-1.00   sec  2.19 KBytes  17.9 Kbits/sec                  
[  5]   1.00-2.00   sec  3.59 KBytes  29.4 Kbits/sec                  
[  5]   2.00-3.00   sec  3.79 KBytes  31.0 Kbits/sec                  
[  5]   3.00-4.00   sec  3.59 KBytes  29.4 Kbits/sec                  
[  5]   4.00-5.00   sec  3.19 KBytes  26.1 Kbits/sec                  
[  5]   5.00-6.00   sec  3.79 KBytes  31.0 Kbits/sec                  
[  5]   6.00-7.00   sec  4.18 KBytes  34.3 Kbits/sec                  
[  5]   7.00-7.28   sec  1.20 KBytes  35.6 Kbits/sec                  
- - - - - - - - - - - - - - - - - - - - - - - - -
[ ID] Interval           Transfer     Bitrate
[  5]   0.00-7.28   sec  25.5 KBytes  28.7 Kbits/sec                  receiver
-----------------------------------------------------------
Server listening on 5005 (test #3)
-----------------------------------------------------------
Accepted connection from 10.42.6.4, port 60882
[  5] local 10.42.6.3 port 5005 connected to 10.42.6.4 port 60896
[ ID] Interval           Transfer     Bitrate
[  5]   0.00-1.00   sec  3.79 KBytes  31.0 Kbits/sec                  
[  5]   1.00-2.00   sec  3.59 KBytes  29.4 Kbits/sec                  
[  5]   2.00-3.00   sec  3.79 KBytes  31.0 Kbits/sec                  
[  5]   3.00-4.00   sec  3.59 KBytes  29.4 Kbits/sec                  
[  5]   4.00-5.00   sec  3.59 KBytes  29.4 Kbits/sec                  
[  5]   5.00-6.00   sec  3.79 KBytes  31.0 Kbits/sec                  
[  5]   6.00-7.00   sec  3.59 KBytes  29.4 Kbits/sec                  
- - - - - - - - - - - - - - - - - - - - - - - - -
[ ID] Interval           Transfer     Bitrate
[  5]   0.00-7.00   sec  25.7 KBytes  30.1 Kbits/sec                  receiver
-----------------------------------------------------------
Server listening on 5002 (test #9)
-----------------------------------------------------------
Accepted connection from 10.42.5.3, port 35772
[  5] local 10.42.6.3 port 5002 connected to 10.42.5.3 port 51480
[ ID] Interval           Transfer     Bitrate
[  5]   0.00-1.00   sec  1.79 KBytes  14.7 Kbits/sec                  
[  5]   1.00-2.00   sec  3.79 KBytes  31.0 Kbits/sec                  
[  5]   2.00-3.00   sec  3.59 KBytes  29.4 Kbits/sec                  
[  5]   3.00-4.00   sec  3.98 KBytes  32.7 Kbits/sec                  
[  5]   4.00-5.00   sec  3.39 KBytes  27.7 Kbits/sec                  
[  5]   5.00-6.00   sec  3.79 KBytes  31.0 Kbits/sec                  
[  5]   6.00-7.00   sec  3.79 KBytes  31.0 Kbits/sec                  
[  5]   7.00-7.20   sec   612 Bytes  25.2 Kbits/sec                  
- - - - - - - - - - - - - - - - - - - - - - - - -
[ ID] Interval           Transfer     Bitrate
[  5]   0.00-7.20   sec  24.7 KBytes  28.1 Kbits/sec                  receiver
-----------------------------------------------------------
Server listening on 5003 (test #7)
-----------------------------------------------------------
Accepted connection from 10.42.5.4, port 41896
[  5] local 10.42.6.3 port 5003 connected to 10.42.5.4 port 41912
[ ID] Interval           Transfer     Bitrate
[  5]   0.00-1.00   sec  1.20 KBytes  9.78 Kbits/sec                  
[  5]   1.00-2.00   sec  3.39 KBytes  27.7 Kbits/sec                  
[  5]   2.00-3.00   sec  4.38 KBytes  35.9 Kbits/sec                  
[  5]   3.00-4.00   sec  4.38 KBytes  35.9 Kbits/sec                  
[  5]   4.00-5.00   sec  3.59 KBytes  29.4 Kbits/sec                  
[  5]   5.00-6.00   sec  3.59 KBytes  29.4 Kbits/sec                  
[  5]   6.00-7.00   sec  2.79 KBytes  22.8 Kbits/sec                  
[  5]   7.00-7.11   sec  1.59 KBytes   121 Kbits/sec                  
- - - - - - - - - - - - - - - - - - - - - - - - -
[ ID] Interval           Transfer     Bitrate
[  5]   0.00-7.11   sec  24.9 KBytes  28.7 Kbits/sec                  receiver
-----------------------------------------------------------
Server listening on 5002 (test #10)
-----------------------------------------------------------
Accepted connection from 10.42.8.3, port 57538
[  5] local 10.42.6.3 port 5002 connected to 10.42.8.3 port 57554
[ ID] Interval           Transfer     Bitrate
[  5]   0.00-1.00   sec  2.59 KBytes  21.2 Kbits/sec                  
[  5]   1.00-2.00   sec  3.59 KBytes  29.4 Kbits/sec                  
[  5]   2.00-3.00   sec  3.79 KBytes  31.0 Kbits/sec                  
[  5]   3.00-4.00   sec  2.99 KBytes  24.5 Kbits/sec                  
[  5]   4.00-5.00   sec  3.79 KBytes  31.0 Kbits/sec                  
[  5]   5.00-6.00   sec  3.79 KBytes  31.0 Kbits/sec                  
[  5]   6.00-7.00   sec  3.79 KBytes  31.0 Kbits/sec                  
[  5]   7.00-7.27   sec  1.20 KBytes  37.0 Kbits/sec                  
- - - - - - - - - - - - - - - - - - - - - - - - -
[ ID] Interval           Transfer     Bitrate
[  5]   0.00-7.27   sec  25.5 KBytes  28.7 Kbits/sec                  receiver
-----------------------------------------------------------
Server listening on 5003 (test #8)
-----------------------------------------------------------
Accepted connection from 10.42.6.5, port 47446
[  5] local 10.42.6.3 port 5003 connected to 10.42.6.5 port 47462
[ ID] Interval           Transfer     Bitrate
[  5]   0.00-1.00   sec  3.79 KBytes  31.0 Kbits/sec                  
[  5]   1.00-2.00   sec  3.59 KBytes  29.4 Kbits/sec                  
[  5]   2.00-3.00   sec  3.79 KBytes  31.0 Kbits/sec                  
[  5]   3.00-4.00   sec  3.59 KBytes  29.4 Kbits/sec                  
[  5]   4.00-5.00   sec  3.59 KBytes  29.4 Kbits/sec                  
[  5]   5.00-6.00   sec  3.79 KBytes  31.0 Kbits/sec                  
[  5]   6.00-7.00   sec  3.59 KBytes  29.4 Kbits/sec                  
- - - - - - - - - - - - - - - - - - - - - - - - -
[ ID] Interval           Transfer     Bitrate
[  5]   0.00-7.00   sec  25.7 KBytes  30.1 Kbits/sec                  receiver
-----------------------------------------------------------
Server listening on 5002 (test #11)
-----------------------------------------------------------
Accepted connection from 10.42.5.3, port 47876
[  5] local 10.42.6.3 port 5002 connected to 10.42.5.3 port 47882
[ ID] Interval           Transfer     Bitrate
[  5]   0.00-1.00   sec  2.59 KBytes  21.2 Kbits/sec                  
[  5]   1.00-2.00   sec  3.39 KBytes  27.7 Kbits/sec                  
[  5]   2.00-3.00   sec  3.19 KBytes  26.1 Kbits/sec                  
[  5]   3.00-4.00   sec  3.59 KBytes  29.4 Kbits/sec                  
[  5]   4.00-5.00   sec  3.98 KBytes  32.6 Kbits/sec                  
[  5]   5.00-6.00   sec  2.79 KBytes  22.8 Kbits/sec                  
[  5]   6.00-7.00   sec  4.38 KBytes  36.0 Kbits/sec                  
[  5]   7.00-7.31   sec  1.39 KBytes  37.4 Kbits/sec                  
- - - - - - - - - - - - - - - - - - - - - - - - -
[ ID] Interval           Transfer     Bitrate
[  5]   0.00-7.31   sec  25.3 KBytes  28.4 Kbits/sec                  receiver
-----------------------------------------------------------
Server listening on 5004 (test #5)
-----------------------------------------------------------
Accepted connection from 10.42.8.4, port 40920
[  5] local 10.42.6.3 port 5004 connected to 10.42.8.4 port 49822
[ ID] Interval           Transfer     Bitrate
[  5]   0.00-1.00   sec  2.19 KBytes  17.9 Kbits/sec                  
[  5]   1.00-2.00   sec  3.59 KBytes  29.4 Kbits/sec                  
[  5]   2.00-3.00   sec  3.19 KBytes  26.1 Kbits/sec                  
[  5]   3.00-4.00   sec  3.59 KBytes  29.4 Kbits/sec                  
[  5]   4.00-5.00   sec  4.18 KBytes  34.2 Kbits/sec                  
[  5]   5.00-6.00   sec  2.99 KBytes  24.5 Kbits/sec                  
[  5]   6.00-7.00   sec  4.18 KBytes  34.3 Kbits/sec                  
[  5]   7.00-7.30   sec  1.39 KBytes  37.9 Kbits/sec                  
- - - - - - - - - - - - - - - - - - - - - - - - -
[ ID] Interval           Transfer     Bitrate
[  5]   0.00-7.30   sec  25.3 KBytes  28.4 Kbits/sec                  receiver
-----------------------------------------------------------
Server listening on 5005 (test #4)
-----------------------------------------------------------
Accepted connection from 10.42.6.4, port 40698
[  5] local 10.42.6.3 port 5005 connected to 10.42.6.4 port 40706
[ ID] Interval           Transfer     Bitrate
[  5]   0.00-1.00   sec  3.79 KBytes  31.0 Kbits/sec                  
[  5]   1.00-2.00   sec  3.59 KBytes  29.4 Kbits/sec                  
[  5]   2.00-3.00   sec  3.79 KBytes  31.0 Kbits/sec                  
[  5]   3.00-4.00   sec  3.59 KBytes  29.4 Kbits/sec                  
[  5]   4.00-5.00   sec  3.59 KBytes  29.4 Kbits/sec                  
[  5]   5.00-6.00   sec  3.79 KBytes  31.0 Kbits/sec                  
[  5]   6.00-7.00   sec  3.59 KBytes  29.4 Kbits/sec                  
- - - - - - - - - - - - - - - - - - - - - - - - -
[ ID] Interval           Transfer     Bitrate
[  5]   0.00-7.00   sec  25.7 KBytes  30.1 Kbits/sec                  receiver
-----------------------------------------------------------
Server listening on 5006 (test #3)
-----------------------------------------------------------
Accepted connection from 10.42.5.4, port 43334
[  5] local 10.42.6.3 port 5006 connected to 10.42.5.4 port 43344
[ ID] Interval           Transfer     Bitrate
[  5]   0.00-1.00   sec  2.59 KBytes  21.2 Kbits/sec                  
[  5]   1.00-2.00   sec  3.39 KBytes  27.7 Kbits/sec                  
[  5]   2.00-3.00   sec  3.98 KBytes  32.6 Kbits/sec                  
[  5]   3.00-4.00   sec  2.99 KBytes  24.5 Kbits/sec                  
[  5]   4.00-5.00   sec  3.79 KBytes  31.0 Kbits/sec                  
[  5]   5.00-6.00   sec  2.39 KBytes  19.6 Kbits/sec                  
[  5]   6.00-7.00   sec  3.79 KBytes  31.0 Kbits/sec                  
[  5]   7.00-7.30   sec  1.99 KBytes  53.8 Kbits/sec                  
- - - - - - - - - - - - - - - - - - - - - - - - -
[ ID] Interval           Transfer     Bitrate
[  5]   0.00-7.30   sec  24.9 KBytes  27.9 Kbits/sec                  receiver
-----------------------------------------------------------
Server listening on 5002 (test #12)
-----------------------------------------------------------
Accepted connection from 10.42.8.3, port 35984
[  5] local 10.42.6.3 port 5002 connected to 10.42.8.3 port 35998
[ ID] Interval           Transfer     Bitrate
[  5]   0.00-1.00   sec  1.59 KBytes  13.0 Kbits/sec                  
[  5]   1.00-2.00   sec  2.59 KBytes  21.2 Kbits/sec                  
[  5]   2.00-3.00   sec  4.98 KBytes  40.8 Kbits/sec                  
[  5]   3.00-4.00   sec  4.18 KBytes  34.3 Kbits/sec                  
[  5]   4.00-5.00   sec  2.59 KBytes  21.2 Kbits/sec                  
[  5]   5.00-6.00   sec  3.98 KBytes  32.6 Kbits/sec                  
[  5]   6.00-7.00   sec  3.39 KBytes  27.7 Kbits/sec                  
[  5]   7.00-7.13   sec  1.79 KBytes   115 Kbits/sec                  
- - - - - - - - - - - - - - - - - - - - - - - - -
[ ID] Interval           Transfer     Bitrate
[  5]   0.00-7.13   sec  25.1 KBytes  28.8 Kbits/sec                  receiver
-----------------------------------------------------------
Server listening on 5002 (test #13)
-----------------------------------------------------------
Accepted connection from 10.42.8.4, port 52062
[  5] local 10.42.6.3 port 5002 connected to 10.42.8.4 port 52076
[ ID] Interval           Transfer     Bitrate
[  5]   0.00-1.00   sec  2.59 KBytes  21.2 Kbits/sec                  
[  5]   1.00-2.00   sec  3.39 KBytes  27.7 Kbits/sec                  
[  5]   2.00-3.00   sec  3.98 KBytes  32.6 Kbits/sec                  
[  5]   3.00-4.00   sec  2.99 KBytes  24.5 Kbits/sec                  
[  5]   4.00-5.00   sec  3.98 KBytes  32.6 Kbits/sec                  
[  5]   5.00-6.00   sec  3.39 KBytes  27.8 Kbits/sec                  
[  5]   6.00-7.00   sec  3.79 KBytes  31.0 Kbits/sec                  
[  5]   7.00-7.34   sec  1.39 KBytes  33.8 Kbits/sec                  
- - - - - - - - - - - - - - - - - - - - - - - - -
[ ID] Interval           Transfer     Bitrate
[  5]   0.00-7.34   sec  25.5 KBytes  28.5 Kbits/sec                  receiver
-----------------------------------------------------------
Server listening on 5003 (test #9)
-----------------------------------------------------------
Accepted connection from 10.42.6.5, port 38874
[  5] local 10.42.6.3 port 5003 connected to 10.42.6.5 port 38880
[ ID] Interval           Transfer     Bitrate
[  5]   0.00-1.00   sec  3.79 KBytes  31.0 Kbits/sec                  
[  5]   1.00-2.00   sec  3.59 KBytes  29.4 Kbits/sec                  
[  5]   2.00-3.00   sec  3.79 KBytes  31.0 Kbits/sec                  
[  5]   3.00-4.00   sec  3.59 KBytes  29.4 Kbits/sec                  
[  5]   4.00-5.00   sec  3.59 KBytes  29.4 Kbits/sec                  
[  5]   5.00-6.00   sec  3.79 KBytes  31.0 Kbits/sec                  
[  5]   6.00-7.00   sec  3.59 KBytes  29.4 Kbits/sec                  
- - - - - - - - - - - - - - - - - - - - - - - - -
[ ID] Interval           Transfer     Bitrate
[  5]   0.00-7.00   sec  25.7 KBytes  30.1 Kbits/sec                  receiver
-----------------------------------------------------------
Server listening on 5004 (test #6)
-----------------------------------------------------------
Accepted connection from 10.42.5.3, port 40056
[  5] local 10.42.6.3 port 5004 connected to 10.42.5.3 port 40066
[ ID] Interval           Transfer     Bitrate
[  5]   0.00-1.00   sec  1.99 KBytes  16.3 Kbits/sec                  
[  5]   1.00-2.00   sec  3.59 KBytes  29.4 Kbits/sec                  
[  5]   2.00-3.00   sec  3.59 KBytes  29.4 Kbits/sec                  
[  5]   3.00-4.00   sec  3.79 KBytes  31.0 Kbits/sec                  
[  5]   4.00-5.00   sec  3.79 KBytes  31.0 Kbits/sec                  
[  5]   5.00-6.00   sec  3.98 KBytes  32.6 Kbits/sec                  
[  5]   6.00-7.00   sec  3.19 KBytes  26.1 Kbits/sec                  
[  5]   7.00-7.41   sec  1.59 KBytes  32.1 Kbits/sec                  
- - - - - - - - - - - - - - - - - - - - - - - - -
[ ID] Interval           Transfer     Bitrate
[  5]   0.00-7.41   sec  25.5 KBytes  28.2 Kbits/sec                  receiver
-----------------------------------------------------------
Server listening on 5005 (test #5)
-----------------------------------------------------------
Accepted connection from 10.42.5.4, port 54322
[  5] local 10.42.6.3 port 5005 connected to 10.42.5.4 port 54324
[ ID] Interval           Transfer     Bitrate
[  5]   0.00-1.00   sec  2.19 KBytes  17.9 Kbits/sec                  
[  5]   1.00-2.00   sec  3.98 KBytes  32.6 Kbits/sec                  
[  5]   2.00-3.00   sec  3.39 KBytes  27.7 Kbits/sec                  
[  5]   3.00-4.00   sec  3.98 KBytes  32.6 Kbits/sec                  
[  5]   4.00-5.00   sec  3.39 KBytes  27.7 Kbits/sec                  
[  5]   5.00-6.00   sec  3.79 KBytes  31.0 Kbits/sec                  
[  5]   6.00-7.00   sec  3.59 KBytes  29.4 Kbits/sec                  
[  5]   7.00-7.31   sec  1.20 KBytes  31.9 Kbits/sec                  
- - - - - - - - - - - - - - - - - - - - - - - - -
[ ID] Interval           Transfer     Bitrate
[  5]   0.00-7.31   sec  25.5 KBytes  28.6 Kbits/sec                  receiver
-----------------------------------------------------------
Server listening on 5006 (test #4)
-----------------------------------------------------------
Accepted connection from 10.42.6.4, port 40514
[  5] local 10.42.6.3 port 5006 connected to 10.42.6.4 port 40520
[ ID] Interval           Transfer     Bitrate
[  5]   0.00-1.00   sec  3.79 KBytes  31.0 Kbits/sec                  
[  5]   1.00-2.00   sec  3.59 KBytes  29.4 Kbits/sec                  
[  5]   2.00-3.00   sec  3.79 KBytes  31.0 Kbits/sec                  
[  5]   3.00-4.00   sec  3.59 KBytes  29.4 Kbits/sec                  
[  5]   4.00-5.00   sec  3.59 KBytes  29.4 Kbits/sec                  
[  5]   5.00-6.00   sec  3.79 KBytes  31.0 Kbits/sec                  
[  5]   6.00-7.00   sec  3.59 KBytes  29.4 Kbits/sec                  
- - - - - - - - - - - - - - - - - - - - - - - - -
[ ID] Interval           Transfer     Bitrate
[  5]   0.00-7.00   sec  25.7 KBytes  30.1 Kbits/sec                  receiver
-----------------------------------------------------------
Server listening on 5002 (test #14)
-----------------------------------------------------------
Accepted connection from 10.42.8.3, port 46440
[  5] local 10.42.6.3 port 5002 connected to 10.42.8.3 port 46456
[ ID] Interval           Transfer     Bitrate
[  5]   0.00-1.00   sec  2.39 KBytes  19.6 Kbits/sec                  
[  5]   1.00-2.00   sec  2.39 KBytes  19.6 Kbits/sec                  
[  5]   2.00-3.00   sec  3.79 KBytes  31.0 Kbits/sec                  
[  5]   3.00-4.00   sec  4.98 KBytes  40.8 Kbits/sec                  
[  5]   4.00-5.00   sec  2.39 KBytes  19.6 Kbits/sec                  
[  5]   5.00-6.00   sec  3.79 KBytes  31.0 Kbits/sec                  
[  5]   6.00-7.00   sec  3.79 KBytes  31.0 Kbits/sec                  
[  5]   7.00-7.13   sec  1.39 KBytes  87.7 Kbits/sec                  
- - - - - - - - - - - - - - - - - - - - - - - - -
[ ID] Interval           Transfer     Bitrate
[  5]   0.00-7.13   sec  24.9 KBytes  28.6 Kbits/sec                  receiver
-----------------------------------------------------------
Server listening on 5002 (test #15)
-----------------------------------------------------------
Accepted connection from 10.42.8.4, port 36656
[  5] local 10.42.6.3 port 5002 connected to 10.42.8.4 port 49286
[ ID] Interval           Transfer     Bitrate
[  5]   0.00-1.00   sec  2.59 KBytes  21.2 Kbits/sec                  
[  5]   1.00-2.00   sec  3.39 KBytes  27.7 Kbits/sec                  
[  5]   2.00-3.00   sec  3.98 KBytes  32.7 Kbits/sec                  
[  5]   3.00-4.00   sec  2.99 KBytes  24.5 Kbits/sec                  
[  5]   4.00-5.00   sec  3.79 KBytes  31.0 Kbits/sec                  
[  5]   5.00-6.00   sec  3.79 KBytes  31.0 Kbits/sec                  
[  5]   6.00-7.00   sec  3.79 KBytes  31.0 Kbits/sec                  
[  5]   7.00-7.33   sec  1.39 KBytes  34.2 Kbits/sec                  
- - - - - - - - - - - - - - - - - - - - - - - - -
[ ID] Interval           Transfer     Bitrate
[  5]   0.00-7.33   sec  25.7 KBytes  28.7 Kbits/sec                  receiver
-----------------------------------------------------------
Server listening on 5003 (test #10)
-----------------------------------------------------------
Accepted connection from 10.42.5.3, port 33526
[  5] local 10.42.6.3 port 5003 connected to 10.42.5.3 port 33530
[ ID] Interval           Transfer     Bitrate
[  5]   0.00-1.00   sec  1.79 KBytes  14.7 Kbits/sec                  
[  5]   1.00-2.00   sec  3.59 KBytes  29.4 Kbits/sec                  
[  5]   2.00-3.00   sec  3.59 KBytes  29.4 Kbits/sec                  
[  5]   3.00-4.00   sec  4.18 KBytes  34.3 Kbits/sec                  
[  5]   4.00-5.00   sec  3.19 KBytes  26.1 Kbits/sec                  
[  5]   5.00-6.00   sec  4.18 KBytes  34.3 Kbits/sec                  
[  5]   6.00-7.00   sec  2.59 KBytes  21.2 Kbits/sec                  
[  5]   7.00-7.47   sec  2.59 KBytes  45.7 Kbits/sec                  
- - - - - - - - - - - - - - - - - - - - - - - - -
[ ID] Interval           Transfer     Bitrate
[  5]   0.00-7.47   sec  25.7 KBytes  28.2 Kbits/sec                  receiver
-----------------------------------------------------------
Server listening on 5004 (test #7)
-----------------------------------------------------------
Accepted connection from 10.42.6.5, port 58060
[  5] local 10.42.6.3 port 5004 connected to 10.42.6.5 port 38796
[ ID] Interval           Transfer     Bitrate
[  5]   0.00-1.00   sec  3.79 KBytes  31.0 Kbits/sec                  
[  5]   1.00-2.00   sec  3.59 KBytes  29.4 Kbits/sec                  
[  5]   2.00-3.00   sec  3.79 KBytes  31.0 Kbits/sec                  
[  5]   3.00-4.00   sec  3.59 KBytes  29.4 Kbits/sec                  
[  5]   4.00-5.00   sec  3.59 KBytes  29.4 Kbits/sec                  
[  5]   5.00-6.00   sec  3.79 KBytes  31.0 Kbits/sec                  
[  5]   6.00-7.00   sec  3.59 KBytes  29.4 Kbits/sec                  
- - - - - - - - - - - - - - - - - - - - - - - - -
[ ID] Interval           Transfer     Bitrate
[  5]   0.00-7.00   sec  25.7 KBytes  30.1 Kbits/sec                  receiver
-----------------------------------------------------------
Server listening on 5002 (test #16)
-----------------------------------------------------------
Accepted connection from 10.42.5.4, port 48896
[  5] local 10.42.6.3 port 5002 connected to 10.42.5.4 port 48902
[ ID] Interval           Transfer     Bitrate
[  5]   0.00-1.00   sec  1.39 KBytes  11.4 Kbits/sec                  
[  5]   1.00-2.00   sec  4.38 KBytes  35.9 Kbits/sec                  
[  5]   2.00-3.00   sec  3.39 KBytes  27.7 Kbits/sec                  
[  5]   3.00-4.00   sec  1.20 KBytes  9.79 Kbits/sec                  
[  5]   4.00-5.00   sec  1.20 KBytes  9.79 Kbits/sec                  
[  5]   5.00-6.00   sec  3.19 KBytes  26.1 Kbits/sec                  
[  5]   6.00-7.00   sec  2.79 KBytes  22.8 Kbits/sec                  
[  5]   7.00-8.00   sec  6.57 KBytes  53.9 Kbits/sec                  
[  5]   8.00-8.04   sec  1.39 KBytes   327 Kbits/sec                  
- - - - - - - - - - - - - - - - - - - - - - - - -
[ ID] Interval           Transfer     Bitrate
[  5]   0.00-8.04   sec  25.5 KBytes  26.0 Kbits/sec                  receiver
-----------------------------------------------------------
Server listening on 5005 (test #6)
-----------------------------------------------------------
Accepted connection from 10.42.6.4, port 46326
[  5] local 10.42.6.3 port 5005 connected to 10.42.6.4 port 56964
[ ID] Interval           Transfer     Bitrate
[  5]   0.00-1.00   sec  3.79 KBytes  31.0 Kbits/sec                  
[  5]   1.00-2.00   sec  3.59 KBytes  29.4 Kbits/sec                  
[  5]   2.00-3.00   sec  3.79 KBytes  31.0 Kbits/sec                  
[  5]   3.00-4.00   sec  3.59 KBytes  29.4 Kbits/sec                  
[  5]   4.00-5.00   sec  3.59 KBytes  29.4 Kbits/sec                  
[  5]   5.00-6.00   sec  3.79 KBytes  31.0 Kbits/sec                  
[  5]   6.00-7.00   sec  3.59 KBytes  29.4 Kbits/sec                  
- - - - - - - - - - - - - - - - - - - - - - - - -
[ ID] Interval           Transfer     Bitrate
[  5]   0.00-7.00   sec  25.7 KBytes  30.1 Kbits/sec                  receiver
-----------------------------------------------------------
Server listening on 5006 (test #5)
-----------------------------------------------------------
Accepted connection from 10.42.8.3, port 46040
[  5] local 10.42.6.3 port 5006 connected to 10.42.8.3 port 46042
[ ID] Interval           Transfer     Bitrate
[  5]   0.00-1.00   sec  2.59 KBytes  21.2 Kbits/sec                  
[  5]   1.00-2.00   sec  3.59 KBytes  29.4 Kbits/sec                  
[  5]   2.00-3.00   sec  2.99 KBytes  24.5 Kbits/sec                  
[  5]   3.00-4.00   sec  3.98 KBytes  32.6 Kbits/sec                  
[  5]   4.00-5.00   sec  3.59 KBytes  29.4 Kbits/sec                  
[  5]   5.00-6.00   sec  3.98 KBytes  32.6 Kbits/sec                  
[  5]   6.00-7.00   sec  3.79 KBytes  31.0 Kbits/sec                  
[  5]   7.00-7.32   sec  1.20 KBytes  30.6 Kbits/sec                  
- - - - - - - - - - - - - - - - - - - - - - - - -
[ ID] Interval           Transfer     Bitrate
[  5]   0.00-7.32   sec  25.7 KBytes  28.8 Kbits/sec                  receiver
-----------------------------------------------------------
Server listening on 5002 (test #17)
-----------------------------------------------------------
Accepted connection from 10.42.8.4, port 41376
[  5] local 10.42.6.3 port 5002 connected to 10.42.8.4 port 41380
[ ID] Interval           Transfer     Bitrate
[  5]   0.00-1.00   sec  2.79 KBytes  22.8 Kbits/sec                  
[  5]   1.00-2.00   sec  2.99 KBytes  24.5 Kbits/sec                  
[  5]   2.00-3.00   sec  3.98 KBytes  32.6 Kbits/sec                  
[  5]   3.00-4.00   sec  3.79 KBytes  31.0 Kbits/sec                  
[  5]   4.00-5.00   sec  3.39 KBytes  27.7 Kbits/sec                  
[  5]   5.00-6.00   sec  2.59 KBytes  21.2 Kbits/sec                  
[  5]   6.00-7.00   sec  3.79 KBytes  31.0 Kbits/sec                  
[  5]   7.00-7.08   sec  1.20 KBytes   124 Kbits/sec                  
- - - - - - - - - - - - - - - - - - - - - - - - -
[ ID] Interval           Transfer     Bitrate
[  5]   0.00-7.08   sec  24.5 KBytes  28.4 Kbits/sec                  receiver
-----------------------------------------------------------
Server listening on 5003 (test #11)
-----------------------------------------------------------
Accepted connection from 10.42.5.3, port 55874
[  5] local 10.42.6.3 port 5003 connected to 10.42.5.3 port 55890
[ ID] Interval           Transfer     Bitrate
[  5]   0.00-1.00   sec  1.99 KBytes  16.3 Kbits/sec                  
[  5]   1.00-2.00   sec  4.18 KBytes  34.3 Kbits/sec                  
[  5]   2.00-3.00   sec  2.19 KBytes  18.0 Kbits/sec                  
[  5]   3.00-4.00   sec  4.18 KBytes  34.3 Kbits/sec                  
[  5]   4.00-5.00   sec  3.79 KBytes  31.0 Kbits/sec                  
[  5]   5.00-6.00   sec  3.98 KBytes  32.6 Kbits/sec                  
[  5]   6.00-7.00   sec  3.39 KBytes  27.7 Kbits/sec                  
[  5]   7.00-7.12   sec  1.20 KBytes  83.9 Kbits/sec                  
- - - - - - - - - - - - - - - - - - - - - - - - -
[ ID] Interval           Transfer     Bitrate
[  5]   0.00-7.12   sec  24.9 KBytes  28.7 Kbits/sec                  receiver
-----------------------------------------------------------
Server listening on 5004 (test #8)
-----------------------------------------------------------
Accepted connection from 10.42.6.5, port 42954
[  5] local 10.42.6.3 port 5004 connected to 10.42.6.5 port 42970
[ ID] Interval           Transfer     Bitrate
[  5]   0.00-1.00   sec  3.79 KBytes  31.0 Kbits/sec                  
[  5]   1.00-2.00   sec  3.59 KBytes  29.4 Kbits/sec                  
[  5]   2.00-3.00   sec  3.79 KBytes  31.0 Kbits/sec                  
[  5]   3.00-4.00   sec  3.59 KBytes  29.4 Kbits/sec                  
[  5]   4.00-5.00   sec  3.59 KBytes  29.4 Kbits/sec                  
[  5]   5.00-6.00   sec  3.79 KBytes  31.0 Kbits/sec                  
[  5]   6.00-7.00   sec  3.59 KBytes  29.4 Kbits/sec                  
- - - - - - - - - - - - - - - - - - - - - - - - -
[ ID] Interval           Transfer     Bitrate
[  5]   0.00-7.00   sec  25.7 KBytes  30.1 Kbits/sec                  receiver
-----------------------------------------------------------
Server listening on 5005 (test #7)
-----------------------------------------------------------
Accepted connection from 10.42.8.3, port 49096
