-----------------------------------------------------------
-----------------------------------------------------------
-----------------------------------------------------------
-----------------------------------------------------------
-----------------------------------------------------------
-----------------------------------------------------------
-----------------------------------------------------------
-----------------------------------------------------------
-----------------------------------------------------------
-----------------------------------------------------------
-----------------------------------------------------------
Server listening on 5006 (test #1)
-----------------------------------------------------------
Accepted connection from 10.42.6.5, port 42494
[  5] local 10.42.6.6 port 5006 connected to 10.42.6.5 port 42508
[ ID] Interval           Transfer     Bitrate
[  5]   0.00-1.00   sec  3.79 KBytes  31.0 Kbits/sec                  
[  5]   1.00-2.00   sec  3.59 KBytes  29.4 Kbits/sec                  
[  5]   2.00-3.00   sec  3.79 KBytes  31.0 Kbits/sec                  
[  5]   3.00-4.00   sec  3.59 KBytes  29.4 Kbits/sec                  
[  5]   4.00-5.00   sec  3.59 KBytes  29.4 Kbits/sec                  
[  5]   5.00-6.00   sec  3.79 KBytes  31.0 Kbits/sec                  
[  5]   6.00-7.00   sec  3.59 KBytes  29.4 Kbits/sec                  
- - - - - - - - - - - - - - - - - - - - - - - - -
[ ID] Interval           Transfer     Bitrate
[  5]   0.00-7.00   sec  25.7 KBytes  30.1 Kbits/sec                  receiver
Server listening on 5011 (test #1)
-----------------------------------------------------------
Accepted connection from 10.42.8.4, port 47312
[  5] local 10.42.6.6 port 5011 connected to 10.42.8.4 port 47324
[ ID] Interval           Transfer     Bitrate
[  5]   0.00-1.00   sec  2.59 KBytes  21.2 Kbits/sec                  
[  5]   1.00-2.00   sec  3.39 KBytes  27.7 Kbits/sec                  
[  5]   2.00-3.00   sec  3.19 KBytes  26.1 Kbits/sec                  
[  5]   3.00-4.00   sec  3.39 KBytes  27.7 Kbits/sec                  
[  5]   4.00-5.00   sec  4.18 KBytes  34.3 Kbits/sec                  
[  5]   5.00-6.00   sec  3.98 KBytes  32.6 Kbits/sec                  
[  5]   6.00-7.00   sec  2.99 KBytes  24.5 Kbits/sec                  
[  5]   7.00-7.08   sec  1020 Bytes   105 Kbits/sec                  
- - - - - - - - - - - - - - - - - - - - - - - - -
[ ID] Interval           Transfer     Bitrate
[  5]   0.00-7.08   sec  24.7 KBytes  28.6 Kbits/sec                  receiver
Server listening on 5003 (test #1)
-----------------------------------------------------------
Accepted connection from 10.42.8.5, port 58816
[  5] local 10.42.6.6 port 5003 connected to 10.42.8.5 port 40876
[ ID] Interval           Transfer     Bitrate
[  5]   0.00-1.00   sec   204 Bytes  1.63 Kbits/sec                  
[  5]   1.00-2.00   sec  0.00 Bytes  0.00 bits/sec                  
[  5]   2.00-3.00   sec  0.00 Bytes  0.00 bits/sec                  
[  5]   3.00-4.00   sec  0.00 Bytes  0.00 bits/sec                  
[  5]   4.00-5.00   sec  0.00 Bytes  0.00 bits/sec                  
[  5]   5.00-6.00   sec  0.00 Bytes  0.00 bits/sec                  
[  5]   6.00-7.00   sec  0.00 Bytes  0.00 bits/sec                  
[  5]   7.00-8.00   sec  0.00 Bytes  0.00 bits/sec                  
[  5]   8.00-9.00   sec  0.00 Bytes  0.00 bits/sec                  
[  5]   9.00-10.00  sec  0.00 Bytes  0.00 bits/sec                  
[  5]  10.00-11.00  sec  0.00 Bytes  0.00 bits/sec                  
[  5]  11.00-12.00  sec  0.00 Bytes  0.00 bits/sec                  
Server listening on 5002 (test #1)
-----------------------------------------------------------
Accepted connection from 10.42.5.4, port 53976
[  5] local 10.42.6.6 port 5002 connected to 10.42.5.4 port 53982
[ ID] Interval           Transfer     Bitrate
[  5]   0.00-1.00   sec  1.59 KBytes  13.0 Kbits/sec                  
[  5]   1.00-2.00   sec  3.79 KBytes  31.0 Kbits/sec                  
[  5]   2.00-3.00   sec  3.98 KBytes  32.6 Kbits/sec                  
[  5]   3.00-4.00   sec  4.18 KBytes  34.3 Kbits/sec                  
[  5]   4.00-5.00   sec  2.59 KBytes  21.2 Kbits/sec                  
[  5]   5.00-6.00   sec  4.18 KBytes  34.3 Kbits/sec                  
[  5]   6.00-7.00   sec  3.98 KBytes  32.7 Kbits/sec                  
[  5]   7.00-7.26   sec  1020 Bytes  31.8 Kbits/sec                  
- - - - - - - - - - - - - - - - - - - - - - - - -
[ ID] Interval           Transfer     Bitrate
[  5]   0.00-7.26   sec  25.3 KBytes  28.6 Kbits/sec                  receiver
[  5]  12.00-13.00  sec  0.00 Bytes  0.00 bits/sec                  
[  5]  13.00-14.00  sec  0.00 Bytes  0.00 bits/sec                  
[  5]  14.00-15.00  sec  0.00 Bytes  0.00 bits/sec                  
[  5]  15.00-16.00  sec  0.00 Bytes  0.00 bits/sec                  
[  5]  16.00-17.00  sec  0.00 Bytes  0.00 bits/sec                  
[  5]  17.00-18.00  sec  0.00 Bytes  0.00 bits/sec                  
[  5]  18.00-19.00  sec  0.00 Bytes  0.00 bits/sec                  
[  5]  19.00-20.00  sec  0.00 Bytes  0.00 bits/sec                  
[  5]  20.00-21.00  sec  0.00 Bytes  0.00 bits/sec                  
[  5]  21.00-22.00  sec  0.00 Bytes  0.00 bits/sec                  
[  5]  22.00-23.00  sec  0.00 Bytes  0.00 bits/sec                  
[  5]  23.00-24.00  sec  0.00 Bytes  0.00 bits/sec                  
[  5]  24.00-25.00  sec  0.00 Bytes  0.00 bits/sec                  
[  5]  25.00-26.00  sec  0.00 Bytes  0.00 bits/sec                  
[  5]  26.00-27.00  sec  0.00 Bytes  0.00 bits/sec                  
Server listening on 5004 (test #1)
-----------------------------------------------------------
Accepted connection from 10.42.5.3, port 36694
[  5] local 10.42.6.6 port 5004 connected to 10.42.5.3 port 36698
[ ID] Interval           Transfer     Bitrate
[  5]   0.00-1.00   sec  1.39 KBytes  11.4 Kbits/sec                  
[  5]   1.00-2.00   sec  4.38 KBytes  35.9 Kbits/sec                  
[  5]   2.00-3.00   sec  2.99 KBytes  24.5 Kbits/sec                  
[  5]   3.00-4.00   sec  2.99 KBytes  24.5 Kbits/sec                  
[  5]   4.00-5.00   sec  4.78 KBytes  39.2 Kbits/sec                  
[  5]   5.00-6.00   sec  3.79 KBytes  31.0 Kbits/sec                  
[  5]   6.00-7.00   sec  3.98 KBytes  32.6 Kbits/sec                  
[  5]   7.00-7.48   sec  1020 Bytes  17.2 Kbits/sec                  
- - - - - - - - - - - - - - - - - - - - - - - - -
[ ID] Interval           Transfer     Bitrate
[  5]   0.00-7.48   sec  25.3 KBytes  27.7 Kbits/sec                  receiver
Server listening on 5005 (test #1)
-----------------------------------------------------------
Accepted connection from 10.42.6.4, port 49452
[  5] local 10.42.6.6 port 5005 connected to 10.42.6.4 port 49458
[ ID] Interval           Transfer     Bitrate
[  5]   0.00-1.00   sec  3.79 KBytes  31.0 Kbits/sec                  
[  5]   1.00-2.00   sec  3.59 KBytes  29.4 Kbits/sec                  
[  5]   2.00-3.00   sec  3.79 KBytes  31.0 Kbits/sec                  
[  5]   3.00-4.00   sec  3.59 KBytes  29.4 Kbits/sec                  
[  5]   4.00-5.00   sec  3.59 KBytes  29.4 Kbits/sec                  
[  5]   5.00-6.00   sec  3.79 KBytes  31.0 Kbits/sec                  
[  5]   6.00-7.00   sec  3.59 KBytes  29.4 Kbits/sec                  
- - - - - - - - - - - - - - - - - - - - - - - - -
[ ID] Interval           Transfer     Bitrate
[  5]   0.00-7.00   sec  25.7 KBytes  30.1 Kbits/sec                  receiver
-----------------------------------------------------------
Server listening on 5002 (test #2)
-----------------------------------------------------------
Accepted connection from 10.42.8.4, port 58934
[  5] local 10.42.6.6 port 5002 connected to 10.42.8.4 port 49166
[ ID] Interval           Transfer     Bitrate
[  5]   0.00-1.00   sec  2.59 KBytes  21.2 Kbits/sec                  
[  5]   1.00-2.00   sec  3.39 KBytes  27.7 Kbits/sec                  
[  5]   2.00-3.00   sec  3.98 KBytes  32.6 Kbits/sec                  
[  5]   3.00-4.00   sec  2.99 KBytes  24.5 Kbits/sec                  
[  5]   4.00-5.00   sec  3.98 KBytes  32.6 Kbits/sec                  
[  5]   5.00-6.00   sec  2.39 KBytes  19.6 Kbits/sec                  
[  5]   6.00-7.00   sec  4.18 KBytes  34.3 Kbits/sec                  
[  5]   7.00-7.08   sec  1.20 KBytes   127 Kbits/sec                  
- - - - - - - - - - - - - - - - - - - - - - - - -
[ ID] Interval           Transfer     Bitrate
[  5]   0.00-7.08   sec  24.7 KBytes  28.6 Kbits/sec                  receiver
-----------------------------------------------------------
Server listening on 5004 (test #2)
-----------------------------------------------------------
Accepted connection from 10.42.6.5, port 58168
[  5] local 10.42.6.6 port 5004 connected to 10.42.6.5 port 58180
[ ID] Interval           Transfer     Bitrate
[  5]   0.00-1.00   sec  3.79 KBytes  31.0 Kbits/sec                  
[  5]   1.00-2.00   sec  3.59 KBytes  29.3 Kbits/sec                  
[  5]   2.00-3.00   sec  3.79 KBytes  31.0 Kbits/sec                  
[  5]   3.00-4.00   sec  3.59 KBytes  29.4 Kbits/sec                  
[  5]   4.00-5.00   sec  3.59 KBytes  29.4 Kbits/sec                  
[  5]   5.00-6.00   sec  3.79 KBytes  31.0 Kbits/sec                  
[  5]   6.00-7.00   sec  3.59 KBytes  29.4 Kbits/sec                  
- - - - - - - - - - - - - - - - - - - - - - - - -
[ ID] Interval           Transfer     Bitrate
[  5]   0.00-7.00   sec  25.7 KBytes  30.1 Kbits/sec                  receiver
-----------------------------------------------------------
Server listening on 5005 (test #2)
-----------------------------------------------------------
Accepted connection from 10.42.5.4, port 36448
[  5] local 10.42.6.6 port 5005 connected to 10.42.5.4 port 36464
[ ID] Interval           Transfer     Bitrate
[  5]   0.00-1.00   sec  1.79 KBytes  14.7 Kbits/sec                  
[  5]   1.00-2.00   sec  3.59 KBytes  29.4 Kbits/sec                  
[  5]   2.00-3.00   sec  4.18 KBytes  34.3 Kbits/sec                  
[  5]   3.00-4.00   sec  3.59 KBytes  29.4 Kbits/sec                  
[  5]   4.00-5.00   sec  3.98 KBytes  32.6 Kbits/sec                  
[  5]   5.00-6.00   sec  2.79 KBytes  22.8 Kbits/sec                  
[  5]   6.00-7.00   sec  4.38 KBytes  35.9 Kbits/sec                  
[  5]   7.00-7.33   sec  1.39 KBytes  34.3 Kbits/sec                  
- - - - - - - - - - - - - - - - - - - - - - - - -
[ ID] Interval           Transfer     Bitrate
[  5]   0.00-7.33   sec  25.7 KBytes  28.7 Kbits/sec                  receiver
[  5]  27.00-28.00  sec  0.00 Bytes  0.00 bits/sec                  
[  5]  28.00-29.00  sec  0.00 Bytes  0.00 bits/sec                  
[  5]  29.00-30.00  sec  0.00 Bytes  0.00 bits/sec                  
[  5]  30.00-31.00  sec  0.00 Bytes  0.00 bits/sec                  
[  5]  31.00-32.00  sec  0.00 Bytes  0.00 bits/sec                  
[  5]  32.00-33.00  sec  0.00 Bytes  0.00 bits/sec                  
[  5]  33.00-34.00  sec  0.00 Bytes  0.00 bits/sec                  
[  5]  34.00-35.00  sec  0.00 Bytes  0.00 bits/sec                  
[  5]  35.00-36.00  sec  0.00 Bytes  0.00 bits/sec                  
[  5]  36.00-37.00  sec  0.00 Bytes  0.00 bits/sec                  
[  5]  37.00-38.00  sec  0.00 Bytes  0.00 bits/sec                  
[  5]  38.00-39.00  sec  0.00 Bytes  0.00 bits/sec                  
[  5]  39.00-40.00  sec  0.00 Bytes  0.00 bits/sec                  
[  5]  40.00-41.00  sec  0.00 Bytes  0.00 bits/sec                  
[  5]  41.00-42.00  sec  0.00 Bytes  0.00 bits/sec                  
[  5]  42.00-43.00  sec  0.00 Bytes  0.00 bits/sec                  
[  5]  43.00-44.00  sec  0.00 Bytes  0.00 bits/sec                  
[  5]  44.00-45.00  sec  0.00 Bytes  0.00 bits/sec                  
[  5]  45.00-46.00  sec  0.00 Bytes  0.00 bits/sec                  
-----------------------------------------------------------
Server listening on 5002 (test #3)
-----------------------------------------------------------
Accepted connection from 10.42.5.3, port 44558
[  5] local 10.42.6.6 port 5002 connected to 10.42.5.3 port 44560
[ ID] Interval           Transfer     Bitrate
[  5]   0.00-1.00   sec  1.79 KBytes  14.7 Kbits/sec                  
[  5]   1.00-2.00   sec  3.39 KBytes  27.7 Kbits/sec                  
[  5]   2.00-3.00   sec  3.98 KBytes  32.6 Kbits/sec                  
[  5]   3.00-4.00   sec  2.99 KBytes  24.5 Kbits/sec                  
[  5]   4.00-5.00   sec  3.79 KBytes  31.0 Kbits/sec                  
[  5]   5.00-6.00   sec  3.59 KBytes  29.4 Kbits/sec                  
[  5]   6.00-7.00   sec  3.79 KBytes  31.0 Kbits/sec                  
[  5]   7.00-7.39   sec  1.39 KBytes  29.0 Kbits/sec                  
- - - - - - - - - - - - - - - - - - - - - - - - -
[ ID] Interval           Transfer     Bitrate
[  5]   0.00-7.39   sec  24.7 KBytes  27.4 Kbits/sec                  receiver
-----------------------------------------------------------
Server listening on 5003 (test #2)
-----------------------------------------------------------
Accepted connection from 10.42.6.4, port 55000
[  5] local 10.42.6.6 port 5003 connected to 10.42.6.4 port 55008
[ ID] Interval           Transfer     Bitrate
[  5]   0.00-1.00   sec  3.79 KBytes  31.0 Kbits/sec                  
[  5]   1.00-2.00   sec  3.59 KBytes  29.4 Kbits/sec                  
[  5]   2.00-3.00   sec  3.79 KBytes  31.0 Kbits/sec                  
[  5]   3.00-4.00   sec  3.59 KBytes  29.4 Kbits/sec                  
[  5]   4.00-5.00   sec  3.59 KBytes  29.4 Kbits/sec                  
[  5]   5.00-6.00   sec  3.79 KBytes  31.0 Kbits/sec                  
[  5]   6.00-7.00   sec  3.59 KBytes  29.4 Kbits/sec                  
- - - - - - - - - - - - - - - - - - - - - - - - -
[ ID] Interval           Transfer     Bitrate
[  5]   0.00-7.00   sec  25.7 KBytes  30.1 Kbits/sec                  receiver
-----------------------------------------------------------
Server listening on 5004 (test #3)
-----------------------------------------------------------
Accepted connection from 10.42.8.5, port 43550
[  5] local 10.42.6.6 port 5004 connected to 10.42.8.5 port 50968
[ ID] Interval           Transfer     Bitrate
[  5]   0.00-1.00   sec  2.19 KBytes  17.9 Kbits/sec                  
[  5]   1.00-2.00   sec  3.79 KBytes  31.0 Kbits/sec                  
[  5]   2.00-3.00   sec  2.59 KBytes  21.2 Kbits/sec                  
[  5]   3.00-4.00   sec  2.79 KBytes  22.8 Kbits/sec                  
[  5]   4.00-5.00   sec  4.38 KBytes  35.9 Kbits/sec                  
[  5]   5.00-6.00   sec  1.79 KBytes  14.7 Kbits/sec                  
[  5]   6.00-7.00   sec  4.38 KBytes  35.9 Kbits/sec                  
[  5]   7.00-7.73   sec  2.59 KBytes  29.0 Kbits/sec                  
- - - - - - - - - - - - - - - - - - - - - - - - -
[ ID] Interval           Transfer     Bitrate
[  5]   0.00-7.73   sec  24.5 KBytes  26.0 Kbits/sec                  receiver
-----------------------------------------------------------
Server listening on 5002 (test #4)
-----------------------------------------------------------
Accepted connection from 10.42.6.5, port 37470
[  5] local 10.42.6.6 port 5002 connected to 10.42.6.5 port 37474
[ ID] Interval           Transfer     Bitrate
[  5]   0.00-1.00   sec  3.79 KBytes  31.0 Kbits/sec                  
[  5]   1.00-2.00   sec  3.59 KBytes  29.4 Kbits/sec                  
[  5]   2.00-3.00   sec  3.79 KBytes  31.0 Kbits/sec                  
[  5]   3.00-4.00   sec  3.59 KBytes  29.4 Kbits/sec                  
[  5]   4.00-5.00   sec  3.59 KBytes  29.4 Kbits/sec                  
[  5]   5.00-6.00   sec  3.79 KBytes  31.0 Kbits/sec                  
[  5]   6.00-7.00   sec  3.59 KBytes  29.4 Kbits/sec                  
- - - - - - - - - - - - - - - - - - - - - - - - -
[ ID] Interval           Transfer     Bitrate
[  5]   0.00-7.00   sec  25.7 KBytes  30.1 Kbits/sec                  receiver
-----------------------------------------------------------
Server listening on 5003 (test #3)
-----------------------------------------------------------
Accepted connection from 10.42.8.4, port 35124
[  5] local 10.42.6.6 port 5003 connected to 10.42.8.4 port 39096
[ ID] Interval           Transfer     Bitrate
[  5]   0.00-1.00   sec  2.79 KBytes  22.8 Kbits/sec                  
[  5]   1.00-2.00   sec  2.59 KBytes  21.2 Kbits/sec                  
[  5]   2.00-3.00   sec  3.79 KBytes  31.0 Kbits/sec                  
[  5]   3.00-4.00   sec  3.98 KBytes  32.6 Kbits/sec                  
[  5]   4.00-5.00   sec  3.79 KBytes  31.0 Kbits/sec                  
[  5]   5.00-6.00   sec  2.59 KBytes  21.2 Kbits/sec                  
[  5]   6.00-7.00   sec  3.79 KBytes  31.0 Kbits/sec                  
[  5]   7.00-7.65   sec  1.20 KBytes  15.2 Kbits/sec                  
- - - - - - - - - - - - - - - - - - - - - - - - -
[ ID] Interval           Transfer     Bitrate
[  5]   0.00-7.65   sec  24.5 KBytes  26.3 Kbits/sec                  receiver
-----------------------------------------------------------
Server listening on 5004 (test #4)
-----------------------------------------------------------
Accepted connection from 10.42.5.4, port 46216
[  5] local 10.42.6.6 port 5004 connected to 10.42.5.4 port 46232
[ ID] Interval           Transfer     Bitrate
[  5]   0.00-1.00   sec  1020 Bytes  8.15 Kbits/sec                  
[  5]   1.00-2.00   sec  3.98 KBytes  32.6 Kbits/sec                  
[  5]   2.00-3.00   sec  3.98 KBytes  32.6 Kbits/sec                  
[  5]   3.00-4.00   sec  3.79 KBytes  31.0 Kbits/sec                  
[  5]   4.00-5.00   sec  2.59 KBytes  21.2 Kbits/sec                  
[  5]   5.00-6.00   sec  2.59 KBytes  21.2 Kbits/sec                  
[  5]   6.00-7.00   sec  4.58 KBytes  37.6 Kbits/sec                  
[  5]   7.00-8.00   sec  1.20 KBytes  9.79 Kbits/sec                  
[  5]   8.00-8.20   sec  1.20 KBytes  48.7 Kbits/sec                  
- - - - - - - - - - - - - - - - - - - - - - - - -
[ ID] Interval           Transfer     Bitrate
[  5]   0.00-8.20   sec  24.9 KBytes  24.9 Kbits/sec                  receiver
-----------------------------------------------------------
Server listening on 5002 (test #5)
-----------------------------------------------------------
Accepted connection from 10.42.5.3, port 57792
[  5] local 10.42.6.6 port 5002 connected to 10.42.5.3 port 49850
[ ID] Interval           Transfer     Bitrate
[  5]   0.00-1.00   sec  2.59 KBytes  21.2 Kbits/sec                  
[  5]   1.00-2.00   sec  2.39 KBytes  19.6 Kbits/sec                  
[  5]   2.00-3.00   sec  3.79 KBytes  31.0 Kbits/sec                  
[  5]   3.00-4.00   sec  3.79 KBytes  31.0 Kbits/sec                  
[  5]   4.00-5.00   sec  3.98 KBytes  32.6 Kbits/sec                  
[  5]   5.00-6.00   sec  1.39 KBytes  11.4 Kbits/sec                  
[  5]   6.00-7.00   sec  0.00 Bytes  0.00 bits/sec                  
[  5]   7.00-8.00   sec  3.98 KBytes  32.6 Kbits/sec                  
[  5]   8.00-8.21   sec  2.59 KBytes   101 Kbits/sec                  
- - - - - - - - - - - - - - - - - - - - - - - - -
[ ID] Interval           Transfer     Bitrate
[  5]   0.00-8.21   sec  24.5 KBytes  24.4 Kbits/sec                  receiver
-----------------------------------------------------------
Server listening on 5003 (test #4)
-----------------------------------------------------------
Accepted connection from 10.42.6.4, port 46836
[  5] local 10.42.6.6 port 5003 connected to 10.42.6.4 port 46848
[ ID] Interval           Transfer     Bitrate
[  5]   0.00-1.00   sec  3.79 KBytes  31.0 Kbits/sec                  
[  5]   1.00-2.00   sec  3.59 KBytes  29.4 Kbits/sec                  
[  5]   2.00-3.00   sec  3.79 KBytes  31.0 Kbits/sec                  
[  5]   3.00-4.00   sec  3.59 KBytes  29.4 Kbits/sec                  
[  5]   4.00-5.00   sec  3.59 KBytes  29.4 Kbits/sec                  
[  5]   5.00-6.00   sec  3.79 KBytes  31.0 Kbits/sec                  
[  5]   6.00-7.00   sec  3.59 KBytes  29.4 Kbits/sec                  
- - - - - - - - - - - - - - - - - - - - - - - - -
[ ID] Interval           Transfer     Bitrate
[  5]   0.00-7.00   sec  25.7 KBytes  30.1 Kbits/sec                  receiver
-----------------------------------------------------------
Server listening on 5002 (test #6)
-----------------------------------------------------------
Accepted connection from 10.42.8.5, port 43588
[  5] local 10.42.6.6 port 5002 connected to 10.42.8.5 port 43590
[ ID] Interval           Transfer     Bitrate
[  5]   0.00-1.00   sec  2.19 KBytes  17.9 Kbits/sec                  
[  5]   1.00-2.00   sec  3.59 KBytes  29.4 Kbits/sec                  
[  5]   2.00-3.00   sec  3.98 KBytes  32.6 Kbits/sec                  
[  5]   3.00-4.00   sec  3.98 KBytes  32.6 Kbits/sec                  
[  5]   4.00-5.00   sec  2.59 KBytes  21.2 Kbits/sec                  
[  5]   5.00-6.00   sec  4.18 KBytes  34.3 Kbits/sec                  
[  5]   6.00-7.00   sec  2.39 KBytes  19.6 Kbits/sec                  
[  5]   7.00-7.77   sec  2.19 KBytes  23.5 Kbits/sec                  
- - - - - - - - - - - - - - - - - - - - - - - - -
[ ID] Interval           Transfer     Bitrate
[  5]   0.00-7.77   sec  25.1 KBytes  26.5 Kbits/sec                  receiver
-----------------------------------------------------------
Server listening on 5004 (test #5)
-----------------------------------------------------------
Accepted connection from 10.42.6.5, port 50638
[  5] local 10.42.6.6 port 5004 connected to 10.42.6.5 port 50646
[ ID] Interval           Transfer     Bitrate
[  5]   0.00-1.00   sec  3.79 KBytes  31.0 Kbits/sec                  
[  5]   1.00-2.00   sec  3.59 KBytes  29.4 Kbits/sec                  
[  5]   2.00-3.00   sec  3.79 KBytes  31.0 Kbits/sec                  
[  5]   3.00-4.00   sec  3.59 KBytes  29.4 Kbits/sec                  
[  5]   4.00-5.00   sec  3.59 KBytes  29.4 Kbits/sec                  
[  5]   5.00-6.00   sec  3.79 KBytes  31.0 Kbits/sec                  
[  5]   6.00-7.00   sec  3.59 KBytes  29.4 Kbits/sec                  
- - - - - - - - - - - - - - - - - - - - - - - - -
[ ID] Interval           Transfer     Bitrate
[  5]   0.00-7.00   sec  25.7 KBytes  30.1 Kbits/sec                  receiver
-----------------------------------------------------------
Server listening on 5003 (test #5)
-----------------------------------------------------------
Accepted connection from 10.42.5.4, port 34030
[  5] local 10.42.6.6 port 5003 connected to 10.42.5.4 port 34034
[ ID] Interval           Transfer     Bitrate
[  5]   0.00-1.00   sec  2.59 KBytes  21.2 Kbits/sec                  
[  5]   1.00-2.00   sec  2.19 KBytes  18.0 Kbits/sec                  
[  5]   2.00-3.00   sec  2.79 KBytes  22.8 Kbits/sec                  
[  5]   3.00-4.00   sec  3.39 KBytes  27.7 Kbits/sec                  
[  5]   4.00-5.00   sec  2.99 KBytes  24.5 Kbits/sec                  
[  5]   5.00-6.00   sec  4.98 KBytes  40.8 Kbits/sec                  
[  5]   6.00-7.00   sec  2.79 KBytes  22.8 Kbits/sec                  
[  5]   7.00-7.61   sec  2.79 KBytes  37.7 Kbits/sec                  
- - - - - - - - - - - - - - - - - - - - - - - - -
[ ID] Interval           Transfer     Bitrate
[  5]   0.00-7.61   sec  24.5 KBytes  26.4 Kbits/sec                  receiver
-----------------------------------------------------------
Server listening on 5005 (test #3)
-----------------------------------------------------------
Accepted connection from 10.42.8.4, port 37988
[  5] local 10.42.6.6 port 5005 connected to 10.42.8.4 port 37996
[ ID] Interval           Transfer     Bitrate
[  5]   0.00-1.00   sec   204 Bytes  1.63 Kbits/sec                  
[  5]   1.00-2.00   sec  3.59 KBytes  29.4 Kbits/sec                  
[  5]   2.00-3.00   sec  3.79 KBytes  31.0 Kbits/sec                  
[  5]   3.00-4.00   sec  2.79 KBytes  22.8 Kbits/sec                  
[  5]   4.00-5.00   sec  4.98 KBytes  40.8 Kbits/sec                  
[  5]   5.00-6.00   sec  2.99 KBytes  24.5 Kbits/sec                  
[  5]   6.00-7.00   sec  4.78 KBytes  39.2 Kbits/sec                  
[  5]   7.00-7.23   sec  1.99 KBytes  72.3 Kbits/sec                  
- - - - - - - - - - - - - - - - - - - - - - - - -
[ ID] Interval           Transfer     Bitrate
[  5]   0.00-7.23   sec  25.1 KBytes  28.5 Kbits/sec                  receiver
-----------------------------------------------------------
Server listening on 5002 (test #7)
-----------------------------------------------------------
Accepted connection from 10.42.5.3, port 60736
[  5] local 10.42.6.6 port 5002 connected to 10.42.5.3 port 52778
[ ID] Interval           Transfer     Bitrate
[  5]   0.00-1.00   sec  2.79 KBytes  22.8 Kbits/sec                  
[  5]   1.00-2.00   sec  3.59 KBytes  29.4 Kbits/sec                  
[  5]   2.00-3.00   sec  2.99 KBytes  24.5 Kbits/sec                  
[  5]   3.00-4.00   sec  4.18 KBytes  34.3 Kbits/sec                  
[  5]   4.00-5.00   sec  2.59 KBytes  21.2 Kbits/sec                  
[  5]   5.00-6.00   sec  4.78 KBytes  39.2 Kbits/sec                  
[  5]   6.00-7.00   sec  3.19 KBytes  26.1 Kbits/sec                  
[  5]   7.00-7.29   sec  1.39 KBytes  38.9 Kbits/sec                  
- - - - - - - - - - - - - - - - - - - - - - - - -
[ ID] Interval           Transfer     Bitrate
[  5]   0.00-7.29   sec  25.5 KBytes  28.6 Kbits/sec                  receiver
-----------------------------------------------------------
Server listening on 5003 (test #6)
-----------------------------------------------------------
Accepted connection from 10.42.6.4, port 36092
[  5] local 10.42.6.6 port 5003 connected to 10.42.6.4 port 36108
[ ID] Interval           Transfer     Bitrate
[  5]   0.00-1.00   sec  3.79 KBytes  31.0 Kbits/sec                  
[  5]   1.00-2.00   sec  3.59 KBytes  29.4 Kbits/sec                  
[  5]   2.00-3.00   sec  3.79 KBytes  31.0 Kbits/sec                  
[  5]   3.00-4.00   sec  3.59 KBytes  29.4 Kbits/sec                  
[  5]   4.00-5.00   sec  3.59 KBytes  29.4 Kbits/sec                  
[  5]   5.00-6.00   sec  3.79 KBytes  31.0 Kbits/sec                  
[  5]   6.00-7.00   sec  3.59 KBytes  29.4 Kbits/sec                  
- - - - - - - - - - - - - - - - - - - - - - - - -
[ ID] Interval           Transfer     Bitrate
[  5]   0.00-7.00   sec  25.7 KBytes  30.1 Kbits/sec                  receiver
-----------------------------------------------------------
Server listening on 5002 (test #8)
-----------------------------------------------------------
Accepted connection from 10.42.8.4, port 38740
[  5] local 10.42.6.6 port 5002 connected to 10.42.8.4 port 38742
[ ID] Interval           Transfer     Bitrate
[  5]   0.00-1.00   sec  2.59 KBytes  21.2 Kbits/sec                  
[  5]   1.00-2.00   sec  3.39 KBytes  27.7 Kbits/sec                  
[  5]   2.00-3.00   sec  3.98 KBytes  32.6 Kbits/sec                  
[  5]   3.00-4.00   sec  2.99 KBytes  24.5 Kbits/sec                  
[  5]   4.00-5.00   sec  3.79 KBytes  31.0 Kbits/sec                  
[  5]   5.00-6.00   sec  2.99 KBytes  24.5 Kbits/sec                  
[  5]   6.00-7.00   sec  2.99 KBytes  24.5 Kbits/sec                  
[  5]   7.00-7.39   sec  2.79 KBytes  58.2 Kbits/sec                  
- - - - - - - - - - - - - - - - - - - - - - - - -
[ ID] Interval           Transfer     Bitrate
[  5]   0.00-7.39   sec  25.5 KBytes  28.3 Kbits/sec                  receiver
-----------------------------------------------------------
Server listening on 5003 (test #7)
-----------------------------------------------------------
Accepted connection from 10.42.5.4, port 38332
[  5] local 10.42.6.6 port 5003 connected to 10.42.5.4 port 36280
[ ID] Interval           Transfer     Bitrate
[  5]   0.00-1.00   sec  2.39 KBytes  19.6 Kbits/sec                  
[  5]   1.00-2.00   sec  3.19 KBytes  26.1 Kbits/sec                  
[  5]   2.00-3.00   sec  3.98 KBytes  32.6 Kbits/sec                  
[  5]   3.00-4.00   sec  2.39 KBytes  19.6 Kbits/sec                  
[  5]   4.00-5.00   sec  4.78 KBytes  39.2 Kbits/sec                  
[  5]   5.00-6.00   sec  2.99 KBytes  24.5 Kbits/sec                  
[  5]   6.00-7.00   sec  4.38 KBytes  35.9 Kbits/sec                  
[  5]   7.00-7.53   sec  1.59 KBytes  24.8 Kbits/sec                  
- - - - - - - - - - - - - - - - - - - - - - - - -
[ ID] Interval           Transfer     Bitrate
[  5]   0.00-7.53   sec  25.7 KBytes  28.0 Kbits/sec                  receiver
-----------------------------------------------------------
Server listening on 5004 (test #6)
-----------------------------------------------------------
Accepted connection from 10.42.8.5, port 54058
[  5] local 10.42.6.6 port 5004 connected to 10.42.8.5 port 54062
[ ID] Interval           Transfer     Bitrate
[  5]   0.00-1.00   sec  1.59 KBytes  13.0 Kbits/sec                  
[  5]   1.00-2.00   sec  3.59 KBytes  29.4 Kbits/sec                  
[  5]   2.00-3.00   sec  4.38 KBytes  35.9 Kbits/sec                  
[  5]   3.00-4.00   sec  3.98 KBytes  32.6 Kbits/sec                  
[  5]   4.00-5.00   sec  3.59 KBytes  29.4 Kbits/sec                  
[  5]   5.00-6.00   sec  2.39 KBytes  19.6 Kbits/sec                  
[  5]   6.00-7.00   sec  3.79 KBytes  31.0 Kbits/sec                  
[  5]   7.00-7.12   sec  1.59 KBytes   114 Kbits/sec                  
- - - - - - - - - - - - - - - - - - - - - - - - -
[ ID] Interval           Transfer     Bitrate
[  5]   0.00-7.12   sec  24.9 KBytes  28.7 Kbits/sec                  receiver
-----------------------------------------------------------
Server listening on 5005 (test #4)
-----------------------------------------------------------
Accepted connection from 10.42.6.5, port 37482
[  5] local 10.42.6.6 port 5005 connected to 10.42.6.5 port 37488
[ ID] Interval           Transfer     Bitrate
[  5]   0.00-1.00   sec  3.79 KBytes  31.0 Kbits/sec                  
[  5]   1.00-2.00   sec  3.59 KBytes  29.4 Kbits/sec                  
[  5]   2.00-3.00   sec  3.79 KBytes  31.0 Kbits/sec                  
[  5]   3.00-4.00   sec  3.59 KBytes  29.4 Kbits/sec                  
[  5]   4.00-5.00   sec  3.59 KBytes  29.4 Kbits/sec                  
[  5]   5.00-6.00   sec  3.79 KBytes  31.0 Kbits/sec                  
[  5]   6.00-7.00   sec  3.59 KBytes  29.4 Kbits/sec                  
- - - - - - - - - - - - - - - - - - - - - - - - -
[ ID] Interval           Transfer     Bitrate
[  5]   0.00-7.00   sec  25.7 KBytes  30.1 Kbits/sec                  receiver
-----------------------------------------------------------
Server listening on 5002 (test #9)
-----------------------------------------------------------
Accepted connection from 10.42.6.4, port 33770
[  5] local 10.42.6.6 port 5002 connected to 10.42.6.4 port 33786
[ ID] Interval           Transfer     Bitrate
[  5]   0.00-1.00   sec  3.79 KBytes  31.0 Kbits/sec                  
[  5]   1.00-2.00   sec  3.59 KBytes  29.4 Kbits/sec                  
[  5]   2.00-3.00   sec  3.79 KBytes  31.0 Kbits/sec                  
[  5]   3.00-4.00   sec  3.59 KBytes  29.4 Kbits/sec                  
[  5]   4.00-5.00   sec  3.59 KBytes  29.4 Kbits/sec                  
[  5]   5.00-6.00   sec  3.79 KBytes  31.0 Kbits/sec                  
[  5]   6.00-7.00   sec  3.59 KBytes  29.4 Kbits/sec                  
- - - - - - - - - - - - - - - - - - - - - - - - -
[ ID] Interval           Transfer     Bitrate
[  5]   0.00-7.00   sec  25.7 KBytes  30.1 Kbits/sec                  receiver
-----------------------------------------------------------
Server listening on 5003 (test #8)
-----------------------------------------------------------
Accepted connection from 10.42.5.3, port 50458
[  5] local 10.42.6.6 port 5003 connected to 10.42.5.3 port 50470
[ ID] Interval           Transfer     Bitrate
[  5]   0.00-1.00   sec  2.59 KBytes  21.2 Kbits/sec                  
[  5]   1.00-2.00   sec  3.39 KBytes  27.8 Kbits/sec                  
[  5]   2.00-3.00   sec  3.98 KBytes  32.6 Kbits/sec                  
[  5]   3.00-4.00   sec  2.99 KBytes  24.5 Kbits/sec                  
[  5]   4.00-5.00   sec  3.98 KBytes  32.6 Kbits/sec                  
[  5]   5.00-6.00   sec  3.39 KBytes  27.7 Kbits/sec                  
[  5]   6.00-7.00   sec  3.79 KBytes  31.0 Kbits/sec                  
[  5]   7.00-7.29   sec  1.39 KBytes  39.1 Kbits/sec                  
- - - - - - - - - - - - - - - - - - - - - - - - -
[ ID] Interval           Transfer     Bitrate
[  5]   0.00-7.29   sec  25.5 KBytes  28.6 Kbits/sec                  receiver
-----------------------------------------------------------
Server listening on 5004 (test #7)
-----------------------------------------------------------
Accepted connection from 10.42.8.4, port 56330
[  5] local 10.42.6.6 port 5004 connected to 10.42.8.4 port 50028
[ ID] Interval           Transfer     Bitrate
[  5]   0.00-1.00   sec  1.79 KBytes  14.7 Kbits/sec                  
[  5]   1.00-2.00   sec  3.59 KBytes  29.4 Kbits/sec                  
[  5]   2.00-3.00   sec  3.59 KBytes  29.4 Kbits/sec                  
[  5]   3.00-4.00   sec  3.79 KBytes  31.0 Kbits/sec                  
[  5]   4.00-5.00   sec  4.58 KBytes  37.5 Kbits/sec                  
[  5]   5.00-6.00   sec  1.99 KBytes  16.3 Kbits/sec                  
[  5]   6.00-7.00   sec  4.38 KBytes  35.9 Kbits/sec                  
[  5]   7.00-7.48   sec  1.99 KBytes  34.4 Kbits/sec                  
- - - - - - - - - - - - - - - - - - - - - - - - -
[ ID] Interval           Transfer     Bitrate
[  5]   0.00-7.48   sec  25.7 KBytes  28.2 Kbits/sec                  receiver
-----------------------------------------------------------
Server listening on 5002 (test #10)
-----------------------------------------------------------
Accepted connection from 10.42.5.4, port 59330
[  5] local 10.42.6.6 port 5002 connected to 10.42.5.4 port 59346
[ ID] Interval           Transfer     Bitrate
[  5]   0.00-1.00   sec  1.79 KBytes  14.7 Kbits/sec                  
[  5]   1.00-2.00   sec  2.59 KBytes  21.2 Kbits/sec                  
[  5]   2.00-3.00   sec  5.18 KBytes  42.5 Kbits/sec                  
[  5]   3.00-4.00   sec  3.59 KBytes  29.3 Kbits/sec                  
[  5]   4.00-5.00   sec  3.19 KBytes  26.1 Kbits/sec                  
[  5]   5.00-6.00   sec  3.79 KBytes  31.0 Kbits/sec                  
[  5]   6.00-7.00   sec  4.38 KBytes  35.9 Kbits/sec                  
[  5]   7.00-7.18   sec  0.00 Bytes  0.00 bits/sec                  
- - - - - - - - - - - - - - - - - - - - - - - - -
[ ID] Interval           Transfer     Bitrate
[  5]   0.00-7.18   sec  24.5 KBytes  28.0 Kbits/sec                  receiver
-----------------------------------------------------------
Server listening on 5003 (test #9)
-----------------------------------------------------------
Accepted connection from 10.42.8.5, port 56434
[  5] local 10.42.6.6 port 5003 connected to 10.42.8.5 port 56436
[ ID] Interval           Transfer     Bitrate
[  5]   0.00-1.00   sec  2.19 KBytes  17.9 Kbits/sec                  
[  5]   1.00-2.00   sec  2.79 KBytes  22.8 Kbits/sec                  
[  5]   2.00-3.00   sec  4.38 KBytes  35.9 Kbits/sec                  
[  5]   3.00-4.00   sec  3.98 KBytes  32.6 Kbits/sec                  
[  5]   4.00-5.00   sec  3.59 KBytes  29.4 Kbits/sec                  
[  5]   5.00-6.00   sec  3.79 KBytes  31.0 Kbits/sec                  
[  5]   6.00-7.00   sec  3.79 KBytes  31.0 Kbits/sec                  
- - - - - - - - - - - - - - - - - - - - - - - - -
[ ID] Interval           Transfer     Bitrate
[  5]   0.00-7.08   sec  24.5 KBytes  28.4 Kbits/sec                  receiver
-----------------------------------------------------------
Server listening on 5002 (test #11)
-----------------------------------------------------------
Accepted connection from 10.42.6.5, port 33432
[  5] local 10.42.6.6 port 5002 connected to 10.42.6.5 port 33440
[ ID] Interval           Transfer     Bitrate
[  5]   0.00-1.00   sec  3.79 KBytes  31.0 Kbits/sec                  
[  5]   1.00-2.00   sec  3.59 KBytes  29.4 Kbits/sec                  
[  5]   2.00-3.00   sec  3.79 KBytes  31.0 Kbits/sec                  
[  5]   3.00-4.00   sec  3.59 KBytes  29.4 Kbits/sec                  
[  5]   4.00-5.00   sec  3.59 KBytes  29.4 Kbits/sec                  
[  5]   5.00-6.00   sec  3.79 KBytes  31.0 Kbits/sec                  
[  5]   6.00-7.00   sec  3.59 KBytes  29.4 Kbits/sec                  
- - - - - - - - - - - - - - - - - - - - - - - - -
[ ID] Interval           Transfer     Bitrate
[  5]   0.00-7.00   sec  25.7 KBytes  30.1 Kbits/sec                  receiver
-----------------------------------------------------------
Server listening on 5004 (test #8)
-----------------------------------------------------------
Accepted connection from 10.42.6.4, port 55368
[  5] local 10.42.6.6 port 5004 connected to 10.42.6.4 port 54318
[ ID] Interval           Transfer     Bitrate
[  5]   0.00-1.00   sec  3.79 KBytes  31.0 Kbits/sec                  
[  5]   1.00-2.00   sec  3.59 KBytes  29.4 Kbits/sec                  
[  5]   2.00-3.00   sec  3.79 KBytes  31.0 Kbits/sec                  
[  5]   3.00-4.00   sec  3.59 KBytes  29.4 Kbits/sec                  
[  5]   4.00-5.00   sec  3.59 KBytes  29.4 Kbits/sec                  
[  5]   5.00-6.00   sec  3.79 KBytes  31.0 Kbits/sec                  
[  5]   6.00-7.00   sec  3.59 KBytes  29.4 Kbits/sec                  
- - - - - - - - - - - - - - - - - - - - - - - - -
[ ID] Interval           Transfer     Bitrate
[  5]   0.00-7.00   sec  25.7 KBytes  30.1 Kbits/sec                  receiver
-----------------------------------------------------------
Server listening on 5003 (test #10)
-----------------------------------------------------------
Accepted connection from 10.42.5.3, port 59830
[  5] local 10.42.6.6 port 5003 connected to 10.42.5.3 port 59836
[ ID] Interval           Transfer     Bitrate
[  5]   0.00-1.00   sec  2.59 KBytes  21.2 Kbits/sec                  
[  5]   1.00-2.00   sec  3.39 KBytes  27.7 Kbits/sec                  
[  5]   2.00-3.00   sec  3.98 KBytes  32.6 Kbits/sec                  
[  5]   3.00-4.00   sec  2.99 KBytes  24.5 Kbits/sec                  
[  5]   4.00-5.00   sec  1020 Bytes  8.16 Kbits/sec                  
[  5]   5.00-6.00   sec  2.79 KBytes  22.9 Kbits/sec                  
[  5]   6.00-7.00   sec  1.99 KBytes  16.3 Kbits/sec                  
[  5]   7.00-8.00   sec  1.39 KBytes  11.4 Kbits/sec                  
[  5]   8.00-9.00   sec  0.00 Bytes  0.00 bits/sec                  
[  5]   9.00-9.80   sec  4.98 KBytes  51.2 Kbits/sec                  
- - - - - - - - - - - - - - - - - - - - - - - - -
-----------------------------------------------------------
Server listening on 5002 (test #12)
-----------------------------------------------------------
Accepted connection from 10.42.8.4, port 37046
[  5] local 10.42.6.6 port 5002 connected to 10.42.8.4 port 37054
[ ID] Interval           Transfer     Bitrate
[  5]   0.00-1.00   sec  1.59 KBytes  13.0 Kbits/sec                  
[  5]   1.00-2.00   sec  2.59 KBytes  21.2 Kbits/sec                  
[  5]   2.00-3.00   sec  1.99 KBytes  16.3 Kbits/sec                  
[  5]   3.00-4.00   sec  2.59 KBytes  21.2 Kbits/sec                  
[  5]   4.00-5.00   sec  2.59 KBytes  21.2 Kbits/sec                  
[  5]   5.00-6.00   sec  3.19 KBytes  26.1 Kbits/sec                  
[  5]   6.00-7.00   sec  4.78 KBytes  39.2 Kbits/sec                  
[  5]   7.00-7.93   sec  5.98 KBytes  52.7 Kbits/sec                  
- - - - - - - - - - - - - - - - - - - - - - - - -
[ ID] Interval           Transfer     Bitrate
[  5]   0.00-7.93   sec  25.3 KBytes  26.1 Kbits/sec                  receiver
[ ID] Interval           Transfer     Bitrate
[  5]   0.00-9.80   sec  25.1 KBytes  21.0 Kbits/sec                  receiver
-----------------------------------------------------------
Server listening on 5002 (test #13)
-----------------------------------------------------------
Accepted connection from 10.42.5.4, port 40824
[  5] local 10.42.6.6 port 5002 connected to 10.42.5.4 port 40830
[ ID] Interval           Transfer     Bitrate
[  5]   0.00-1.00   sec  1.20 KBytes  9.79 Kbits/sec                  
[  5]   1.00-2.00   sec  4.38 KBytes  35.9 Kbits/sec                  
[  5]   2.00-3.00   sec  3.98 KBytes  32.6 Kbits/sec                  
[  5]   3.00-4.00   sec  3.98 KBytes  32.6 Kbits/sec                  
[  5]   4.00-5.00   sec  3.59 KBytes  29.4 Kbits/sec                  
[  5]   5.00-6.00   sec  2.39 KBytes  19.6 Kbits/sec                  
[  5]   6.00-7.00   sec  4.78 KBytes  39.2 Kbits/sec                  
[  5]   7.00-7.35   sec  1.20 KBytes  27.7 Kbits/sec                  
- - - - - - - - - - - - - - - - - - - - - - - - -
[ ID] Interval           Transfer     Bitrate
[  5]   0.00-7.35   sec  25.5 KBytes  28.4 Kbits/sec                  receiver
-----------------------------------------------------------
Server listening on 5003 (test #11)
-----------------------------------------------------------
Accepted connection from 10.42.6.5, port 43710
[  5] local 10.42.6.6 port 5003 connected to 10.42.6.5 port 43720
[ ID] Interval           Transfer     Bitrate
[  5]   0.00-1.00   sec  3.79 KBytes  31.0 Kbits/sec                  
[  5]   1.00-2.00   sec  3.59 KBytes  29.4 Kbits/sec                  
[  5]   2.00-3.00   sec  3.79 KBytes  31.0 Kbits/sec                  
[  5]   3.00-4.00   sec  3.59 KBytes  29.4 Kbits/sec                  
[  5]   4.00-5.00   sec  3.59 KBytes  29.4 Kbits/sec                  
[  5]   5.00-6.00   sec  3.79 KBytes  31.0 Kbits/sec                  
[  5]   6.00-7.00   sec  3.59 KBytes  29.4 Kbits/sec                  
- - - - - - - - - - - - - - - - - - - - - - - - -
[ ID] Interval           Transfer     Bitrate
[  5]   0.00-7.00   sec  25.7 KBytes  30.1 Kbits/sec                  receiver
-----------------------------------------------------------
Server listening on 5004 (test #9)
-----------------------------------------------------------
Accepted connection from 10.42.8.5, port 47926
[  5] local 10.42.6.6 port 5004 connected to 10.42.8.5 port 47932
[ ID] Interval           Transfer     Bitrate
[  5]   0.00-1.00   sec  1.99 KBytes  16.3 Kbits/sec                  
[  5]   1.00-2.00   sec  3.19 KBytes  26.1 Kbits/sec                  
[  5]   2.00-3.00   sec  4.18 KBytes  34.3 Kbits/sec                  
[  5]   3.00-4.00   sec  3.59 KBytes  29.4 Kbits/sec                  
[  5]   4.00-5.00   sec  3.79 KBytes  31.0 Kbits/sec                  
[  5]   5.00-6.00   sec  3.79 KBytes  31.0 Kbits/sec                  
[  5]   6.00-7.00   sec  3.79 KBytes  31.0 Kbits/sec                  
[  5]   7.00-7.28   sec  1.20 KBytes  35.0 Kbits/sec                  
- - - - - - - - - - - - - - - - - - - - - - - - -
[ ID] Interval           Transfer     Bitrate
[  5]   0.00-7.28   sec  25.5 KBytes  28.7 Kbits/sec                  receiver
-----------------------------------------------------------
Server listening on 5002 (test #14)
-----------------------------------------------------------
Accepted connection from 10.42.6.4, port 39336
[  5] local 10.42.6.6 port 5002 connected to 10.42.6.4 port 39340
[ ID] Interval           Transfer     Bitrate
[  5]   0.00-1.00   sec  3.79 KBytes  31.0 Kbits/sec                  
[  5]   1.00-2.00   sec  3.59 KBytes  29.4 Kbits/sec                  
[  5]   2.00-3.00   sec  3.79 KBytes  31.0 Kbits/sec                  
[  5]   3.00-4.00   sec  3.59 KBytes  29.4 Kbits/sec                  
[  5]   4.00-5.00   sec  3.59 KBytes  29.4 Kbits/sec                  
[  5]   5.00-6.00   sec  3.79 KBytes  31.0 Kbits/sec                  
[  5]   6.00-7.00   sec  3.59 KBytes  29.4 Kbits/sec                  
- - - - - - - - - - - - - - - - - - - - - - - - -
[ ID] Interval           Transfer     Bitrate
[  5]   0.00-7.00   sec  25.7 KBytes  30.1 Kbits/sec                  receiver
-----------------------------------------------------------
Server listening on 5003 (test #12)
-----------------------------------------------------------
Accepted connection from 10.42.5.3, port 55572
[  5] local 10.42.6.6 port 5003 connected to 10.42.5.3 port 38890
[ ID] Interval           Transfer     Bitrate
[  5]   0.00-1.00   sec  1.59 KBytes  13.0 Kbits/sec                  
[  5]   1.00-2.00   sec  4.38 KBytes  35.9 Kbits/sec                  
[  5]   2.00-3.00   sec  3.59 KBytes  29.4 Kbits/sec                  
[  5]   3.00-4.00   sec  3.98 KBytes  32.6 Kbits/sec                  
[  5]   4.00-5.00   sec  3.19 KBytes  26.1 Kbits/sec                  
[  5]   5.00-6.00   sec  3.79 KBytes  31.0 Kbits/sec                  
[  5]   6.00-7.00   sec  3.59 KBytes  29.4 Kbits/sec                  
[  5]   7.00-7.22   sec  1.20 KBytes  44.0 Kbits/sec                  
- - - - - - - - - - - - - - - - - - - - - - - - -
[ ID] Interval           Transfer     Bitrate
[  5]   0.00-7.22   sec  25.3 KBytes  28.7 Kbits/sec                  receiver
-----------------------------------------------------------
Server listening on 5002 (test #15)
-----------------------------------------------------------
Accepted connection from 10.42.8.4, port 47284
[  5] local 10.42.6.6 port 5002 connected to 10.42.8.4 port 47288
[ ID] Interval           Transfer     Bitrate
[  5]   0.00-1.00   sec  2.79 KBytes  22.8 Kbits/sec                  
[  5]   1.00-2.00   sec  3.59 KBytes  29.4 Kbits/sec                  
[  5]   2.00-3.00   sec  2.99 KBytes  24.5 Kbits/sec                  
[  5]   3.00-4.00   sec  3.98 KBytes  32.6 Kbits/sec                  
[  5]   4.00-5.00   sec  3.79 KBytes  31.0 Kbits/sec                  
[  5]   5.00-6.00   sec  2.79 KBytes  22.9 Kbits/sec                  
[  5]   6.00-7.00   sec  3.39 KBytes  27.7 Kbits/sec                  
[  5]   7.00-7.21   sec  1.39 KBytes  53.9 Kbits/sec                  
- - - - - - - - - - - - - - - - - - - - - - - - -
[ ID] Interval           Transfer     Bitrate
[  5]   0.00-7.21   sec  24.7 KBytes  28.1 Kbits/sec                  receiver
-----------------------------------------------------------
Server listening on 5003 (test #13)
-----------------------------------------------------------
Accepted connection from 10.42.5.4, port 58650
[  5] local 10.42.6.6 port 5003 connected to 10.42.5.4 port 57874
[ ID] Interval           Transfer     Bitrate
[  5]   0.00-1.00   sec  2.19 KBytes  17.9 Kbits/sec                  
[  5]   1.00-2.00   sec  3.59 KBytes  29.4 Kbits/sec                  
[  5]   2.00-3.00   sec  3.79 KBytes  31.0 Kbits/sec                  
[  5]   3.00-4.00   sec  2.59 KBytes  21.2 Kbits/sec                  
[  5]   4.00-5.00   sec  3.79 KBytes  31.0 Kbits/sec                  
[  5]   5.00-6.00   sec  3.79 KBytes  31.0 Kbits/sec                  
[  5]   6.00-7.00   sec  3.79 KBytes  31.0 Kbits/sec                  
[  5]   7.00-7.19   sec  1.59 KBytes  68.0 Kbits/sec                  
- - - - - - - - - - - - - - - - - - - - - - - - -
[ ID] Interval           Transfer     Bitrate
[  5]   0.00-7.19   sec  25.1 KBytes  28.6 Kbits/sec                  receiver
-----------------------------------------------------------
Server listening on 5004 (test #10)
-----------------------------------------------------------
Accepted connection from 10.42.6.5, port 49422
[  5] local 10.42.6.6 port 5004 connected to 10.42.6.5 port 49430
[ ID] Interval           Transfer     Bitrate
[  5]   0.00-1.00   sec  3.79 KBytes  31.0 Kbits/sec                  
[  5]   1.00-2.00   sec  3.59 KBytes  29.4 Kbits/sec                  
[  5]   2.00-3.00   sec  3.79 KBytes  31.0 Kbits/sec                  
[  5]   3.00-4.00   sec  3.59 KBytes  29.4 Kbits/sec                  
[  5]   4.00-5.00   sec  3.59 KBytes  29.4 Kbits/sec                  
[  5]   5.00-6.00   sec  3.79 KBytes  31.0 Kbits/sec                  
[  5]   6.00-7.00   sec  3.59 KBytes  29.4 Kbits/sec                  
- - - - - - - - - - - - - - - - - - - - - - - - -
[ ID] Interval           Transfer     Bitrate
[  5]   0.00-7.00   sec  25.7 KBytes  30.1 Kbits/sec                  receiver
-----------------------------------------------------------
Server listening on 5002 (test #16)
-----------------------------------------------------------
Accepted connection from 10.42.8.5, port 52032
[  5] local 10.42.6.6 port 5002 connected to 10.42.8.5 port 52038
[ ID] Interval           Transfer     Bitrate
[  5]   0.00-1.00   sec  2.59 KBytes  21.2 Kbits/sec                  
[  5]   1.00-2.00   sec  2.99 KBytes  24.5 Kbits/sec                  
[  5]   2.00-3.00   sec  3.98 KBytes  32.7 Kbits/sec                  
[  5]   3.00-4.00   sec  3.98 KBytes  32.6 Kbits/sec                  
[  5]   4.00-5.00   sec  3.59 KBytes  29.4 Kbits/sec                  
[  5]   5.00-6.00   sec  2.39 KBytes  19.6 Kbits/sec                  
[  5]   6.00-7.00   sec  3.79 KBytes  31.0 Kbits/sec                  
[  5]   7.00-7.12   sec  1.39 KBytes  94.2 Kbits/sec                  
- - - - - - - - - - - - - - - - - - - - - - - - -
[ ID] Interval           Transfer     Bitrate
[  5]   0.00-7.12   sec  24.7 KBytes  28.4 Kbits/sec                  receiver
-----------------------------------------------------------
Server listening on 5003 (test #14)
-----------------------------------------------------------
Accepted connection from 10.42.6.4, port 47654
[  5] local 10.42.6.6 port 5003 connected to 10.42.6.4 port 47658
[ ID] Interval           Transfer     Bitrate
[  5]   0.00-1.00   sec  3.79 KBytes  31.0 Kbits/sec                  
[  5]   1.00-2.00   sec  3.59 KBytes  29.4 Kbits/sec                  
[  5]   2.00-3.00   sec  3.79 KBytes  31.0 Kbits/sec                  
[  5]   3.00-4.00   sec  3.59 KBytes  29.4 Kbits/sec                  
[  5]   4.00-5.00   sec  3.59 KBytes  29.4 Kbits/sec                  
[  5]   5.00-6.00   sec  3.79 KBytes  31.0 Kbits/sec                  
[  5]   6.00-7.00   sec  3.59 KBytes  29.4 Kbits/sec                  
- - - - - - - - - - - - - - - - - - - - - - - - -
[ ID] Interval           Transfer     Bitrate
[  5]   0.00-7.00   sec  25.7 KBytes  30.1 Kbits/sec                  receiver
-----------------------------------------------------------
Server listening on 5004 (test #11)
-----------------------------------------------------------
Accepted connection from 10.42.5.3, port 52320
[  5] local 10.42.6.6 port 5004 connected to 10.42.5.3 port 52334
[ ID] Interval           Transfer     Bitrate
[  5]   0.00-1.00   sec  1.79 KBytes  14.7 Kbits/sec                  
[  5]   1.00-2.00   sec  3.39 KBytes  27.7 Kbits/sec                  
[  5]   2.00-3.00   sec  3.98 KBytes  32.6 Kbits/sec                  
[  5]   3.00-4.00   sec  2.99 KBytes  24.5 Kbits/sec                  
[  5]   4.00-5.00   sec  3.79 KBytes  31.0 Kbits/sec                  
[  5]   5.00-6.00   sec  3.79 KBytes  31.0 Kbits/sec                  
[  5]   6.00-7.00   sec  3.79 KBytes  31.0 Kbits/sec                  
[  5]   7.00-7.20   sec  1.20 KBytes  49.1 Kbits/sec                  
- - - - - - - - - - - - - - - - - - - - - - - - -
[ ID] Interval           Transfer     Bitrate
[  5]   0.00-7.20   sec  24.7 KBytes  28.1 Kbits/sec                  receiver
-----------------------------------------------------------
Server listening on 5002 (test #17)
-----------------------------------------------------------
Accepted connection from 10.42.8.4, port 37090
[  5] local 10.42.6.6 port 5002 connected to 10.42.8.4 port 37096
[ ID] Interval           Transfer     Bitrate
[  5]   0.00-1.00   sec  1.99 KBytes  16.3 Kbits/sec                  
[  5]   1.00-2.00   sec  3.39 KBytes  27.7 Kbits/sec                  
[  5]   2.00-3.00   sec  3.98 KBytes  32.6 Kbits/sec                  
[  5]   3.00-4.00   sec  3.79 KBytes  31.0 Kbits/sec                  
[  5]   4.00-5.00   sec  3.79 KBytes  31.0 Kbits/sec                  
[  5]   5.00-6.00   sec  3.79 KBytes  31.0 Kbits/sec                  
[  5]   6.00-7.00   sec  3.79 KBytes  31.0 Kbits/sec                  
[  5]   7.00-7.32   sec  1.20 KBytes  30.5 Kbits/sec                  
- - - - - - - - - - - - - - - - - - - - - - - - -
[ ID] Interval           Transfer     Bitrate
[  5]   0.00-7.32   sec  25.7 KBytes  28.8 Kbits/sec                  receiver
-----------------------------------------------------------
Server listening on 5002 (test #18)
-----------------------------------------------------------
Accepted connection from 10.42.5.4, port 49688
[  5] local 10.42.6.6 port 5002 connected to 10.42.5.4 port 49696
[ ID] Interval           Transfer     Bitrate
[  5]   0.00-1.00   sec  2.59 KBytes  21.2 Kbits/sec                  
[  5]   1.00-2.00   sec  3.79 KBytes  31.0 Kbits/sec                  
[  5]   2.00-3.00   sec  2.99 KBytes  24.5 Kbits/sec                  
[  5]   3.00-4.00   sec  3.98 KBytes  32.6 Kbits/sec                  
[  5]   4.00-5.00   sec  2.39 KBytes  19.6 Kbits/sec                  
[  5]   5.00-6.00   sec  4.58 KBytes  37.5 Kbits/sec                  
[  5]   6.00-7.00   sec  3.79 KBytes  31.0 Kbits/sec                  
[  5]   7.00-7.27   sec  1.20 KBytes  36.9 Kbits/sec                  
- - - - - - - - - - - - - - - - - - - - - - - - -
[ ID] Interval           Transfer     Bitrate
[  5]   0.00-7.27   sec  25.3 KBytes  28.5 Kbits/sec                  receiver
-----------------------------------------------------------
Server listening on 5003 (test #15)
-----------------------------------------------------------
Accepted connection from 10.42.8.5, port 44868
[  5] local 10.42.6.6 port 5003 connected to 10.42.8.5 port 44882
[ ID] Interval           Transfer     Bitrate
[  5]   0.00-1.00   sec  2.39 KBytes  19.6 Kbits/sec                  
[  5]   1.00-2.00   sec  1.99 KBytes  16.3 Kbits/sec                  
[  5]   2.00-3.00   sec  4.58 KBytes  37.6 Kbits/sec                  
[  5]   3.00-4.00   sec  3.59 KBytes  29.4 Kbits/sec                  
[  5]   4.00-5.00   sec  3.59 KBytes  29.4 Kbits/sec                  
[  5]   5.00-6.00   sec  4.78 KBytes  39.1 Kbits/sec                  
[  5]   6.00-7.00   sec  2.99 KBytes  24.5 Kbits/sec                  
[  5]   7.00-7.14   sec  1.20 KBytes  71.5 Kbits/sec                  
- - - - - - - - - - - - - - - - - - - - - - - - -
[ ID] Interval           Transfer     Bitrate
[  5]   0.00-7.14   sec  25.1 KBytes  28.8 Kbits/sec                  receiver
-----------------------------------------------------------
Server listening on 5004 (test #12)
-----------------------------------------------------------
Accepted connection from 10.42.6.4, port 60252
[  5] local 10.42.6.6 port 5004 connected to 10.42.6.4 port 60258
[ ID] Interval           Transfer     Bitrate
[  5]   0.00-1.00   sec  3.79 KBytes  31.0 Kbits/sec                  
[  5]   1.00-2.00   sec  3.59 KBytes  29.4 Kbits/sec                  
[  5]   2.00-3.00   sec  3.79 KBytes  31.0 Kbits/sec                  
[  5]   3.00-4.00   sec  3.59 KBytes  29.4 Kbits/sec                  
[  5]   4.00-5.00   sec  3.59 KBytes  29.4 Kbits/sec                  
[  5]   5.00-6.00   sec  3.79 KBytes  31.0 Kbits/sec                  
[  5]   6.00-7.00   sec  3.59 KBytes  29.4 Kbits/sec                  
- - - - - - - - - - - - - - - - - - - - - - - - -
[ ID] Interval           Transfer     Bitrate
[  5]   0.00-7.00   sec  25.7 KBytes  30.1 Kbits/sec                  receiver
-----------------------------------------------------------
Server listening on 5005 (test #5)
-----------------------------------------------------------
Accepted connection from 10.42.6.5, port 48964
[  5] local 10.42.6.6 port 5005 connected to 10.42.6.5 port 48968
[ ID] Interval           Transfer     Bitrate
[  5]   0.00-1.00   sec  3.79 KBytes  31.0 Kbits/sec                  
[  5]   1.00-2.00   sec  3.59 KBytes  29.4 Kbits/sec                  
[  5]   2.00-3.00   sec  3.79 KBytes  31.0 Kbits/sec                  
[  5]   3.00-4.00   sec  3.59 KBytes  29.4 Kbits/sec                  
[  5]   4.00-5.00   sec  3.59 KBytes  29.4 Kbits/sec                  
[  5]   5.00-6.00   sec  3.79 KBytes  31.0 Kbits/sec                  
[  5]   6.00-7.00   sec  3.59 KBytes  29.4 Kbits/sec                  
- - - - - - - - - - - - - - - - - - - - - - - - -
[ ID] Interval           Transfer     Bitrate
[  5]   0.00-7.00   sec  25.7 KBytes  30.1 Kbits/sec                  receiver
-----------------------------------------------------------
Server listening on 5002 (test #19)
-----------------------------------------------------------
Accepted connection from 10.42.5.3, port 55766
[  5] local 10.42.6.6 port 5002 connected to 10.42.5.3 port 55770
[ ID] Interval           Transfer     Bitrate
[  5]   0.00-1.00   sec  2.59 KBytes  21.2 Kbits/sec                  
[  5]   1.00-2.00   sec  3.59 KBytes  29.4 Kbits/sec                  
[  5]   2.00-3.00   sec  2.99 KBytes  24.5 Kbits/sec                  
[  5]   3.00-4.00   sec  3.98 KBytes  32.6 Kbits/sec                  
[  5]   4.00-5.00   sec  3.79 KBytes  31.0 Kbits/sec                  
[  5]   5.00-6.00   sec  2.79 KBytes  22.9 Kbits/sec                  
[  5]   6.00-7.00   sec  3.79 KBytes  31.0 Kbits/sec                  
[  5]   7.00-7.13   sec  1.20 KBytes  76.4 Kbits/sec                  
- - - - - - - - - - - - - - - - - - - - - - - - -
[ ID] Interval           Transfer     Bitrate
[  5]   0.00-7.13   sec  24.7 KBytes  28.4 Kbits/sec                  receiver
-----------------------------------------------------------
Server listening on 5003 (test #16)
-----------------------------------------------------------
Accepted connection from 10.42.8.4, port 41616
[  5] local 10.42.6.6 port 5003 connected to 10.42.8.4 port 41624
[ ID] Interval           Transfer     Bitrate
[  5]   0.00-1.00   sec  1.99 KBytes  16.3 Kbits/sec                  
[  5]   1.00-2.00   sec  3.19 KBytes  26.1 Kbits/sec                  
[  5]   2.00-3.00   sec  3.98 KBytes  32.7 Kbits/sec                  
[  5]   3.00-4.00   sec  3.79 KBytes  31.0 Kbits/sec                  
[  5]   4.00-5.00   sec  4.18 KBytes  34.3 Kbits/sec                  
[  5]   5.00-6.00   sec  2.59 KBytes  21.2 Kbits/sec                  
[  5]   6.00-7.00   sec  3.98 KBytes  32.7 Kbits/sec                  
[  5]   7.00-7.15   sec  1.20 KBytes  64.1 Kbits/sec                  
- - - - - - - - - - - - - - - - - - - - - - - - -
[ ID] Interval           Transfer     Bitrate
[  5]   0.00-7.15   sec  24.9 KBytes  28.5 Kbits/sec                  receiver
-----------------------------------------------------------
Server listening on 5004 (test #13)
-----------------------------------------------------------
Accepted connection from 10.42.5.4, port 54090
[  5] local 10.42.6.6 port 5004 connected to 10.42.5.4 port 54092
[ ID] Interval           Transfer     Bitrate
[  5]   0.00-1.00   sec  1.79 KBytes  14.7 Kbits/sec                  
[  5]   1.00-2.00   sec  3.79 KBytes  31.0 Kbits/sec                  
[  5]   2.00-3.00   sec  4.18 KBytes  34.3 Kbits/sec                  
[  5]   3.00-4.00   sec  3.19 KBytes  26.1 Kbits/sec                  
[  5]   4.00-5.00   sec  3.59 KBytes  29.4 Kbits/sec                  
[  5]   5.00-6.00   sec  3.79 KBytes  31.0 Kbits/sec                  
[  5]   6.00-7.00   sec  3.79 KBytes  31.0 Kbits/sec                  
[  5]   7.00-7.27   sec  1.20 KBytes  36.3 Kbits/sec                  
- - - - - - - - - - - - - - - - - - - - - - - - -
[ ID] Interval           Transfer     Bitrate
[  5]   0.00-7.27   sec  25.3 KBytes  28.5 Kbits/sec                  receiver
-----------------------------------------------------------
Server listening on 5002 (test #20)
-----------------------------------------------------------
Accepted connection from 10.42.6.4, port 38192
[  5] local 10.42.6.6 port 5002 connected to 10.42.6.4 port 38198
[ ID] Interval           Transfer     Bitrate
[  5]   0.00-1.00   sec  3.79 KBytes  31.0 Kbits/sec                  
[  5]   1.00-2.00   sec  3.59 KBytes  29.4 Kbits/sec                  
[  5]   2.00-3.00   sec  3.79 KBytes  31.0 Kbits/sec                  
[  5]   3.00-4.00   sec  3.59 KBytes  29.4 Kbits/sec                  
[  5]   4.00-5.00   sec  3.59 KBytes  29.4 Kbits/sec                  
[  5]   5.00-6.00   sec  3.79 KBytes  31.0 Kbits/sec                  
[  5]   6.00-7.00   sec  3.59 KBytes  29.4 Kbits/sec                  
- - - - - - - - - - - - - - - - - - - - - - - - -
[ ID] Interval           Transfer     Bitrate
[  5]   0.00-7.00   sec  25.7 KBytes  30.1 Kbits/sec                  receiver
-----------------------------------------------------------
Server listening on 5005 (test #6)
-----------------------------------------------------------
Accepted connection from 10.42.8.5, port 42476
[  5] local 10.42.6.6 port 5005 connected to 10.42.8.5 port 42480
[ ID] Interval           Transfer     Bitrate
[  5]   0.00-1.00   sec  1.99 KBytes  16.3 Kbits/sec                  
[  5]   1.00-2.00   sec  3.39 KBytes  27.7 Kbits/sec                  
[  5]   2.00-3.00   sec  3.98 KBytes  32.6 Kbits/sec                  
[  5]   3.00-4.00   sec  3.59 KBytes  29.4 Kbits/sec                  
[  5]   4.00-5.00   sec  3.19 KBytes  26.1 Kbits/sec                  
[  5]   5.00-6.00   sec  4.38 KBytes  35.9 Kbits/sec                  
[  5]   6.00-7.00   sec  3.98 KBytes  32.6 Kbits/sec                  
- - - - - - - - - - - - - - - - - - - - - - - - -
[ ID] Interval           Transfer     Bitrate
[  5]   0.00-7.08   sec  24.5 KBytes  28.3 Kbits/sec                  receiver
-----------------------------------------------------------
Server listening on 5003 (test #17)
-----------------------------------------------------------
Accepted connection from 10.42.6.5, port 52022
[  5] local 10.42.6.6 port 5003 connected to 10.42.6.5 port 52036
[ ID] Interval           Transfer     Bitrate
[  5]   0.00-1.00   sec  3.79 KBytes  31.0 Kbits/sec                  
[  5]   1.00-2.00   sec  3.59 KBytes  29.4 Kbits/sec                  
[  5]   2.00-3.00   sec  3.79 KBytes  31.0 Kbits/sec                  
[  5]   3.00-4.00   sec  3.59 KBytes  29.4 Kbits/sec                  
[  5]   4.00-5.00   sec  3.59 KBytes  29.4 Kbits/sec                  
[  5]   5.00-6.00   sec  3.79 KBytes  31.0 Kbits/sec                  
[  5]   6.00-7.00   sec  3.59 KBytes  29.4 Kbits/sec                  
- - - - - - - - - - - - - - - - - - - - - - - - -
[ ID] Interval           Transfer     Bitrate
[  5]   0.00-7.00   sec  25.7 KBytes  30.1 Kbits/sec                  receiver
-----------------------------------------------------------
Server listening on 5002 (test #21)
-----------------------------------------------------------
Accepted connection from 10.42.5.3, port 47622
[  5] local 10.42.6.6 port 5002 connected to 10.42.5.3 port 47626
[ ID] Interval           Transfer     Bitrate
[  5]   0.00-1.00   sec  2.59 KBytes  21.2 Kbits/sec                  
[  5]   1.00-2.00   sec  3.39 KBytes  27.7 Kbits/sec                  
[  5]   2.00-3.00   sec  3.98 KBytes  32.6 Kbits/sec                  
[  5]   3.00-4.00   sec  2.99 KBytes  24.5 Kbits/sec                  
[  5]   4.00-5.00   sec  3.59 KBytes  29.4 Kbits/sec                  
[  5]   5.00-6.00   sec  3.98 KBytes  32.6 Kbits/sec                  
[  5]   6.00-7.00   sec  3.79 KBytes  31.0 Kbits/sec                  
[  5]   7.00-7.28   sec  1.20 KBytes  35.0 Kbits/sec                  
- - - - - - - - - - - - - - - - - - - - - - - - -
[ ID] Interval           Transfer     Bitrate
[  5]   0.00-7.28   sec  25.5 KBytes  28.7 Kbits/sec                  receiver
-----------------------------------------------------------
Server listening on 5003 (test #18)
-----------------------------------------------------------
Accepted connection from 10.42.8.4, port 45756
[  5] local 10.42.6.6 port 5003 connected to 10.42.8.4 port 45758
[ ID] Interval           Transfer     Bitrate
[  5]   0.00-1.00   sec  2.19 KBytes  17.9 Kbits/sec                  
[  5]   1.00-2.00   sec  3.79 KBytes  31.0 Kbits/sec                  
[  5]   2.00-3.00   sec  3.79 KBytes  31.0 Kbits/sec                  
[  5]   3.00-4.00   sec  3.19 KBytes  26.1 Kbits/sec                  
[  5]   4.00-5.00   sec  3.19 KBytes  26.1 Kbits/sec                  
[  5]   5.00-6.00   sec  3.79 KBytes  31.0 Kbits/sec                  
[  5]   6.00-7.00   sec  3.79 KBytes  31.0 Kbits/sec                  
[  5]   7.00-7.23   sec  1.39 KBytes  49.7 Kbits/sec                  
- - - - - - - - - - - - - - - - - - - - - - - - -
[ ID] Interval           Transfer     Bitrate
[  5]   0.00-7.23   sec  25.1 KBytes  28.4 Kbits/sec                  receiver
-----------------------------------------------------------
Server listening on 5002 (test #22)
-----------------------------------------------------------
Accepted connection from 10.42.6.4, port 37092
[  5] local 10.42.6.6 port 5002 connected to 10.42.6.4 port 55686
[ ID] Interval           Transfer     Bitrate
[  5]   0.00-1.00   sec  3.79 KBytes  31.0 Kbits/sec                  
[  5]   1.00-2.00   sec  3.59 KBytes  29.4 Kbits/sec                  
[  5]   2.00-3.00   sec  3.79 KBytes  31.0 Kbits/sec                  
[  5]   3.00-4.00   sec  3.59 KBytes  29.4 Kbits/sec                  
[  5]   4.00-5.00   sec  3.59 KBytes  29.4 Kbits/sec                  
[  5]   5.00-6.00   sec  3.79 KBytes  31.0 Kbits/sec                  
[  5]   6.00-7.00   sec  3.59 KBytes  29.4 Kbits/sec                  
- - - - - - - - - - - - - - - - - - - - - - - - -
[ ID] Interval           Transfer     Bitrate
[  5]   0.00-7.00   sec  25.7 KBytes  30.1 Kbits/sec                  receiver
-----------------------------------------------------------
Server listening on 5004 (test #14)
-----------------------------------------------------------
Accepted connection from 10.42.5.4, port 50850
[  5] local 10.42.6.6 port 5004 connected to 10.42.5.4 port 50864
[ ID] Interval           Transfer     Bitrate
[  5]   0.00-1.00   sec  2.59 KBytes  21.2 Kbits/sec                  
[  5]   1.00-2.00   sec  3.59 KBytes  29.4 Kbits/sec                  
[  5]   2.00-3.00   sec  2.99 KBytes  24.5 Kbits/sec                  
[  5]   3.00-4.00   sec  3.98 KBytes  32.6 Kbits/sec                  
[  5]   4.00-5.00   sec  3.79 KBytes  31.0 Kbits/sec                  
[  5]   5.00-6.00   sec  2.79 KBytes  22.8 Kbits/sec                  
[  5]   6.00-7.00   sec  3.98 KBytes  32.6 Kbits/sec                  
[  5]   7.00-7.12   sec  1.20 KBytes  83.1 Kbits/sec                  
- - - - - - - - - - - - - - - - - - - - - - - - -
[ ID] Interval           Transfer     Bitrate
[  5]   0.00-7.12   sec  24.9 KBytes  28.7 Kbits/sec                  receiver
-----------------------------------------------------------
Server listening on 5003 (test #19)
-----------------------------------------------------------
Accepted connection from 10.42.8.5, port 60564
[  5] local 10.42.6.6 port 5003 connected to 10.42.8.5 port 60572
[ ID] Interval           Transfer     Bitrate
[  5]   0.00-1.00   sec  1.79 KBytes  14.7 Kbits/sec                  
[  5]   1.00-2.00   sec  3.39 KBytes  27.8 Kbits/sec                  
[  5]   2.00-3.00   sec  4.18 KBytes  34.3 Kbits/sec                  
[  5]   3.00-4.00   sec  3.79 KBytes  31.0 Kbits/sec                  
[  5]   4.00-5.00   sec  3.98 KBytes  32.6 Kbits/sec                  
[  5]   5.00-6.00   sec  2.39 KBytes  19.6 Kbits/sec                  
[  5]   6.00-7.00   sec  3.79 KBytes  31.0 Kbits/sec                  
[  5]   7.00-7.22   sec  1.39 KBytes  51.8 Kbits/sec                  
- - - - - - - - - - - - - - - - - - - - - - - - -
[ ID] Interval           Transfer     Bitrate
[  5]   0.00-7.22   sec  24.7 KBytes  28.0 Kbits/sec                  receiver
-----------------------------------------------------------
Server listening on 5005 (test #7)
-----------------------------------------------------------
Accepted connection from 10.42.6.5, port 41128
[  5] local 10.42.6.6 port 5005 connected to 10.42.6.5 port 41140
[ ID] Interval           Transfer     Bitrate
[  5]   0.00-1.00   sec  3.79 KBytes  31.0 Kbits/sec                  
[  5]   1.00-2.00   sec  3.59 KBytes  29.4 Kbits/sec                  
[  5]   2.00-3.00   sec  3.79 KBytes  31.0 Kbits/sec                  
[  5]   3.00-4.00   sec  3.59 KBytes  29.4 Kbits/sec                  
[  5]   4.00-5.00   sec  3.59 KBytes  29.4 Kbits/sec                  
[  5]   5.00-6.00   sec  3.79 KBytes  31.0 Kbits/sec                  
[  5]   6.00-7.00   sec  3.59 KBytes  29.4 Kbits/sec                  
- - - - - - - - - - - - - - - - - - - - - - - - -
[ ID] Interval           Transfer     Bitrate
[  5]   0.00-7.00   sec  25.7 KBytes  30.1 Kbits/sec                  receiver
-----------------------------------------------------------
Server listening on 5002 (test #23)
-----------------------------------------------------------
Accepted connection from 10.42.5.3, port 53886
[  5] local 10.42.6.6 port 5002 connected to 10.42.5.3 port 59188
[ ID] Interval           Transfer     Bitrate
[  5]   0.00-1.00   sec  2.19 KBytes  17.9 Kbits/sec                  
[  5]   1.00-2.00   sec  2.79 KBytes  22.8 Kbits/sec                  
[  5]   2.00-3.00   sec  3.98 KBytes  32.7 Kbits/sec                  
[  5]   3.00-4.00   sec  4.38 KBytes  35.9 Kbits/sec                  
[  5]   4.00-5.00   sec  3.19 KBytes  26.1 Kbits/sec                  
[  5]   5.00-6.00   sec  3.98 KBytes  32.6 Kbits/sec                  
[  5]   6.00-7.00   sec  3.79 KBytes  31.0 Kbits/sec                  
[  5]   7.00-7.33   sec  1.39 KBytes  34.2 Kbits/sec                  
- - - - - - - - - - - - - - - - - - - - - - - - -
[ ID] Interval           Transfer     Bitrate
[  5]   0.00-7.33   sec  25.7 KBytes  28.7 Kbits/sec                  receiver
-----------------------------------------------------------
Server listening on 5003 (test #20)
-----------------------------------------------------------
Accepted connection from 10.42.8.4, port 37820
[  5] local 10.42.6.6 port 5003 connected to 10.42.8.4 port 37836
[ ID] Interval           Transfer     Bitrate
[  5]   0.00-1.00   sec  1.39 KBytes  11.4 Kbits/sec                  
[  5]   1.00-2.00   sec  4.18 KBytes  34.3 Kbits/sec                  
[  5]   2.00-3.00   sec  3.98 KBytes  32.6 Kbits/sec                  
[  5]   3.00-4.00   sec  3.79 KBytes  31.0 Kbits/sec                  
[  5]   4.00-5.00   sec  2.79 KBytes  22.8 Kbits/sec                  
[  5]   5.00-6.00   sec  4.58 KBytes  37.5 Kbits/sec                  
[  5]   6.00-7.00   sec  3.59 KBytes  29.4 Kbits/sec                  
[  5]   7.00-7.33   sec  1.39 KBytes  34.3 Kbits/sec                  
- - - - - - - - - - - - - - - - - - - - - - - - -
[ ID] Interval           Transfer     Bitrate
[  5]   0.00-7.33   sec  25.7 KBytes  28.7 Kbits/sec                  receiver
-----------------------------------------------------------
Server listening on 5002 (test #24)
-----------------------------------------------------------
Accepted connection from 10.42.8.5, port 48614
[  5] local 10.42.6.6 port 5002 connected to 10.42.8.5 port 48626
[ ID] Interval           Transfer     Bitrate
[  5]   0.00-1.00   sec  2.59 KBytes  21.2 Kbits/sec                  
[  5]   1.00-2.00   sec  3.59 KBytes  29.4 Kbits/sec                  
[  5]   2.00-3.00   sec  2.99 KBytes  24.5 Kbits/sec                  
[  5]   3.00-4.00   sec  3.98 KBytes  32.6 Kbits/sec                  
[  5]   4.00-5.00   sec  3.79 KBytes  31.0 Kbits/sec                  
[  5]   5.00-6.00   sec  2.79 KBytes  22.8 Kbits/sec                  
[  5]   6.00-7.00   sec  3.79 KBytes  31.0 Kbits/sec                  
[  5]   7.00-7.27   sec  1.59 KBytes  47.8 Kbits/sec                  
- - - - - - - - - - - - - - - - - - - - - - - - -
[ ID] Interval           Transfer     Bitrate
[  5]   0.00-7.27   sec  25.1 KBytes  28.3 Kbits/sec                  receiver
-----------------------------------------------------------
Server listening on 5003 (test #21)
-----------------------------------------------------------
Accepted connection from 10.42.6.4, port 60578
[  5] local 10.42.6.6 port 5003 connected to 10.42.6.4 port 60588
[ ID] Interval           Transfer     Bitrate
[  5]   0.00-1.00   sec  3.79 KBytes  31.0 Kbits/sec                  
[  5]   1.00-2.00   sec  3.59 KBytes  29.4 Kbits/sec                  
[  5]   2.00-3.00   sec  3.79 KBytes  31.0 Kbits/sec                  
[  5]   3.00-4.00   sec  3.59 KBytes  29.4 Kbits/sec                  
[  5]   4.00-5.00   sec  3.59 KBytes  29.4 Kbits/sec                  
[  5]   5.00-6.00   sec  3.79 KBytes  31.0 Kbits/sec                  
[  5]   6.00-7.00   sec  3.59 KBytes  29.4 Kbits/sec                  
- - - - - - - - - - - - - - - - - - - - - - - - -
[ ID] Interval           Transfer     Bitrate
[  5]   0.00-7.00   sec  25.7 KBytes  30.1 Kbits/sec                  receiver
-----------------------------------------------------------
Server listening on 5004 (test #15)
-----------------------------------------------------------
Accepted connection from 10.42.5.4, port 47814
[  5] local 10.42.6.6 port 5004 connected to 10.42.5.4 port 47818
[ ID] Interval           Transfer     Bitrate
[  5]   0.00-1.00   sec  1.99 KBytes  16.3 Kbits/sec                  
[  5]   1.00-2.00   sec  4.18 KBytes  34.3 Kbits/sec                  
[  5]   2.00-3.00   sec  3.19 KBytes  26.1 Kbits/sec                  
[  5]   3.00-4.00   sec  3.98 KBytes  32.7 Kbits/sec                  
[  5]   4.00-5.00   sec  3.79 KBytes  31.0 Kbits/sec                  
[  5]   5.00-6.00   sec  2.39 KBytes  19.6 Kbits/sec                  
[  5]   6.00-7.00   sec  2.59 KBytes  21.2 Kbits/sec                  
[  5]   7.00-8.00   sec  1.20 KBytes  9.79 Kbits/sec                  
[  5]   8.00-8.50   sec  1.20 KBytes  19.6 Kbits/sec                  
- - - - - - - - - - - - - - - - - - - - - - - - -
[ ID] Interval           Transfer     Bitrate
[  5]   0.00-8.50   sec  24.5 KBytes  23.6 Kbits/sec                  receiver
-----------------------------------------------------------
Server listening on 5002 (test #25)
-----------------------------------------------------------
Accepted connection from 10.42.6.5, port 38918
[  5] local 10.42.6.6 port 5002 connected to 10.42.6.5 port 53960
[ ID] Interval           Transfer     Bitrate
[  5]   0.00-1.00   sec  3.79 KBytes  31.0 Kbits/sec                  
[  5]   1.00-2.00   sec  3.59 KBytes  29.4 Kbits/sec                  
[  5]   2.00-3.00   sec  3.79 KBytes  31.0 Kbits/sec                  
[  5]   3.00-4.00   sec  3.59 KBytes  29.4 Kbits/sec                  
[  5]   4.00-5.00   sec  3.59 KBytes  29.4 Kbits/sec                  
[  5]   5.00-6.00   sec  3.79 KBytes  31.0 Kbits/sec                  
[  5]   6.00-7.00   sec  3.59 KBytes  29.4 Kbits/sec                  
- - - - - - - - - - - - - - - - - - - - - - - - -
[ ID] Interval           Transfer     Bitrate
[  5]   0.00-7.00   sec  25.7 KBytes  30.1 Kbits/sec                  receiver
-----------------------------------------------------------
Server listening on 5003 (test #22)
-----------------------------------------------------------
Accepted connection from 10.42.5.3, port 51320
[  5] local 10.42.6.6 port 5003 connected to 10.42.5.3 port 51326
[ ID] Interval           Transfer     Bitrate
[  5]   0.00-1.00   sec  2.59 KBytes  21.2 Kbits/sec                  
[  5]   1.00-2.00   sec  3.59 KBytes  29.4 Kbits/sec                  
[  5]   2.00-3.00   sec  2.99 KBytes  24.5 Kbits/sec                  
[  5]   3.00-4.00   sec  3.98 KBytes  32.6 Kbits/sec                  
[  5]   4.00-5.00   sec  3.79 KBytes  31.0 Kbits/sec                  
[  5]   5.00-6.00   sec  3.79 KBytes  31.0 Kbits/sec                  
[  5]   6.00-7.00   sec  2.59 KBytes  21.2 Kbits/sec                  
[  5]   7.00-7.20   sec  1.20 KBytes  50.3 Kbits/sec                  
- - - - - - - - - - - - - - - - - - - - - - - - -
[ ID] Interval           Transfer     Bitrate
[  5]   0.00-7.20   sec  24.5 KBytes  27.9 Kbits/sec                  receiver
-----------------------------------------------------------
Server listening on 5004 (test #16)
-----------------------------------------------------------
Accepted connection from 10.42.8.4, port 57000
[  5] local 10.42.6.6 port 5004 connected to 10.42.8.4 port 52972
[ ID] Interval           Transfer     Bitrate
[  5]   0.00-1.00   sec  1.99 KBytes  16.3 Kbits/sec                  
[  5]   1.00-2.00   sec  4.18 KBytes  34.3 Kbits/sec                  
[  5]   2.00-3.00   sec  2.59 KBytes  21.2 Kbits/sec                  
[  5]   3.00-4.00   sec  3.98 KBytes  32.6 Kbits/sec                  
[  5]   4.00-5.00   sec  3.79 KBytes  31.0 Kbits/sec                  
[  5]   5.00-6.00   sec  4.18 KBytes  34.3 Kbits/sec                  
[  5]   6.00-7.00   sec  3.19 KBytes  26.1 Kbits/sec                  
[  5]   7.00-7.26   sec  1.59 KBytes  50.1 Kbits/sec                  
- - - - - - - - - - - - - - - - - - - - - - - - -
[ ID] Interval           Transfer     Bitrate
[  5]   0.00-7.26   sec  25.5 KBytes  28.8 Kbits/sec                  receiver
-----------------------------------------------------------
Server listening on 5002 (test #26)
-----------------------------------------------------------
Accepted connection from 10.42.8.5, port 55296
[  5] local 10.42.6.6 port 5002 connected to 10.42.8.5 port 55312
[ ID] Interval           Transfer     Bitrate
[  5]   0.00-1.00   sec  2.59 KBytes  21.2 Kbits/sec                  
[  5]   1.00-2.00   sec  3.39 KBytes  27.7 Kbits/sec                  
[  5]   2.00-3.00   sec  3.98 KBytes  32.6 Kbits/sec                  
[  5]   3.00-4.00   sec  2.99 KBytes  24.5 Kbits/sec                  
[  5]   4.00-5.00   sec  3.79 KBytes  31.0 Kbits/sec                  
[  5]   5.00-6.00   sec  3.98 KBytes  32.6 Kbits/sec                  
[  5]   6.00-7.00   sec  2.79 KBytes  22.8 Kbits/sec                  
[  5]   7.00-7.08   sec  1.20 KBytes   124 Kbits/sec                  
- - - - - - - - - - - - - - - - - - - - - - - - -
[ ID] Interval           Transfer     Bitrate
[  5]   0.00-7.08   sec  24.7 KBytes  28.6 Kbits/sec                  receiver
-----------------------------------------------------------
Server listening on 5003 (test #23)
-----------------------------------------------------------
Accepted connection from 10.42.6.4, port 57796
[  5] local 10.42.6.6 port 5003 connected to 10.42.6.4 port 57800
[ ID] Interval           Transfer     Bitrate
[  5]   0.00-1.00   sec  3.79 KBytes  31.0 Kbits/sec                  
[  5]   1.00-2.00   sec  3.59 KBytes  29.4 Kbits/sec                  
[  5]   2.00-3.00   sec  3.79 KBytes  31.0 Kbits/sec                  
[  5]   3.00-4.00   sec  3.59 KBytes  29.4 Kbits/sec                  
[  5]   4.00-5.00   sec  3.59 KBytes  29.4 Kbits/sec                  
[  5]   5.00-6.00   sec  3.79 KBytes  31.0 Kbits/sec                  
[  5]   6.00-7.00   sec  3.59 KBytes  29.4 Kbits/sec                  
- - - - - - - - - - - - - - - - - - - - - - - - -
[ ID] Interval           Transfer     Bitrate
[  5]   0.00-7.00   sec  25.7 KBytes  30.1 Kbits/sec                  receiver
-----------------------------------------------------------
Server listening on 5002 (test #27)
-----------------------------------------------------------
Accepted connection from 10.42.5.4, port 59700
[  5] local 10.42.6.6 port 5002 connected to 10.42.5.4 port 59704
[ ID] Interval           Transfer     Bitrate
[  5]   0.00-1.00   sec  2.19 KBytes  17.9 Kbits/sec                  
[  5]   1.00-2.00   sec  3.79 KBytes  31.0 Kbits/sec                  
[  5]   2.00-3.00   sec  3.39 KBytes  27.7 Kbits/sec                  
[  5]   3.00-4.00   sec  3.98 KBytes  32.6 Kbits/sec                  
[  5]   4.00-5.00   sec  3.79 KBytes  31.0 Kbits/sec                  
[  5]   5.00-6.00   sec  2.39 KBytes  19.6 Kbits/sec                  
[  5]   6.00-7.00   sec  3.79 KBytes  31.0 Kbits/sec                  
[  5]   7.00-7.25   sec  1.39 KBytes  46.6 Kbits/sec                  
- - - - - - - - - - - - - - - - - - - - - - - - -
[ ID] Interval           Transfer     Bitrate
[  5]   0.00-7.25   sec  24.7 KBytes  27.9 Kbits/sec                  receiver
