TIME: 1772531184
Connecting to host app-3-server, port 5008
[  5] local 10.42.5.3 port 50132 connected to 10.43.159.230 port 5008
[ ID] Interval           Transfer     Bitrate         Retr  Cwnd
[  5]   0.00-1.00   sec   128 KBytes  1.05 Mbits/sec    0   32.8 KBytes       
[  5]   1.00-2.00   sec  0.00 Bytes  0.00 bits/sec    0   35.5 KBytes       
[  5]   2.00-3.00   sec  0.00 Bytes  0.00 bits/sec    0   38.2 KBytes       
[  5]   3.00-4.00   sec   128 KBytes  1.05 Mbits/sec    0   32.8 KBytes       
[  5]   4.00-5.00   sec  0.00 Bytes  0.00 bits/sec    0   41.0 KBytes       
[  5]   5.00-6.00   sec  0.00 Bytes  0.00 bits/sec    0   54.6 KBytes       
[  5]   6.00-7.00   sec   128 KBytes  1.05 Mbits/sec    0   27.3 KBytes       
[  5]   7.00-8.00   sec  0.00 Bytes  0.00 bits/sec    0   56.0 KBytes       
[  5]   8.00-9.00   sec  0.00 Bytes  0.00 bits/sec    0   84.6 KBytes       
[  5]   9.00-10.00  sec  0.00 Bytes  0.00 bits/sec    0   99.7 KBytes       
- - - - - - - - - - - - - - - - - - - - - - - - -
[ ID] Interval           Transfer     Bitrate         Retr
[  5]   0.00-10.00  sec   384 KBytes   315 Kbits/sec    0             sender
[  5]   0.00-10.25  sec   384 KBytes   307 Kbits/sec                  receiver

iperf Done.
HPING app-3-server (eth0 10.43.159.230): S set, 40 headers + 0 data bytes
