-----------------------------------------------------------
-----------------------------------------------------------
-----------------------------------------------------------
-----------------------------------------------------------
-----------------------------------------------------------
-----------------------------------------------------------
-----------------------------------------------------------
-----------------------------------------------------------
-----------------------------------------------------------
-----------------------------------------------------------
-----------------------------------------------------------
Server listening on 5002 (test #1)
-----------------------------------------------------------
Accepted connection from 10.42.2.3, port 43568
[  5] local 10.42.0.10 port 5002 connected to 10.42.2.3 port 43578
[ ID] Interval           Transfer     Bitrate
[  5]   0.00-1.00   sec  19.7 KBytes   161 Kbits/sec                  
[  5]   1.00-2.00   sec  24.1 KBytes   197 Kbits/sec                  
[  5]   2.00-3.00   sec  25.5 KBytes   209 Kbits/sec                  
[  5]   3.00-4.00   sec  23.7 KBytes   194 Kbits/sec                  
[  5]   4.00-5.00   sec  25.3 KBytes   207 Kbits/sec                  
[  5]   5.00-6.00   sec  23.5 KBytes   193 Kbits/sec                  
[  5]   6.00-7.00   sec  24.9 KBytes   204 Kbits/sec                  
[  5]   7.00-7.11   sec  2.99 KBytes   232 Kbits/sec                  
- - - - - - - - - - - - - - - - - - - - - - - - -
[ ID] Interval           Transfer     Bitrate
[  5]   0.00-7.11   sec   170 KBytes   196 Kbits/sec                  receiver
Server listening on 5003 (test #1)
-----------------------------------------------------------
Accepted connection from 10.42.5.4, port 58512
[  5] local 10.42.0.10 port 5003 connected to 10.42.5.4 port 56432
[ ID] Interval           Transfer     Bitrate
[  5]   0.00-1.00   sec  0.00 Bytes  0.00 bits/sec                  
[  5]   1.00-2.00   sec  4.18 KBytes  34.3 Kbits/sec                  
[  5]   2.00-3.00   sec  24.1 KBytes   197 Kbits/sec                  
[  5]   3.00-4.00   sec  24.5 KBytes   201 Kbits/sec                  
[  5]   4.00-5.00   sec  23.9 KBytes   196 Kbits/sec                  
[  5]   5.00-6.00   sec  24.5 KBytes   201 Kbits/sec                  
[  5]   6.00-7.00   sec  20.5 KBytes   168 Kbits/sec                  
[  5]   7.00-8.00   sec  25.5 KBytes   209 Kbits/sec                  
[  5]   8.00-8.82   sec  22.3 KBytes   224 Kbits/sec                  
- - - - - - - - - - - - - - - - - - - - - - - - -
[ ID] Interval           Transfer     Bitrate
[  5]   0.00-8.82   sec   170 KBytes   157 Kbits/sec                  receiver
Server listening on 5004 (test #1)
-----------------------------------------------------------
Accepted connection from 10.42.8.4, port 35814
[  5] local 10.42.0.10 port 5004 connected to 10.42.8.4 port 35830
[ ID] Interval           Transfer     Bitrate
[  5]   0.00-1.00   sec  6.97 KBytes  57.1 Kbits/sec                  
[  5]   1.00-2.00   sec  15.1 KBytes   124 Kbits/sec                  
[  5]   2.00-3.00   sec  24.9 KBytes   204 Kbits/sec                  
[  5]   3.00-4.00   sec  29.3 KBytes   240 Kbits/sec                  
[  5]   4.00-5.00   sec  27.1 KBytes   222 Kbits/sec                  
[  5]   5.00-6.00   sec  25.3 KBytes   207 Kbits/sec                  
[  5]   6.00-7.00   sec  24.7 KBytes   202 Kbits/sec                  
[  5]   7.00-7.64   sec  16.5 KBytes   210 Kbits/sec                  
- - - - - - - - - - - - - - - - - - - - - - - - -
[ ID] Interval           Transfer     Bitrate
[  5]   0.00-7.64   sec   170 KBytes   182 Kbits/sec                  receiver
-----------------------------------------------------------
Server listening on 5002 (test #2)
-----------------------------------------------------------
Accepted connection from 10.42.2.3, port 39640
[  5] local 10.42.0.10 port 5002 connected to 10.42.2.3 port 39652
[ ID] Interval           Transfer     Bitrate
[  5]   0.00-1.00   sec  21.7 KBytes   178 Kbits/sec                  
[  5]   1.00-2.00   sec  24.7 KBytes   202 Kbits/sec                  
[  5]   2.00-3.00   sec  25.3 KBytes   207 Kbits/sec                  
[  5]   3.00-4.00   sec  23.7 KBytes   194 Kbits/sec                  
[  5]   4.00-5.00   sec  25.3 KBytes   207 Kbits/sec                  
[  5]   5.00-6.00   sec  23.5 KBytes   193 Kbits/sec                  
[  5]   6.00-7.00   sec  25.1 KBytes   206 Kbits/sec                  
[  5]   7.00-7.05   sec  1.39 KBytes   216 Kbits/sec                  
- - - - - - - - - - - - - - - - - - - - - - - - -
[ ID] Interval           Transfer     Bitrate
[  5]   0.00-7.05   sec   171 KBytes   198 Kbits/sec                  receiver
-----------------------------------------------------------
Server listening on 5002 (test #3)
-----------------------------------------------------------
Accepted connection from 10.42.2.3, port 40454
[  5] local 10.42.0.10 port 5002 connected to 10.42.2.3 port 40464
[ ID] Interval           Transfer     Bitrate
[  5]   0.00-1.00   sec  22.3 KBytes   183 Kbits/sec                  
[  5]   1.00-2.00   sec  24.9 KBytes   204 Kbits/sec                  
[  5]   2.00-3.00   sec  23.7 KBytes   194 Kbits/sec                  
[  5]   3.00-4.00   sec  24.9 KBytes   204 Kbits/sec                  
[  5]   4.00-5.00   sec  23.7 KBytes   194 Kbits/sec                  
[  5]   5.00-6.00   sec  24.9 KBytes   204 Kbits/sec                  
[  5]   6.00-7.00   sec  24.9 KBytes   204 Kbits/sec                  
[  5]   7.00-7.06   sec  1.39 KBytes   193 Kbits/sec                  
- - - - - - - - - - - - - - - - - - - - - - - - -
[ ID] Interval           Transfer     Bitrate
[  5]   0.00-7.06   sec   171 KBytes   198 Kbits/sec                  receiver
-----------------------------------------------------------
Server listening on 5003 (test #2)
-----------------------------------------------------------
Accepted connection from 10.42.8.4, port 43882
[  5] local 10.42.0.10 port 5003 connected to 10.42.8.4 port 43892
[ ID] Interval           Transfer     Bitrate
[  5]   0.00-1.00   sec  6.97 KBytes  57.1 Kbits/sec                  
[  5]   1.00-2.00   sec  25.1 KBytes   205 Kbits/sec                  
[  5]   2.00-3.00   sec  23.1 KBytes   189 Kbits/sec                  
[  5]   3.00-4.00   sec  24.7 KBytes   202 Kbits/sec                  
[  5]   4.00-5.00   sec  25.1 KBytes   206 Kbits/sec                  
[  5]   5.00-6.00   sec  24.7 KBytes   202 Kbits/sec                  
[  5]   6.00-7.00   sec  23.7 KBytes   194 Kbits/sec                  
[  5]   7.00-7.64   sec  16.5 KBytes   210 Kbits/sec                  
- - - - - - - - - - - - - - - - - - - - - - - - -
[ ID] Interval           Transfer     Bitrate
[  5]   0.00-7.64   sec   170 KBytes   182 Kbits/sec                  receiver
-----------------------------------------------------------
Server listening on 5004 (test #2)
-----------------------------------------------------------
Accepted connection from 10.42.5.4, port 41438
[  5] local 10.42.0.10 port 5004 connected to 10.42.5.4 port 41450
[ ID] Interval           Transfer     Bitrate
[  5]   0.00-1.00   sec  6.97 KBytes  57.1 Kbits/sec                  
[  5]   1.00-2.00   sec  24.5 KBytes   201 Kbits/sec                  
[  5]   2.00-3.00   sec  25.5 KBytes   209 Kbits/sec                  
[  5]   3.00-4.00   sec  24.5 KBytes   201 Kbits/sec                  
[  5]   4.00-5.00   sec  23.9 KBytes   196 Kbits/sec                  
[  5]   5.00-6.00   sec  23.7 KBytes   194 Kbits/sec                  
[  5]   6.00-7.00   sec  24.5 KBytes   201 Kbits/sec                  
[  5]   7.00-7.62   sec  16.3 KBytes   214 Kbits/sec                  
- - - - - - - - - - - - - - - - - - - - - - - - -
[ ID] Interval           Transfer     Bitrate
[  5]   0.00-7.62   sec   170 KBytes   183 Kbits/sec                  receiver
-----------------------------------------------------------
Server listening on 5002 (test #4)
-----------------------------------------------------------
Accepted connection from 10.42.2.3, port 46074
[  5] local 10.42.0.10 port 5002 connected to 10.42.2.3 port 46086
[ ID] Interval           Transfer     Bitrate
[  5]   0.00-1.00   sec  22.3 KBytes   183 Kbits/sec                  
[  5]   1.00-2.00   sec  23.7 KBytes   194 Kbits/sec                  
[  5]   2.00-3.00   sec  25.3 KBytes   207 Kbits/sec                  
[  5]   3.00-4.00   sec  24.7 KBytes   202 Kbits/sec                  
[  5]   4.00-5.00   sec  23.9 KBytes   196 Kbits/sec                  
[  5]   5.00-6.00   sec  24.9 KBytes   204 Kbits/sec                  
[  5]   6.00-7.00   sec  23.5 KBytes   193 Kbits/sec                  
[  5]   7.00-7.02   sec  1.39 KBytes   602 Kbits/sec                  
- - - - - - - - - - - - - - - - - - - - - - - - -
[ ID] Interval           Transfer     Bitrate
[  5]   0.00-7.02   sec   170 KBytes   198 Kbits/sec                  receiver
-----------------------------------------------------------
Server listening on 5002 (test #5)
-----------------------------------------------------------
Accepted connection from 10.42.8.4, port 46878
[  5] local 10.42.0.10 port 5002 connected to 10.42.8.4 port 46884
[ ID] Interval           Transfer     Bitrate
[  5]   0.00-1.00   sec  6.97 KBytes  57.1 Kbits/sec                  
[  5]   1.00-2.00   sec  24.5 KBytes   201 Kbits/sec                  
[  5]   2.00-3.00   sec  24.5 KBytes   201 Kbits/sec                  
[  5]   3.00-4.00   sec  24.9 KBytes   204 Kbits/sec                  
[  5]   4.00-5.00   sec  23.3 KBytes   191 Kbits/sec                  
[  5]   5.00-6.00   sec  24.7 KBytes   202 Kbits/sec                  
[  5]   6.00-7.00   sec  24.9 KBytes   204 Kbits/sec                  
[  5]   7.00-7.66   sec  16.5 KBytes   205 Kbits/sec                  
- - - - - - - - - - - - - - - - - - - - - - - - -
[ ID] Interval           Transfer     Bitrate
[  5]   0.00-7.66   sec   170 KBytes   182 Kbits/sec                  receiver
-----------------------------------------------------------
Server listening on 5003 (test #3)
-----------------------------------------------------------
Accepted connection from 10.42.5.4, port 53338
[  5] local 10.42.0.10 port 5003 connected to 10.42.5.4 port 53348
[ ID] Interval           Transfer     Bitrate
[  5]   0.00-1.00   sec  5.58 KBytes  45.6 Kbits/sec                  
[  5]   1.00-2.00   sec  24.3 KBytes   199 Kbits/sec                  
[  5]   2.00-3.00   sec  23.7 KBytes   194 Kbits/sec                  
[  5]   3.00-4.00   sec  24.5 KBytes   201 Kbits/sec                  
[  5]   4.00-5.00   sec  24.1 KBytes   197 Kbits/sec                  
[  5]   5.00-6.00   sec  24.9 KBytes   204 Kbits/sec                  
[  5]   6.00-7.00   sec  24.5 KBytes   201 Kbits/sec                  
[  5]   7.00-7.74   sec  18.7 KBytes   207 Kbits/sec                  
- - - - - - - - - - - - - - - - - - - - - - - - -
[ ID] Interval           Transfer     Bitrate
[  5]   0.00-7.74   sec   170 KBytes   180 Kbits/sec                  receiver
-----------------------------------------------------------
Server listening on 5002 (test #6)
-----------------------------------------------------------
Accepted connection from 10.42.2.3, port 56542
[  5] local 10.42.0.10 port 5002 connected to 10.42.2.3 port 56552
[ ID] Interval           Transfer     Bitrate
[  5]   0.00-1.00   sec  21.9 KBytes   179 Kbits/sec                  
[  5]   1.00-2.00   sec  24.9 KBytes   204 Kbits/sec                  
[  5]   2.00-3.00   sec  23.3 KBytes   191 Kbits/sec                  
[  5]   3.00-4.00   sec  25.1 KBytes   206 Kbits/sec                  
[  5]   4.00-5.00   sec  24.5 KBytes   201 Kbits/sec                  
[  5]   5.00-6.00   sec  24.9 KBytes   204 Kbits/sec                  
[  5]   6.00-7.00   sec  23.7 KBytes   194 Kbits/sec                  
[  5]   7.00-7.02   sec  1.39 KBytes   579 Kbits/sec                  
- - - - - - - - - - - - - - - - - - - - - - - - -
[ ID] Interval           Transfer     Bitrate
[  5]   0.00-7.02   sec   170 KBytes   198 Kbits/sec                  receiver
-----------------------------------------------------------
Server listening on 5002 (test #7)
-----------------------------------------------------------
Accepted connection from 10.42.8.4, port 38926
[  5] local 10.42.0.10 port 5002 connected to 10.42.8.4 port 60012
[ ID] Interval           Transfer     Bitrate
[  5]   0.00-1.00   sec  6.97 KBytes  57.1 Kbits/sec                  
[  5]   1.00-2.00   sec  24.5 KBytes   201 Kbits/sec                  
[  5]   2.00-3.00   sec  24.5 KBytes   201 Kbits/sec                  
[  5]   3.00-4.00   sec  25.1 KBytes   206 Kbits/sec                  
[  5]   4.00-5.00   sec  23.3 KBytes   191 Kbits/sec                  
[  5]   5.00-6.00   sec  24.9 KBytes   204 Kbits/sec                  
[  5]   6.00-7.00   sec  23.9 KBytes   196 Kbits/sec                  
[  5]   7.00-7.63   sec  16.3 KBytes   213 Kbits/sec                  
- - - - - - - - - - - - - - - - - - - - - - - - -
[ ID] Interval           Transfer     Bitrate
[  5]   0.00-7.63   sec   170 KBytes   182 Kbits/sec                  receiver
-----------------------------------------------------------
Server listening on 5003 (test #4)
-----------------------------------------------------------
Accepted connection from 10.42.2.3, port 56938
[  5] local 10.42.0.10 port 5003 connected to 10.42.2.3 port 56942
[ ID] Interval           Transfer     Bitrate
[  5]   0.00-1.00   sec  22.7 KBytes   186 Kbits/sec                  
[  5]   1.00-2.00   sec  24.1 KBytes   197 Kbits/sec                  
[  5]   2.00-3.00   sec  24.9 KBytes   204 Kbits/sec                  
[  5]   3.00-4.00   sec  23.3 KBytes   191 Kbits/sec                  
[  5]   4.00-5.00   sec  24.9 KBytes   204 Kbits/sec                  
[  5]   5.00-6.00   sec  25.1 KBytes   206 Kbits/sec                  
[  5]   6.00-7.00   sec  24.1 KBytes   197 Kbits/sec                  
[  5]   7.00-7.05   sec  1.59 KBytes   263 Kbits/sec                  
- - - - - - - - - - - - - - - - - - - - - - - - -
[ ID] Interval           Transfer     Bitrate
[  5]   0.00-7.05   sec   171 KBytes   198 Kbits/sec                  receiver
-----------------------------------------------------------
Server listening on 5002 (test #8)
-----------------------------------------------------------
Accepted connection from 10.42.5.4, port 39494
[  5] local 10.42.0.10 port 5002 connected to 10.42.5.4 port 39500
[ ID] Interval           Transfer     Bitrate
[  5]   0.00-1.00   sec  6.97 KBytes  57.1 Kbits/sec                  
[  5]   1.00-2.00   sec  25.3 KBytes   207 Kbits/sec                  
[  5]   2.00-3.00   sec  24.5 KBytes   201 Kbits/sec                  
[  5]   3.00-4.00   sec  23.7 KBytes   194 Kbits/sec                  
[  5]   4.00-5.00   sec  24.1 KBytes   198 Kbits/sec                  
[  5]   5.00-6.00   sec  25.3 KBytes   207 Kbits/sec                  
[  5]   6.00-7.00   sec  24.1 KBytes   197 Kbits/sec                  
[  5]   7.00-7.62   sec  15.7 KBytes   210 Kbits/sec                  
- - - - - - - - - - - - - - - - - - - - - - - - -
[ ID] Interval           Transfer     Bitrate
[  5]   0.00-7.62   sec   170 KBytes   183 Kbits/sec                  receiver
-----------------------------------------------------------
Server listening on 5003 (test #5)
-----------------------------------------------------------
Accepted connection from 10.42.8.4, port 57758
[  5] local 10.42.0.10 port 5003 connected to 10.42.8.4 port 57762
[ ID] Interval           Transfer     Bitrate
[  5]   0.00-1.00   sec  6.97 KBytes  57.1 Kbits/sec                  
[  5]   1.00-2.00   sec  24.5 KBytes   201 Kbits/sec                  
[  5]   2.00-3.00   sec  24.5 KBytes   201 Kbits/sec                  
[  5]   3.00-4.00   sec  24.9 KBytes   204 Kbits/sec                  
[  5]   4.00-5.00   sec  23.3 KBytes   191 Kbits/sec                  
[  5]   5.00-6.00   sec  24.7 KBytes   202 Kbits/sec                  
[  5]   6.00-7.00   sec  24.5 KBytes   201 Kbits/sec                  
[  5]   7.00-7.66   sec  16.7 KBytes   207 Kbits/sec                  
- - - - - - - - - - - - - - - - - - - - - - - - -
[ ID] Interval           Transfer     Bitrate
[  5]   0.00-7.66   sec   170 KBytes   182 Kbits/sec                  receiver
-----------------------------------------------------------
Server listening on 5002 (test #9)
-----------------------------------------------------------
Accepted connection from 10.42.2.3, port 59194
[  5] local 10.42.0.10 port 5002 connected to 10.42.2.3 port 59208
[ ID] Interval           Transfer     Bitrate
[  5]   0.00-1.00   sec  22.7 KBytes   186 Kbits/sec                  
[  5]   1.00-2.00   sec  23.5 KBytes   193 Kbits/sec                  
[  5]   2.00-3.00   sec  25.1 KBytes   206 Kbits/sec                  
[  5]   3.00-4.00   sec  24.7 KBytes   202 Kbits/sec                  
[  5]   4.00-5.00   sec  23.7 KBytes   194 Kbits/sec                  
[  5]   5.00-6.00   sec  24.9 KBytes   204 Kbits/sec                  
[  5]   6.00-7.00   sec  24.7 KBytes   202 Kbits/sec                  
[  5]   7.00-7.09   sec  1.59 KBytes   142 Kbits/sec                  
- - - - - - - - - - - - - - - - - - - - - - - - -
[ ID] Interval           Transfer     Bitrate
[  5]   0.00-7.09   sec   171 KBytes   197 Kbits/sec                  receiver
-----------------------------------------------------------
Server listening on 5002 (test #10)
-----------------------------------------------------------
Accepted connection from 10.42.5.4, port 59554
[  5] local 10.42.0.10 port 5002 connected to 10.42.5.4 port 59566
[ ID] Interval           Transfer     Bitrate
[  5]   0.00-1.00   sec  6.97 KBytes  57.1 Kbits/sec                  
[  5]   1.00-2.00   sec  23.7 KBytes   194 Kbits/sec                  
[  5]   2.00-3.00   sec  24.9 KBytes   204 Kbits/sec                  
[  5]   3.00-4.00   sec  23.9 KBytes   196 Kbits/sec                  
[  5]   4.00-5.00   sec  24.1 KBytes   197 Kbits/sec                  
[  5]   5.00-6.00   sec  25.1 KBytes   206 Kbits/sec                  
[  5]   6.00-7.00   sec  24.5 KBytes   201 Kbits/sec                  
[  5]   7.00-7.66   sec  16.3 KBytes   204 Kbits/sec                  
- - - - - - - - - - - - - - - - - - - - - - - - -
[ ID] Interval           Transfer     Bitrate
[  5]   0.00-7.66   sec   170 KBytes   181 Kbits/sec                  receiver
-----------------------------------------------------------
Server listening on 5004 (test #3)
-----------------------------------------------------------
Accepted connection from 10.42.2.3, port 59592
[  5] local 10.42.0.10 port 5004 connected to 10.42.2.3 port 59604
[ ID] Interval           Transfer     Bitrate
[  5]   0.00-1.00   sec  22.3 KBytes   183 Kbits/sec                  
[  5]   1.00-2.00   sec  23.9 KBytes   196 Kbits/sec                  
[  5]   2.00-3.00   sec  23.9 KBytes   196 Kbits/sec                  
[  5]   3.00-4.00   sec  25.1 KBytes   206 Kbits/sec                  
[  5]   4.00-5.00   sec  24.3 KBytes   199 Kbits/sec                  
[  5]   5.00-6.00   sec  24.5 KBytes   201 Kbits/sec                  
[  5]   6.00-7.00   sec  24.7 KBytes   202 Kbits/sec                  
[  5]   7.00-7.03   sec  1.39 KBytes   386 Kbits/sec                  
- - - - - - - - - - - - - - - - - - - - - - - - -
[ ID] Interval           Transfer     Bitrate
[  5]   0.00-7.03   sec   170 KBytes   198 Kbits/sec                  receiver
-----------------------------------------------------------
Server listening on 5003 (test #6)
-----------------------------------------------------------
Accepted connection from 10.42.8.4, port 35300
[  5] local 10.42.0.10 port 5003 connected to 10.42.8.4 port 35308
[ ID] Interval           Transfer     Bitrate
[  5]   0.00-1.00   sec  6.97 KBytes  57.1 Kbits/sec                  
[  5]   1.00-2.00   sec  23.9 KBytes   196 Kbits/sec                  
[  5]   2.00-3.00   sec  25.1 KBytes   206 Kbits/sec                  
[  5]   3.00-4.00   sec  23.3 KBytes   191 Kbits/sec                  
[  5]   4.00-5.00   sec  25.7 KBytes   211 Kbits/sec                  
[  5]   5.00-6.00   sec  24.7 KBytes   202 Kbits/sec                  
[  5]   6.00-7.00   sec  23.7 KBytes   194 Kbits/sec                  
[  5]   7.00-7.67   sec  17.1 KBytes   210 Kbits/sec                  
- - - - - - - - - - - - - - - - - - - - - - - - -
[ ID] Interval           Transfer     Bitrate
[  5]   0.00-7.67   sec   171 KBytes   182 Kbits/sec                  receiver
-----------------------------------------------------------
Server listening on 5002 (test #11)
-----------------------------------------------------------
Accepted connection from 10.42.2.3, port 42482
[  5] local 10.42.0.10 port 5002 connected to 10.42.2.3 port 42496
[ ID] Interval           Transfer     Bitrate
[  5]   0.00-1.00   sec  22.3 KBytes   183 Kbits/sec                  
[  5]   1.00-2.00   sec  24.9 KBytes   204 Kbits/sec                  
[  5]   2.00-3.00   sec  23.3 KBytes   191 Kbits/sec                  
[  5]   3.00-4.00   sec  25.3 KBytes   207 Kbits/sec                  
[  5]   4.00-5.00   sec  24.9 KBytes   204 Kbits/sec                  
[  5]   5.00-6.00   sec  22.7 KBytes   186 Kbits/sec                  
[  5]   6.00-7.00   sec  25.3 KBytes   207 Kbits/sec                  
[  5]   7.00-7.05   sec  1.39 KBytes   214 Kbits/sec                  
- - - - - - - - - - - - - - - - - - - - - - - - -
[ ID] Interval           Transfer     Bitrate
[  5]   0.00-7.05   sec   170 KBytes   198 Kbits/sec                  receiver
-----------------------------------------------------------
Server listening on 5003 (test #7)
-----------------------------------------------------------
Accepted connection from 10.42.5.4, port 49906
[  5] local 10.42.0.10 port 5003 connected to 10.42.5.4 port 49908
[ ID] Interval           Transfer     Bitrate
[  5]   0.00-1.00   sec  6.97 KBytes  57.1 Kbits/sec                  
[  5]   1.00-2.00   sec  24.3 KBytes   199 Kbits/sec                  
[  5]   2.00-3.00   sec  24.9 KBytes   204 Kbits/sec                  
[  5]   3.00-4.00   sec  24.9 KBytes   204 Kbits/sec                  
[  5]   4.00-5.00   sec  24.1 KBytes   197 Kbits/sec                  
[  5]   5.00-6.00   sec  24.1 KBytes   197 Kbits/sec                  
[  5]   6.00-7.00   sec  24.7 KBytes   202 Kbits/sec                  
[  5]   7.00-7.65   sec  15.9 KBytes   200 Kbits/sec                  
- - - - - - - - - - - - - - - - - - - - - - - - -
[ ID] Interval           Transfer     Bitrate
[  5]   0.00-7.65   sec   170 KBytes   182 Kbits/sec                  receiver
-----------------------------------------------------------
Server listening on 5004 (test #4)
-----------------------------------------------------------
Accepted connection from 10.42.8.4, port 47254
[  5] local 10.42.0.10 port 5004 connected to 10.42.8.4 port 47268
[ ID] Interval           Transfer     Bitrate
[  5]   0.00-1.00   sec  6.97 KBytes  57.1 Kbits/sec                  
[  5]   1.00-2.00   sec  24.9 KBytes   204 Kbits/sec                  
[  5]   2.00-3.00   sec  23.7 KBytes   194 Kbits/sec                  
[  5]   3.00-4.00   sec  21.9 KBytes   180 Kbits/sec                  
[  5]   4.00-5.00   sec  16.3 KBytes   134 Kbits/sec                  
[  5]   5.00-6.00   sec  34.7 KBytes   284 Kbits/sec                  
[  5]   6.00-7.00   sec  24.3 KBytes   199 Kbits/sec                  
[  5]   7.00-7.70   sec  17.9 KBytes   210 Kbits/sec                  
- - - - - - - - - - - - - - - - - - - - - - - - -
[ ID] Interval           Transfer     Bitrate
[  5]   0.00-7.70   sec   171 KBytes   182 Kbits/sec                  receiver
-----------------------------------------------------------
Server listening on 5002 (test #12)
-----------------------------------------------------------
Accepted connection from 10.42.2.3, port 49222
[  5] local 10.42.0.10 port 5002 connected to 10.42.2.3 port 49232
[ ID] Interval           Transfer     Bitrate
[  5]   0.00-1.00   sec  21.3 KBytes   175 Kbits/sec                  
[  5]   1.00-2.00   sec  24.9 KBytes   204 Kbits/sec                  
[  5]   2.00-3.00   sec  25.1 KBytes   206 Kbits/sec                  
[  5]   3.00-4.00   sec  23.7 KBytes   194 Kbits/sec                  
[  5]   4.00-5.00   sec  25.5 KBytes   209 Kbits/sec                  
[  5]   5.00-6.00   sec  23.9 KBytes   196 Kbits/sec                  
[  5]   6.00-7.00   sec  23.7 KBytes   194 Kbits/sec                  
[  5]   7.00-7.02   sec  1.59 KBytes   669 Kbits/sec                  
- - - - - - - - - - - - - - - - - - - - - - - - -
[ ID] Interval           Transfer     Bitrate
[  5]   0.00-7.02   sec   170 KBytes   198 Kbits/sec                  receiver
-----------------------------------------------------------
Server listening on 5002 (test #13)
-----------------------------------------------------------
Accepted connection from 10.42.5.4, port 52992
[  5] local 10.42.0.10 port 5002 connected to 10.42.5.4 port 52998
[ ID] Interval           Transfer     Bitrate
[  5]   0.00-1.00   sec  6.97 KBytes  57.1 Kbits/sec                  
[  5]   1.00-2.00   sec  24.5 KBytes   201 Kbits/sec                  
[  5]   2.00-3.00   sec  24.3 KBytes   199 Kbits/sec                  
[  5]   3.00-4.00   sec  24.5 KBytes   201 Kbits/sec                  
[  5]   4.00-5.00   sec  24.3 KBytes   199 Kbits/sec                  
[  5]   5.00-6.00   sec  24.7 KBytes   202 Kbits/sec                  
[  5]   6.00-7.00   sec  23.7 KBytes   194 Kbits/sec                  
[  5]   7.00-7.64   sec  17.1 KBytes   219 Kbits/sec                  
- - - - - - - - - - - - - - - - - - - - - - - - -
[ ID] Interval           Transfer     Bitrate
[  5]   0.00-7.64   sec   170 KBytes   182 Kbits/sec                  receiver
-----------------------------------------------------------
Server listening on 5003 (test #8)
-----------------------------------------------------------
Accepted connection from 10.42.2.3, port 34812
[  5] local 10.42.0.10 port 5003 connected to 10.42.2.3 port 34826
[ ID] Interval           Transfer     Bitrate
[  5]   0.00-1.00   sec  21.7 KBytes   178 Kbits/sec                  
[  5]   1.00-2.00   sec  24.5 KBytes   201 Kbits/sec                  
[  5]   2.00-3.00   sec  24.9 KBytes   204 Kbits/sec                  
[  5]   3.00-4.00   sec  24.9 KBytes   204 Kbits/sec                  
[  5]   4.00-5.00   sec  23.5 KBytes   193 Kbits/sec                  
[  5]   5.00-6.00   sec  25.3 KBytes   207 Kbits/sec                  
[  5]   6.00-7.00   sec  23.5 KBytes   193 Kbits/sec                  
[  5]   7.00-7.02   sec  1.39 KBytes   596 Kbits/sec                  
- - - - - - - - - - - - - - - - - - - - - - - - -
[ ID] Interval           Transfer     Bitrate
[  5]   0.00-7.02   sec   170 KBytes   198 Kbits/sec                  receiver
-----------------------------------------------------------
Server listening on 5004 (test #5)
-----------------------------------------------------------
Accepted connection from 10.42.8.4, port 40464
[  5] local 10.42.0.10 port 5004 connected to 10.42.8.4 port 40472
[ ID] Interval           Transfer     Bitrate
[  5]   0.00-1.00   sec  2.79 KBytes  22.8 Kbits/sec                  
[  5]   1.00-2.00   sec  11.8 KBytes  96.3 Kbits/sec                  
[  5]   2.00-3.00   sec  2.59 KBytes  21.2 Kbits/sec                  
[  5]   3.00-4.00   sec  41.0 KBytes   336 Kbits/sec                  
[  5]   4.00-5.00   sec  6.77 KBytes  55.5 Kbits/sec                  
[  5]   5.00-6.00   sec  51.8 KBytes   424 Kbits/sec                  
[  5]   6.00-7.00   sec  29.9 KBytes   245 Kbits/sec                  
[  5]   7.00-7.80   sec  23.1 KBytes   237 Kbits/sec                  
- - - - - - - - - - - - - - - - - - - - - - - - -
[ ID] Interval           Transfer     Bitrate
[  5]   0.00-7.80   sec   170 KBytes   178 Kbits/sec                  receiver
-----------------------------------------------------------
Server listening on 5002 (test #14)
-----------------------------------------------------------
Accepted connection from 10.42.2.3, port 57954
[  5] local 10.42.0.10 port 5002 connected to 10.42.2.3 port 57956
[ ID] Interval           Transfer     Bitrate
[  5]   0.00-1.00   sec  22.3 KBytes   183 Kbits/sec                  
[  5]   1.00-2.00   sec  24.9 KBytes   204 Kbits/sec                  
[  5]   2.00-3.00   sec  23.9 KBytes   196 Kbits/sec                  
[  5]   3.00-4.00   sec  24.9 KBytes   204 Kbits/sec                  
[  5]   4.00-5.00   sec  23.9 KBytes   196 Kbits/sec                  
[  5]   5.00-6.00   sec  24.9 KBytes   204 Kbits/sec                  
[  5]   6.00-7.00   sec  23.5 KBytes   193 Kbits/sec                  
[  5]   7.00-7.02   sec  1.39 KBytes   566 Kbits/sec                  
- - - - - - - - - - - - - - - - - - - - - - - - -
[ ID] Interval           Transfer     Bitrate
[  5]   0.00-7.02   sec   170 KBytes   198 Kbits/sec                  receiver
-----------------------------------------------------------
Server listening on 5003 (test #9)
-----------------------------------------------------------
Accepted connection from 10.42.5.4, port 48994
[  5] local 10.42.0.10 port 5003 connected to 10.42.5.4 port 48996
[ ID] Interval           Transfer     Bitrate
[  5]   0.00-1.00   sec  6.97 KBytes  57.1 Kbits/sec                  
[  5]   1.00-2.00   sec  24.5 KBytes   201 Kbits/sec                  
[  5]   2.00-3.00   sec  25.5 KBytes   209 Kbits/sec                  
[  5]   3.00-4.00   sec  23.3 KBytes   191 Kbits/sec                  
[  5]   4.00-5.00   sec  25.3 KBytes   207 Kbits/sec                  
[  5]   5.00-6.00   sec  24.7 KBytes   202 Kbits/sec                  
[  5]   6.00-7.00   sec  23.9 KBytes   196 Kbits/sec                  
[  5]   7.00-7.63   sec  15.7 KBytes   206 Kbits/sec                  
- - - - - - - - - - - - - - - - - - - - - - - - -
[ ID] Interval           Transfer     Bitrate
[  5]   0.00-7.63   sec   170 KBytes   183 Kbits/sec                  receiver
-----------------------------------------------------------
Server listening on 5002 (test #15)
-----------------------------------------------------------
Accepted connection from 10.42.8.4, port 45362
[  5] local 10.42.0.10 port 5002 connected to 10.42.8.4 port 46834
[ ID] Interval           Transfer     Bitrate
[  5]   0.00-1.00   sec  6.97 KBytes  57.1 Kbits/sec                  
[  5]   1.00-2.00   sec  24.5 KBytes   201 Kbits/sec                  
[  5]   2.00-3.00   sec  24.5 KBytes   201 Kbits/sec                  
[  5]   3.00-4.00   sec  24.9 KBytes   204 Kbits/sec                  
[  5]   4.00-5.00   sec  23.3 KBytes   191 Kbits/sec                  
[  5]   5.00-6.00   sec  24.9 KBytes   204 Kbits/sec                  
[  5]   6.00-7.00   sec  23.9 KBytes   196 Kbits/sec                  
[  5]   7.00-7.65   sec  16.7 KBytes   213 Kbits/sec                  
- - - - - - - - - - - - - - - - - - - - - - - - -
[ ID] Interval           Transfer     Bitrate
[  5]   0.00-7.65   sec   170 KBytes   182 Kbits/sec                  receiver
-----------------------------------------------------------
Server listening on 5003 (test #10)
-----------------------------------------------------------
Accepted connection from 10.42.2.3, port 33988
[  5] local 10.42.0.10 port 5003 connected to 10.42.2.3 port 34002
[ ID] Interval           Transfer     Bitrate
[  5]   0.00-1.00   sec  22.7 KBytes   186 Kbits/sec                  
[  5]   1.00-2.00   sec  24.1 KBytes   197 Kbits/sec                  
[  5]   2.00-3.00   sec  23.7 KBytes   194 Kbits/sec                  
[  5]   3.00-4.00   sec  25.5 KBytes   209 Kbits/sec                  
[  5]   4.00-5.00   sec  24.1 KBytes   198 Kbits/sec                  
[  5]   5.00-6.00   sec  23.7 KBytes   194 Kbits/sec                  
[  5]   6.00-7.00   sec  24.9 KBytes   204 Kbits/sec                  
[  5]   7.00-7.03   sec  1.39 KBytes   382 Kbits/sec                  
- - - - - - - - - - - - - - - - - - - - - - - - -
[ ID] Interval           Transfer     Bitrate
[  5]   0.00-7.03   sec   170 KBytes   198 Kbits/sec                  receiver
-----------------------------------------------------------
Server listening on 5002 (test #16)
-----------------------------------------------------------
Accepted connection from 10.42.5.4, port 55190
[  5] local 10.42.0.10 port 5002 connected to 10.42.5.4 port 47820
[ ID] Interval           Transfer     Bitrate
[  5]   0.00-1.00   sec  5.58 KBytes  45.6 Kbits/sec                  
[  5]   1.00-2.00   sec  23.7 KBytes   194 Kbits/sec                  
[  5]   2.00-3.00   sec  25.3 KBytes   207 Kbits/sec                  
[  5]   3.00-4.00   sec  24.5 KBytes   201 Kbits/sec                  
[  5]   4.00-5.00   sec  23.9 KBytes   196 Kbits/sec                  
[  5]   5.00-6.00   sec  24.9 KBytes   204 Kbits/sec                  
[  5]   6.00-7.00   sec  23.9 KBytes   196 Kbits/sec                  
[  5]   7.00-7.73   sec  18.5 KBytes   207 Kbits/sec                  
- - - - - - - - - - - - - - - - - - - - - - - - -
[ ID] Interval           Transfer     Bitrate
[  5]   0.00-7.73   sec   170 KBytes   180 Kbits/sec                  receiver
-----------------------------------------------------------
Server listening on 5003 (test #11)
-----------------------------------------------------------
Accepted connection from 10.42.2.3, port 45420
[  5] local 10.42.0.10 port 5003 connected to 10.42.2.3 port 45422
[ ID] Interval           Transfer     Bitrate
[  5]   0.00-1.00   sec  22.3 KBytes   183 Kbits/sec                  
[  5]   1.00-2.00   sec  24.9 KBytes   204 Kbits/sec                  
[  5]   2.00-3.00   sec  23.3 KBytes   191 Kbits/sec                  
[  5]   3.00-4.00   sec  25.3 KBytes   207 Kbits/sec                  
[  5]   4.00-5.00   sec  23.7 KBytes   194 Kbits/sec                  
[  5]   5.00-6.00   sec  24.9 KBytes   204 Kbits/sec                  
[  5]   6.00-7.00   sec  24.9 KBytes   204 Kbits/sec                  
[  5]   7.00-7.05   sec  1.39 KBytes   215 Kbits/sec                  
- - - - - - - - - - - - - - - - - - - - - - - - -
[ ID] Interval           Transfer     Bitrate
[  5]   0.00-7.05   sec   171 KBytes   198 Kbits/sec                  receiver
-----------------------------------------------------------
Server listening on 5004 (test #6)
-----------------------------------------------------------
Accepted connection from 10.42.8.4, port 51168
[  5] local 10.42.0.10 port 5004 connected to 10.42.8.4 port 51184
[ ID] Interval           Transfer     Bitrate
[  5]   0.00-1.00   sec  6.97 KBytes  57.1 Kbits/sec                  
[  5]   1.00-2.00   sec  24.5 KBytes   201 Kbits/sec                  
[  5]   2.00-3.00   sec  24.5 KBytes   201 Kbits/sec                  
[  5]   3.00-4.00   sec  24.9 KBytes   204 Kbits/sec                  
[  5]   4.00-5.00   sec  23.3 KBytes   191 Kbits/sec                  
[  5]   5.00-6.00   sec  24.7 KBytes   202 Kbits/sec                  
[  5]   6.00-7.00   sec  24.9 KBytes   204 Kbits/sec                  
[  5]   7.00-7.66   sec  16.5 KBytes   204 Kbits/sec                  
- - - - - - - - - - - - - - - - - - - - - - - - -
[ ID] Interval           Transfer     Bitrate
[  5]   0.00-7.66   sec   170 KBytes   182 Kbits/sec                  receiver
-----------------------------------------------------------
Server listening on 5002 (test #17)
-----------------------------------------------------------
Accepted connection from 10.42.5.4, port 38356
[  5] local 10.42.0.10 port 5002 connected to 10.42.5.4 port 38366
[ ID] Interval           Transfer     Bitrate
[  5]   0.00-1.00   sec  6.97 KBytes  57.1 Kbits/sec                  
[  5]   1.00-2.00   sec  24.7 KBytes   202 Kbits/sec                  
[  5]   2.00-3.00   sec  23.7 KBytes   194 Kbits/sec                  
[  5]   3.00-4.00   sec  24.3 KBytes   199 Kbits/sec                  
[  5]   4.00-5.00   sec  25.5 KBytes   209 Kbits/sec                  
[  5]   5.00-6.00   sec  23.1 KBytes   189 Kbits/sec                  
[  5]   6.00-7.00   sec  22.9 KBytes   188 Kbits/sec                  
[  5]   7.00-7.68   sec  18.9 KBytes   229 Kbits/sec                  
- - - - - - - - - - - - - - - - - - - - - - - - -
[ ID] Interval           Transfer     Bitrate
[  5]   0.00-7.68   sec   170 KBytes   182 Kbits/sec                  receiver
-----------------------------------------------------------
Server listening on 5003 (test #12)
-----------------------------------------------------------
Accepted connection from 10.42.2.3, port 34324
[  5] local 10.42.0.10 port 5003 connected to 10.42.2.3 port 34330
[ ID] Interval           Transfer     Bitrate
[  5]   0.00-1.00   sec  19.5 KBytes   160 Kbits/sec                  
[  5]   1.00-2.00   sec  27.3 KBytes   224 Kbits/sec                  
[  5]   2.00-3.00   sec  24.9 KBytes   204 Kbits/sec                  
[  5]   3.00-4.00   sec  23.3 KBytes   191 Kbits/sec                  
[  5]   4.00-5.00   sec  25.3 KBytes   207 Kbits/sec                  
[  5]   5.00-6.00   sec  24.1 KBytes   197 Kbits/sec                  
[  5]   6.00-7.00   sec  24.9 KBytes   204 Kbits/sec                  
[  5]   7.00-7.06   sec  1.39 KBytes   194 Kbits/sec                  
- - - - - - - - - - - - - - - - - - - - - - - - -
[ ID] Interval           Transfer     Bitrate
[  5]   0.00-7.06   sec   171 KBytes   198 Kbits/sec                  receiver
-----------------------------------------------------------
Server listening on 5002 (test #18)
-----------------------------------------------------------
Accepted connection from 10.42.8.4, port 42284
[  5] local 10.42.0.10 port 5002 connected to 10.42.8.4 port 42296
[ ID] Interval           Transfer     Bitrate
[  5]   0.00-1.00   sec  0.00 Bytes  0.00 bits/sec                  
[  5]   1.00-2.00   sec  14.5 KBytes   119 Kbits/sec                  
[  5]   2.00-3.00   sec  26.3 KBytes   215 Kbits/sec                  
[  5]   3.00-4.00   sec  25.5 KBytes   209 Kbits/sec                  
[  5]   4.00-5.00   sec  24.3 KBytes   199 Kbits/sec                  
[  5]   5.00-6.00   sec  23.5 KBytes   193 Kbits/sec                  
[  5]   6.00-7.00   sec  24.7 KBytes   202 Kbits/sec                  
[  5]   7.00-8.00   sec  24.9 KBytes   204 Kbits/sec                  
[  5]   8.00-8.27   sec  6.77 KBytes   207 Kbits/sec                  
- - - - - - - - - - - - - - - - - - - - - - - - -
[ ID] Interval           Transfer     Bitrate
[  5]   0.00-8.27   sec   171 KBytes   169 Kbits/sec                  receiver
-----------------------------------------------------------
Server listening on 5002 (test #19)
-----------------------------------------------------------
Accepted connection from 10.42.2.3, port 53876
[  5] local 10.42.0.10 port 5002 connected to 10.42.2.3 port 53880
[ ID] Interval           Transfer     Bitrate
[  5]   0.00-1.00   sec  22.7 KBytes   186 Kbits/sec                  
[  5]   1.00-2.00   sec  23.5 KBytes   192 Kbits/sec                  
[  5]   2.00-3.00   sec  24.9 KBytes   204 Kbits/sec                  
[  5]   3.00-4.00   sec  25.1 KBytes   206 Kbits/sec                  
[  5]   4.00-5.00   sec  23.5 KBytes   193 Kbits/sec                  
[  5]   5.00-6.00   sec  24.9 KBytes   204 Kbits/sec                  
[  5]   6.00-7.00   sec  24.7 KBytes   202 Kbits/sec                  
[  5]   7.00-7.06   sec  1.39 KBytes   183 Kbits/sec                  
- - - - - - - - - - - - - - - - - - - - - - - - -
[ ID] Interval           Transfer     Bitrate
[  5]   0.00-7.06   sec   171 KBytes   198 Kbits/sec                  receiver
-----------------------------------------------------------
Server listening on 5003 (test #13)
-----------------------------------------------------------
Accepted connection from 10.42.5.4, port 48280
[  5] local 10.42.0.10 port 5003 connected to 10.42.5.4 port 48282
[ ID] Interval           Transfer     Bitrate
[  5]   0.00-1.00   sec  5.58 KBytes  45.7 Kbits/sec                  
[  5]   1.00-2.00   sec  25.3 KBytes   207 Kbits/sec                  
[  5]   2.00-3.00   sec  24.7 KBytes   202 Kbits/sec                  
[  5]   3.00-4.00   sec  24.5 KBytes   201 Kbits/sec                  
[  5]   4.00-5.00   sec  23.5 KBytes   193 Kbits/sec                  
[  5]   5.00-6.00   sec  24.7 KBytes   203 Kbits/sec                  
[  5]   6.00-7.00   sec  24.3 KBytes   199 Kbits/sec                  
[  5]   7.00-7.67   sec  17.7 KBytes   216 Kbits/sec                  
- - - - - - - - - - - - - - - - - - - - - - - - -
[ ID] Interval           Transfer     Bitrate
[  5]   0.00-7.67   sec   170 KBytes   182 Kbits/sec                  receiver
-----------------------------------------------------------
Server listening on 5002 (test #20)
-----------------------------------------------------------
Accepted connection from 10.42.8.4, port 48766
[  5] local 10.42.0.10 port 5002 connected to 10.42.8.4 port 48772
[ ID] Interval           Transfer     Bitrate
[  5]   0.00-1.00   sec  6.97 KBytes  57.1 Kbits/sec                  
[  5]   1.00-2.00   sec  23.9 KBytes   196 Kbits/sec                  
[  5]   2.00-3.00   sec  19.7 KBytes   161 Kbits/sec                  
[  5]   3.00-4.00   sec  27.7 KBytes   227 Kbits/sec                  
[  5]   4.00-5.00   sec  26.3 KBytes   216 Kbits/sec                  
[  5]   5.00-6.00   sec  23.9 KBytes   196 Kbits/sec                  
[  5]   6.00-7.00   sec  24.3 KBytes   199 Kbits/sec                  
[  5]   7.00-7.69   sec  17.7 KBytes   210 Kbits/sec                  
- - - - - - - - - - - - - - - - - - - - - - - - -
[ ID] Interval           Transfer     Bitrate
[  5]   0.00-7.69   sec   171 KBytes   182 Kbits/sec                  receiver
-----------------------------------------------------------
Server listening on 5003 (test #14)
-----------------------------------------------------------
Accepted connection from 10.42.2.3, port 51268
[  5] local 10.42.0.10 port 5003 connected to 10.42.2.3 port 51284
[ ID] Interval           Transfer     Bitrate
[  5]   0.00-1.00   sec  18.9 KBytes   155 Kbits/sec                  
[  5]   1.00-2.00   sec  26.5 KBytes   217 Kbits/sec                  
[  5]   2.00-3.00   sec  24.9 KBytes   204 Kbits/sec                  
[  5]   3.00-4.00   sec  24.7 KBytes   202 Kbits/sec                  
[  5]   4.00-5.00   sec  25.7 KBytes   211 Kbits/sec                  
[  5]   5.00-6.00   sec  23.5 KBytes   193 Kbits/sec                  
[  5]   6.00-7.00   sec  24.3 KBytes   199 Kbits/sec                  
[  5]   7.00-7.06   sec  1.39 KBytes   191 Kbits/sec                  
- - - - - - - - - - - - - - - - - - - - - - - - -
[ ID] Interval           Transfer     Bitrate
[  5]   0.00-7.06   sec   171 KBytes   198 Kbits/sec                  receiver
-----------------------------------------------------------
Server listening on 5002 (test #21)
-----------------------------------------------------------
Accepted connection from 10.42.5.4, port 45914
[  5] local 10.42.0.10 port 5002 connected to 10.42.5.4 port 45930
[ ID] Interval           Transfer     Bitrate
[  5]   0.00-1.00   sec  5.58 KBytes  45.7 Kbits/sec                  
[  5]   1.00-2.00   sec  24.5 KBytes   201 Kbits/sec                  
[  5]   2.00-3.00   sec  24.5 KBytes   201 Kbits/sec                  
[  5]   3.00-4.00   sec  24.3 KBytes   199 Kbits/sec                  
[  5]   4.00-5.00   sec  25.3 KBytes   207 Kbits/sec                  
[  5]   5.00-6.00   sec  23.7 KBytes   194 Kbits/sec                  
[  5]   6.00-7.00   sec  24.5 KBytes   201 Kbits/sec                  
[  5]   7.00-7.73   sec  18.1 KBytes   204 Kbits/sec                  
- - - - - - - - - - - - - - - - - - - - - - - - -
[ ID] Interval           Transfer     Bitrate
[  5]   0.00-7.73   sec   171 KBytes   181 Kbits/sec                  receiver
-----------------------------------------------------------
Server listening on 5003 (test #15)
-----------------------------------------------------------
Accepted connection from 10.42.2.3, port 36410
[  5] local 10.42.0.10 port 5003 connected to 10.42.2.3 port 36424
[ ID] Interval           Transfer     Bitrate
[  5]   0.00-1.00   sec  21.9 KBytes   179 Kbits/sec                  
[  5]   1.00-2.00   sec  24.5 KBytes   201 Kbits/sec                  
[  5]   2.00-3.00   sec  24.7 KBytes   202 Kbits/sec                  
[  5]   3.00-4.00   sec  24.9 KBytes   204 Kbits/sec                  
[  5]   4.00-5.00   sec  23.9 KBytes   196 Kbits/sec                  
[  5]   5.00-6.00   sec  24.9 KBytes   204 Kbits/sec                  
[  5]   6.00-7.00   sec  24.1 KBytes   197 Kbits/sec                  
[  5]   7.00-7.04   sec  1.59 KBytes   325 Kbits/sec                  
- - - - - - - - - - - - - - - - - - - - - - - - -
[ ID] Interval           Transfer     Bitrate
[  5]   0.00-7.04   sec   171 KBytes   198 Kbits/sec                  receiver
-----------------------------------------------------------
Server listening on 5002 (test #22)
-----------------------------------------------------------
Accepted connection from 10.42.8.4, port 48826
[  5] local 10.42.0.10 port 5002 connected to 10.42.8.4 port 48838
[ ID] Interval           Transfer     Bitrate
[  5]   0.00-1.00   sec  6.97 KBytes  57.1 Kbits/sec                  
[  5]   1.00-2.00   sec  24.5 KBytes   201 Kbits/sec                  
[  5]   2.00-3.00   sec  23.7 KBytes   194 Kbits/sec                  
[  5]   3.00-4.00   sec  25.1 KBytes   206 Kbits/sec                  
[  5]   4.00-5.00   sec  24.1 KBytes   197 Kbits/sec                  
[  5]   5.00-6.00   sec  24.7 KBytes   202 Kbits/sec                  
[  5]   6.00-7.00   sec  24.1 KBytes   197 Kbits/sec                  
[  5]   7.00-7.65   sec  16.7 KBytes   212 Kbits/sec                  
- - - - - - - - - - - - - - - - - - - - - - - - -
[ ID] Interval           Transfer     Bitrate
[  5]   0.00-7.65   sec   170 KBytes   182 Kbits/sec                  receiver
-----------------------------------------------------------
Server listening on 5003 (test #16)
-----------------------------------------------------------
Accepted connection from 10.42.4.4, port 56040
[  5] local 10.42.0.10 port 5003 connected to 10.42.4.4 port 57438
[ ID] Interval           Transfer     Bitrate
[  5]   0.00-1.00   sec  8.37 KBytes  68.5 Kbits/sec                  
[  5]   1.00-2.00   sec  25.1 KBytes   206 Kbits/sec                  
[  5]   2.00-3.00   sec  23.3 KBytes   191 Kbits/sec                  
[  5]   3.00-4.00   sec  25.3 KBytes   207 Kbits/sec                  
[  5]   4.00-5.00   sec  24.7 KBytes   203 Kbits/sec                  
[  5]   5.00-6.00   sec  24.3 KBytes   199 Kbits/sec                  
[  5]   6.00-7.00   sec  23.7 KBytes   194 Kbits/sec                  
[  5]   7.00-7.59   sec  15.7 KBytes   218 Kbits/sec                  
- - - - - - - - - - - - - - - - - - - - - - - - -
[ ID] Interval           Transfer     Bitrate
[  5]   0.00-7.59   sec   171 KBytes   184 Kbits/sec                  receiver
-----------------------------------------------------------
Server listening on 5004 (test #7)
-----------------------------------------------------------
Accepted connection from 10.42.2.3, port 34280
[  5] local 10.42.0.10 port 5004 connected to 10.42.2.3 port 34284
[ ID] Interval           Transfer     Bitrate
[  5]   0.00-1.00   sec  21.5 KBytes   176 Kbits/sec                  
[  5]   1.00-2.00   sec  25.5 KBytes   209 Kbits/sec                  
[  5]   2.00-3.00   sec  24.1 KBytes   198 Kbits/sec                  
[  5]   3.00-4.00   sec  23.9 KBytes   196 Kbits/sec                  
[  5]   4.00-5.00   sec  25.3 KBytes   207 Kbits/sec                  
[  5]   5.00-6.00   sec  23.5 KBytes   193 Kbits/sec                  
[  5]   6.00-7.00   sec  25.1 KBytes   206 Kbits/sec                  
[  5]   7.00-7.04   sec  1.39 KBytes   300 Kbits/sec                  
- - - - - - - - - - - - - - - - - - - - - - - - -
[ ID] Interval           Transfer     Bitrate
[  5]   0.00-7.04   sec   170 KBytes   198 Kbits/sec                  receiver
-----------------------------------------------------------
Server listening on 5002 (test #23)
-----------------------------------------------------------
Accepted connection from 10.42.5.4, port 46140
[  5] local 10.42.0.10 port 5002 connected to 10.42.5.4 port 46146
[ ID] Interval           Transfer     Bitrate
[  5]   0.00-1.00   sec  5.58 KBytes  45.7 Kbits/sec                  
[  5]   1.00-2.00   sec  24.5 KBytes   201 Kbits/sec                  
[  5]   2.00-3.00   sec  23.5 KBytes   193 Kbits/sec                  
[  5]   3.00-4.00   sec  24.7 KBytes   202 Kbits/sec                  
[  5]   4.00-5.00   sec  24.3 KBytes   199 Kbits/sec                  
[  5]   5.00-6.00   sec  24.9 KBytes   204 Kbits/sec                  
[  5]   6.00-7.00   sec  23.9 KBytes   196 Kbits/sec                  
[  5]   7.00-7.74   sec  19.1 KBytes   211 Kbits/sec                  
- - - - - - - - - - - - - - - - - - - - - - - - -
[ ID] Interval           Transfer     Bitrate
[  5]   0.00-7.74   sec   171 KBytes   180 Kbits/sec                  receiver
