-----------------------------------------------------------
-----------------------------------------------------------
-----------------------------------------------------------
-----------------------------------------------------------
-----------------------------------------------------------
-----------------------------------------------------------
-----------------------------------------------------------
-----------------------------------------------------------
-----------------------------------------------------------
-----------------------------------------------------------
-----------------------------------------------------------
Server listening on 5002 (test #1)
-----------------------------------------------------------
Accepted connection from 10.42.7.3, port 43462
[  5] local 10.42.5.7 port 5002 connected to 10.42.7.3 port 43474
[ ID] Interval           Transfer     Bitrate
[  5]   0.00-1.00   sec  21.9 KBytes   179 Kbits/sec                  
[  5]   1.00-2.00   sec  25.1 KBytes   206 Kbits/sec                  
[  5]   2.00-3.00   sec  24.3 KBytes   199 Kbits/sec                  
[  5]   3.00-4.00   sec  24.7 KBytes   202 Kbits/sec                  
[  5]   4.00-5.00   sec  23.5 KBytes   193 Kbits/sec                  
[  5]   5.00-6.00   sec  25.3 KBytes   207 Kbits/sec                  
[  5]   6.00-7.00   sec  23.5 KBytes   193 Kbits/sec                  
[  5]   7.00-7.05   sec  1.59 KBytes   260 Kbits/sec                  
- - - - - - - - - - - - - - - - - - - - - - - - -
[ ID] Interval           Transfer     Bitrate
[  5]   0.00-7.05   sec   170 KBytes   197 Kbits/sec                  receiver
Server listening on 5003 (test #1)
-----------------------------------------------------------
Accepted connection from 10.42.3.3, port 38814
[  5] local 10.42.5.7 port 5003 connected to 10.42.3.3 port 38828
[ ID] Interval           Transfer     Bitrate
[  5]   0.00-1.00   sec  6.97 KBytes  57.1 Kbits/sec                  
[  5]   1.00-2.00   sec  24.5 KBytes   201 Kbits/sec                  
[  5]   2.00-3.00   sec  25.5 KBytes   209 Kbits/sec                  
[  5]   3.00-4.00   sec  23.5 KBytes   193 Kbits/sec                  
[  5]   4.00-5.00   sec  24.9 KBytes   204 Kbits/sec                  
[  5]   5.00-6.00   sec  23.9 KBytes   196 Kbits/sec                  
[  5]   6.00-7.00   sec  24.9 KBytes   204 Kbits/sec                  
[  5]   7.00-7.63   sec  15.9 KBytes   207 Kbits/sec                  
- - - - - - - - - - - - - - - - - - - - - - - - -
[ ID] Interval           Transfer     Bitrate
[  5]   0.00-7.63   sec   170 KBytes   183 Kbits/sec                  receiver
