-----------------------------------------------------------
-----------------------------------------------------------
-----------------------------------------------------------
-----------------------------------------------------------
-----------------------------------------------------------
-----------------------------------------------------------
-----------------------------------------------------------
-----------------------------------------------------------
-----------------------------------------------------------
-----------------------------------------------------------
-----------------------------------------------------------
Server listening on 5006 (test #1)
-----------------------------------------------------------
Accepted connection from 10.42.5.3, port 43800
[  5] local 10.42.5.5 port 5006 connected to 10.42.5.3 port 43816
[ ID] Interval           Transfer     Bitrate
[  5]   0.00-1.00   sec  24.5 KBytes   201 Kbits/sec                  
[  5]   1.00-2.00   sec  24.5 KBytes   201 Kbits/sec                  
[  5]   2.00-3.00   sec  24.3 KBytes   199 Kbits/sec                  
[  5]   3.00-4.00   sec  24.5 KBytes   201 Kbits/sec                  
[  5]   4.00-5.00   sec  24.3 KBytes   199 Kbits/sec                  
[  5]   5.00-6.00   sec  24.5 KBytes   201 Kbits/sec                  
[  5]   6.00-7.00   sec  24.3 KBytes   199 Kbits/sec                  
- - - - - - - - - - - - - - - - - - - - - - - - -
[ ID] Interval           Transfer     Bitrate
[  5]   0.00-7.00   sec   171 KBytes   200 Kbits/sec                  receiver
Server listening on 5008 (test #1)
-----------------------------------------------------------
Accepted connection from 10.42.4.3, port 42676
[  5] local 10.42.5.5 port 5008 connected to 10.42.4.3 port 42678
[ ID] Interval           Transfer     Bitrate
[  5]   0.00-1.00   sec  21.7 KBytes   178 Kbits/sec                  
[  5]   1.00-2.00   sec  20.9 KBytes   171 Kbits/sec                  
[  5]   2.00-3.00   sec  22.1 KBytes   181 Kbits/sec                  
[  5]   3.00-4.00   sec  18.9 KBytes   155 Kbits/sec                  
[  5]   4.00-5.00   sec  17.5 KBytes   144 Kbits/sec                  
[  5]   5.00-6.00   sec  16.1 KBytes   132 Kbits/sec                  
[  5]   6.00-7.00   sec  17.9 KBytes   147 Kbits/sec                  
[  5]   7.00-8.00   sec  19.1 KBytes   157 Kbits/sec                  
[  5]   8.00-8.73   sec  16.1 KBytes   180 Kbits/sec                  
- - - - - - - - - - - - - - - - - - - - - - - - -
[ ID] Interval           Transfer     Bitrate
[  5]   0.00-8.73   sec   171 KBytes   160 Kbits/sec                  receiver
Server listening on 5009 (test #1)
-----------------------------------------------------------
Accepted connection from 10.42.7.3, port 36772
[  5] local 10.42.5.5 port 5009 connected to 10.42.7.3 port 36788
[ ID] Interval           Transfer     Bitrate
[  5]   0.00-1.00   sec  20.1 KBytes   165 Kbits/sec                  
[  5]   1.00-2.00   sec  21.1 KBytes   173 Kbits/sec                  
[  5]   2.00-3.00   sec  18.1 KBytes   149 Kbits/sec                  
[  5]   3.00-4.00   sec  19.1 KBytes   157 Kbits/sec                  
[  5]   4.00-5.00   sec  15.3 KBytes   126 Kbits/sec                  
[  5]   5.00-6.00   sec  18.3 KBytes   150 Kbits/sec                  
[  5]   6.00-7.00   sec  16.5 KBytes   135 Kbits/sec                  
[  5]   7.00-8.00   sec  16.3 KBytes   134 Kbits/sec                  
[  5]   8.00-8.54   sec  13.5 KBytes   204 Kbits/sec                  
- - - - - - - - - - - - - - - - - - - - - - - - -
[ ID] Interval           Transfer     Bitrate
[  5]   0.00-8.54   sec   159 KBytes   152 Kbits/sec                  receiver
Server listening on 5010 (test #1)
-----------------------------------------------------------
Accepted connection from 10.42.8.3, port 44806
[  5] local 10.42.5.5 port 5010 connected to 10.42.8.3 port 44810
[ ID] Interval           Transfer     Bitrate
[  5]   0.00-1.00   sec  14.1 KBytes   116 Kbits/sec                  
[  5]   1.00-2.00   sec  19.3 KBytes   158 Kbits/sec                  
[  5]   2.00-3.00   sec  16.7 KBytes   137 Kbits/sec                  
[  5]   3.00-4.00   sec  17.7 KBytes   145 Kbits/sec                  
[  5]   4.00-5.00   sec  17.7 KBytes   145 Kbits/sec                  
[  5]   5.00-6.00   sec  19.1 KBytes   157 Kbits/sec                  
[  5]   6.00-7.00   sec  24.5 KBytes   201 Kbits/sec                  
[  5]   7.00-8.00   sec  38.1 KBytes   312 Kbits/sec                  
[  5]   8.00-8.04   sec  2.59 KBytes   563 Kbits/sec                  
- - - - - - - - - - - - - - - - - - - - - - - - -
[ ID] Interval           Transfer     Bitrate
[  5]   0.00-8.04   sec   170 KBytes   173 Kbits/sec                  receiver
Server listening on 5007 (test #1)
-----------------------------------------------------------
Accepted connection from 10.42.1.3, port 40468
[  5] local 10.42.5.5 port 5007 connected to 10.42.1.3 port 40478
[ ID] Interval           Transfer     Bitrate
[  5]   0.00-1.00   sec   204 Bytes  1.63 Kbits/sec                  
[  5]   1.00-2.00   sec  0.00 Bytes  0.00 bits/sec                  
[  5]   2.00-3.00   sec  0.00 Bytes  0.00 bits/sec                  
[  5]   3.00-4.00   sec  0.00 Bytes  0.00 bits/sec                  
[  5]   4.00-5.00   sec  0.00 Bytes  0.00 bits/sec                  
[  5]   5.00-6.00   sec  0.00 Bytes  0.00 bits/sec                  
[  5]   6.00-7.00   sec  0.00 Bytes  0.00 bits/sec                  
[  5]   7.00-8.00   sec  0.00 Bytes  0.00 bits/sec                  
[  5]   8.00-9.00   sec  0.00 Bytes  0.00 bits/sec                  
[  5]   9.00-10.00  sec  0.00 Bytes  0.00 bits/sec                  
[  5]  10.00-11.00  sec  0.00 Bytes  0.00 bits/sec                  
[  5]  11.00-12.00  sec  0.00 Bytes  0.00 bits/sec                  
Server listening on 5002 (test #1)
-----------------------------------------------------------
Accepted connection from 10.42.0.11, port 56564
[  5] local 10.42.5.5 port 5002 connected to 10.42.0.11 port 39576
[ ID] Interval           Transfer     Bitrate
[  5]   0.00-1.00   sec  6.97 KBytes  57.1 Kbits/sec                  
[  5]   1.00-2.00   sec  25.1 KBytes   206 Kbits/sec                  
[  5]   2.00-3.00   sec  24.3 KBytes   199 Kbits/sec                  
[  5]   3.00-4.00   sec  24.7 KBytes   202 Kbits/sec                  
[  5]   4.00-5.00   sec  23.9 KBytes   196 Kbits/sec                  
[  5]   5.00-6.00   sec  24.7 KBytes   202 Kbits/sec                  
[  5]   6.00-7.00   sec  23.9 KBytes   196 Kbits/sec                  
[  5]   7.00-7.66   sec  17.1 KBytes   214 Kbits/sec                  
- - - - - - - - - - - - - - - - - - - - - - - - -
[ ID] Interval           Transfer     Bitrate
[  5]   0.00-7.66   sec   171 KBytes   183 Kbits/sec                  receiver
[  5]  12.00-13.00  sec  0.00 Bytes  0.00 bits/sec                  
[  5]  13.00-14.00  sec  0.00 Bytes  0.00 bits/sec                  
[  5]  14.00-15.00  sec  0.00 Bytes  0.00 bits/sec                  
[  5]  15.00-16.00  sec  0.00 Bytes  0.00 bits/sec                  
[  5]  16.00-17.00  sec  0.00 Bytes  0.00 bits/sec                  
[  5]  17.00-18.00  sec  0.00 Bytes  0.00 bits/sec                  
[  5]  18.00-19.00  sec  0.00 Bytes  0.00 bits/sec                  
[  5]  19.00-20.00  sec  0.00 Bytes  0.00 bits/sec                  
[  5]  20.00-21.00  sec  0.00 Bytes  0.00 bits/sec                  
[  5]  21.00-22.00  sec  0.00 Bytes  0.00 bits/sec                  
[  5]  22.00-23.00  sec  0.00 Bytes  0.00 bits/sec                  
[  5]  23.00-24.00  sec  0.00 Bytes  0.00 bits/sec                  
[  5]  24.00-25.00  sec  0.00 Bytes  0.00 bits/sec                  
[  5]  25.00-26.00  sec  0.00 Bytes  0.00 bits/sec                  
[  5]  26.00-27.00  sec  0.00 Bytes  0.00 bits/sec                  
Server listening on 5003 (test #1)
-----------------------------------------------------------
Accepted connection from 10.42.5.3, port 40876
[  5] local 10.42.5.5 port 5003 connected to 10.42.5.3 port 40888
[ ID] Interval           Transfer     Bitrate
[  5]   0.00-1.00   sec  24.5 KBytes   201 Kbits/sec                  
[  5]   1.00-2.00   sec  24.3 KBytes   199 Kbits/sec                  
[  5]   2.00-3.00   sec  24.5 KBytes   201 Kbits/sec                  
[  5]   3.00-4.00   sec  24.5 KBytes   201 Kbits/sec                  
[  5]   4.00-5.00   sec  24.3 KBytes   199 Kbits/sec                  
[  5]   5.00-6.00   sec  24.5 KBytes   201 Kbits/sec                  
[  5]   6.00-7.00   sec  24.3 KBytes   199 Kbits/sec                  
- - - - - - - - - - - - - - - - - - - - - - - - -
[ ID] Interval           Transfer     Bitrate
[  5]   0.00-7.00   sec   171 KBytes   200 Kbits/sec                  receiver
-----------------------------------------------------------
Server listening on 5002 (test #2)
-----------------------------------------------------------
Accepted connection from 10.42.7.3, port 50716
[  5] local 10.42.5.5 port 5002 connected to 10.42.7.3 port 50726
[ ID] Interval           Transfer     Bitrate
[  5]   0.00-1.00   sec  21.9 KBytes   179 Kbits/sec                  
[  5]   1.00-2.00   sec  23.9 KBytes   196 Kbits/sec                  
[  5]   2.00-3.00   sec  24.5 KBytes   201 Kbits/sec                  
[  5]   3.00-4.00   sec  19.7 KBytes   162 Kbits/sec                  
[  5]   4.00-5.00   sec  17.3 KBytes   142 Kbits/sec                  
[  5]   5.00-6.00   sec  19.1 KBytes   157 Kbits/sec                  
[  5]   6.00-7.00   sec  18.5 KBytes   152 Kbits/sec                  
[  5]   7.00-8.00   sec  18.9 KBytes   155 Kbits/sec                  
[  5]   8.00-8.30   sec  5.58 KBytes   152 Kbits/sec                  
- - - - - - - - - - - - - - - - - - - - - - - - -
[ ID] Interval           Transfer     Bitrate
-----------------------------------------------------------
Server listening on 5003 (test #2)
-----------------------------------------------------------
Accepted connection from 10.42.8.3, port 43460
[  5] local 10.42.5.5 port 5003 connected to 10.42.8.3 port 43468
[ ID] Interval           Transfer     Bitrate
[  5]   0.00-1.00   sec  21.5 KBytes   176 Kbits/sec                  
[  5]   1.00-2.00   sec  19.1 KBytes   157 Kbits/sec                  
[  5]   2.00-3.00   sec  18.1 KBytes   149 Kbits/sec                  
[  5]   3.00-4.00   sec  17.9 KBytes   147 Kbits/sec                  
[  5]   4.00-5.00   sec  18.9 KBytes   155 Kbits/sec                  
[  5]   5.00-6.00   sec  18.7 KBytes   153 Kbits/sec                  
[  5]   6.00-7.00   sec  24.3 KBytes   199 Kbits/sec                  
[  5]   7.00-8.00   sec  27.5 KBytes   225 Kbits/sec                  
[  5]   8.00-8.14   sec  4.18 KBytes   241 Kbits/sec                  
- - - - - - - - - - - - - - - - - - - - - - - - -
[ ID] Interval           Transfer     Bitrate
[  5]   0.00-8.30   sec   170 KBytes   167 Kbits/sec                  receiver
[  5]   0.00-8.14   sec   170 KBytes   171 Kbits/sec                  receiver
Server listening on 5004 (test #1)
-----------------------------------------------------------
Accepted connection from 10.42.4.3, port 33450
[  5] local 10.42.5.5 port 5004 connected to 10.42.4.3 port 33452
[ ID] Interval           Transfer     Bitrate
[  5]   0.00-1.00   sec  16.1 KBytes   132 Kbits/sec                  
[  5]   1.00-2.00   sec  18.9 KBytes   155 Kbits/sec                  
[  5]   2.00-3.00   sec  17.3 KBytes   142 Kbits/sec                  
[  5]   3.00-4.00   sec  19.3 KBytes   158 Kbits/sec                  
[  5]   4.00-5.00   sec  19.3 KBytes   158 Kbits/sec                  
[  5]   5.00-6.00   sec  23.7 KBytes   194 Kbits/sec                  
[  5]   6.00-7.00   sec  26.7 KBytes   219 Kbits/sec                  
[  5]   7.00-7.62   sec  28.7 KBytes   379 Kbits/sec                  
- - - - - - - - - - - - - - - - - - - - - - - - -
[ ID] Interval           Transfer     Bitrate
[  5]   0.00-7.62   sec   170 KBytes   183 Kbits/sec                  receiver
[  5]  27.00-28.00  sec  0.00 Bytes  0.00 bits/sec                  
[  5]  28.00-29.00  sec  0.00 Bytes  0.00 bits/sec                  
[  5]  29.00-30.00  sec  0.00 Bytes  0.00 bits/sec                  
[  5]  30.00-31.00  sec  0.00 Bytes  0.00 bits/sec                  
[  5]  31.00-32.00  sec  0.00 Bytes  0.00 bits/sec                  
[  5]  32.00-33.00  sec  0.00 Bytes  0.00 bits/sec                  
[  5]  33.00-34.00  sec  0.00 Bytes  0.00 bits/sec                  
[  5]  34.00-35.00  sec  0.00 Bytes  0.00 bits/sec                  
[  5]  35.00-36.00  sec  0.00 Bytes  0.00 bits/sec                  
[  5]  36.00-37.00  sec  0.00 Bytes  0.00 bits/sec                  
[  5]  37.00-38.00  sec  0.00 Bytes  0.00 bits/sec                  
[  5]  38.00-39.00  sec  0.00 Bytes  0.00 bits/sec                  
[  5]  39.00-40.00  sec  0.00 Bytes  0.00 bits/sec                  
[  5]  40.00-41.00  sec  0.00 Bytes  0.00 bits/sec                  
[  5]  41.00-42.00  sec  0.00 Bytes  0.00 bits/sec                  
[  5]  42.00-43.00  sec  0.00 Bytes  0.00 bits/sec                  
[  5]  43.00-44.00  sec  0.00 Bytes  0.00 bits/sec                  
[  5]  44.00-45.00  sec  0.00 Bytes  0.00 bits/sec                  
[  5]  45.00-46.00  sec  0.00 Bytes  0.00 bits/sec                  
-----------------------------------------------------------
Server listening on 5003 (test #3)
-----------------------------------------------------------
Accepted connection from 10.42.0.11, port 43158
[  5] local 10.42.5.5 port 5003 connected to 10.42.0.11 port 38092
[ ID] Interval           Transfer     Bitrate
[  5]   0.00-1.00   sec  5.58 KBytes  45.6 Kbits/sec                  
[  5]   1.00-2.00   sec  23.7 KBytes   194 Kbits/sec                  
[  5]   2.00-3.00   sec  25.1 KBytes   206 Kbits/sec                  
[  5]   3.00-4.00   sec  24.3 KBytes   199 Kbits/sec                  
[  5]   4.00-5.00   sec  24.1 KBytes   197 Kbits/sec                  
[  5]   5.00-6.00   sec  24.9 KBytes   204 Kbits/sec                  
[  5]   6.00-7.00   sec  23.7 KBytes   194 Kbits/sec                  
[  5]   7.00-7.76   sec  19.3 KBytes   209 Kbits/sec                  
- - - - - - - - - - - - - - - - - - - - - - - - -
[ ID] Interval           Transfer     Bitrate
[  5]   0.00-7.76   sec   171 KBytes   180 Kbits/sec                  receiver
-----------------------------------------------------------
Server listening on 5002 (test #3)
-----------------------------------------------------------
Accepted connection from 10.42.5.3, port 47972
[  5] local 10.42.5.5 port 5002 connected to 10.42.5.3 port 47976
[ ID] Interval           Transfer     Bitrate
[  5]   0.00-1.00   sec  24.5 KBytes   201 Kbits/sec                  
[  5]   1.00-2.00   sec  24.5 KBytes   201 Kbits/sec                  
[  5]   2.00-3.00   sec  24.3 KBytes   199 Kbits/sec                  
[  5]   3.00-4.00   sec  24.5 KBytes   201 Kbits/sec                  
[  5]   4.00-5.00   sec  24.3 KBytes   199 Kbits/sec                  
[  5]   5.00-6.00   sec  24.5 KBytes   201 Kbits/sec                  
[  5]   6.00-7.00   sec  24.3 KBytes   199 Kbits/sec                  
- - - - - - - - - - - - - - - - - - - - - - - - -
[ ID] Interval           Transfer     Bitrate
[  5]   0.00-7.00   sec   171 KBytes   200 Kbits/sec                  receiver
-----------------------------------------------------------
Server listening on 5008 (test #2)
-----------------------------------------------------------
Accepted connection from 10.42.1.3, port 53282
[  5] local 10.42.5.5 port 5008 connected to 10.42.1.3 port 53292
[ ID] Interval           Transfer     Bitrate
[  5]   0.00-1.00   sec  8.37 KBytes  68.5 Kbits/sec                  
[  5]   1.00-2.00   sec  25.1 KBytes   206 Kbits/sec                  
[  5]   2.00-3.00   sec  24.7 KBytes   202 Kbits/sec                  
[  5]   3.00-4.00   sec  23.7 KBytes   194 Kbits/sec                  
[  5]   4.00-5.00   sec  24.5 KBytes   201 Kbits/sec                  
[  5]   5.00-6.00   sec  24.7 KBytes   202 Kbits/sec                  
[  5]   6.00-7.00   sec  22.7 KBytes   186 Kbits/sec                  
[  5]   7.00-7.86   sec  16.1 KBytes   153 Kbits/sec                  
- - - - - - - - - - - - - - - - - - - - - - - - -
[ ID] Interval           Transfer     Bitrate
[  5]   0.00-7.86   sec   170 KBytes   177 Kbits/sec                  receiver
-----------------------------------------------------------
Server listening on 5003 (test #4)
-----------------------------------------------------------
Accepted connection from 10.42.7.3, port 36796
[  5] local 10.42.5.5 port 5003 connected to 10.42.7.3 port 36800
[ ID] Interval           Transfer     Bitrate
[  5]   0.00-1.00   sec  21.7 KBytes   178 Kbits/sec                  
[  5]   1.00-2.00   sec  25.1 KBytes   206 Kbits/sec                  
[  5]   2.00-3.00   sec  17.3 KBytes   142 Kbits/sec                  
[  5]   3.00-4.00   sec  26.7 KBytes   219 Kbits/sec                  
[  5]   4.00-5.00   sec  27.9 KBytes   228 Kbits/sec                  
[  5]   5.00-6.00   sec  25.7 KBytes   211 Kbits/sec                  
[  5]   6.00-7.00   sec  18.7 KBytes   153 Kbits/sec                  
[  5]   7.00-7.40   sec  7.37 KBytes   152 Kbits/sec                  
- - - - - - - - - - - - - - - - - - - - - - - - -
[ ID] Interval           Transfer     Bitrate
[  5]   0.00-7.40   sec   171 KBytes   189 Kbits/sec                  receiver
-----------------------------------------------------------
Server listening on 5004 (test #2)
-----------------------------------------------------------
Accepted connection from 10.42.4.3, port 52298
[  5] local 10.42.5.5 port 5004 connected to 10.42.4.3 port 52306
[ ID] Interval           Transfer     Bitrate
[  5]   0.00-1.00   sec  16.7 KBytes   137 Kbits/sec                  
[  5]   1.00-2.00   sec  24.9 KBytes   204 Kbits/sec                  
[  5]   2.00-3.00   sec  27.1 KBytes   222 Kbits/sec                  
[  5]   3.00-4.00   sec  26.1 KBytes   214 Kbits/sec                  
[  5]   4.00-5.00   sec  18.7 KBytes   153 Kbits/sec                  
[  5]   5.00-6.00   sec  22.5 KBytes   184 Kbits/sec                  
[  5]   6.00-7.00   sec  28.1 KBytes   230 Kbits/sec                  
[  5]   7.00-7.21   sec  6.38 KBytes   251 Kbits/sec                  
- - - - - - - - - - - - - - - - - - - - - - - - -
[ ID] Interval           Transfer     Bitrate
[  5]   0.00-7.21   sec   171 KBytes   194 Kbits/sec                  receiver
-----------------------------------------------------------
Server listening on 5002 (test #4)
-----------------------------------------------------------
Accepted connection from 10.42.8.3, port 51886
[  5] local 10.42.5.5 port 5002 connected to 10.42.8.3 port 51894
[ ID] Interval           Transfer     Bitrate
[  5]   0.00-1.00   sec  15.5 KBytes   127 Kbits/sec                  
[  5]   1.00-2.00   sec  22.9 KBytes   188 Kbits/sec                  
[  5]   2.00-3.00   sec  27.7 KBytes   227 Kbits/sec                  
[  5]   3.00-4.00   sec  29.1 KBytes   238 Kbits/sec                  
[  5]   4.00-5.00   sec  24.5 KBytes   201 Kbits/sec                  
[  5]   5.00-6.00   sec  24.9 KBytes   204 Kbits/sec                  
[  5]   6.00-7.00   sec  23.1 KBytes   189 Kbits/sec                  
[  5]   7.00-7.05   sec  1.99 KBytes   331 Kbits/sec                  
- - - - - - - - - - - - - - - - - - - - - - - - -
[ ID] Interval           Transfer     Bitrate
[  5]   0.00-7.05   sec   170 KBytes   197 Kbits/sec                  receiver
-----------------------------------------------------------
Server listening on 5003 (test #5)
-----------------------------------------------------------
Accepted connection from 10.42.0.11, port 35532
[  5] local 10.42.5.5 port 5003 connected to 10.42.0.11 port 35546
[ ID] Interval           Transfer     Bitrate
[  5]   0.00-1.00   sec  5.58 KBytes  45.6 Kbits/sec                  
[  5]   1.00-2.00   sec  24.7 KBytes   202 Kbits/sec                  
[  5]   2.00-3.00   sec  25.3 KBytes   207 Kbits/sec                  
[  5]   3.00-4.00   sec  23.3 KBytes   191 Kbits/sec                  
[  5]   4.00-5.00   sec  25.3 KBytes   207 Kbits/sec                  
[  5]   5.00-6.00   sec  24.5 KBytes   201 Kbits/sec                  
[  5]   6.00-7.00   sec  23.9 KBytes   196 Kbits/sec                  
[  5]   7.00-7.70   sec  17.5 KBytes   205 Kbits/sec                  
- - - - - - - - - - - - - - - - - - - - - - - - -
[ ID] Interval           Transfer     Bitrate
[  5]   0.00-7.70   sec   170 KBytes   181 Kbits/sec                  receiver
-----------------------------------------------------------
Server listening on 5002 (test #5)
-----------------------------------------------------------
Accepted connection from 10.42.1.3, port 47942
[  5] local 10.42.5.5 port 5002 connected to 10.42.1.3 port 47948
[ ID] Interval           Transfer     Bitrate
[  5]   0.00-1.00   sec  8.37 KBytes  68.5 Kbits/sec                  
[  5]   1.00-2.00   sec  24.9 KBytes   204 Kbits/sec                  
[  5]   2.00-3.00   sec  23.9 KBytes   196 Kbits/sec                  
[  5]   3.00-4.00   sec  24.7 KBytes   202 Kbits/sec                  
[  5]   4.00-5.00   sec  24.9 KBytes   204 Kbits/sec                  
[  5]   5.00-6.00   sec  24.5 KBytes   201 Kbits/sec                  
[  5]   6.00-7.00   sec  24.5 KBytes   201 Kbits/sec                  
[  5]   7.00-7.58   sec  14.3 KBytes   201 Kbits/sec                  
- - - - - - - - - - - - - - - - - - - - - - - - -
[ ID] Interval           Transfer     Bitrate
[  5]   0.00-7.58   sec   170 KBytes   184 Kbits/sec                  receiver
-----------------------------------------------------------
Server listening on 5003 (test #6)
-----------------------------------------------------------
Accepted connection from 10.42.5.3, port 52398
[  5] local 10.42.5.5 port 5003 connected to 10.42.5.3 port 52404
[ ID] Interval           Transfer     Bitrate
[  5]   0.00-1.00   sec  24.5 KBytes   201 Kbits/sec                  
[  5]   1.00-2.00   sec  24.3 KBytes   199 Kbits/sec                  
[  5]   2.00-3.00   sec  24.5 KBytes   201 Kbits/sec                  
[  5]   3.00-4.00   sec  24.5 KBytes   201 Kbits/sec                  
[  5]   4.00-5.00   sec  24.3 KBytes   199 Kbits/sec                  
[  5]   5.00-6.00   sec  24.5 KBytes   201 Kbits/sec                  
[  5]   6.00-7.00   sec  24.3 KBytes   199 Kbits/sec                  
- - - - - - - - - - - - - - - - - - - - - - - - -
[ ID] Interval           Transfer     Bitrate
[  5]   0.00-7.00   sec   171 KBytes   200 Kbits/sec                  receiver
-----------------------------------------------------------
Server listening on 5004 (test #3)
-----------------------------------------------------------
Accepted connection from 10.42.8.3, port 58216
[  5] local 10.42.5.5 port 5004 connected to 10.42.8.3 port 58218
[ ID] Interval           Transfer     Bitrate
[  5]   0.00-1.00   sec  20.9 KBytes   171 Kbits/sec                  
[  5]   1.00-2.00   sec  24.3 KBytes   199 Kbits/sec                  
[  5]   2.00-3.00   sec  25.1 KBytes   206 Kbits/sec                  
[  5]   3.00-4.00   sec  24.7 KBytes   203 Kbits/sec                  
[  5]   4.00-5.00   sec  23.3 KBytes   191 Kbits/sec                  
[  5]   5.00-6.00   sec  21.1 KBytes   173 Kbits/sec                  
[  5]   6.00-7.00   sec  18.9 KBytes   155 Kbits/sec                  
[  5]   7.00-7.62   sec  12.4 KBytes   162 Kbits/sec                  
- - - - - - - - - - - - - - - - - - - - - - - - -
[ ID] Interval           Transfer     Bitrate
[  5]   0.00-7.62   sec   171 KBytes   183 Kbits/sec                  receiver
-----------------------------------------------------------
Server listening on 5002 (test #6)
-----------------------------------------------------------
Accepted connection from 10.42.7.3, port 33632
[  5] local 10.42.5.5 port 5002 connected to 10.42.7.3 port 33644
[ ID] Interval           Transfer     Bitrate
[  5]   0.00-1.00   sec  22.5 KBytes   184 Kbits/sec                  
[  5]   1.00-2.00   sec  23.3 KBytes   191 Kbits/sec                  
[  5]   2.00-3.00   sec  25.1 KBytes   205 Kbits/sec                  
[  5]   3.00-4.00   sec  23.9 KBytes   196 Kbits/sec                  
[  5]   4.00-5.00   sec  21.5 KBytes   176 Kbits/sec                  
[  5]   5.00-6.00   sec  18.1 KBytes   149 Kbits/sec                  
[  5]   6.00-7.00   sec  21.1 KBytes   173 Kbits/sec                  
[  5]   7.00-7.54   sec  15.1 KBytes   230 Kbits/sec                  
- - - - - - - - - - - - - - - - - - - - - - - - -
[ ID] Interval           Transfer     Bitrate
[  5]   0.00-7.54   sec   171 KBytes   185 Kbits/sec                  receiver
Server listening on 5005 (test #1)
-----------------------------------------------------------
Accepted connection from 10.42.4.3, port 49490
[  5] local 10.42.5.5 port 5005 connected to 10.42.4.3 port 49504
[ ID] Interval           Transfer     Bitrate
[  5]   0.00-1.00   sec  16.5 KBytes   135 Kbits/sec                  
[  5]   1.00-2.00   sec  18.1 KBytes   149 Kbits/sec                  
[  5]   2.00-3.00   sec  23.9 KBytes   196 Kbits/sec                  
[  5]   3.00-4.00   sec  37.5 KBytes   307 Kbits/sec                  
[  5]   4.00-5.00   sec  23.7 KBytes   194 Kbits/sec                  
[  5]   5.00-6.00   sec  23.9 KBytes   196 Kbits/sec                  
[  5]   6.00-7.00   sec  25.1 KBytes   206 Kbits/sec                  
[  5]   7.00-7.07   sec  2.19 KBytes   275 Kbits/sec                  
- - - - - - - - - - - - - - - - - - - - - - - - -
[ ID] Interval           Transfer     Bitrate
[  5]   0.00-7.07   sec   171 KBytes   198 Kbits/sec                  receiver
-----------------------------------------------------------
Server listening on 5003 (test #7)
-----------------------------------------------------------
Accepted connection from 10.42.0.11, port 54486
[  5] local 10.42.5.5 port 5003 connected to 10.42.0.11 port 44782
[ ID] Interval           Transfer     Bitrate
[  5]   0.00-1.00   sec  6.97 KBytes  57.1 Kbits/sec                  
[  5]   1.00-2.00   sec  23.7 KBytes   194 Kbits/sec                  
[  5]   2.00-3.00   sec  24.5 KBytes   201 Kbits/sec                  
[  5]   3.00-4.00   sec  24.9 KBytes   204 Kbits/sec                  
[  5]   4.00-5.00   sec  24.5 KBytes   201 Kbits/sec                  
[  5]   5.00-6.00   sec  23.7 KBytes   194 Kbits/sec                  
[  5]   6.00-7.00   sec  24.3 KBytes   199 Kbits/sec                  
[  5]   7.00-7.67   sec  17.5 KBytes   214 Kbits/sec                  
- - - - - - - - - - - - - - - - - - - - - - - - -
[ ID] Interval           Transfer     Bitrate
[  5]   0.00-7.67   sec   170 KBytes   182 Kbits/sec                  receiver
-----------------------------------------------------------
Server listening on 5002 (test #7)
-----------------------------------------------------------
Accepted connection from 10.42.1.3, port 36418
[  5] local 10.42.5.5 port 5002 connected to 10.42.1.3 port 36420
[ ID] Interval           Transfer     Bitrate
[  5]   0.00-1.00   sec  9.56 KBytes  78.3 Kbits/sec                  
[  5]   1.00-2.00   sec  23.3 KBytes   191 Kbits/sec                  
[  5]   2.00-3.00   sec  25.9 KBytes   212 Kbits/sec                  
[  5]   3.00-4.00   sec  24.1 KBytes   197 Kbits/sec                  
[  5]   4.00-5.00   sec  24.3 KBytes   199 Kbits/sec                  
[  5]   5.00-6.00   sec  23.5 KBytes   193 Kbits/sec                  
[  5]   6.00-7.00   sec  25.1 KBytes   206 Kbits/sec                  
[  5]   7.00-7.60   sec  14.5 KBytes   197 Kbits/sec                  
- - - - - - - - - - - - - - - - - - - - - - - - -
[ ID] Interval           Transfer     Bitrate
[  5]   0.00-7.60   sec   170 KBytes   184 Kbits/sec                  receiver
-----------------------------------------------------------
Server listening on 5004 (test #4)
-----------------------------------------------------------
Accepted connection from 10.42.5.3, port 43122
[  5] local 10.42.5.5 port 5004 connected to 10.42.5.3 port 43124
[ ID] Interval           Transfer     Bitrate
[  5]   0.00-1.00   sec  24.5 KBytes   201 Kbits/sec                  
[  5]   1.00-2.00   sec  24.5 KBytes   201 Kbits/sec                  
[  5]   2.00-3.00   sec  24.3 KBytes   199 Kbits/sec                  
[  5]   3.00-4.00   sec  24.5 KBytes   201 Kbits/sec                  
[  5]   4.00-5.00   sec  24.3 KBytes   199 Kbits/sec                  
[  5]   5.00-6.00   sec  24.5 KBytes   201 Kbits/sec                  
[  5]   6.00-7.00   sec  24.3 KBytes   199 Kbits/sec                  
- - - - - - - - - - - - - - - - - - - - - - - - -
[ ID] Interval           Transfer     Bitrate
[  5]   0.00-7.00   sec   171 KBytes   200 Kbits/sec                  receiver
-----------------------------------------------------------
Server listening on 5003 (test #8)
-----------------------------------------------------------
Accepted connection from 10.42.8.3, port 40982
[  5] local 10.42.5.5 port 5003 connected to 10.42.8.3 port 49038
[ ID] Interval           Transfer     Bitrate
[  5]   0.00-1.00   sec  21.5 KBytes   176 Kbits/sec                  
[  5]   1.00-2.00   sec  24.5 KBytes   201 Kbits/sec                  
[  5]   2.00-3.00   sec  23.7 KBytes   194 Kbits/sec                  
[  5]   3.00-4.00   sec  25.3 KBytes   207 Kbits/sec                  
[  5]   4.00-5.00   sec  23.5 KBytes   192 Kbits/sec                  
[  5]   5.00-6.00   sec  24.3 KBytes   199 Kbits/sec                  
[  5]   6.00-7.00   sec  25.3 KBytes   207 Kbits/sec                  
[  5]   7.00-7.08   sec  2.59 KBytes   264 Kbits/sec                  
- - - - - - - - - - - - - - - - - - - - - - - - -
[ ID] Interval           Transfer     Bitrate
[  5]   0.00-7.08   sec   171 KBytes   197 Kbits/sec                  receiver
-----------------------------------------------------------
Server listening on 5005 (test #2)
-----------------------------------------------------------
Accepted connection from 10.42.7.3, port 45990
[  5] local 10.42.5.5 port 5005 connected to 10.42.7.3 port 45996
[ ID] Interval           Transfer     Bitrate
[  5]   0.00-1.00   sec  21.7 KBytes   178 Kbits/sec                  
[  5]   1.00-2.00   sec  24.5 KBytes   201 Kbits/sec                  
[  5]   2.00-3.00   sec  25.1 KBytes   206 Kbits/sec                  
[  5]   3.00-4.00   sec  23.1 KBytes   189 Kbits/sec                  
[  5]   4.00-5.00   sec  25.5 KBytes   209 Kbits/sec                  
[  5]   5.00-6.00   sec  24.1 KBytes   197 Kbits/sec                  
[  5]   6.00-7.00   sec  25.1 KBytes   206 Kbits/sec                  
[  5]   7.00-7.06   sec  1.59 KBytes   218 Kbits/sec                  
- - - - - - - - - - - - - - - - - - - - - - - - -
[ ID] Interval           Transfer     Bitrate
[  5]   0.00-7.06   sec   171 KBytes   198 Kbits/sec                  receiver
-----------------------------------------------------------
Server listening on 5002 (test #8)
-----------------------------------------------------------
Accepted connection from 10.42.4.3, port 48888
[  5] local 10.42.5.5 port 5002 connected to 10.42.4.3 port 48898
[ ID] Interval           Transfer     Bitrate
[  5]   0.00-1.00   sec  22.5 KBytes   184 Kbits/sec                  
[  5]   1.00-2.00   sec  24.1 KBytes   197 Kbits/sec                  
[  5]   2.00-3.00   sec  23.9 KBytes   196 Kbits/sec                  
[  5]   3.00-4.00   sec  25.5 KBytes   209 Kbits/sec                  
[  5]   4.00-5.00   sec  23.5 KBytes   193 Kbits/sec                  
[  5]   5.00-6.00   sec  24.9 KBytes   204 Kbits/sec                  
[  5]   6.00-7.00   sec  24.7 KBytes   202 Kbits/sec                  
[  5]   7.00-7.06   sec  1.59 KBytes   225 Kbits/sec                  
- - - - - - - - - - - - - - - - - - - - - - - - -
[ ID] Interval           Transfer     Bitrate
[  5]   0.00-7.06   sec   171 KBytes   198 Kbits/sec                  receiver
-----------------------------------------------------------
Server listening on 5002 (test #9)
-----------------------------------------------------------
Accepted connection from 10.42.0.11, port 33340
[  5] local 10.42.5.5 port 5002 connected to 10.42.0.11 port 48824
[ ID] Interval           Transfer     Bitrate
[  5]   0.00-1.00   sec  6.97 KBytes  57.1 Kbits/sec                  
[  5]   1.00-2.00   sec  24.9 KBytes   204 Kbits/sec                  
[  5]   2.00-3.00   sec  24.3 KBytes   199 Kbits/sec                  
[  5]   3.00-4.00   sec  23.9 KBytes   196 Kbits/sec                  
[  5]   4.00-5.00   sec  24.3 KBytes   199 Kbits/sec                  
[  5]   5.00-6.00   sec  25.9 KBytes   212 Kbits/sec                  
[  5]   6.00-7.00   sec  24.3 KBytes   199 Kbits/sec                  
[  5]   7.00-7.66   sec  16.1 KBytes   201 Kbits/sec                  
- - - - - - - - - - - - - - - - - - - - - - - - -
[ ID] Interval           Transfer     Bitrate
[  5]   0.00-7.66   sec   171 KBytes   183 Kbits/sec                  receiver
-----------------------------------------------------------
Server listening on 5004 (test #5)
-----------------------------------------------------------
Accepted connection from 10.42.5.3, port 56538
[  5] local 10.42.5.5 port 5004 connected to 10.42.5.3 port 56540
[ ID] Interval           Transfer     Bitrate
[  5]   0.00-1.00   sec  24.5 KBytes   201 Kbits/sec                  
[  5]   1.00-2.00   sec  24.5 KBytes   201 Kbits/sec                  
[  5]   2.00-3.00   sec  24.3 KBytes   199 Kbits/sec                  
[  5]   3.00-4.00   sec  24.5 KBytes   201 Kbits/sec                  
[  5]   4.00-5.00   sec  24.3 KBytes   199 Kbits/sec                  
[  5]   5.00-6.00   sec  24.5 KBytes   201 Kbits/sec                  
[  5]   6.00-7.00   sec  24.3 KBytes   199 Kbits/sec                  
- - - - - - - - - - - - - - - - - - - - - - - - -
[ ID] Interval           Transfer     Bitrate
[  5]   0.00-7.00   sec   171 KBytes   200 Kbits/sec                  receiver
-----------------------------------------------------------
Server listening on 5003 (test #9)
-----------------------------------------------------------
Accepted connection from 10.42.1.3, port 39094
[  5] local 10.42.5.5 port 5003 connected to 10.42.1.3 port 39106
[ ID] Interval           Transfer     Bitrate
[  5]   0.00-1.00   sec  9.56 KBytes  78.3 Kbits/sec                  
[  5]   1.00-2.00   sec  24.3 KBytes   199 Kbits/sec                  
[  5]   2.00-3.00   sec  24.3 KBytes   199 Kbits/sec                  
[  5]   3.00-4.00   sec  23.5 KBytes   193 Kbits/sec                  
[  5]   4.00-5.00   sec  25.3 KBytes   207 Kbits/sec                  
[  5]   5.00-6.00   sec  24.3 KBytes   199 Kbits/sec                  
[  5]   6.00-7.00   sec  24.5 KBytes   201 Kbits/sec                  
[  5]   7.00-7.57   sec  14.3 KBytes   206 Kbits/sec                  
- - - - - - - - - - - - - - - - - - - - - - - - -
[ ID] Interval           Transfer     Bitrate
[  5]   0.00-7.57   sec   170 KBytes   184 Kbits/sec                  receiver
-----------------------------------------------------------
Server listening on 5002 (test #10)
-----------------------------------------------------------
Accepted connection from 10.42.4.3, port 47596
[  5] local 10.42.5.5 port 5002 connected to 10.42.4.3 port 47608
[ ID] Interval           Transfer     Bitrate
[  5]   0.00-1.00   sec  22.7 KBytes   186 Kbits/sec                  
[  5]   1.00-2.00   sec  23.3 KBytes   191 Kbits/sec                  
[  5]   2.00-3.00   sec  25.1 KBytes   206 Kbits/sec                  
[  5]   3.00-4.00   sec  23.5 KBytes   192 Kbits/sec                  
[  5]   4.00-5.00   sec  20.3 KBytes   166 Kbits/sec                  
[  5]   5.00-6.00   sec  19.1 KBytes   157 Kbits/sec                  
[  5]   6.00-7.00   sec  18.3 KBytes   150 Kbits/sec                  
[  5]   7.00-8.00   sec  17.7 KBytes   146 Kbits/sec                  
- - - - - - - - - - - - - - - - - - - - - - - - -
[ ID] Interval           Transfer     Bitrate
[  5]   0.00-8.00   sec   170 KBytes   174 Kbits/sec                  receiver
-----------------------------------------------------------
Server listening on 5004 (test #6)
-----------------------------------------------------------
Accepted connection from 10.42.8.3, port 40128
[  5] local 10.42.5.5 port 5004 connected to 10.42.8.3 port 40130
[ ID] Interval           Transfer     Bitrate
[  5]   0.00-1.00   sec  21.7 KBytes   178 Kbits/sec                  
[  5]   1.00-2.00   sec  23.1 KBytes   189 Kbits/sec                  
[  5]   2.00-3.00   sec  19.1 KBytes   157 Kbits/sec                  
[  5]   3.00-4.00   sec  17.7 KBytes   145 Kbits/sec                  
[  5]   4.00-5.00   sec  17.7 KBytes   145 Kbits/sec                  
[  5]   5.00-6.00   sec  21.7 KBytes   178 Kbits/sec                  
[  5]   6.00-7.00   sec  26.7 KBytes   219 Kbits/sec                  
[  5]   7.00-7.84   sec  22.7 KBytes   223 Kbits/sec                  
- - - - - - - - - - - - - - - - - - - - - - - - -
[ ID] Interval           Transfer     Bitrate
[  5]   0.00-7.84   sec   171 KBytes   178 Kbits/sec                  receiver
-----------------------------------------------------------
Server listening on 5003 (test #10)
-----------------------------------------------------------
Accepted connection from 10.42.7.3, port 59320
[  5] local 10.42.5.5 port 5003 connected to 10.42.7.3 port 37964
[ ID] Interval           Transfer     Bitrate
[  5]   0.00-1.00   sec  15.9 KBytes   130 Kbits/sec                  
[  5]   1.00-2.00   sec  18.5 KBytes   152 Kbits/sec                  
[  5]   2.00-3.00   sec  17.7 KBytes   145 Kbits/sec                  
[  5]   3.00-4.00   sec  19.7 KBytes   162 Kbits/sec                  
[  5]   4.00-5.00   sec  26.1 KBytes   214 Kbits/sec                  
[  5]   5.00-6.00   sec  28.1 KBytes   230 Kbits/sec                  
[  5]   6.00-7.00   sec  43.2 KBytes   354 Kbits/sec                  
[  5]   7.00-7.07   sec  1.59 KBytes   196 Kbits/sec                  
- - - - - - - - - - - - - - - - - - - - - - - - -
[ ID] Interval           Transfer     Bitrate
[  5]   0.00-7.07   sec   171 KBytes   198 Kbits/sec                  receiver
-----------------------------------------------------------
Server listening on 5002 (test #11)
-----------------------------------------------------------
Accepted connection from 10.42.5.3, port 34200
[  5] local 10.42.5.5 port 5002 connected to 10.42.5.3 port 34210
[ ID] Interval           Transfer     Bitrate
[  5]   0.00-1.00   sec  24.5 KBytes   201 Kbits/sec                  
[  5]   1.00-2.00   sec  24.3 KBytes   199 Kbits/sec                  
[  5]   2.00-3.00   sec  24.5 KBytes   201 Kbits/sec                  
[  5]   3.00-4.00   sec  24.5 KBytes   201 Kbits/sec                  
[  5]   4.00-5.00   sec  24.3 KBytes   199 Kbits/sec                  
[  5]   5.00-6.00   sec  24.5 KBytes   201 Kbits/sec                  
[  5]   6.00-7.00   sec  24.3 KBytes   199 Kbits/sec                  
- - - - - - - - - - - - - - - - - - - - - - - - -
[ ID] Interval           Transfer     Bitrate
[  5]   0.00-7.00   sec   171 KBytes   200 Kbits/sec                  receiver
-----------------------------------------------------------
Server listening on 5003 (test #11)
-----------------------------------------------------------
Accepted connection from 10.42.0.11, port 38974
[  5] local 10.42.5.5 port 5003 connected to 10.42.0.11 port 38980
[ ID] Interval           Transfer     Bitrate
[  5]   0.00-1.00   sec  6.97 KBytes  57.1 Kbits/sec                  
[  5]   1.00-2.00   sec  24.5 KBytes   201 Kbits/sec                  
[  5]   2.00-3.00   sec  23.5 KBytes   193 Kbits/sec                  
[  5]   3.00-4.00   sec  25.3 KBytes   207 Kbits/sec                  
[  5]   4.00-5.00   sec  23.1 KBytes   189 Kbits/sec                  
[  5]   5.00-6.00   sec  24.3 KBytes   199 Kbits/sec                  
[  5]   6.00-7.00   sec  18.9 KBytes   155 Kbits/sec                  
[  5]   7.00-7.84   sec  23.3 KBytes   228 Kbits/sec                  
- - - - - - - - - - - - - - - - - - - - - - - - -
[ ID] Interval           Transfer     Bitrate
[  5]   0.00-7.84   sec   170 KBytes   178 Kbits/sec                  receiver
-----------------------------------------------------------
Server listening on 5004 (test #7)
-----------------------------------------------------------
Accepted connection from 10.42.1.3, port 32782
[  5] local 10.42.5.5 port 5004 connected to 10.42.1.3 port 47108
[ ID] Interval           Transfer     Bitrate
[  5]   0.00-1.00   sec  9.56 KBytes  78.2 Kbits/sec                  
[  5]   1.00-2.00   sec  23.9 KBytes   196 Kbits/sec                  
[  5]   2.00-3.00   sec  24.7 KBytes   202 Kbits/sec                  
[  5]   3.00-4.00   sec  22.5 KBytes   184 Kbits/sec                  
[  5]   4.00-5.00   sec  21.3 KBytes   175 Kbits/sec                  
[  5]   5.00-6.00   sec  28.7 KBytes   235 Kbits/sec                  
[  5]   6.00-7.00   sec  23.9 KBytes   196 Kbits/sec                  
[  5]   7.00-7.61   sec  16.1 KBytes   216 Kbits/sec                  
- - - - - - - - - - - - - - - - - - - - - - - - -
[ ID] Interval           Transfer     Bitrate
[  5]   0.00-7.61   sec   171 KBytes   184 Kbits/sec                  receiver
-----------------------------------------------------------
Server listening on 5002 (test #12)
-----------------------------------------------------------
Accepted connection from 10.42.8.3, port 37448
[  5] local 10.42.5.5 port 5002 connected to 10.42.8.3 port 37452
[ ID] Interval           Transfer     Bitrate
[  5]   0.00-1.00   sec  21.7 KBytes   178 Kbits/sec                  
[  5]   1.00-2.00   sec  23.9 KBytes   196 Kbits/sec                  
[  5]   2.00-3.00   sec  24.7 KBytes   202 Kbits/sec                  
[  5]   3.00-4.00   sec  24.1 KBytes   197 Kbits/sec                  
[  5]   4.00-5.00   sec  24.1 KBytes   197 Kbits/sec                  
[  5]   5.00-6.00   sec  25.5 KBytes   209 Kbits/sec                  
[  5]   6.00-7.00   sec  24.1 KBytes   198 Kbits/sec                  
[  5]   7.00-7.10   sec  2.59 KBytes   207 Kbits/sec                  
- - - - - - - - - - - - - - - - - - - - - - - - -
[ ID] Interval           Transfer     Bitrate
[  5]   0.00-7.10   sec   171 KBytes   197 Kbits/sec                  receiver
-----------------------------------------------------------
Server listening on 5003 (test #12)
-----------------------------------------------------------
Accepted connection from 10.42.4.3, port 38010
[  5] local 10.42.5.5 port 5003 connected to 10.42.4.3 port 38012
[ ID] Interval           Transfer     Bitrate
[  5]   0.00-1.00   sec  22.7 KBytes   186 Kbits/sec                  
[  5]   1.00-2.00   sec  24.3 KBytes   199 Kbits/sec                  
[  5]   2.00-3.00   sec  23.1 KBytes   189 Kbits/sec                  
[  5]   3.00-4.00   sec  24.9 KBytes   204 Kbits/sec                  
[  5]   4.00-5.00   sec  25.1 KBytes   206 Kbits/sec                  
[  5]   5.00-6.00   sec  24.5 KBytes   201 Kbits/sec                  
[  5]   6.00-7.00   sec  24.5 KBytes   201 Kbits/sec                  
[  5]   7.00-7.06   sec  1.59 KBytes   213 Kbits/sec                  
- - - - - - - - - - - - - - - - - - - - - - - - -
[ ID] Interval           Transfer     Bitrate
[  5]   0.00-7.06   sec   171 KBytes   198 Kbits/sec                  receiver
-----------------------------------------------------------
Server listening on 5002 (test #13)
-----------------------------------------------------------
Accepted connection from 10.42.5.3, port 58250
[  5] local 10.42.5.5 port 5002 connected to 10.42.5.3 port 58266
[ ID] Interval           Transfer     Bitrate
[  5]   0.00-1.00   sec  24.5 KBytes   201 Kbits/sec                  
[  5]   1.00-2.00   sec  24.5 KBytes   201 Kbits/sec                  
[  5]   2.00-3.00   sec  24.3 KBytes   199 Kbits/sec                  
[  5]   3.00-4.00   sec  24.5 KBytes   201 Kbits/sec                  
[  5]   4.00-5.00   sec  24.3 KBytes   199 Kbits/sec                  
[  5]   5.00-6.00   sec  24.5 KBytes   201 Kbits/sec                  
[  5]   6.00-7.00   sec  24.3 KBytes   199 Kbits/sec                  
- - - - - - - - - - - - - - - - - - - - - - - - -
[ ID] Interval           Transfer     Bitrate
[  5]   0.00-7.00   sec   171 KBytes   200 Kbits/sec                  receiver
-----------------------------------------------------------
Server listening on 5004 (test #8)
-----------------------------------------------------------
Accepted connection from 10.42.7.3, port 50946
[  5] local 10.42.5.5 port 5004 connected to 10.42.7.3 port 50644
[ ID] Interval           Transfer     Bitrate
[  5]   0.00-1.00   sec  21.9 KBytes   179 Kbits/sec                  
[  5]   1.00-2.00   sec  24.3 KBytes   199 Kbits/sec                  
[  5]   2.00-3.00   sec  25.1 KBytes   206 Kbits/sec                  
[  5]   3.00-4.00   sec  24.3 KBytes   199 Kbits/sec                  
[  5]   4.00-5.00   sec  23.9 KBytes   196 Kbits/sec                  
[  5]   5.00-6.00   sec  25.1 KBytes   206 Kbits/sec                  
[  5]   6.00-7.00   sec  24.3 KBytes   199 Kbits/sec                  
[  5]   7.00-7.05   sec  1.59 KBytes   259 Kbits/sec                  
- - - - - - - - - - - - - - - - - - - - - - - - -
[ ID] Interval           Transfer     Bitrate
[  5]   0.00-7.05   sec   171 KBytes   198 Kbits/sec                  receiver
-----------------------------------------------------------
Server listening on 5003 (test #13)
-----------------------------------------------------------
Accepted connection from 10.42.1.3, port 33716
[  5] local 10.42.5.5 port 5003 connected to 10.42.1.3 port 33722
[ ID] Interval           Transfer     Bitrate
[  5]   0.00-1.00   sec  8.37 KBytes  68.5 Kbits/sec                  
[  5]   1.00-2.00   sec  20.3 KBytes   166 Kbits/sec                  
[  5]   2.00-3.00   sec  23.7 KBytes   194 Kbits/sec                  
[  5]   3.00-4.00   sec  29.5 KBytes   242 Kbits/sec                  
[  5]   4.00-5.00   sec  23.9 KBytes   196 Kbits/sec                  
[  5]   5.00-6.00   sec  21.5 KBytes   176 Kbits/sec                  
[  5]   6.00-7.00   sec  24.5 KBytes   201 Kbits/sec                  
[  5]   7.00-7.63   sec  17.7 KBytes   231 Kbits/sec                  
- - - - - - - - - - - - - - - - - - - - - - - - -
[ ID] Interval           Transfer     Bitrate
[  5]   0.00-7.63   sec   170 KBytes   182 Kbits/sec                  receiver
-----------------------------------------------------------
Server listening on 5002 (test #14)
-----------------------------------------------------------
Accepted connection from 10.42.0.11, port 35268
[  5] local 10.42.5.5 port 5002 connected to 10.42.0.11 port 35278
[ ID] Interval           Transfer     Bitrate
[  5]   0.00-1.00   sec  5.58 KBytes  45.7 Kbits/sec                  
[  5]   1.00-2.00   sec  14.9 KBytes   122 Kbits/sec                  
[  5]   2.00-3.00   sec  30.1 KBytes   246 Kbits/sec                  
[  5]   3.00-4.00   sec  27.3 KBytes   224 Kbits/sec                  
[  5]   4.00-5.00   sec  26.1 KBytes   214 Kbits/sec                  
[  5]   5.00-6.00   sec  23.7 KBytes   194 Kbits/sec                  
[  5]   6.00-7.00   sec  24.5 KBytes   201 Kbits/sec                  
[  5]   7.00-7.70   sec  17.5 KBytes   205 Kbits/sec                  
- - - - - - - - - - - - - - - - - - - - - - - - -
[ ID] Interval           Transfer     Bitrate
[  5]   0.00-7.70   sec   170 KBytes   181 Kbits/sec                  receiver
-----------------------------------------------------------
Server listening on 5004 (test #9)
-----------------------------------------------------------
Accepted connection from 10.42.8.3, port 32864
[  5] local 10.42.5.5 port 5004 connected to 10.42.8.3 port 32870
[ ID] Interval           Transfer     Bitrate
[  5]   0.00-1.00   sec  20.9 KBytes   171 Kbits/sec                  
[  5]   1.00-2.00   sec  25.5 KBytes   209 Kbits/sec                  
[  5]   2.00-3.00   sec  23.3 KBytes   191 Kbits/sec                  
[  5]   3.00-4.00   sec  24.7 KBytes   202 Kbits/sec                  
[  5]   4.00-5.00   sec  23.5 KBytes   193 Kbits/sec                  
[  5]   5.00-6.00   sec  25.3 KBytes   207 Kbits/sec                  
[  5]   6.00-7.00   sec  18.1 KBytes   149 Kbits/sec                  
[  5]   7.00-7.44   sec  8.77 KBytes   163 Kbits/sec                  
- - - - - - - - - - - - - - - - - - - - - - - - -
[ ID] Interval           Transfer     Bitrate
[  5]   0.00-7.44   sec   170 KBytes   187 Kbits/sec                  receiver
-----------------------------------------------------------
Server listening on 5005 (test #3)
-----------------------------------------------------------
Accepted connection from 10.42.3.3, port 53672
[  5] local 10.42.5.5 port 5005 connected to 10.42.3.3 port 53682
[ ID] Interval           Transfer     Bitrate
[  5]   0.00-1.00   sec  6.97 KBytes  57.1 Kbits/sec                  
[  5]   1.00-2.00   sec  24.9 KBytes   204 Kbits/sec                  
[  5]   2.00-3.00   sec  19.3 KBytes   158 Kbits/sec                  
[  5]   3.00-4.00   sec  21.1 KBytes   173 Kbits/sec                  
[  5]   4.00-5.00   sec  27.7 KBytes   227 Kbits/sec                  
[  5]   5.00-6.00   sec  26.7 KBytes   219 Kbits/sec                  
[  5]   6.00-7.00   sec  27.1 KBytes   222 Kbits/sec                  
[  5]   7.00-7.67   sec  16.3 KBytes   200 Kbits/sec                  
- - - - - - - - - - - - - - - - - - - - - - - - -
[ ID] Interval           Transfer     Bitrate
[  5]   0.00-7.67   sec   170 KBytes   182 Kbits/sec                  receiver
-----------------------------------------------------------
Server listening on 5002 (test #15)
-----------------------------------------------------------
Accepted connection from 10.42.4.3, port 44166
[  5] local 10.42.5.5 port 5002 connected to 10.42.4.3 port 44174
[ ID] Interval           Transfer     Bitrate
[  5]   0.00-1.00   sec  16.7 KBytes   137 Kbits/sec                  
[  5]   1.00-2.00   sec  20.9 KBytes   171 Kbits/sec                  
[  5]   2.00-3.00   sec  27.9 KBytes   228 Kbits/sec                  
[  5]   3.00-4.00   sec  26.3 KBytes   216 Kbits/sec                  
[  5]   4.00-5.00   sec  28.1 KBytes   230 Kbits/sec                  
[  5]   5.00-6.00   sec  23.7 KBytes   194 Kbits/sec                  
[  5]   6.00-7.00   sec  25.5 KBytes   209 Kbits/sec                  
[  5]   7.00-7.06   sec  1.59 KBytes   216 Kbits/sec                  
- - - - - - - - - - - - - - - - - - - - - - - - -
[ ID] Interval           Transfer     Bitrate
[  5]   0.00-7.06   sec   171 KBytes   198 Kbits/sec                  receiver
-----------------------------------------------------------
Server listening on 5003 (test #14)
-----------------------------------------------------------
Accepted connection from 10.42.7.3, port 44532
[  5] local 10.42.5.5 port 5003 connected to 10.42.7.3 port 44540
[ ID] Interval           Transfer     Bitrate
[  5]   0.00-1.00   sec  22.3 KBytes   183 Kbits/sec                  
[  5]   1.00-2.00   sec  24.1 KBytes   197 Kbits/sec                  
[  5]   2.00-3.00   sec  23.9 KBytes   196 Kbits/sec                  
[  5]   3.00-4.00   sec  25.5 KBytes   209 Kbits/sec                  
[  5]   4.00-5.00   sec  23.9 KBytes   196 Kbits/sec                  
[  5]   5.00-6.00   sec  24.1 KBytes   197 Kbits/sec                  
[  5]   6.00-7.00   sec  25.1 KBytes   206 Kbits/sec                  
[  5]   7.00-7.07   sec  1.99 KBytes   243 Kbits/sec                  
- - - - - - - - - - - - - - - - - - - - - - - - -
[ ID] Interval           Transfer     Bitrate
[  5]   0.00-7.07   sec   171 KBytes   198 Kbits/sec                  receiver
-----------------------------------------------------------
Server listening on 5004 (test #10)
-----------------------------------------------------------
Accepted connection from 10.42.5.3, port 37328
[  5] local 10.42.5.5 port 5004 connected to 10.42.5.3 port 37334
[ ID] Interval           Transfer     Bitrate
[  5]   0.00-1.00   sec  24.5 KBytes   201 Kbits/sec                  
[  5]   1.00-2.00   sec  24.5 KBytes   201 Kbits/sec                  
[  5]   2.00-3.00   sec  24.3 KBytes   199 Kbits/sec                  
[  5]   3.00-4.00   sec  24.5 KBytes   201 Kbits/sec                  
[  5]   4.00-5.00   sec  24.3 KBytes   199 Kbits/sec                  
[  5]   5.00-6.00   sec  24.5 KBytes   201 Kbits/sec                  
[  5]   6.00-7.00   sec  24.3 KBytes   199 Kbits/sec                  
- - - - - - - - - - - - - - - - - - - - - - - - -
[ ID] Interval           Transfer     Bitrate
[  5]   0.00-7.00   sec   171 KBytes   200 Kbits/sec                  receiver
