-----------------------------------------------------------
-----------------------------------------------------------
-----------------------------------------------------------
-----------------------------------------------------------
-----------------------------------------------------------
-----------------------------------------------------------
-----------------------------------------------------------
-----------------------------------------------------------
-----------------------------------------------------------
-----------------------------------------------------------
-----------------------------------------------------------
Server listening on 5003 (test #1)
-----------------------------------------------------------
Accepted connection from 10.42.3.3, port 33412
[  5] local 10.42.5.6 port 5003 connected to 10.42.3.3 port 39276
[ ID] Interval           Transfer     Bitrate
[  5]   0.00-1.00   sec  6.97 KBytes  57.1 Kbits/sec                  
[  5]   1.00-2.00   sec  24.5 KBytes   201 Kbits/sec                  
[  5]   2.00-3.00   sec  25.5 KBytes   209 Kbits/sec                  
[  5]   3.00-4.00   sec  23.3 KBytes   191 Kbits/sec                  
[  5]   4.00-5.00   sec  25.3 KBytes   207 Kbits/sec                  
[  5]   5.00-6.00   sec  24.7 KBytes   202 Kbits/sec                  
[  5]   6.00-7.00   sec  23.9 KBytes   196 Kbits/sec                  
[  5]   7.00-7.63   sec  15.7 KBytes   206 Kbits/sec                  
- - - - - - - - - - - - - - - - - - - - - - - - -
[ ID] Interval           Transfer     Bitrate
[  5]   0.00-7.63   sec   170 KBytes   183 Kbits/sec                  receiver
Server listening on 5004 (test #1)
-----------------------------------------------------------
Accepted connection from 10.42.5.3, port 48298
[  5] local 10.42.5.6 port 5004 connected to 10.42.5.3 port 47398
[ ID] Interval           Transfer     Bitrate
[  5]   0.00-1.00   sec  24.5 KBytes   201 Kbits/sec                  
[  5]   1.00-2.00   sec  24.5 KBytes   201 Kbits/sec                  
[  5]   2.00-3.00   sec  24.3 KBytes   199 Kbits/sec                  
[  5]   3.00-4.00   sec  24.5 KBytes   201 Kbits/sec                  
[  5]   4.00-5.00   sec  24.3 KBytes   199 Kbits/sec                  
[  5]   5.00-6.00   sec  24.5 KBytes   201 Kbits/sec                  
[  5]   6.00-7.00   sec  24.3 KBytes   199 Kbits/sec                  
- - - - - - - - - - - - - - - - - - - - - - - - -
[ ID] Interval           Transfer     Bitrate
[  5]   0.00-7.00   sec   171 KBytes   200 Kbits/sec                  receiver
Server listening on 5002 (test #1)
-----------------------------------------------------------
Accepted connection from 10.42.7.3, port 53994
[  5] local 10.42.5.6 port 5002 connected to 10.42.7.3 port 53996
[ ID] Interval           Transfer     Bitrate
[  5]   0.00-1.00   sec   204 Bytes  1.63 Kbits/sec                  
[  5]   1.00-2.00   sec  0.00 Bytes  0.00 bits/sec                  
[  5]   2.00-3.00   sec  0.00 Bytes  0.00 bits/sec                  
[  5]   3.00-4.00   sec  0.00 Bytes  0.00 bits/sec                  
[  5]   4.00-5.00   sec  0.00 Bytes  0.00 bits/sec                  
[  5]   5.00-6.00   sec  0.00 Bytes  0.00 bits/sec                  
[  5]   6.00-7.00   sec  0.00 Bytes  0.00 bits/sec                  
[  5]   7.00-8.00   sec  0.00 Bytes  0.00 bits/sec                  
[  5]   8.00-9.00   sec  0.00 Bytes  0.00 bits/sec                  
[  5]   9.00-10.00  sec  0.00 Bytes  0.00 bits/sec                  
[  5]  10.00-11.00  sec  0.00 Bytes  0.00 bits/sec                  
[  5]  11.00-12.00  sec  0.00 Bytes  0.00 bits/sec                  
[  5]  12.00-13.00  sec  0.00 Bytes  0.00 bits/sec                  
[  5]  13.00-14.00  sec  0.00 Bytes  0.00 bits/sec                  
[  5]  14.00-15.00  sec  0.00 Bytes  0.00 bits/sec                  
[  5]  15.00-16.00  sec  0.00 Bytes  0.00 bits/sec                  
[  5]  16.00-17.00  sec  0.00 Bytes  0.00 bits/sec                  
[  5]  17.00-18.00  sec  0.00 Bytes  0.00 bits/sec                  
[  5]  18.00-19.00  sec  0.00 Bytes  0.00 bits/sec                  
[  5]  19.00-20.00  sec  0.00 Bytes  0.00 bits/sec                  
[  5]  20.00-21.00  sec  0.00 Bytes  0.00 bits/sec                  
[  5]  21.00-22.00  sec  0.00 Bytes  0.00 bits/sec                  
[  5]  22.00-23.00  sec  0.00 Bytes  0.00 bits/sec                  
[  5]  23.00-24.00  sec  0.00 Bytes  0.00 bits/sec                  
[  5]  24.00-25.00  sec  0.00 Bytes  0.00 bits/sec                  
[  5]  25.00-26.00  sec  0.00 Bytes  0.00 bits/sec                  
[  5]  26.00-27.00  sec  0.00 Bytes  0.00 bits/sec                  
-----------------------------------------------------------
Server listening on 5003 (test #2)
-----------------------------------------------------------
Accepted connection from 10.42.5.3, port 48008
[  5] local 10.42.5.6 port 5003 connected to 10.42.5.3 port 48010
[ ID] Interval           Transfer     Bitrate
[  5]   0.00-1.00   sec  24.5 KBytes   201 Kbits/sec                  
[  5]   1.00-2.00   sec  24.5 KBytes   201 Kbits/sec                  
[  5]   2.00-3.00   sec  24.3 KBytes   199 Kbits/sec                  
[  5]   3.00-4.00   sec  24.5 KBytes   201 Kbits/sec                  
[  5]   4.00-5.00   sec  24.3 KBytes   199 Kbits/sec                  
[  5]   5.00-6.00   sec  24.5 KBytes   201 Kbits/sec                  
[  5]   6.00-7.00   sec  24.3 KBytes   199 Kbits/sec                  
- - - - - - - - - - - - - - - - - - - - - - - - -
[ ID] Interval           Transfer     Bitrate
[  5]   0.00-7.00   sec   171 KBytes   200 Kbits/sec                  receiver
-----------------------------------------------------------
Server listening on 5004 (test #2)
-----------------------------------------------------------
Accepted connection from 10.42.3.3, port 47998
[  5] local 10.42.5.6 port 5004 connected to 10.42.3.3 port 48008
[ ID] Interval           Transfer     Bitrate
[  5]   0.00-1.00   sec  6.97 KBytes  57.1 Kbits/sec                  
[  5]   1.00-2.00   sec  24.5 KBytes   201 Kbits/sec                  
[  5]   2.00-3.00   sec  25.5 KBytes   209 Kbits/sec                  
[  5]   3.00-4.00   sec  23.3 KBytes   191 Kbits/sec                  
[  5]   4.00-5.00   sec  25.3 KBytes   207 Kbits/sec                  
[  5]   5.00-6.00   sec  24.5 KBytes   201 Kbits/sec                  
[  5]   6.00-7.00   sec  24.1 KBytes   197 Kbits/sec                  
[  5]   7.00-7.62   sec  15.5 KBytes   207 Kbits/sec                  
- - - - - - - - - - - - - - - - - - - - - - - - -
[ ID] Interval           Transfer     Bitrate
[  5]   0.00-7.62   sec   170 KBytes   183 Kbits/sec                  receiver
[  5]  27.00-28.00  sec  0.00 Bytes  0.00 bits/sec                  
[  5]  28.00-29.00  sec  0.00 Bytes  0.00 bits/sec                  
[  5]  29.00-30.00  sec  0.00 Bytes  0.00 bits/sec                  
[  5]  30.00-31.00  sec  0.00 Bytes  0.00 bits/sec                  
[  5]  31.00-32.00  sec  0.00 Bytes  0.00 bits/sec                  
[  5]  32.00-33.00  sec  0.00 Bytes  0.00 bits/sec                  
[  5]  33.00-34.00  sec  0.00 Bytes  0.00 bits/sec                  
[  5]  34.00-35.00  sec  0.00 Bytes  0.00 bits/sec                  
[  5]  35.00-36.00  sec  0.00 Bytes  0.00 bits/sec                  
[  5]  36.00-37.00  sec  0.00 Bytes  0.00 bits/sec                  
[  5]  37.00-38.00  sec  0.00 Bytes  0.00 bits/sec                  
[  5]  38.00-39.00  sec  0.00 Bytes  0.00 bits/sec                  
[  5]  39.00-40.00  sec  0.00 Bytes  0.00 bits/sec                  
[  5]  40.00-41.00  sec  0.00 Bytes  0.00 bits/sec                  
[  5]  41.00-42.00  sec  0.00 Bytes  0.00 bits/sec                  
[  5]  42.00-43.00  sec  0.00 Bytes  0.00 bits/sec                  
[  5]  43.00-44.00  sec  0.00 Bytes  0.00 bits/sec                  
[  5]  44.00-45.00  sec  0.00 Bytes  0.00 bits/sec                  
[  5]  45.00-46.00  sec  0.00 Bytes  0.00 bits/sec                  
-----------------------------------------------------------
Server listening on 5003 (test #3)
-----------------------------------------------------------
Accepted connection from 10.42.7.3, port 52498
[  5] local 10.42.5.6 port 5003 connected to 10.42.7.3 port 52510
[ ID] Interval           Transfer     Bitrate
[  5]   0.00-1.00   sec  21.9 KBytes   179 Kbits/sec                  
[  5]   1.00-2.00   sec  24.1 KBytes   197 Kbits/sec                  
[  5]   2.00-3.00   sec  25.5 KBytes   209 Kbits/sec                  
[  5]   3.00-4.00   sec  23.9 KBytes   196 Kbits/sec                  
[  5]   4.00-5.00   sec  24.1 KBytes   198 Kbits/sec                  
[  5]   5.00-6.00   sec  24.1 KBytes   197 Kbits/sec                  
[  5]   6.00-7.00   sec  25.5 KBytes   209 Kbits/sec                  
[  5]   7.00-7.06   sec  1.59 KBytes   218 Kbits/sec                  
- - - - - - - - - - - - - - - - - - - - - - - - -
[ ID] Interval           Transfer     Bitrate
[  5]   0.00-7.06   sec   171 KBytes   198 Kbits/sec                  receiver
-----------------------------------------------------------
Server listening on 5002 (test #2)
-----------------------------------------------------------
Accepted connection from 10.42.5.3, port 52996
[  5] local 10.42.5.6 port 5002 connected to 10.42.5.3 port 53012
[ ID] Interval           Transfer     Bitrate
[  5]   0.00-1.00   sec  24.5 KBytes   201 Kbits/sec                  
[  5]   1.00-2.00   sec  24.3 KBytes   199 Kbits/sec                  
[  5]   2.00-3.00   sec  24.5 KBytes   201 Kbits/sec                  
[  5]   3.00-4.00   sec  24.5 KBytes   201 Kbits/sec                  
[  5]   4.00-5.00   sec  24.3 KBytes   199 Kbits/sec                  
[  5]   5.00-6.00   sec  24.5 KBytes   201 Kbits/sec                  
[  5]   6.00-7.00   sec  24.3 KBytes   199 Kbits/sec                  
- - - - - - - - - - - - - - - - - - - - - - - - -
[ ID] Interval           Transfer     Bitrate
[  5]   0.00-7.00   sec   171 KBytes   200 Kbits/sec                  receiver
-----------------------------------------------------------
Server listening on 5004 (test #3)
-----------------------------------------------------------
Accepted connection from 10.42.8.3, port 44160
[  5] local 10.42.5.6 port 5004 connected to 10.42.8.3 port 44166
[ ID] Interval           Transfer     Bitrate
[  5]   0.00-1.00   sec  21.1 KBytes   173 Kbits/sec                  
[  5]   1.00-2.00   sec  24.5 KBytes   201 Kbits/sec                  
[  5]   2.00-3.00   sec  24.9 KBytes   204 Kbits/sec                  
[  5]   3.00-4.00   sec  24.1 KBytes   197 Kbits/sec                  
[  5]   4.00-5.00   sec  24.5 KBytes   201 Kbits/sec                  
[  5]   5.00-6.00   sec  19.1 KBytes   157 Kbits/sec                  
[  5]   6.00-7.00   sec  16.7 KBytes   137 Kbits/sec                  
[  5]   7.00-7.85   sec  15.1 KBytes   147 Kbits/sec                  
- - - - - - - - - - - - - - - - - - - - - - - - -
[ ID] Interval           Transfer     Bitrate
[  5]   0.00-7.85   sec   170 KBytes   178 Kbits/sec                  receiver
Server listening on 5005 (test #1)
-----------------------------------------------------------
Accepted connection from 10.42.1.3, port 57818
[  5] local 10.42.5.6 port 5005 connected to 10.42.1.3 port 57822
[ ID] Interval           Transfer     Bitrate
[  5]   0.00-1.00   sec  6.97 KBytes  57.1 Kbits/sec                  
[  5]   1.00-2.00   sec  24.3 KBytes   199 Kbits/sec                  
[  5]   2.00-3.00   sec  25.1 KBytes   206 Kbits/sec                  
[  5]   3.00-4.00   sec  14.7 KBytes   121 Kbits/sec                  
[  5]   4.00-5.00   sec  12.6 KBytes   103 Kbits/sec                  
[  5]   5.00-6.00   sec  16.5 KBytes   135 Kbits/sec                  
[  5]   6.00-7.00   sec  17.7 KBytes   145 Kbits/sec                  
[  5]   7.00-8.00   sec  19.1 KBytes   157 Kbits/sec                  
[  5]   8.00-9.00   sec  20.3 KBytes   166 Kbits/sec                  
- - - - - - - - - - - - - - - - - - - - - - - - -
[ ID] Interval           Transfer     Bitrate
[  5]   0.00-9.07   sec   157 KBytes   142 Kbits/sec                  receiver
Server listening on 5006 (test #1)
-----------------------------------------------------------
Accepted connection from 10.42.0.11, port 57294
[  5] local 10.42.5.6 port 5006 connected to 10.42.0.11 port 57300
[ ID] Interval           Transfer     Bitrate
[  5]   0.00-1.00   sec  2.79 KBytes  22.8 Kbits/sec                  
[  5]   1.00-2.00   sec  12.4 KBytes   101 Kbits/sec                  
[  5]   2.00-3.00   sec  13.5 KBytes   111 Kbits/sec                  
[  5]   3.00-4.00   sec  15.1 KBytes   124 Kbits/sec                  
[  5]   4.00-5.00   sec  17.7 KBytes   145 Kbits/sec                  
[  5]   5.00-6.00   sec  17.7 KBytes   145 Kbits/sec                  
[  5]   6.00-7.00   sec  19.1 KBytes   157 Kbits/sec                  
[  5]   7.00-8.00   sec  20.5 KBytes   168 Kbits/sec                  
[  5]   8.00-9.00   sec  25.9 KBytes   212 Kbits/sec                  
[  5]   9.00-9.38   sec  12.4 KBytes   270 Kbits/sec                  
- - - - - - - - - - - - - - - - - - - - - - - - -
[ ID] Interval           Transfer     Bitrate
-----------------------------------------------------------
Server listening on 5002 (test #3)
-----------------------------------------------------------
Accepted connection from 10.42.3.3, port 41810
[  5] local 10.42.5.6 port 5002 connected to 10.42.3.3 port 41826
[ ID] Interval           Transfer     Bitrate
[  5]   0.00-1.00   sec  2.79 KBytes  22.8 Kbits/sec                  
[  5]   1.00-2.00   sec  12.4 KBytes   101 Kbits/sec                  
[  5]   2.00-3.00   sec  13.5 KBytes   111 Kbits/sec                  
[  5]   3.00-4.00   sec  16.5 KBytes   135 Kbits/sec                  
[  5]   4.00-5.00   sec  16.3 KBytes   134 Kbits/sec                  
[  5]   5.00-6.00   sec  19.1 KBytes   157 Kbits/sec                  
[  5]   6.00-7.00   sec  14.9 KBytes   122 Kbits/sec                  
[  5]   7.00-8.00   sec  24.7 KBytes   202 Kbits/sec                  
[  5]   8.00-9.00   sec  27.3 KBytes   224 Kbits/sec                  
[  5]   9.00-9.37   sec  8.17 KBytes   182 Kbits/sec                  
- - - - - - - - - - - - - - - - - - - - - - - - -
[  5]   0.00-9.38   sec   157 KBytes   137 Kbits/sec                  receiver
[ ID] Interval           Transfer     Bitrate
[  5]   0.00-9.37   sec   156 KBytes   136 Kbits/sec                  receiver
-----------------------------------------------------------
Server listening on 5002 (test #4)
-----------------------------------------------------------
Accepted connection from 10.42.7.3, port 52316
[  5] local 10.42.5.6 port 5002 connected to 10.42.7.3 port 52328
[ ID] Interval           Transfer     Bitrate
[  5]   0.00-1.00   sec  21.7 KBytes   178 Kbits/sec                  
[  5]   1.00-2.00   sec  23.9 KBytes   196 Kbits/sec                  
[  5]   2.00-3.00   sec  25.5 KBytes   209 Kbits/sec                  
[  5]   3.00-4.00   sec  23.9 KBytes   196 Kbits/sec                  
[  5]   4.00-5.00   sec  25.7 KBytes   211 Kbits/sec                  
[  5]   5.00-6.00   sec  23.9 KBytes   196 Kbits/sec                  
[  5]   6.00-7.00   sec  23.3 KBytes   191 Kbits/sec                  
[  5]   7.00-7.05   sec  2.59 KBytes   419 Kbits/sec                  
- - - - - - - - - - - - - - - - - - - - - - - - -
[ ID] Interval           Transfer     Bitrate
[  5]   0.00-7.05   sec   171 KBytes   198 Kbits/sec                  receiver
-----------------------------------------------------------
Server listening on 5003 (test #4)
-----------------------------------------------------------
Accepted connection from 10.42.5.3, port 45182
[  5] local 10.42.5.6 port 5003 connected to 10.42.5.3 port 45188
[ ID] Interval           Transfer     Bitrate
[  5]   0.00-1.00   sec  24.5 KBytes   201 Kbits/sec                  
[  5]   1.00-2.00   sec  24.5 KBytes   201 Kbits/sec                  
[  5]   2.00-3.00   sec  24.3 KBytes   199 Kbits/sec                  
[  5]   3.00-4.00   sec  24.5 KBytes   201 Kbits/sec                  
[  5]   4.00-5.00   sec  24.3 KBytes   199 Kbits/sec                  
[  5]   5.00-6.00   sec  24.5 KBytes   201 Kbits/sec                  
[  5]   6.00-7.00   sec  24.3 KBytes   199 Kbits/sec                  
- - - - - - - - - - - - - - - - - - - - - - - - -
[ ID] Interval           Transfer     Bitrate
[  5]   0.00-7.00   sec   171 KBytes   200 Kbits/sec                  receiver
-----------------------------------------------------------
Server listening on 5004 (test #4)
-----------------------------------------------------------
Accepted connection from 10.42.3.3, port 42148
[  5] local 10.42.5.6 port 5004 connected to 10.42.3.3 port 42156
[ ID] Interval           Transfer     Bitrate
[  5]   0.00-1.00   sec  4.18 KBytes  34.2 Kbits/sec                  
[  5]   1.00-2.00   sec  26.9 KBytes   220 Kbits/sec                  
[  5]   2.00-3.00   sec  19.5 KBytes   160 Kbits/sec                  
[  5]   3.00-4.00   sec  20.1 KBytes   165 Kbits/sec                  
[  5]   4.00-5.00   sec  13.3 KBytes   109 Kbits/sec                  
[  5]   5.00-6.00   sec  22.1 KBytes   181 Kbits/sec                  
[  5]   6.00-7.00   sec  14.9 KBytes   122 Kbits/sec                  
[  5]   7.00-8.00   sec  23.1 KBytes   189 Kbits/sec                  
[  5]   8.00-9.00   sec  16.3 KBytes   134 Kbits/sec                  
[  5]   9.00-9.56   sec  9.56 KBytes   139 Kbits/sec                  
- - - - - - - - - - - - - - - - - - - - - - - - -
-----------------------------------------------------------
Server listening on 5003 (test #5)
-----------------------------------------------------------
Accepted connection from 10.42.8.3, port 33076
[  5] local 10.42.5.6 port 5003 connected to 10.42.8.3 port 33092
[ ID] Interval           Transfer     Bitrate
[  5]   0.00-1.00   sec  19.9 KBytes   163 Kbits/sec                  
[  5]   1.00-2.00   sec  18.3 KBytes   150 Kbits/sec                  
[  5]   2.00-3.00   sec  25.1 KBytes   206 Kbits/sec                  
[  5]   3.00-4.00   sec  16.7 KBytes   137 Kbits/sec                  
[  5]   4.00-5.00   sec  18.3 KBytes   150 Kbits/sec                  
[  5]   5.00-6.00   sec  16.9 KBytes   139 Kbits/sec                  
[  5]   6.00-7.00   sec  16.5 KBytes   135 Kbits/sec                  
[  5]   7.00-8.00   sec  17.9 KBytes   147 Kbits/sec                  
[  5]   8.00-8.81   sec  20.5 KBytes   209 Kbits/sec                  
- - - - - - - - - - - - - - - - - - - - - - - - -
[ ID] Interval           Transfer     Bitrate
-----------------------------------------------------------
Server listening on 5002 (test #5)
-----------------------------------------------------------
Accepted connection from 10.42.0.11, port 33710
[  5] local 10.42.5.6 port 5002 connected to 10.42.0.11 port 33726
[ ID] Interval           Transfer     Bitrate
[  5]   0.00-1.00   sec  5.58 KBytes  45.6 Kbits/sec                  
[  5]   1.00-2.00   sec  17.7 KBytes   145 Kbits/sec                  
[  5]   2.00-3.00   sec  5.38 KBytes  44.0 Kbits/sec                  
[  5]   3.00-4.00   sec  24.7 KBytes   202 Kbits/sec                  
[  5]   4.00-5.00   sec  13.5 KBytes   111 Kbits/sec                  
[  5]   5.00-6.00   sec  23.3 KBytes   191 Kbits/sec                  
[  5]   6.00-7.00   sec  16.3 KBytes   134 Kbits/sec                  
[  5]   7.00-8.00   sec  21.9 KBytes   180 Kbits/sec                  
[  5]   8.00-9.00   sec  30.7 KBytes   251 Kbits/sec                  
[  5]   9.00-9.21   sec  11.0 KBytes   440 Kbits/sec                  
[  5]   0.00-8.81   sec   170 KBytes   158 Kbits/sec                  receiver
[ ID] Interval           Transfer     Bitrate
[  5]   0.00-9.56   sec   170 KBytes   146 Kbits/sec                  receiver
- - - - - - - - - - - - - - - - - - - - - - - - -
[ ID] Interval           Transfer     Bitrate
[  5]   0.00-9.21   sec   170 KBytes   151 Kbits/sec                  receiver
-----------------------------------------------------------
Server listening on 5003 (test #6)
-----------------------------------------------------------
Accepted connection from 10.42.7.3, port 56254
[  5] local 10.42.5.6 port 5003 connected to 10.42.7.3 port 56270
[ ID] Interval           Transfer     Bitrate
[  5]   0.00-1.00   sec  21.9 KBytes   179 Kbits/sec                  
[  5]   1.00-2.00   sec  24.5 KBytes   201 Kbits/sec                  
[  5]   2.00-3.00   sec  24.1 KBytes   197 Kbits/sec                  
[  5]   3.00-4.00   sec  25.3 KBytes   207 Kbits/sec                  
[  5]   4.00-5.00   sec  23.3 KBytes   191 Kbits/sec                  
[  5]   5.00-6.00   sec  24.9 KBytes   204 Kbits/sec                  
[  5]   6.00-7.00   sec  24.7 KBytes   202 Kbits/sec                  
[  5]   7.00-7.07   sec  1.59 KBytes   185 Kbits/sec                  
- - - - - - - - - - - - - - - - - - - - - - - - -
[ ID] Interval           Transfer     Bitrate
[  5]   0.00-7.07   sec   170 KBytes   197 Kbits/sec                  receiver
-----------------------------------------------------------
Server listening on 5002 (test #6)
-----------------------------------------------------------
Accepted connection from 10.42.5.3, port 47530
[  5] local 10.42.5.6 port 5002 connected to 10.42.5.3 port 47540
[ ID] Interval           Transfer     Bitrate
[  5]   0.00-1.00   sec  24.5 KBytes   201 Kbits/sec                  
[  5]   1.00-2.00   sec  24.5 KBytes   201 Kbits/sec                  
[  5]   2.00-3.00   sec  24.3 KBytes   199 Kbits/sec                  
[  5]   3.00-4.00   sec  24.5 KBytes   201 Kbits/sec                  
[  5]   4.00-5.00   sec  24.3 KBytes   199 Kbits/sec                  
[  5]   5.00-6.00   sec  24.5 KBytes   201 Kbits/sec                  
[  5]   6.00-7.00   sec  24.3 KBytes   199 Kbits/sec                  
- - - - - - - - - - - - - - - - - - - - - - - - -
[ ID] Interval           Transfer     Bitrate
[  5]   0.00-7.00   sec   171 KBytes   200 Kbits/sec                  receiver
-----------------------------------------------------------
Server listening on 5005 (test #2)
-----------------------------------------------------------
Accepted connection from 10.42.1.3, port 41374
[  5] local 10.42.5.6 port 5005 connected to 10.42.1.3 port 38938
[ ID] Interval           Transfer     Bitrate
[  5]   0.00-1.00   sec  8.37 KBytes  68.5 Kbits/sec                  
[  5]   1.00-2.00   sec  24.5 KBytes   201 Kbits/sec                  
[  5]   2.00-3.00   sec  25.3 KBytes   207 Kbits/sec                  
[  5]   3.00-4.00   sec  24.7 KBytes   202 Kbits/sec                  
[  5]   4.00-5.00   sec  23.3 KBytes   191 Kbits/sec                  
[  5]   5.00-6.00   sec  24.9 KBytes   204 Kbits/sec                  
[  5]   6.00-7.00   sec  24.5 KBytes   201 Kbits/sec                  
[  5]   7.00-7.57   sec  14.9 KBytes   214 Kbits/sec                  
- - - - - - - - - - - - - - - - - - - - - - - - -
[ ID] Interval           Transfer     Bitrate
[  5]   0.00-7.57   sec   171 KBytes   184 Kbits/sec                  receiver
-----------------------------------------------------------
Server listening on 5002 (test #7)
-----------------------------------------------------------
Accepted connection from 10.42.3.3, port 60224
[  5] local 10.42.5.6 port 5002 connected to 10.42.3.3 port 60236
[ ID] Interval           Transfer     Bitrate
[  5]   0.00-1.00   sec  6.97 KBytes  57.1 Kbits/sec                  
[  5]   1.00-2.00   sec  24.3 KBytes   199 Kbits/sec                  
[  5]   2.00-3.00   sec  24.5 KBytes   201 Kbits/sec                  
[  5]   3.00-4.00   sec  24.1 KBytes   197 Kbits/sec                  
[  5]   4.00-5.00   sec  24.3 KBytes   199 Kbits/sec                  
[  5]   5.00-6.00   sec  25.3 KBytes   207 Kbits/sec                  
[  5]   6.00-7.00   sec  23.9 KBytes   196 Kbits/sec                  
[  5]   7.00-7.68   sec  17.1 KBytes   207 Kbits/sec                  
- - - - - - - - - - - - - - - - - - - - - - - - -
[ ID] Interval           Transfer     Bitrate
[  5]   0.00-7.68   sec   171 KBytes   182 Kbits/sec                  receiver
-----------------------------------------------------------
Server listening on 5003 (test #7)
-----------------------------------------------------------
Accepted connection from 10.42.8.3, port 56128
[  5] local 10.42.5.6 port 5003 connected to 10.42.8.3 port 56142
[ ID] Interval           Transfer     Bitrate
[  5]   0.00-1.00   sec  20.5 KBytes   168 Kbits/sec                  
[  5]   1.00-2.00   sec  24.3 KBytes   199 Kbits/sec                  
[  5]   2.00-3.00   sec  25.7 KBytes   211 Kbits/sec                  
[  5]   3.00-4.00   sec  23.9 KBytes   196 Kbits/sec                  
[  5]   4.00-5.00   sec  24.5 KBytes   201 Kbits/sec                  
[  5]   5.00-6.00   sec  24.3 KBytes   199 Kbits/sec                  
[  5]   6.00-7.00   sec  24.5 KBytes   201 Kbits/sec                  
[  5]   7.00-7.09   sec  2.99 KBytes   269 Kbits/sec                  
- - - - - - - - - - - - - - - - - - - - - - - - -
[ ID] Interval           Transfer     Bitrate
[  5]   0.00-7.09   sec   171 KBytes   197 Kbits/sec                  receiver
-----------------------------------------------------------
Server listening on 5004 (test #5)
-----------------------------------------------------------
Accepted connection from 10.42.0.11, port 47108
[  5] local 10.42.5.6 port 5004 connected to 10.42.0.11 port 47114
[ ID] Interval           Transfer     Bitrate
[  5]   0.00-1.00   sec  6.97 KBytes  57.1 Kbits/sec                  
[  5]   1.00-2.00   sec  24.5 KBytes   201 Kbits/sec                  
[  5]   2.00-3.00   sec  24.7 KBytes   202 Kbits/sec                  
[  5]   3.00-4.00   sec  24.5 KBytes   201 Kbits/sec                  
[  5]   4.00-5.00   sec  24.3 KBytes   199 Kbits/sec                  
[  5]   5.00-6.00   sec  22.3 KBytes   183 Kbits/sec                  
[  5]   6.00-7.00   sec  18.5 KBytes   152 Kbits/sec                  
[  5]   7.00-8.00   sec  18.3 KBytes   150 Kbits/sec                  
[  5]   8.00-8.24   sec  5.58 KBytes   189 Kbits/sec                  
- - - - - - - - - - - - - - - - - - - - - - - - -
[ ID] Interval           Transfer     Bitrate
-----------------------------------------------------------
Server listening on 5003 (test #8)
-----------------------------------------------------------
Accepted connection from 10.42.1.3, port 34396
[  5] local 10.42.5.6 port 5003 connected to 10.42.1.3 port 34406
[ ID] Interval           Transfer     Bitrate
[  5]   0.00-1.00   sec  9.56 KBytes  78.2 Kbits/sec                  
[  5]   1.00-2.00   sec  24.5 KBytes   201 Kbits/sec                  
[  5]   2.00-3.00   sec  22.7 KBytes   186 Kbits/sec                  
[  5]   3.00-4.00   sec  25.5 KBytes   209 Kbits/sec                  
[  5]   4.00-5.00   sec  23.7 KBytes   194 Kbits/sec                  
[  5]   5.00-6.00   sec  21.7 KBytes   178 Kbits/sec                  
[  5]   6.00-7.00   sec  18.7 KBytes   153 Kbits/sec                  
[  5]   7.00-8.00   sec  18.1 KBytes   149 Kbits/sec                  
[  5]   8.00-8.21   sec  5.58 KBytes   217 Kbits/sec                  
- - - - - - - - - - - - - - - - - - - - - - - - -
[ ID] Interval           Transfer     Bitrate
[  5]   0.00-8.21   sec   170 KBytes   170 Kbits/sec                  receiver
[  5]   0.00-8.24   sec   170 KBytes   169 Kbits/sec                  receiver
-----------------------------------------------------------
Server listening on 5002 (test #8)
-----------------------------------------------------------
Accepted connection from 10.42.5.3, port 34622
[  5] local 10.42.5.6 port 5002 connected to 10.42.5.3 port 34624
[ ID] Interval           Transfer     Bitrate
[  5]   0.00-1.00   sec  24.5 KBytes   201 Kbits/sec                  
[  5]   1.00-2.00   sec  24.5 KBytes   201 Kbits/sec                  
[  5]   2.00-3.00   sec  24.3 KBytes   199 Kbits/sec                  
[  5]   3.00-4.00   sec  24.5 KBytes   201 Kbits/sec                  
[  5]   4.00-5.00   sec  24.3 KBytes   199 Kbits/sec                  
[  5]   5.00-6.00   sec  24.5 KBytes   201 Kbits/sec                  
[  5]   6.00-7.00   sec  24.3 KBytes   199 Kbits/sec                  
- - - - - - - - - - - - - - - - - - - - - - - - -
[ ID] Interval           Transfer     Bitrate
[  5]   0.00-7.00   sec   171 KBytes   200 Kbits/sec                  receiver
-----------------------------------------------------------
Server listening on 5005 (test #3)
-----------------------------------------------------------
Accepted connection from 10.42.7.3, port 42958
[  5] local 10.42.5.6 port 5005 connected to 10.42.7.3 port 42970
[ ID] Interval           Transfer     Bitrate
[  5]   0.00-1.00   sec  15.5 KBytes   127 Kbits/sec                  
[  5]   1.00-2.00   sec  18.9 KBytes   155 Kbits/sec                  
[  5]   2.00-3.00   sec  28.1 KBytes   230 Kbits/sec                  
[  5]   3.00-4.00   sec  32.3 KBytes   264 Kbits/sec                  
[  5]   4.00-5.00   sec  25.5 KBytes   209 Kbits/sec                  
[  5]   5.00-6.00   sec  23.9 KBytes   196 Kbits/sec                  
[  5]   6.00-7.00   sec  23.9 KBytes   196 Kbits/sec                  
[  5]   7.00-7.03   sec  1.59 KBytes   447 Kbits/sec                  
- - - - - - - - - - - - - - - - - - - - - - - - -
[ ID] Interval           Transfer     Bitrate
[  5]   0.00-7.03   sec   170 KBytes   198 Kbits/sec                  receiver
-----------------------------------------------------------
Server listening on 5002 (test #9)
-----------------------------------------------------------
Accepted connection from 10.42.8.3, port 48964
[  5] local 10.42.5.6 port 5002 connected to 10.42.8.3 port 48980
[ ID] Interval           Transfer     Bitrate
[  5]   0.00-1.00   sec  21.7 KBytes   178 Kbits/sec                  
[  5]   1.00-2.00   sec  24.3 KBytes   199 Kbits/sec                  
[  5]   2.00-3.00   sec  24.1 KBytes   197 Kbits/sec                  
[  5]   3.00-4.00   sec  25.1 KBytes   206 Kbits/sec                  
[  5]   4.00-5.00   sec  24.7 KBytes   202 Kbits/sec                  
[  5]   5.00-6.00   sec  22.7 KBytes   186 Kbits/sec                  
[  5]   6.00-7.00   sec  24.9 KBytes   204 Kbits/sec                  
[  5]   7.00-7.09   sec  3.19 KBytes   291 Kbits/sec                  
- - - - - - - - - - - - - - - - - - - - - - - - -
[ ID] Interval           Transfer     Bitrate
[  5]   0.00-7.09   sec   171 KBytes   197 Kbits/sec                  receiver
-----------------------------------------------------------
Server listening on 5003 (test #9)
-----------------------------------------------------------
Accepted connection from 10.42.3.3, port 57456
[  5] local 10.42.5.6 port 5003 connected to 10.42.3.3 port 57464
[ ID] Interval           Transfer     Bitrate
[  5]   0.00-1.00   sec  6.97 KBytes  57.1 Kbits/sec                  
[  5]   1.00-2.00   sec  24.1 KBytes   197 Kbits/sec                  
[  5]   2.00-3.00   sec  25.1 KBytes   206 Kbits/sec                  
[  5]   3.00-4.00   sec  24.7 KBytes   202 Kbits/sec                  
[  5]   4.00-5.00   sec  24.1 KBytes   197 Kbits/sec                  
[  5]   5.00-6.00   sec  23.7 KBytes   194 Kbits/sec                  
[  5]   6.00-7.00   sec  24.5 KBytes   201 Kbits/sec                  
[  5]   7.00-7.65   sec  16.9 KBytes   213 Kbits/sec                  
- - - - - - - - - - - - - - - - - - - - - - - - -
[ ID] Interval           Transfer     Bitrate
[  5]   0.00-7.65   sec   170 KBytes   182 Kbits/sec                  receiver
-----------------------------------------------------------
Server listening on 5002 (test #10)
-----------------------------------------------------------
Accepted connection from 10.42.0.11, port 40932
[  5] local 10.42.5.6 port 5002 connected to 10.42.0.11 port 54168
[ ID] Interval           Transfer     Bitrate
[  5]   0.00-1.00   sec  6.97 KBytes  57.1 Kbits/sec                  
[  5]   1.00-2.00   sec  23.7 KBytes   194 Kbits/sec                  
[  5]   2.00-3.00   sec  24.3 KBytes   199 Kbits/sec                  
[  5]   3.00-4.00   sec  24.7 KBytes   202 Kbits/sec                  
[  5]   4.00-5.00   sec  24.5 KBytes   201 Kbits/sec                  
[  5]   5.00-6.00   sec  24.1 KBytes   197 Kbits/sec                  
[  5]   6.00-7.00   sec  25.1 KBytes   205 Kbits/sec                  
[  5]   7.00-7.68   sec  17.1 KBytes   205 Kbits/sec                  
- - - - - - - - - - - - - - - - - - - - - - - - -
[ ID] Interval           Transfer     Bitrate
[  5]   0.00-7.68   sec   171 KBytes   182 Kbits/sec                  receiver
-----------------------------------------------------------
Server listening on 5003 (test #10)
-----------------------------------------------------------
Accepted connection from 10.42.5.3, port 48696
[  5] local 10.42.5.6 port 5003 connected to 10.42.5.3 port 48702
[ ID] Interval           Transfer     Bitrate
[  5]   0.00-1.00   sec  24.5 KBytes   201 Kbits/sec                  
[  5]   1.00-2.00   sec  24.3 KBytes   199 Kbits/sec                  
[  5]   2.00-3.00   sec  24.5 KBytes   201 Kbits/sec                  
[  5]   3.00-4.00   sec  24.5 KBytes   201 Kbits/sec                  
[  5]   4.00-5.00   sec  24.3 KBytes   199 Kbits/sec                  
[  5]   5.00-6.00   sec  24.5 KBytes   201 Kbits/sec                  
[  5]   6.00-7.00   sec  24.3 KBytes   199 Kbits/sec                  
- - - - - - - - - - - - - - - - - - - - - - - - -
[ ID] Interval           Transfer     Bitrate
[  5]   0.00-7.00   sec   171 KBytes   200 Kbits/sec                  receiver
-----------------------------------------------------------
Server listening on 5004 (test #6)
-----------------------------------------------------------
Accepted connection from 10.42.1.3, port 38378
[  5] local 10.42.5.6 port 5004 connected to 10.42.1.3 port 38384
[ ID] Interval           Transfer     Bitrate
[  5]   0.00-1.00   sec  9.56 KBytes  78.3 Kbits/sec                  
[  5]   1.00-2.00   sec  24.5 KBytes   201 Kbits/sec                  
[  5]   2.00-3.00   sec  23.1 KBytes   189 Kbits/sec                  
[  5]   3.00-4.00   sec  24.5 KBytes   201 Kbits/sec                  
[  5]   4.00-5.00   sec  20.9 KBytes   171 Kbits/sec                  
[  5]   5.00-6.00   sec  18.7 KBytes   153 Kbits/sec                  
[  5]   6.00-7.00   sec  18.1 KBytes   149 Kbits/sec                  
[  5]   7.00-8.00   sec  19.1 KBytes   157 Kbits/sec                  
[  5]   8.00-8.62   sec  11.6 KBytes   152 Kbits/sec                  
- - - - - - - - - - - - - - - - - - - - - - - - -
[ ID] Interval           Transfer     Bitrate
-----------------------------------------------------------
Server listening on 5005 (test #4)
-----------------------------------------------------------
Accepted connection from 10.42.8.3, port 60022
[  5] local 10.42.5.6 port 5005 connected to 10.42.8.3 port 60026
[ ID] Interval           Transfer     Bitrate
[  5]   0.00-1.00   sec  20.9 KBytes   171 Kbits/sec                  
[  5]   1.00-2.00   sec  22.5 KBytes   184 Kbits/sec                  
[  5]   2.00-3.00   sec  17.9 KBytes   147 Kbits/sec                  
[  5]   3.00-4.00   sec  18.5 KBytes   152 Kbits/sec                  
[  5]   4.00-5.00   sec  18.9 KBytes   155 Kbits/sec                  
[  5]   5.00-6.00   sec  19.3 KBytes   158 Kbits/sec                  
[  5]   6.00-7.00   sec  27.3 KBytes   224 Kbits/sec                  
[  5]   7.00-8.00   sec  24.3 KBytes   199 Kbits/sec                  
- - - - - - - - - - - - - - - - - - - - - - - - -
[ ID] Interval           Transfer     Bitrate
[  5]   0.00-8.03   sec   170 KBytes   173 Kbits/sec                  receiver
[  5]   0.00-8.62   sec   170 KBytes   162 Kbits/sec                  receiver
-----------------------------------------------------------
Server listening on 5006 (test #2)
-----------------------------------------------------------
Accepted connection from 10.42.7.3, port 54444
[  5] local 10.42.5.6 port 5006 connected to 10.42.7.3 port 54448
[ ID] Interval           Transfer     Bitrate
[  5]   0.00-1.00   sec  16.1 KBytes   132 Kbits/sec                  
[  5]   1.00-2.00   sec  18.3 KBytes   150 Kbits/sec                  
[  5]   2.00-3.00   sec  18.9 KBytes   155 Kbits/sec                  
[  5]   3.00-4.00   sec  17.7 KBytes   145 Kbits/sec                  
[  5]   4.00-5.00   sec  25.3 KBytes   207 Kbits/sec                  
[  5]   5.00-6.00   sec  25.1 KBytes   206 Kbits/sec                  
[  5]   6.00-7.00   sec  28.7 KBytes   235 Kbits/sec                  
[  5]   7.00-7.56   sec  19.5 KBytes   285 Kbits/sec                  
- - - - - - - - - - - - - - - - - - - - - - - - -
[ ID] Interval           Transfer     Bitrate
[  5]   0.00-7.56   sec   170 KBytes   184 Kbits/sec                  receiver
-----------------------------------------------------------
Server listening on 5002 (test #11)
-----------------------------------------------------------
Accepted connection from 10.42.3.3, port 40652
[  5] local 10.42.5.6 port 5002 connected to 10.42.3.3 port 40654
[ ID] Interval           Transfer     Bitrate
[  5]   0.00-1.00   sec  0.00 Bytes  0.00 bits/sec                  
[  5]   1.00-2.00   sec  21.9 KBytes   180 Kbits/sec                  
[  5]   2.00-3.00   sec  34.1 KBytes   279 Kbits/sec                  
[  5]   3.00-4.00   sec  16.9 KBytes   139 Kbits/sec                  
[  5]   4.00-5.00   sec  31.7 KBytes   259 Kbits/sec                  
[  5]   5.00-6.00   sec  24.9 KBytes   204 Kbits/sec                  
[  5]   6.00-7.00   sec  23.9 KBytes   196 Kbits/sec                  
[  5]   7.00-7.62   sec  16.5 KBytes   217 Kbits/sec                  
- - - - - - - - - - - - - - - - - - - - - - - - -
[ ID] Interval           Transfer     Bitrate
[  5]   0.00-7.62   sec   170 KBytes   183 Kbits/sec                  receiver
-----------------------------------------------------------
Server listening on 5002 (test #12)
-----------------------------------------------------------
Accepted connection from 10.42.0.11, port 41834
[  5] local 10.42.5.6 port 5002 connected to 10.42.0.11 port 41836
[ ID] Interval           Transfer     Bitrate
[  5]   0.00-1.00   sec  5.58 KBytes  45.6 Kbits/sec                  
[  5]   1.00-2.00   sec  24.7 KBytes   202 Kbits/sec                  
[  5]   2.00-3.00   sec  23.7 KBytes   194 Kbits/sec                  
[  5]   3.00-4.00   sec  25.5 KBytes   209 Kbits/sec                  
[  5]   4.00-5.00   sec  23.5 KBytes   192 Kbits/sec                  
[  5]   5.00-6.00   sec  25.5 KBytes   209 Kbits/sec                  
[  5]   6.00-7.00   sec  23.3 KBytes   191 Kbits/sec                  
[  5]   7.00-7.72   sec  18.7 KBytes   212 Kbits/sec                  
- - - - - - - - - - - - - - - - - - - - - - - - -
[ ID] Interval           Transfer     Bitrate
[  5]   0.00-7.72   sec   171 KBytes   181 Kbits/sec                  receiver
-----------------------------------------------------------
Server listening on 5003 (test #11)
-----------------------------------------------------------
Accepted connection from 10.42.5.3, port 42692
[  5] local 10.42.5.6 port 5003 connected to 10.42.5.3 port 51628
[ ID] Interval           Transfer     Bitrate
[  5]   0.00-1.00   sec  24.5 KBytes   201 Kbits/sec                  
[  5]   1.00-2.00   sec  24.3 KBytes   199 Kbits/sec                  
[  5]   2.00-3.00   sec  24.5 KBytes   201 Kbits/sec                  
[  5]   3.00-4.00   sec  24.5 KBytes   201 Kbits/sec                  
[  5]   4.00-5.00   sec  24.3 KBytes   199 Kbits/sec                  
[  5]   5.00-6.00   sec  24.5 KBytes   201 Kbits/sec                  
[  5]   6.00-7.00   sec  24.3 KBytes   199 Kbits/sec                  
- - - - - - - - - - - - - - - - - - - - - - - - -
[ ID] Interval           Transfer     Bitrate
[  5]   0.00-7.00   sec   171 KBytes   200 Kbits/sec                  receiver
-----------------------------------------------------------
Server listening on 5004 (test #7)
-----------------------------------------------------------
Accepted connection from 10.42.8.3, port 50162
[  5] local 10.42.5.6 port 5004 connected to 10.42.8.3 port 50168
[ ID] Interval           Transfer     Bitrate
[  5]   0.00-1.00   sec  22.3 KBytes   183 Kbits/sec                  
[  5]   1.00-2.00   sec  23.1 KBytes   189 Kbits/sec                  
[  5]   2.00-3.00   sec  24.5 KBytes   201 Kbits/sec                  
[  5]   3.00-4.00   sec  24.1 KBytes   197 Kbits/sec                  
[  5]   4.00-5.00   sec  24.5 KBytes   201 Kbits/sec                  
[  5]   5.00-6.00   sec  22.1 KBytes   181 Kbits/sec                  
[  5]   6.00-7.00   sec  14.3 KBytes   117 Kbits/sec                  
[  5]   7.00-8.00   sec  14.3 KBytes   118 Kbits/sec                  
[  5]   8.00-8.06   sec  1.39 KBytes   204 Kbits/sec                  
- - - - - - - - - - - - - - - - - - - - - - - - -
[ ID] Interval           Transfer     Bitrate
[  5]   0.00-8.06   sec   171 KBytes   174 Kbits/sec                  receiver
-----------------------------------------------------------
Server listening on 5005 (test #5)
-----------------------------------------------------------
Accepted connection from 10.42.7.3, port 53686
[  5] local 10.42.5.6 port 5005 connected to 10.42.7.3 port 53698
[ ID] Interval           Transfer     Bitrate
[  5]   0.00-1.00   sec  22.5 KBytes   184 Kbits/sec                  
[  5]   1.00-2.00   sec  24.1 KBytes   197 Kbits/sec                  
[  5]   2.00-3.00   sec  24.1 KBytes   197 Kbits/sec                  
[  5]   3.00-4.00   sec  15.5 KBytes   127 Kbits/sec                  
[  5]   4.00-5.00   sec  15.5 KBytes   127 Kbits/sec                  
[  5]   5.00-6.00   sec  15.5 KBytes   127 Kbits/sec                  
[  5]   6.00-7.00   sec  21.7 KBytes   178 Kbits/sec                  
[  5]   7.00-8.00   sec  20.5 KBytes   168 Kbits/sec                  
[  5]   8.00-8.51   sec  10.8 KBytes   174 Kbits/sec                  
- - - - - - - - - - - - - - - - - - - - - - - - -
[ ID] Interval           Transfer     Bitrate
[  5]   0.00-8.51   sec   170 KBytes   164 Kbits/sec                  receiver
-----------------------------------------------------------
Server listening on 5003 (test #12)
-----------------------------------------------------------
Accepted connection from 10.42.1.3, port 34984
[  5] local 10.42.5.6 port 5003 connected to 10.42.1.3 port 57798
[ ID] Interval           Transfer     Bitrate
[  5]   0.00-1.00   sec  5.58 KBytes  45.6 Kbits/sec                  
[  5]   1.00-2.00   sec  13.5 KBytes   111 Kbits/sec                  
[  5]   2.00-3.00   sec  14.9 KBytes   122 Kbits/sec                  
[  5]   3.00-4.00   sec  20.3 KBytes   166 Kbits/sec                  
[  5]   4.00-5.00   sec  16.3 KBytes   134 Kbits/sec                  
[  5]   5.00-6.00   sec  17.5 KBytes   144 Kbits/sec                  
[  5]   6.00-7.00   sec  30.1 KBytes   246 Kbits/sec                  
[  5]   7.00-8.00   sec  28.7 KBytes   235 Kbits/sec                  
[  5]   8.00-8.93   sec  22.5 KBytes   198 Kbits/sec                  
- - - - - - - - - - - - - - - - - - - - - - - - -
[ ID] Interval           Transfer     Bitrate
-----------------------------------------------------------
Server listening on 5002 (test #13)
-----------------------------------------------------------
Accepted connection from 10.42.3.3, port 41032
[  5] local 10.42.5.6 port 5002 connected to 10.42.3.3 port 41042
[ ID] Interval           Transfer     Bitrate
[  5]   0.00-1.00   sec  2.79 KBytes  22.8 Kbits/sec                  
[  5]   1.00-2.00   sec  12.4 KBytes   101 Kbits/sec                  
[  5]   2.00-3.00   sec  14.9 KBytes   122 Kbits/sec                  
[  5]   3.00-4.00   sec  15.3 KBytes   126 Kbits/sec                  
[  5]   4.00-5.00   sec  16.3 KBytes   134 Kbits/sec                  
[  5]   5.00-6.00   sec  16.3 KBytes   134 Kbits/sec                  
[  5]   6.00-7.00   sec  25.9 KBytes   212 Kbits/sec                  
[  5]   7.00-8.00   sec  24.7 KBytes   202 Kbits/sec                  
[  5]   8.00-8.97   sec  35.5 KBytes   299 Kbits/sec                  
- - - - - - - - - - - - - - - - - - - - - - - - -
[ ID] Interval           Transfer     Bitrate
[  5]   0.00-8.93   sec   170 KBytes   156 Kbits/sec                  receiver
[  5]   0.00-8.97   sec   164 KBytes   150 Kbits/sec                  receiver
-----------------------------------------------------------
Server listening on 5002 (test #14)
-----------------------------------------------------------
Accepted connection from 10.42.5.3, port 34534
[  5] local 10.42.5.6 port 5002 connected to 10.42.5.3 port 34548
[ ID] Interval           Transfer     Bitrate
[  5]   0.00-1.00   sec  24.5 KBytes   201 Kbits/sec                  
[  5]   1.00-2.00   sec  24.5 KBytes   201 Kbits/sec                  
[  5]   2.00-3.00   sec  24.3 KBytes   199 Kbits/sec                  
[  5]   3.00-4.00   sec  24.5 KBytes   201 Kbits/sec                  
[  5]   4.00-5.00   sec  24.3 KBytes   199 Kbits/sec                  
[  5]   5.00-6.00   sec  24.5 KBytes   201 Kbits/sec                  
[  5]   6.00-7.00   sec  24.3 KBytes   199 Kbits/sec                  
- - - - - - - - - - - - - - - - - - - - - - - - -
[ ID] Interval           Transfer     Bitrate
[  5]   0.00-7.00   sec   171 KBytes   200 Kbits/sec                  receiver
-----------------------------------------------------------
Server listening on 5003 (test #13)
-----------------------------------------------------------
Accepted connection from 10.42.0.11, port 35860
[  5] local 10.42.5.6 port 5003 connected to 10.42.0.11 port 58534
[ ID] Interval           Transfer     Bitrate
[  5]   0.00-1.00   sec  6.97 KBytes  57.1 Kbits/sec                  
[  5]   1.00-2.00   sec  23.9 KBytes   196 Kbits/sec                  
[  5]   2.00-3.00   sec  24.1 KBytes   197 Kbits/sec                  
[  5]   3.00-4.00   sec  24.5 KBytes   201 Kbits/sec                  
[  5]   4.00-5.00   sec  24.7 KBytes   203 Kbits/sec                  
[  5]   5.00-6.00   sec  21.3 KBytes   175 Kbits/sec                  
[  5]   6.00-7.00   sec  19.5 KBytes   160 Kbits/sec                  
[  5]   7.00-8.00   sec  17.7 KBytes   145 Kbits/sec                  
[  5]   8.00-8.32   sec  7.17 KBytes   182 Kbits/sec                  
- - - - - - - - - - - - - - - - - - - - - - - - -
[ ID] Interval           Transfer     Bitrate
-----------------------------------------------------------
Server listening on 5004 (test #8)
-----------------------------------------------------------
Accepted connection from 10.42.8.3, port 42506
[  5] local 10.42.5.6 port 5004 connected to 10.42.8.3 port 42514
[ ID] Interval           Transfer     Bitrate
[  5]   0.00-1.00   sec  20.9 KBytes   171 Kbits/sec                  
[  5]   1.00-2.00   sec  25.5 KBytes   209 Kbits/sec                  
[  5]   2.00-3.00   sec  24.5 KBytes   201 Kbits/sec                  
[  5]   3.00-4.00   sec  18.5 KBytes   152 Kbits/sec                  
[  5]   4.00-5.00   sec  19.1 KBytes   157 Kbits/sec                  
[  5]   5.00-6.00   sec  19.3 KBytes   158 Kbits/sec                  
[  5]   6.00-7.00   sec  26.3 KBytes   215 Kbits/sec                  
[  5]   7.00-7.57   sec  16.3 KBytes   237 Kbits/sec                  
- - - - - - - - - - - - - - - - - - - - - - - - -
[ ID] Interval           Transfer     Bitrate
[  5]   0.00-7.57   sec   171 KBytes   185 Kbits/sec                  receiver
[  5]   0.00-8.32   sec   170 KBytes   167 Kbits/sec                  receiver
-----------------------------------------------------------
Server listening on 5002 (test #15)
-----------------------------------------------------------
Accepted connection from 10.42.1.3, port 42280
[  5] local 10.42.5.6 port 5002 connected to 10.42.1.3 port 42282
[ ID] Interval           Transfer     Bitrate
[  5]   0.00-1.00   sec  6.97 KBytes  57.1 Kbits/sec                  
[  5]   1.00-2.00   sec  17.3 KBytes   142 Kbits/sec                  
[  5]   2.00-3.00   sec  19.9 KBytes   163 Kbits/sec                  
[  5]   3.00-4.00   sec  23.1 KBytes   189 Kbits/sec                  
[  5]   4.00-5.00   sec  28.1 KBytes   230 Kbits/sec                  
[  5]   5.00-6.00   sec  35.3 KBytes   289 Kbits/sec                  
[  5]   6.00-7.00   sec  23.7 KBytes   194 Kbits/sec                  
[  5]   7.00-7.82   sec  16.3 KBytes   163 Kbits/sec                  
- - - - - - - - - - - - - - - - - - - - - - - - -
[ ID] Interval           Transfer     Bitrate
[  5]   0.00-7.82   sec   171 KBytes   179 Kbits/sec                  receiver
-----------------------------------------------------------
Server listening on 5006 (test #3)
-----------------------------------------------------------
Accepted connection from 10.42.7.3, port 39828
[  5] local 10.42.5.6 port 5006 connected to 10.42.7.3 port 39842
[ ID] Interval           Transfer     Bitrate
[  5]   0.00-1.00   sec  18.9 KBytes   155 Kbits/sec                  
[  5]   1.00-2.00   sec  21.9 KBytes   180 Kbits/sec                  
[  5]   2.00-3.00   sec  28.7 KBytes   235 Kbits/sec                  
[  5]   3.00-4.00   sec  25.9 KBytes   212 Kbits/sec                  
[  5]   4.00-5.00   sec  25.1 KBytes   206 Kbits/sec                  
[  5]   5.00-6.00   sec  24.1 KBytes   197 Kbits/sec                  
[  5]   6.00-7.00   sec  23.9 KBytes   196 Kbits/sec                  
[  5]   7.00-7.06   sec  1.59 KBytes   223 Kbits/sec                  
- - - - - - - - - - - - - - - - - - - - - - - - -
[ ID] Interval           Transfer     Bitrate
[  5]   0.00-7.06   sec   170 KBytes   197 Kbits/sec                  receiver
-----------------------------------------------------------
Server listening on 5005 (test #6)
-----------------------------------------------------------
Accepted connection from 10.42.3.3, port 37230
[  5] local 10.42.5.6 port 5005 connected to 10.42.3.3 port 37240
[ ID] Interval           Transfer     Bitrate
[  5]   0.00-1.00   sec  5.58 KBytes  45.7 Kbits/sec                  
[  5]   1.00-2.00   sec  21.1 KBytes   173 Kbits/sec                  
[  5]   2.00-3.00   sec  27.3 KBytes   224 Kbits/sec                  
[  5]   3.00-4.00   sec  26.1 KBytes   214 Kbits/sec                  
[  5]   4.00-5.00   sec  24.5 KBytes   201 Kbits/sec                  
[  5]   5.00-6.00   sec  25.3 KBytes   207 Kbits/sec                  
[  5]   6.00-7.00   sec  24.3 KBytes   199 Kbits/sec                  
[  5]   7.00-7.64   sec  16.1 KBytes   207 Kbits/sec                  
- - - - - - - - - - - - - - - - - - - - - - - - -
[ ID] Interval           Transfer     Bitrate
[  5]   0.00-7.64   sec   170 KBytes   183 Kbits/sec                  receiver
-----------------------------------------------------------
Server listening on 5002 (test #16)
-----------------------------------------------------------
Accepted connection from 10.42.5.3, port 50918
[  5] local 10.42.5.6 port 5002 connected to 10.42.5.3 port 50928
[ ID] Interval           Transfer     Bitrate
[  5]   0.00-1.00   sec  24.5 KBytes   201 Kbits/sec                  
[  5]   1.00-2.00   sec  24.5 KBytes   201 Kbits/sec                  
[  5]   2.00-3.00   sec  24.3 KBytes   199 Kbits/sec                  
[  5]   3.00-4.00   sec  24.5 KBytes   201 Kbits/sec                  
[  5]   4.00-5.00   sec  24.3 KBytes   199 Kbits/sec                  
[  5]   5.00-6.00   sec  24.5 KBytes   201 Kbits/sec                  
[  5]   6.00-7.00   sec  24.3 KBytes   199 Kbits/sec                  
- - - - - - - - - - - - - - - - - - - - - - - - -
[ ID] Interval           Transfer     Bitrate
[  5]   0.00-7.00   sec   171 KBytes   200 Kbits/sec                  receiver
-----------------------------------------------------------
Server listening on 5003 (test #14)
-----------------------------------------------------------
Accepted connection from 10.42.8.3, port 47142
[  5] local 10.42.5.6 port 5003 connected to 10.42.8.3 port 47156
[ ID] Interval           Transfer     Bitrate
[  5]   0.00-1.00   sec  22.1 KBytes   181 Kbits/sec                  
[  5]   1.00-2.00   sec  23.7 KBytes   194 Kbits/sec                  
[  5]   2.00-3.00   sec  24.7 KBytes   202 Kbits/sec                  
[  5]   3.00-4.00   sec  24.1 KBytes   198 Kbits/sec                  
[  5]   4.00-5.00   sec  24.9 KBytes   204 Kbits/sec                  
[  5]   5.00-6.00   sec  23.5 KBytes   193 Kbits/sec                  
[  5]   6.00-7.00   sec  24.7 KBytes   202 Kbits/sec                  
[  5]   7.00-7.07   sec  2.39 KBytes   304 Kbits/sec                  
- - - - - - - - - - - - - - - - - - - - - - - - -
[ ID] Interval           Transfer     Bitrate
[  5]   0.00-7.07   sec   170 KBytes   197 Kbits/sec                  receiver
-----------------------------------------------------------
Server listening on 5002 (test #17)
-----------------------------------------------------------
Accepted connection from 10.42.1.3, port 55588
[  5] local 10.42.5.6 port 5002 connected to 10.42.1.3 port 55600
[ ID] Interval           Transfer     Bitrate
[  5]   0.00-1.00   sec  9.56 KBytes  78.3 Kbits/sec                  
[  5]   1.00-2.00   sec  23.9 KBytes   196 Kbits/sec                  
[  5]   2.00-3.00   sec  24.7 KBytes   202 Kbits/sec                  
[  5]   3.00-4.00   sec  24.3 KBytes   199 Kbits/sec                  
[  5]   4.00-5.00   sec  24.7 KBytes   202 Kbits/sec                  
[  5]   5.00-6.00   sec  23.7 KBytes   194 Kbits/sec                  
[  5]   6.00-7.00   sec  21.9 KBytes   180 Kbits/sec                  
[  5]   7.00-7.88   sec  17.3 KBytes   162 Kbits/sec                  
- - - - - - - - - - - - - - - - - - - - - - - - -
[ ID] Interval           Transfer     Bitrate
[  5]   0.00-7.88   sec   170 KBytes   177 Kbits/sec                  receiver
-----------------------------------------------------------
Server listening on 5004 (test #9)
-----------------------------------------------------------
Accepted connection from 10.42.0.11, port 55982
[  5] local 10.42.5.6 port 5004 connected to 10.42.0.11 port 46598
[ ID] Interval           Transfer     Bitrate
[  5]   0.00-1.00   sec  6.97 KBytes  57.1 Kbits/sec                  
[  5]   1.00-2.00   sec  25.5 KBytes   209 Kbits/sec                  
[  5]   2.00-3.00   sec  24.3 KBytes   199 Kbits/sec                  
[  5]   3.00-4.00   sec  18.9 KBytes   155 Kbits/sec                  
[  5]   4.00-5.00   sec  23.3 KBytes   191 Kbits/sec                  
[  5]   5.00-6.00   sec  28.1 KBytes   230 Kbits/sec                  
[  5]   6.00-7.00   sec  26.7 KBytes   219 Kbits/sec                  
[  5]   7.00-7.65   sec  16.5 KBytes   207 Kbits/sec                  
- - - - - - - - - - - - - - - - - - - - - - - - -
[ ID] Interval           Transfer     Bitrate
[  5]   0.00-7.65   sec   170 KBytes   182 Kbits/sec                  receiver
-----------------------------------------------------------
Server listening on 5003 (test #15)
-----------------------------------------------------------
Accepted connection from 10.42.7.3, port 45874
[  5] local 10.42.5.6 port 5003 connected to 10.42.7.3 port 58988
[ ID] Interval           Transfer     Bitrate
[  5]   0.00-1.00   sec  15.9 KBytes   130 Kbits/sec                  
[  5]   1.00-2.00   sec  24.7 KBytes   202 Kbits/sec                  
[  5]   2.00-3.00   sec  27.3 KBytes   224 Kbits/sec                  
[  5]   3.00-4.00   sec  26.9 KBytes   220 Kbits/sec                  
[  5]   4.00-5.00   sec  24.5 KBytes   201 Kbits/sec                  
[  5]   5.00-6.00   sec  25.3 KBytes   207 Kbits/sec                  
[  5]   6.00-7.00   sec  23.5 KBytes   193 Kbits/sec                  
[  5]   7.00-7.05   sec  1.79 KBytes   328 Kbits/sec                  
- - - - - - - - - - - - - - - - - - - - - - - - -
[ ID] Interval           Transfer     Bitrate
[  5]   0.00-7.05   sec   170 KBytes   198 Kbits/sec                  receiver
-----------------------------------------------------------
Server listening on 5006 (test #4)
-----------------------------------------------------------
Accepted connection from 10.42.5.3, port 40468
[  5] local 10.42.5.6 port 5006 connected to 10.42.5.3 port 50830
[ ID] Interval           Transfer     Bitrate
[  5]   0.00-1.00   sec  24.5 KBytes   201 Kbits/sec                  
[  5]   1.00-2.00   sec  24.5 KBytes   201 Kbits/sec                  
[  5]   2.00-3.00   sec  24.3 KBytes   199 Kbits/sec                  
[  5]   3.00-4.00   sec  24.5 KBytes   201 Kbits/sec                  
[  5]   4.00-5.00   sec  24.3 KBytes   199 Kbits/sec                  
[  5]   5.00-6.00   sec  24.5 KBytes   201 Kbits/sec                  
[  5]   6.00-7.00   sec  24.3 KBytes   199 Kbits/sec                  
- - - - - - - - - - - - - - - - - - - - - - - - -
[ ID] Interval           Transfer     Bitrate
[  5]   0.00-7.00   sec   171 KBytes   200 Kbits/sec                  receiver
-----------------------------------------------------------
Server listening on 5005 (test #7)
-----------------------------------------------------------
Accepted connection from 10.42.3.3, port 59256
[  5] local 10.42.5.6 port 5005 connected to 10.42.3.3 port 59264
[ ID] Interval           Transfer     Bitrate
[  5]   0.00-1.00   sec  6.97 KBytes  57.1 Kbits/sec                  
[  5]   1.00-2.00   sec  25.3 KBytes   207 Kbits/sec                  
[  5]   2.00-3.00   sec  24.3 KBytes   199 Kbits/sec                  
[  5]   3.00-4.00   sec  24.7 KBytes   202 Kbits/sec                  
[  5]   4.00-5.00   sec  23.9 KBytes   196 Kbits/sec                  
[  5]   5.00-6.00   sec  24.7 KBytes   202 Kbits/sec                  
[  5]   6.00-7.00   sec  23.9 KBytes   196 Kbits/sec                  
[  5]   7.00-7.61   sec  15.7 KBytes   211 Kbits/sec                  
- - - - - - - - - - - - - - - - - - - - - - - - -
[ ID] Interval           Transfer     Bitrate
[  5]   0.00-7.61   sec   170 KBytes   182 Kbits/sec                  receiver
-----------------------------------------------------------
Server listening on 5002 (test #18)
-----------------------------------------------------------
Accepted connection from 10.42.8.3, port 52310
[  5] local 10.42.5.6 port 5002 connected to 10.42.8.3 port 52316
[ ID] Interval           Transfer     Bitrate
[  5]   0.00-1.00   sec  21.1 KBytes   173 Kbits/sec                  
[  5]   1.00-2.00   sec  24.9 KBytes   204 Kbits/sec                  
[  5]   2.00-3.00   sec  25.1 KBytes   206 Kbits/sec                  
[  5]   3.00-4.00   sec  24.1 KBytes   197 Kbits/sec                  
[  5]   4.00-5.00   sec  24.5 KBytes   201 Kbits/sec                  
[  5]   5.00-6.00   sec  24.3 KBytes   199 Kbits/sec                  
[  5]   6.00-7.00   sec  24.3 KBytes   199 Kbits/sec                  
[  5]   7.00-7.10   sec  2.39 KBytes   195 Kbits/sec                  
- - - - - - - - - - - - - - - - - - - - - - - - -
[ ID] Interval           Transfer     Bitrate
[  5]   0.00-7.10   sec   171 KBytes   197 Kbits/sec                  receiver
-----------------------------------------------------------
Server listening on 5003 (test #16)
-----------------------------------------------------------
Accepted connection from 10.42.0.11, port 48592
[  5] local 10.42.5.6 port 5003 connected to 10.42.0.11 port 48596
[ ID] Interval           Transfer     Bitrate
[  5]   0.00-1.00   sec  5.58 KBytes  45.6 Kbits/sec                  
[  5]   1.00-2.00   sec  24.7 KBytes   203 Kbits/sec                  
[  5]   2.00-3.00   sec  24.3 KBytes   199 Kbits/sec                  
[  5]   3.00-4.00   sec  24.5 KBytes   201 Kbits/sec                  
[  5]   4.00-5.00   sec  22.9 KBytes   188 Kbits/sec                  
[  5]   5.00-6.00   sec  19.9 KBytes   163 Kbits/sec                  
[  5]   6.00-7.00   sec  17.7 KBytes   145 Kbits/sec                  
[  5]   7.00-8.00   sec  19.1 KBytes   157 Kbits/sec                  
[  5]   8.00-8.58   sec  11.0 KBytes   156 Kbits/sec                  
- - - - - - - - - - - - - - - - - - - - - - - - -
[ ID] Interval           Transfer     Bitrate
-----------------------------------------------------------
Server listening on 5004 (test #10)
-----------------------------------------------------------
Accepted connection from 10.42.7.3, port 54024
[  5] local 10.42.5.6 port 5004 connected to 10.42.7.3 port 54036
[ ID] Interval           Transfer     Bitrate
[  5]   0.00-1.00   sec  21.1 KBytes   173 Kbits/sec                  
[  5]   1.00-2.00   sec  25.7 KBytes   211 Kbits/sec                  
[  5]   2.00-3.00   sec  24.3 KBytes   199 Kbits/sec                  
[  5]   3.00-4.00   sec  22.3 KBytes   183 Kbits/sec                  
[  5]   4.00-5.00   sec  18.7 KBytes   153 Kbits/sec                  
[  5]   5.00-6.00   sec  18.9 KBytes   155 Kbits/sec                  
[  5]   6.00-7.00   sec  18.5 KBytes   152 Kbits/sec                  
[  5]   7.00-7.87   sec  20.9 KBytes   196 Kbits/sec                  
- - - - - - - - - - - - - - - - - - - - - - - - -
[ ID] Interval           Transfer     Bitrate
[  5]   0.00-7.87   sec   171 KBytes   177 Kbits/sec                  receiver
[  5]   0.00-8.58   sec   170 KBytes   162 Kbits/sec                  receiver
-----------------------------------------------------------
Server listening on 5002 (test #19)
-----------------------------------------------------------
Accepted connection from 10.42.5.3, port 37526
[  5] local 10.42.5.6 port 5002 connected to 10.42.5.3 port 37536
[ ID] Interval           Transfer     Bitrate
[  5]   0.00-1.00   sec  24.5 KBytes   201 Kbits/sec                  
[  5]   1.00-2.00   sec  24.3 KBytes   199 Kbits/sec                  
[  5]   2.00-3.00   sec  24.5 KBytes   201 Kbits/sec                  
[  5]   3.00-4.00   sec  24.5 KBytes   201 Kbits/sec                  
[  5]   4.00-5.00   sec  24.3 KBytes   199 Kbits/sec                  
[  5]   5.00-6.00   sec  24.5 KBytes   201 Kbits/sec                  
[  5]   6.00-7.00   sec  24.3 KBytes   199 Kbits/sec                  
- - - - - - - - - - - - - - - - - - - - - - - - -
[ ID] Interval           Transfer     Bitrate
[  5]   0.00-7.00   sec   171 KBytes   200 Kbits/sec                  receiver
-----------------------------------------------------------
Server listening on 5005 (test #8)
-----------------------------------------------------------
Accepted connection from 10.42.1.3, port 35886
[  5] local 10.42.5.6 port 5005 connected to 10.42.1.3 port 48448
[ ID] Interval           Transfer     Bitrate
[  5]   0.00-1.00   sec  6.97 KBytes  57.1 Kbits/sec                  
[  5]   1.00-2.00   sec  18.7 KBytes   153 Kbits/sec                  
[  5]   2.00-3.00   sec  18.3 KBytes   150 Kbits/sec                  
[  5]   3.00-4.00   sec  18.9 KBytes   155 Kbits/sec                  
[  5]   4.00-5.00   sec  30.1 KBytes   246 Kbits/sec                  
[  5]   5.00-6.00   sec  38.2 KBytes   313 Kbits/sec                  
[  5]   6.00-7.00   sec  24.7 KBytes   202 Kbits/sec                  
[  5]   7.00-7.58   sec  14.3 KBytes   203 Kbits/sec                  
- - - - - - - - - - - - - - - - - - - - - - - - -
[ ID] Interval           Transfer     Bitrate
[  5]   0.00-7.58   sec   170 KBytes   184 Kbits/sec                  receiver
-----------------------------------------------------------
Server listening on 5002 (test #20)
-----------------------------------------------------------
Accepted connection from 10.42.3.3, port 49968
[  5] local 10.42.5.6 port 5002 connected to 10.42.3.3 port 49984
[ ID] Interval           Transfer     Bitrate
[  5]   0.00-1.00   sec  6.97 KBytes  57.1 Kbits/sec                  
[  5]   1.00-2.00   sec  24.5 KBytes   201 Kbits/sec                  
[  5]   2.00-3.00   sec  25.5 KBytes   209 Kbits/sec                  
[  5]   3.00-4.00   sec  23.3 KBytes   191 Kbits/sec                  
[  5]   4.00-5.00   sec  25.3 KBytes   207 Kbits/sec                  
[  5]   5.00-6.00   sec  24.7 KBytes   203 Kbits/sec                  
[  5]   6.00-7.00   sec  23.3 KBytes   191 Kbits/sec                  
[  5]   7.00-7.67   sec  17.1 KBytes   210 Kbits/sec                  
- - - - - - - - - - - - - - - - - - - - - - - - -
[ ID] Interval           Transfer     Bitrate
[  5]   0.00-7.67   sec   171 KBytes   182 Kbits/sec                  receiver
-----------------------------------------------------------
Server listening on 5003 (test #17)
-----------------------------------------------------------
Accepted connection from 10.42.8.3, port 49288
[  5] local 10.42.5.6 port 5003 connected to 10.42.8.3 port 49304
[ ID] Interval           Transfer     Bitrate
[  5]   0.00-1.00   sec  20.5 KBytes   168 Kbits/sec                  
[  5]   1.00-2.00   sec  25.3 KBytes   207 Kbits/sec                  
[  5]   2.00-3.00   sec  23.1 KBytes   189 Kbits/sec                  
[  5]   3.00-4.00   sec  26.9 KBytes   220 Kbits/sec                  
[  5]   4.00-5.00   sec  23.9 KBytes   196 Kbits/sec                  
[  5]   5.00-6.00   sec  23.7 KBytes   194 Kbits/sec                  
[  5]   6.00-7.00   sec  23.9 KBytes   196 Kbits/sec                  
[  5]   7.00-7.07   sec  2.39 KBytes   283 Kbits/sec                  
- - - - - - - - - - - - - - - - - - - - - - - - -
[ ID] Interval           Transfer     Bitrate
[  5]   0.00-7.07   sec   170 KBytes   197 Kbits/sec                  receiver
-----------------------------------------------------------
Server listening on 5004 (test #11)
-----------------------------------------------------------
Accepted connection from 10.42.7.3, port 56000
[  5] local 10.42.5.6 port 5004 connected to 10.42.7.3 port 56016
[ ID] Interval           Transfer     Bitrate
[  5]   0.00-1.00   sec  21.9 KBytes   179 Kbits/sec                  
[  5]   1.00-2.00   sec  23.1 KBytes   189 Kbits/sec                  
[  5]   2.00-3.00   sec  25.3 KBytes   207 Kbits/sec                  
[  5]   3.00-4.00   sec  24.5 KBytes   201 Kbits/sec                  
[  5]   4.00-5.00   sec  24.1 KBytes   197 Kbits/sec                  
[  5]   5.00-6.00   sec  25.1 KBytes   206 Kbits/sec                  
[  5]   6.00-7.00   sec  25.1 KBytes   206 Kbits/sec                  
[  5]   7.00-7.06   sec  1.59 KBytes   224 Kbits/sec                  
- - - - - - - - - - - - - - - - - - - - - - - - -
[ ID] Interval           Transfer     Bitrate
[  5]   0.00-7.06   sec   171 KBytes   198 Kbits/sec                  receiver
-----------------------------------------------------------
Server listening on 5005 (test #9)
-----------------------------------------------------------
Accepted connection from 10.42.0.11, port 53832
[  5] local 10.42.5.6 port 5005 connected to 10.42.0.11 port 53834
[ ID] Interval           Transfer     Bitrate
[  5]   0.00-1.00   sec  6.97 KBytes  57.1 Kbits/sec                  
[  5]   1.00-2.00   sec  24.7 KBytes   202 Kbits/sec                  
[  5]   2.00-3.00   sec  24.3 KBytes   199 Kbits/sec                  
[  5]   3.00-4.00   sec  24.5 KBytes   201 Kbits/sec                  
[  5]   4.00-5.00   sec  25.1 KBytes   206 Kbits/sec                  
[  5]   5.00-6.00   sec  24.7 KBytes   202 Kbits/sec                  
[  5]   6.00-7.00   sec  23.5 KBytes   193 Kbits/sec                  
[  5]   7.00-7.68   sec  16.9 KBytes   205 Kbits/sec                  
- - - - - - - - - - - - - - - - - - - - - - - - -
[ ID] Interval           Transfer     Bitrate
[  5]   0.00-7.68   sec   171 KBytes   182 Kbits/sec                  receiver
-----------------------------------------------------------
Server listening on 5003 (test #18)
-----------------------------------------------------------
Accepted connection from 10.42.5.3, port 36108
[  5] local 10.42.5.6 port 5003 connected to 10.42.5.3 port 36110
[ ID] Interval           Transfer     Bitrate
[  5]   0.00-1.00   sec  24.5 KBytes   201 Kbits/sec                  
[  5]   1.00-2.00   sec  24.3 KBytes   199 Kbits/sec                  
[  5]   2.00-3.00   sec  24.5 KBytes   201 Kbits/sec                  
[  5]   3.00-4.00   sec  24.5 KBytes   201 Kbits/sec                  
[  5]   4.00-5.00   sec  24.3 KBytes   199 Kbits/sec                  
[  5]   5.00-6.00   sec  24.5 KBytes   201 Kbits/sec                  
[  5]   6.00-7.00   sec  24.3 KBytes   199 Kbits/sec                  
- - - - - - - - - - - - - - - - - - - - - - - - -
[ ID] Interval           Transfer     Bitrate
[  5]   0.00-7.00   sec   171 KBytes   200 Kbits/sec                  receiver
-----------------------------------------------------------
Server listening on 5002 (test #21)
-----------------------------------------------------------
Accepted connection from 10.42.1.3, port 60588
[  5] local 10.42.5.6 port 5002 connected to 10.42.1.3 port 60604
[ ID] Interval           Transfer     Bitrate
[  5]   0.00-1.00   sec  9.56 KBytes  78.3 Kbits/sec                  
[  5]   1.00-2.00   sec  23.1 KBytes   189 Kbits/sec                  
[  5]   2.00-3.00   sec  25.3 KBytes   207 Kbits/sec                  
[  5]   3.00-4.00   sec  24.5 KBytes   201 Kbits/sec                  
[  5]   4.00-5.00   sec  23.9 KBytes   196 Kbits/sec                  
[  5]   5.00-6.00   sec  25.1 KBytes   206 Kbits/sec                  
[  5]   6.00-7.00   sec  24.5 KBytes   201 Kbits/sec                  
[  5]   7.00-7.59   sec  14.3 KBytes   201 Kbits/sec                  
- - - - - - - - - - - - - - - - - - - - - - - - -
[ ID] Interval           Transfer     Bitrate
[  5]   0.00-7.59   sec   170 KBytes   184 Kbits/sec                  receiver
-----------------------------------------------------------
Server listening on 5003 (test #19)
-----------------------------------------------------------
Accepted connection from 10.42.3.3, port 42092
[  5] local 10.42.5.6 port 5003 connected to 10.42.3.3 port 48868
[ ID] Interval           Transfer     Bitrate
[  5]   0.00-1.00   sec  6.97 KBytes  57.1 Kbits/sec                  
[  5]   1.00-2.00   sec  24.7 KBytes   202 Kbits/sec                  
[  5]   2.00-3.00   sec  24.3 KBytes   199 Kbits/sec                  
[  5]   3.00-4.00   sec  24.5 KBytes   201 Kbits/sec                  
[  5]   4.00-5.00   sec  25.1 KBytes   206 Kbits/sec                  
[  5]   5.00-6.00   sec  23.5 KBytes   193 Kbits/sec                  
[  5]   6.00-7.00   sec  24.5 KBytes   201 Kbits/sec                  
[  5]   7.00-7.86   sec  16.3 KBytes   157 Kbits/sec                  
- - - - - - - - - - - - - - - - - - - - - - - - -
[ ID] Interval           Transfer     Bitrate
[  5]   0.00-7.86   sec   170 KBytes   177 Kbits/sec                  receiver
-----------------------------------------------------------
Server listening on 5002 (test #22)
-----------------------------------------------------------
Accepted connection from 10.42.7.3, port 45632
[  5] local 10.42.5.6 port 5002 connected to 10.42.7.3 port 45646
[ ID] Interval           Transfer     Bitrate
[  5]   0.00-1.00   sec  22.7 KBytes   186 Kbits/sec                  
[  5]   1.00-2.00   sec  23.1 KBytes   189 Kbits/sec                  
[  5]   2.00-3.00   sec  24.7 KBytes   202 Kbits/sec                  
[  5]   3.00-4.00   sec  24.9 KBytes   204 Kbits/sec                  
[  5]   4.00-5.00   sec  24.5 KBytes   201 Kbits/sec                  
[  5]   5.00-6.00   sec  24.1 KBytes   198 Kbits/sec                  
[  5]   6.00-7.00   sec  25.3 KBytes   207 Kbits/sec                  
[  5]   7.00-7.07   sec  1.59 KBytes   196 Kbits/sec                  
- - - - - - - - - - - - - - - - - - - - - - - - -
[ ID] Interval           Transfer     Bitrate
[  5]   0.00-7.07   sec   171 KBytes   198 Kbits/sec                  receiver
-----------------------------------------------------------
Server listening on 5003 (test #20)
-----------------------------------------------------------
Accepted connection from 10.42.5.3, port 40490
[  5] local 10.42.5.6 port 5003 connected to 10.42.5.3 port 40492
[ ID] Interval           Transfer     Bitrate
[  5]   0.00-1.00   sec  24.5 KBytes   201 Kbits/sec                  
[  5]   1.00-2.00   sec  24.3 KBytes   199 Kbits/sec                  
[  5]   2.00-3.00   sec  24.5 KBytes   201 Kbits/sec                  
[  5]   3.00-4.00   sec  24.5 KBytes   201 Kbits/sec                  
[  5]   4.00-5.00   sec  24.3 KBytes   199 Kbits/sec                  
[  5]   5.00-6.00   sec  24.5 KBytes   201 Kbits/sec                  
[  5]   6.00-7.00   sec  24.3 KBytes   199 Kbits/sec                  
- - - - - - - - - - - - - - - - - - - - - - - - -
[ ID] Interval           Transfer     Bitrate
[  5]   0.00-7.00   sec   171 KBytes   200 Kbits/sec                  receiver
-----------------------------------------------------------
Server listening on 5004 (test #12)
-----------------------------------------------------------
Accepted connection from 10.42.8.3, port 44542
[  5] local 10.42.5.6 port 5004 connected to 10.42.8.3 port 44558
[ ID] Interval           Transfer     Bitrate
[  5]   0.00-1.00   sec  21.1 KBytes   173 Kbits/sec                  
[  5]   1.00-2.00   sec  24.7 KBytes   202 Kbits/sec                  
[  5]   2.00-3.00   sec  25.1 KBytes   206 Kbits/sec                  
[  5]   3.00-4.00   sec  19.5 KBytes   160 Kbits/sec                  
[  5]   4.00-5.00   sec  18.3 KBytes   150 Kbits/sec                  
[  5]   5.00-6.00   sec  18.5 KBytes   152 Kbits/sec                  
[  5]   6.00-7.00   sec  17.3 KBytes   142 Kbits/sec                  
[  5]   7.00-8.00   sec  18.7 KBytes   153 Kbits/sec                  
[  5]   8.00-8.32   sec  6.77 KBytes   173 Kbits/sec                  
- - - - - - - - - - - - - - - - - - - - - - - - -
[ ID] Interval           Transfer     Bitrate
[  5]   0.00-8.32   sec   170 KBytes   167 Kbits/sec                  receiver
-----------------------------------------------------------
Server listening on 5006 (test #5)
-----------------------------------------------------------
Accepted connection from 10.42.4.5, port 41964
[  5] local 10.42.5.6 port 5006 connected to 10.42.4.5 port 41966
[ ID] Interval           Transfer     Bitrate
[  5]   0.00-1.00   sec  19.1 KBytes   157 Kbits/sec                  
[  5]   1.00-2.00   sec  18.9 KBytes   155 Kbits/sec                  
[  5]   2.00-3.00   sec  18.3 KBytes   150 Kbits/sec                  
[  5]   3.00-4.00   sec  18.7 KBytes   153 Kbits/sec                  
[  5]   4.00-5.00   sec  18.5 KBytes   152 Kbits/sec                  
[  5]   5.00-6.00   sec  20.5 KBytes   168 Kbits/sec                  
[  5]   6.00-7.00   sec  27.3 KBytes   224 Kbits/sec                  
[  5]   7.00-8.00   sec  26.7 KBytes   219 Kbits/sec                  
[  5]   8.00-8.05   sec  1.39 KBytes   258 Kbits/sec                  
- - - - - - - - - - - - - - - - - - - - - - - - -
[ ID] Interval           Transfer     Bitrate
-----------------------------------------------------------
Server listening on 5005 (test #10)
-----------------------------------------------------------
Accepted connection from 10.42.0.11, port 50360
[  5] local 10.42.5.6 port 5005 connected to 10.42.0.11 port 50376
[ ID] Interval           Transfer     Bitrate
[  5]   0.00-1.00   sec  4.18 KBytes  34.2 Kbits/sec                  
[  5]   1.00-2.00   sec  17.7 KBytes   145 Kbits/sec                  
[  5]   2.00-3.00   sec  19.5 KBytes   160 Kbits/sec                  
[  5]   3.00-4.00   sec  17.9 KBytes   147 Kbits/sec                  
[  5]   4.00-5.00   sec  19.1 KBytes   157 Kbits/sec                  
[  5]   5.00-6.00   sec  19.5 KBytes   160 Kbits/sec                  
[  5]   6.00-7.00   sec  27.1 KBytes   222 Kbits/sec                  
[  5]   7.00-8.00   sec  27.3 KBytes   224 Kbits/sec                  
[  5]   8.00-8.46   sec  18.3 KBytes   330 Kbits/sec                  
- - - - - - - - - - - - - - - - - - - - - - - - -
[ ID] Interval           Transfer     Bitrate
[  5]   0.00-8.05   sec   170 KBytes   173 Kbits/sec                  receiver
[  5]   0.00-8.46   sec   171 KBytes   165 Kbits/sec                  receiver
-----------------------------------------------------------
Server listening on 5002 (test #23)
-----------------------------------------------------------
Accepted connection from 10.42.1.3, port 42574
[  5] local 10.42.5.6 port 5002 connected to 10.42.1.3 port 38970
[ ID] Interval           Transfer     Bitrate
[  5]   0.00-1.00   sec  9.56 KBytes  78.3 Kbits/sec                  
[  5]   1.00-2.00   sec  23.3 KBytes   191 Kbits/sec                  
[  5]   2.00-3.00   sec  24.5 KBytes   201 Kbits/sec                  
[  5]   3.00-4.00   sec  19.7 KBytes   162 Kbits/sec                  
[  5]   4.00-5.00   sec  18.7 KBytes   153 Kbits/sec                  
[  5]   5.00-6.00   sec  19.3 KBytes   158 Kbits/sec                  
[  5]   6.00-7.00   sec  19.1 KBytes   157 Kbits/sec                  
[  5]   7.00-8.00   sec  18.1 KBytes   149 Kbits/sec                  
[  5]   8.00-8.91   sec  14.9 KBytes   135 Kbits/sec                  
- - - - - - - - - - - - - - - - - - - - - - - - -
[ ID] Interval           Transfer     Bitrate
-----------------------------------------------------------
Server listening on 5004 (test #13)
-----------------------------------------------------------
Accepted connection from 10.42.7.3, port 50006
[  5] local 10.42.5.6 port 5004 connected to 10.42.7.3 port 50022
[ ID] Interval           Transfer     Bitrate
[  5]   0.00-1.00   sec  17.5 KBytes   144 Kbits/sec                  
[  5]   1.00-2.00   sec  18.5 KBytes   152 Kbits/sec                  
[  5]   2.00-3.00   sec  18.1 KBytes   149 Kbits/sec                  
[  5]   3.00-4.00   sec  19.1 KBytes   157 Kbits/sec                  
[  5]   4.00-5.00   sec  19.1 KBytes   157 Kbits/sec                  
[  5]   5.00-6.00   sec  19.7 KBytes   162 Kbits/sec                  
[  5]   6.00-7.00   sec  25.1 KBytes   206 Kbits/sec                  
[  5]   7.00-8.00   sec  28.5 KBytes   233 Kbits/sec                  
[  5]   8.00-8.14   sec  3.98 KBytes   230 Kbits/sec                  
- - - - - - - - - - - - - - - - - - - - - - - - -
[ ID] Interval           Transfer     Bitrate
-----------------------------------------------------------
Server listening on 5003 (test #21)
-----------------------------------------------------------
Accepted connection from 10.42.3.3, port 59570
[  5] local 10.42.5.6 port 5003 connected to 10.42.3.3 port 59574
[ ID] Interval           Transfer     Bitrate
[  5]   0.00-1.00   sec  5.58 KBytes  45.6 Kbits/sec                  
[  5]   1.00-2.00   sec  19.3 KBytes   158 Kbits/sec                  
[  5]   2.00-3.00   sec  17.7 KBytes   145 Kbits/sec                  
[  5]   3.00-4.00   sec  18.5 KBytes   152 Kbits/sec                  
[  5]   4.00-5.00   sec  18.9 KBytes   155 Kbits/sec                  
[  5]   5.00-6.00   sec  18.3 KBytes   150 Kbits/sec                  
[  5]   6.00-7.00   sec  23.3 KBytes   191 Kbits/sec                  
[  5]   7.00-8.00   sec  27.3 KBytes   224 Kbits/sec                  
[  5]   8.00-8.72   sec  21.7 KBytes   247 Kbits/sec                  
- - - - - - - - - - - - - - - - - - - - - - - - -
[ ID] Interval           Transfer     Bitrate
[  5]   0.00-8.91   sec   167 KBytes   154 Kbits/sec                  receiver
[  5]   0.00-8.14   sec   170 KBytes   171 Kbits/sec                  receiver
[  5]   0.00-8.72   sec   171 KBytes   160 Kbits/sec                  receiver
